This is cutadapt 2.9 with Python 3.7.10
Command line parameters: -q 10 --minimum-length 25 --cores 80 -a AGATCGGAAGAGCACACGTCTGAACTCCAGTCA -A AGATCGGAAGAGCGTCGTGTAGGGAAAGAGTGT -o prefetch_sra_files/SRR6935629_R1_Trimmed.fastq.gz -p prefetch_sra_files/SRR6935629_R2_Trimmed.fastq.gz prefetch_sra_files/SRR6935629.sra_1.fastq.gz prefetch_sra_files/SRR6935629.sra_2.fastq.gz
Processing reads on 80 cores in paired-end mode ...
Finished in 468.71 s (34 us/read; 1.79 M reads/minute).

=== Summary ===

Total read pairs processed:         13,955,092
  Read 1 with adapter:                 779,386 (5.6%)
  Read 2 with adapter:                 433,982 (3.1%)
Pairs written (passing filters):    13,921,830 (99.8%)

Total basepairs processed: 7,005,456,184 bp
  Read 1: 3,502,728,092 bp
  Read 2: 3,502,728,092 bp
Quality-trimmed:             466,183,828 bp (6.7%)
  Read 1:   326,752,633 bp
  Read 2:   139,431,195 bp
Total written (filtered):  6,524,521,202 bp (93.1%)
  Read 1: 3,171,036,408 bp
  Read 2: 3,353,484,794 bp

=== First read: Adapter 1 ===

Sequence: AGATCGGAAGAGCACACGTCTGAACTCCAGTCA; Type: regular 3'; Length: 33; Trimmed: 779386 times

No. of allowed errors:
0-9 bp: 0; 10-19 bp: 1; 20-29 bp: 2; 30-33 bp: 3

Bases preceding removed adapters:
  A: 22.6%
  C: 22.1%
  G: 23.9%
  T: 31.4%
  none/other: 0.0%

Overview of removed sequences
length	count	expect	max.err	error counts
3	370664	218048.3	0	370664
4	116573	54512.1	0	116573
5	55735	13628.0	0	55735
6	24883	3407.0	0	24883
7	27370	851.8	0	27370
8	18089	212.9	0	18089
9	31314	53.2	0	30917 397
10	25350	13.3	1	22276 3074
11	21793	3.3	1	18984 2809
12	29082	0.8	1	26022 3060
13	22184	0.2	1	19296 2888
14	36289	0.1	1	4 36285
15	17	0.0	1	0 17
16	36	0.0	1	0 36
19	1	0.0	1	0 0 1
30	1	0.0	3	0 0 0 1
31	2	0.0	3	0 1 0 1
51	1	0.0	3	0 0 0 1
57	1	0.0	3	0 0 0 1
124	1	0.0	3	0 0 1


=== Second read: Adapter 2 ===

Sequence: AGATCGGAAGAGCGTCGTGTAGGGAAAGAGTGT; Type: regular 3'; Length: 33; Trimmed: 433982 times

No. of allowed errors:
0-9 bp: 0; 10-19 bp: 1; 20-29 bp: 2; 30-33 bp: 3

Bases preceding removed adapters:
  A: 23.4%
  C: 30.6%
  G: 28.7%
  T: 17.3%
  none/other: 0.0%

Overview of removed sequences
length	count	expect	max.err	error counts
3	163370	218048.3	0	163370
4	49502	54512.1	0	49502
5	30125	13628.0	0	30125
6	24568	3407.0	0	24568
7	22862	851.8	0	22862
8	17197	212.9	0	17197
9	28264	53.2	0	27872 392
10	19087	13.3	1	17701 1386
11	18920	3.3	1	17503 1417
12	20787	0.8	1	19484 1303
13	20175	0.2	1	18858 1317
14	19099	0.1	1	3 19096
15	23	0.0	1	1 22
17	1	0.0	1	0 1
37	1	0.0	3	0 1
73	1	0.0	3	0 0 1
