This is cutadapt 2.9 with Python 3.7.10
Command line parameters: -q 10 --minimum-length 25 --cores 80 -a AGATCGGAAGAGCACACGTCTGAACTCCAGTCA -A AGATCGGAAGAGCGTCGTGTAGGGAAAGAGTGT -o prefetch_sra_files/SRR6963586_R1_Trimmed.fastq.gz -p prefetch_sra_files/SRR6963586_R2_Trimmed.fastq.gz prefetch_sra_files/SRR6963586.sra_1.fastq.gz prefetch_sra_files/SRR6963586.sra_2.fastq.gz
Processing reads on 80 cores in paired-end mode ...
Finished in 508.74 s (30 us/read; 2.03 M reads/minute).

=== Summary ===

Total read pairs processed:         17,192,439
  Read 1 with adapter:               4,258,770 (24.8%)
  Read 2 with adapter:               4,238,635 (24.7%)
Pairs written (passing filters):    17,157,614 (99.8%)

Total basepairs processed: 8,630,604,378 bp
  Read 1: 4,315,302,189 bp
  Read 2: 4,315,302,189 bp
Quality-trimmed:             476,885,076 bp (5.5%)
  Read 1:   153,850,178 bp
  Read 2:   323,034,898 bp
Total written (filtered):  7,763,603,298 bp (90.0%)
  Read 1: 3,940,808,607 bp
  Read 2: 3,822,794,691 bp

=== First read: Adapter 1 ===

Sequence: AGATCGGAAGAGCACACGTCTGAACTCCAGTCA; Type: regular 3'; Length: 33; Trimmed: 4258770 times

No. of allowed errors:
0-9 bp: 0; 10-19 bp: 1; 20-29 bp: 2; 30-33 bp: 3

Bases preceding removed adapters:
  A: 16.9%
  C: 34.8%
  G: 29.4%
  T: 18.8%
  none/other: 0.2%

Overview of removed sequences
length	count	expect	max.err	error counts
3	210532	268631.9	0	210532
4	70853	67158.0	0	70853
5	44023	16789.5	0	44023
6	39327	4197.4	0	39327
7	37041	1049.3	0	37041
8	29050	262.3	0	29050
9	43660	65.6	0	43178 482
10	31652	16.4	1	29498 2154
11	31555	4.1	1	29057 2498
12	35371	1.0	1	33054 2317
13	30576	0.3	1	28435 2141
14	34022	0.1	1	31285 2737
15	30587	0.0	1	27888 2699
16	33337	0.0	1	29979 3358
17	38777	0.0	1	34492 4285
18	31424	0.0	1	28598 2779 47
19	28045	0.0	1	25572 2415 58
20	31638	0.0	2	28185 2921 532
21	38196	0.0	2	33596 3824 776
22	32462	0.0	2	28430 3385 647
23	30411	0.0	2	26720 3082 609
24	39062	0.0	2	33991 4139 932
25	32687	0.0	2	28214 3633 840
26	26670	0.0	2	22707 3197 766
27	34573	0.0	2	29287 4189 1094 3
28	40901	0.0	2	34882 4834 1177 8
29	37286	0.0	2	30452 5281 1414 139
30	28123	0.0	3	23654 3251 870 348
31	36944	0.0	3	30766 4642 1149 387
32	42344	0.0	3	35691 5010 1247 396
33	28709	0.0	3	22680 4346 1219 464
34	53267	0.0	3	42697 7663 2108 799
35	44860	0.0	3	37134 5756 1473 497
36	31007	0.0	3	25134 4080 1191 602
37	34055	0.0	3	28604 3910 946 595
38	31255	0.0	3	26382 3511 856 506
39	29027	0.0	3	24362 3280 857 528
40	32097	0.0	3	27310 3370 901 516
41	38756	0.0	3	32530 4453 1084 689
42	50719	0.0	3	43315 5375 1258 771
43	80086	0.0	3	70552 6875 1594 1065
44	14846	0.0	3	12433 1722 432 259
45	13469	0.0	3	11740 1205 325 199
46	10801	0.0	3	9073 1239 311 178
47	26096	0.0	3	23184 2065 504 343
48	20701	0.0	3	18134 1894 412 261
49	29604	0.0	3	25970 2645 567 422
50	25311	0.0	3	21880 2497 557 377
51	39093	0.0	3	33937 3743 851 562
52	27936	0.0	3	23997 2865 654 420
53	37653	0.0	3	32627 3715 798 513
54	50224	0.0	3	43912 4618 1019 675
55	43536	0.0	3	38465 3763 794 514
56	25430	0.0	3	22166 2420 511 333
57	37245	0.0	3	33155 3118 554 418
58	35254	0.0	3	31248 3006 612 388
59	31781	0.0	3	28435 2538 468 340
60	33522	0.0	3	30091 2640 468 323
61	32366	0.0	3	28869 2624 510 363
62	25502	0.0	3	22541 2268 434 259
63	47781	0.0	3	43278 3498 609 396
64	40811	0.0	3	36618 3265 561 367
65	36439	0.0	3	32845 2819 469 306
66	44026	0.0	3	39981 3187 497 361
67	30960	0.0	3	28136 2204 370 250
68	34975	0.0	3	31935 2431 365 244
69	39741	0.0	3	36214 2798 437 292
70	47127	0.0	3	42920 3337 491 379
71	63619	0.0	3	57979 4496 680 464
72	77871	0.0	3	71313 5209 820 529
73	96334	0.0	3	88472 6319 881 662
74	139987	0.0	3	128849 8971 1346 821
75	270182	0.0	3	249464 18139 1422 1157
76	785278	0.0	3	760285 21702 1471 1820
77	109691	0.0	3	102022 6659 483 527
78	20490	0.0	3	18787 1397 164 142
79	9080	0.0	3	8319 583 101 77
80	6119	0.0	3	5562 425 75 57
81	5231	0.0	3	4711 401 80 39
82	4861	0.0	3	4379 350 81 51
83	4612	0.0	3	4149 362 57 44
84	4345	0.0	3	3920 322 57 46
85	3920	0.0	3	3509 302 68 41
86	3872	0.0	3	3467 286 74 45
87	3513	0.0	3	3124 265 84 40
88	3138	0.0	3	2783 263 54 38
89	2984	0.0	3	2647 244 62 31
90	2776	0.0	3	2426 247 69 34
91	2658	0.0	3	2324 257 40 37
92	2497	0.0	3	2194 228 47 28
93	2350	0.0	3	2068 206 50 26
94	2191	0.0	3	1938 188 37 28
95	2112	0.0	3	1852 202 36 22
96	1954	0.0	3	1684 190 48 32
97	1917	0.0	3	1651 188 50 28
98	1840	0.0	3	1589 164 51 36
99	1702	0.0	3	1453 183 41 25
100	1613	0.0	3	1373 165 50 25
101	1571	0.0	3	1377 145 21 28
102	1487	0.0	3	1290 141 38 18
103	1384	0.0	3	1194 140 31 19
104	1366	0.0	3	1157 149 43 17
105	1281	0.0	3	1089 142 30 20
106	1256	0.0	3	1059 133 43 21
107	1184	0.0	3	976 146 35 27
108	1080	0.0	3	920 111 29 20
109	1101	0.0	3	922 126 38 15
110	1028	0.0	3	873 109 31 15
111	965	0.0	3	813 110 25 17
112	938	0.0	3	794 107 23 14
113	895	0.0	3	750 109 18 18
114	852	0.0	3	722 101 17 12
115	838	0.0	3	695 107 21 15
116	807	0.0	3	669 109 17 12
117	754	0.0	3	613 96 31 14
118	668	0.0	3	528 104 27 9
119	657	0.0	3	535 93 17 12
120	631	0.0	3	518 91 15 7
121	605	0.0	3	486 86 24 9
122	609	0.0	3	496 86 19 8
123	524	0.0	3	428 72 13 11
124	540	0.0	3	422 85 20 13
125	497	0.0	3	400 72 16 9
126	476	0.0	3	375 75 19 7
127	451	0.0	3	356 74 13 8
128	426	0.0	3	341 63 16 6
129	443	0.0	3	345 77 13 8
130	392	0.0	3	292 73 16 11
131	335	0.0	3	254 64 12 5
132	336	0.0	3	263 56 13 4
133	283	0.0	3	225 48 5 5
134	286	0.0	3	217 47 14 8
135	282	0.0	3	214 53 12 3
136	255	0.0	3	194 43 13 5
137	272	0.0	3	205 54 11 2
138	255	0.0	3	187 50 11 7
139	240	0.0	3	165 60 11 4
140	205	0.0	3	152 40 10 3
141	182	0.0	3	128 45 8 1
142	167	0.0	3	116 37 9 5
143	187	0.0	3	136 43 5 3
144	168	0.0	3	121 35 7 5
145	160	0.0	3	117 33 7 3
146	146	0.0	3	107 35 4
147	147	0.0	3	96 37 11 3
148	143	0.0	3	100 35 3 5
149	128	0.0	3	84 33 9 2
150	130	0.0	3	89 35 5 1
151	102	0.0	3	66 27 7 2
152	121	0.0	3	76 42 3
153	106	0.0	3	68 30 5 3
154	101	0.0	3	71 25 4 1
155	97	0.0	3	54 38 5
156	68	0.0	3	40 24 2 2
157	85	0.0	3	47 29 8 1
158	89	0.0	3	46 36 7
159	70	0.0	3	36 32 2
160	65	0.0	3	30 32 3
161	82	0.0	3	26 52 3 1
162	54	0.0	3	21 28 4 1
163	54	0.0	3	17 33 3 1
164	54	0.0	3	17 32 5
165	48	0.0	3	21 24 3
166	54	0.0	3	25 24 3 2
167	43	0.0	3	11 28 4
168	34	0.0	3	9 22 3
169	55	0.0	3	22 30 3
170	57	0.0	3	18 37 1 1
171	44	0.0	3	10 32 2
172	34	0.0	3	5 25 3 1
173	41	0.0	3	12 28 1
174	37	0.0	3	12 17 8
175	42	0.0	3	10 28 1 3
176	35	0.0	3	12 20 2 1
177	36	0.0	3	9 25 2
178	36	0.0	3	4 29 3
179	37	0.0	3	7 25 5
180	29	0.0	3	2 22 4 1
181	33	0.0	3	2 28 3
182	28	0.0	3	4 21 3
183	37	0.0	3	4 30 3
184	21	0.0	3	1 19 1
185	27	0.0	3	3 22 2
186	32	0.0	3	2 24 6
187	33	0.0	3	4 25 4
188	28	0.0	3	5 18 5
189	31	0.0	3	3 21 4 3
190	21	0.0	3	0 20 1
191	28	0.0	3	1 21 6
192	34	0.0	3	5 25 4
193	27	0.0	3	4 20 3
194	21	0.0	3	1 17 2 1
195	20	0.0	3	0 19 1
196	19	0.0	3	1 18
197	34	0.0	3	2 28 4
198	18	0.0	3	1 16 1
199	29	0.0	3	1 26 1 1
200	23	0.0	3	2 15 6
201	24	0.0	3	0 21 3
202	22	0.0	3	2 20
203	25	0.0	3	1 18 5 1
204	14	0.0	3	1 10 3
205	25	0.0	3	0 22 3
206	21	0.0	3	0 19 2
207	18	0.0	3	0 14 4
208	19	0.0	3	1 15 3
209	18	0.0	3	0 18
210	16	0.0	3	1 15
211	15	0.0	3	0 12 3
212	19	0.0	3	1 16 2
213	10	0.0	3	0 8 1 1
214	21	0.0	3	2 18 0 1
215	12	0.0	3	0 12
216	13	0.0	3	0 11 0 2
217	4	0.0	3	0 4
218	7	0.0	3	0 7
219	9	0.0	3	0 8 1
220	11	0.0	3	0 9 2
221	8	0.0	3	0 8
222	7	0.0	3	0 5 2
223	6	0.0	3	0 5 1
224	8	0.0	3	0 6 1 1
225	10	0.0	3	0 9 1
226	5	0.0	3	0 5
227	5	0.0	3	0 4 1
228	6	0.0	3	0 6
229	6	0.0	3	0 6
230	4	0.0	3	0 4
231	5	0.0	3	0 5
232	6	0.0	3	1 4 0 1
233	5	0.0	3	0 5
234	8	0.0	3	0 7 1
235	3	0.0	3	1 2
236	3	0.0	3	0 3
237	4	0.0	3	0 2 2
238	4	0.0	3	0 3 1
239	2	0.0	3	0 2
240	5	0.0	3	0 5
241	5	0.0	3	0 5
242	1	0.0	3	0 1
243	1	0.0	3	0 1
244	2	0.0	3	0 2
245	3	0.0	3	0 3
246	2	0.0	3	0 2
247	1	0.0	3	0 1
248	3	0.0	3	0 2 1
250	4	0.0	3	0 4
251	14	0.0	3	0 11 2 1


=== Second read: Adapter 2 ===

Sequence: AGATCGGAAGAGCGTCGTGTAGGGAAAGAGTGT; Type: regular 3'; Length: 33; Trimmed: 4238635 times

No. of allowed errors:
0-9 bp: 0; 10-19 bp: 1; 20-29 bp: 2; 30-33 bp: 3

Bases preceding removed adapters:
  A: 18.1%
  C: 39.1%
  G: 33.3%
  T: 9.4%
  none/other: 0.2%

Overview of removed sequences
length	count	expect	max.err	error counts
3	319967	268631.9	0	319967
4	73294	67158.0	0	73294
5	43238	16789.5	0	43238
6	39746	4197.4	0	39746
7	41951	1049.3	0	41951
8	29875	262.3	0	29875
9	53488	65.6	0	53008 480
10	38018	16.4	1	33790 4228
11	37635	4.1	1	33362 4273
12	45367	1.0	1	40864 4503
13	36900	0.3	1	32453 4447
14	60611	0.1	1	54207 6404
15	20791	0.0	1	17969 2822
16	29418	0.0	1	25710 3708
17	53717	0.0	1	46579 7138
18	15097	0.0	1	12640 2397 60
19	33848	0.0	1	28918 4877 53
20	18671	0.0	2	14904 2814 953
21	19608	0.0	2	15623 3235 750
22	28332	0.0	2	22271 4978 1083
23	42192	0.0	2	32020 8279 1893
24	53029	0.0	2	39265 11065 2699
25	46470	0.0	2	33911 10109 2450
26	73180	0.0	2	53801 15432 3947
27	51338	0.0	2	37382 10773 3181 2
28	77397	0.0	2	57236 15925 4110 126
29	50807	0.0	2	36998 10784 2939 86
30	177892	0.0	3	138924 30463 6847 1658
31	16173	0.0	3	8617 5218 1737 601
32	72332	0.0	3	52813 14558 3901 1060
33	11903	0.0	3	6484 3601 1354 464
34	33923	0.0	3	21528 8883 2671 841
35	58844	0.0	3	37731 15437 4327 1349
36	176856	0.0	3	115984 46189 11522 3161
37	9204	0.0	3	5091 2817 925 371
38	32142	0.0	3	20039 8722 2535 846
39	15020	0.0	3	9510 3962 1116 432
40	34040	0.0	3	22648 8559 2197 636
41	44907	0.0	3	31463 10460 2247 737
42	61128	0.0	3	42134 14748 3347 899
43	78583	0.0	3	57493 16654 3461 975
44	85249	0.0	3	60966 19075 4152 1056
45	122861	0.0	3	91872 24745 4965 1279
46	187172	0.0	3	146877 33183 5687 1425
47	140503	0.0	3	110521 24794 4222 966
48	92029	0.0	3	72415 16186 2774 654
49	75218	0.0	3	61432 11533 1790 463
50	42191	0.0	3	34009 6779 1135 268
51	39808	0.0	3	32877 5672 965 294
52	27749	0.0	3	22755 4089 686 219
53	40659	0.0	3	33764 5791 889 215
54	71213	0.0	3	60194 9233 1429 357
55	26261	0.0	3	21664 3760 615 222
56	62129	0.0	3	52965 7666 1130 368
57	97065	0.0	3	83534 11506 1621 404
58	51719	0.0	3	44884 5777 870 188
59	17523	0.0	3	14770 2263 361 129
60	44116	0.0	3	38667 4697 601 151
61	18540	0.0	3	15976 2173 295 96
62	14174	0.0	3	12045 1771 248 110
63	42328	0.0	3	37826 3919 463 120
64	16192	0.0	3	14279 1661 197 55
65	7530	0.0	3	6584 784 120 42
66	5653	0.0	3	4898 622 96 37
67	6402	0.0	3	5625 636 109 32
68	8169	0.0	3	7282 755 94 38
69	8511	0.0	3	7625 735 119 32
70	8283	0.0	3	7399 748 99 37
71	9013	0.0	3	8118 744 113 38
72	10509	0.0	3	9419 922 118 50
73	13737	0.0	3	12157 1330 184 66
74	18656	0.0	3	16490 1773 264 129
75	29110	0.0	3	26078 2492 368 172
76	35263	0.0	3	31697 2933 432 201
77	47375	0.0	3	42747 3806 556 266
78	64132	0.0	3	58048 5025 729 330
79	102675	0.0	3	92378 8736 1013 548
80	208560	0.0	3	197247 9805 1115 393
81	45188	0.0	3	41867 2875 322 124
82	15742	0.0	3	14579 1001 120 42
83	6062	0.0	3	5485 452 86 39
84	2905	0.0	3	2592 233 53 27
85	1879	0.0	3	1622 199 38 20
86	1168	0.0	3	1002 117 32 17
87	882	0.0	3	736 104 29 13
88	822	0.0	3	656 118 31 17
89	729	0.0	3	575 104 35 15
90	583	0.0	3	460 79 26 18
91	540	0.0	3	408 87 27 18
92	438	0.0	3	326 77 22 13
93	407	0.0	3	291 78 26 12
94	367	0.0	3	256 68 30 13
95	332	0.0	3	236 67 19 10
96	285	0.0	3	196 61 16 12
97	265	0.0	3	178 54 21 12
98	233	0.0	3	155 53 11 14
99	236	0.0	3	157 47 16 16
100	216	0.0	3	135 49 16 16
101	174	0.0	3	104 37 15 18
102	166	0.0	3	108 36 16 6
103	159	0.0	3	99 42 13 5
104	176	0.0	3	95 52 18 11
105	126	0.0	3	70 33 14 9
106	125	0.0	3	69 41 10 5
107	124	0.0	3	58 40 18 8
108	111	0.0	3	57 31 15 8
109	112	0.0	3	58 35 11 8
110	92	0.0	3	54 22 9 7
111	95	0.0	3	41 36 9 9
112	99	0.0	3	43 42 9 5
113	98	0.0	3	53 31 6 8
114	87	0.0	3	43 28 11 5
115	79	0.0	3	35 31 8 5
116	69	0.0	3	25 22 10 12
117	76	0.0	3	33 29 10 4
118	66	0.0	3	17 27 13 9
119	59	0.0	3	27 21 5 6
120	60	0.0	3	25 20 12 3
121	59	0.0	3	15 31 7 6
122	76	0.0	3	24 30 14 8
123	71	0.0	3	22 30 9 10
124	53	0.0	3	13 23 10 7
125	61	0.0	3	14 30 9 8
126	44	0.0	3	13 20 7 4
127	47	0.0	3	14 23 7 3
128	46	0.0	3	10 22 12 2
129	47	0.0	3	8 29 4 6
130	45	0.0	3	9 24 8 4
131	36	0.0	3	7 17 8 4
132	39	0.0	3	8 21 6 4
133	26	0.0	3	8 13 3 2
134	44	0.0	3	4 27 7 6
135	33	0.0	3	5 15 9 4
136	36	0.0	3	7 20 5 4
137	28	0.0	3	5 10 9 4
138	41	0.0	3	5 22 8 6
139	30	0.0	3	5 13 6 6
140	36	0.0	3	3 20 8 5
141	36	0.0	3	2 24 8 2
142	43	0.0	3	2 29 8 4
143	38	0.0	3	3 20 8 7
144	31	0.0	3	2 22 4 3
145	36	0.0	3	4 17 10 5
146	27	0.0	3	2 21 2 2
147	28	0.0	3	5 16 5 2
148	32	0.0	3	5 18 8 1
149	22	0.0	3	2 10 8 2
150	43	0.0	3	2 23 11 7
151	23	0.0	3	1 15 2 5
152	31	0.0	3	3 15 11 2
153	20	0.0	3	0 10 8 2
154	20	0.0	3	2 9 6 3
155	26	0.0	3	1 16 8 1
156	23	0.0	3	1 13 6 3
157	10	0.0	3	0 6 3 1
158	28	0.0	3	0 18 7 3
159	14	0.0	3	1 7 1 5
160	24	0.0	3	0 15 5 4
161	22	0.0	3	0 13 6 3
162	23	0.0	3	1 16 3 3
163	23	0.0	3	1 15 5 2
164	25	0.0	3	0 13 5 7
165	20	0.0	3	1 12 4 3
166	21	0.0	3	0 15 5 1
167	24	0.0	3	0 14 10
168	18	0.0	3	0 12 4 2
169	27	0.0	3	0 18 6 3
170	21	0.0	3	2 9 3 7
171	12	0.0	3	0 7 5
172	18	0.0	3	0 9 6 3
173	22	0.0	3	0 17 2 3
174	11	0.0	3	0 8 2 1
175	15	0.0	3	0 10 4 1
176	20	0.0	3	0 5 9 6
177	15	0.0	3	1 10 4
178	10	0.0	3	0 6 1 3
179	10	0.0	3	0 6 2 2
180	13	0.0	3	0 8 4 1
181	12	0.0	3	1 8 3
182	6	0.0	3	0 4 1 1
183	14	0.0	3	0 5 4 5
184	12	0.0	3	0 7 3 2
185	14	0.0	3	0 8 4 2
186	8	0.0	3	0 4 1 3
187	6	0.0	3	0 3 1 2
188	3	0.0	3	0 1 1 1
189	6	0.0	3	0 4 2
190	10	0.0	3	0 5 2 3
191	3	0.0	3	0 2 1
192	9	0.0	3	0 5 3 1
193	5	0.0	3	0 2 3
194	8	0.0	3	1 4 1 2
195	5	0.0	3	0 1 3 1
196	5	0.0	3	0 4 1
197	1	0.0	3	0 1
198	2	0.0	3	0 2
199	5	0.0	3	0 1 3 1
200	5	0.0	3	0 0 2 3
201	3	0.0	3	0 2 1
202	2	0.0	3	0 0 1 1
203	2	0.0	3	0 1 0 1
204	2	0.0	3	0 1 1
205	1	0.0	3	0 0 1
206	1	0.0	3	0 0 0 1
207	1	0.0	3	0 1
208	2	0.0	3	0 1 1
209	1	0.0	3	0 1
211	1	0.0	3	0 0 0 1
212	1	0.0	3	0 0 1
213	1	0.0	3	0 1
215	1	0.0	3	0 1
218	2	0.0	3	0 2
219	1	0.0	3	0 0 1
228	1	0.0	3	0 0 0 1
233	1	0.0	3	0 0 1
238	2	0.0	3	0 2
242	2	0.0	3	0 0 2
244	1	0.0	3	0 1
248	2	0.0	3	0 1 1
251	1	0.0	3	0 0 1
