This is cutadapt 2.9 with Python 3.7.10
Command line parameters: -q 10 --minimum-length 25 --cores 80 -a AGATCGGAAGAGCACACGTCTGAACTCCAGTCA -A AGATCGGAAGAGCGTCGTGTAGGGAAAGAGTGT -o prefetch_sra_files/SRR6914908_R1_Trimmed.fastq.gz -p prefetch_sra_files/SRR6914908_R2_Trimmed.fastq.gz prefetch_sra_files/SRR6914908.sra_1.fastq.gz prefetch_sra_files/SRR6914908.sra_2.fastq.gz
Processing reads on 80 cores in paired-end mode ...
Finished in 880.69 s (31 us/read; 1.94 M reads/minute).

=== Summary ===

Total read pairs processed:         28,545,207
  Read 1 with adapter:               7,085,787 (24.8%)
  Read 2 with adapter:               7,119,843 (24.9%)
Pairs written (passing filters):    28,495,380 (99.8%)

Total basepairs processed: 14,329,693,914 bp
  Read 1: 7,164,846,957 bp
  Read 2: 7,164,846,957 bp
Quality-trimmed:             862,804,540 bp (6.0%)
  Read 1:   271,329,772 bp
  Read 2:   591,474,768 bp
Total written (filtered):  12,788,196,522 bp (89.2%)
  Read 1: 6,503,823,381 bp
  Read 2: 6,284,373,141 bp

=== First read: Adapter 1 ===

Sequence: AGATCGGAAGAGCACACGTCTGAACTCCAGTCA; Type: regular 3'; Length: 33; Trimmed: 7085787 times

No. of allowed errors:
0-9 bp: 0; 10-19 bp: 1; 20-29 bp: 2; 30-33 bp: 3

Bases preceding removed adapters:
  A: 12.5%
  C: 39.7%
  G: 28.4%
  T: 19.3%
  none/other: 0.1%

Overview of removed sequences
length	count	expect	max.err	error counts
3	335145	446018.9	0	335145
4	103368	111504.7	0	103368
5	63601	27876.2	0	63601
6	53051	6969.0	0	53051
7	51124	1742.3	0	51124
8	39055	435.6	0	39055
9	57026	108.9	0	56268 758
10	43157	27.2	1	40225 2932
11	40266	6.8	1	37132 3134
12	46823	1.7	1	43984 2839
13	42469	0.4	1	39552 2917
14	44964	0.1	1	41542 3422
15	43783	0.0	1	40246 3537
16	44948	0.0	1	40764 4184
17	54373	0.0	1	48740 5633
18	44099	0.0	1	40347 3685 67
19	37201	0.0	1	34075 3056 70
20	43616	0.0	2	39081 3803 732
21	51257	0.0	2	45037 5109 1111
22	46006	0.0	2	40465 4589 952
23	41216	0.0	2	36369 3974 873
24	53274	0.0	2	46646 5405 1223
25	46857	0.0	2	40790 4894 1173
26	37208	0.0	2	31622 4514 1072
27	50016	0.0	2	42505 5988 1518 5
28	60908	0.0	2	52155 7054 1687 12
29	52351	0.0	2	43123 6958 2070 200
30	41117	0.0	3	34618 4776 1233 490
31	52384	0.0	3	43776 6406 1647 555
32	61359	0.0	3	51760 7169 1831 599
33	39789	0.0	3	31499 6030 1670 590
34	77579	0.0	3	62374 11005 3107 1093
35	68102	0.0	3	56597 8488 2203 814
36	44436	0.0	3	36111 5770 1657 898
37	52160	0.0	3	44178 5585 1434 963
38	47393	0.0	3	40105 5263 1239 786
39	43083	0.0	3	36431 4692 1180 780
40	47751	0.0	3	40961 4790 1190 810
41	57341	0.0	3	48296 6373 1677 995
42	76060	0.0	3	65189 7850 1864 1157
43	120020	0.0	3	105938 10093 2384 1605
44	22231	0.0	3	18610 2579 624 418
45	20764	0.0	3	18156 1795 495 318
46	16467	0.0	3	14018 1689 492 268
47	41270	0.0	3	36739 3218 786 527
48	32878	0.0	3	28843 2938 672 425
49	47273	0.0	3	41723 4023 879 648
50	39711	0.0	3	34577 3717 857 560
51	60085	0.0	3	52426 5418 1373 868
52	42912	0.0	3	37050 4285 966 611
53	58730	0.0	3	50836 5707 1291 896
54	78755	0.0	3	69061 7088 1548 1058
55	70208	0.0	3	62101 5996 1268 843
56	39879	0.0	3	34802 3712 832 533
57	61545	0.0	3	55114 4819 945 667
58	56766	0.0	3	50375 4784 982 625
59	51394	0.0	3	46341 3781 759 513
60	56137	0.0	3	50595 4172 797 573
61	53471	0.0	3	48142 4026 752 551
62	41960	0.0	3	37216 3586 696 462
63	80688	0.0	3	73387 5640 937 724
64	68197	0.0	3	61563 5133 894 607
65	59193	0.0	3	53501 4355 794 543
66	75708	0.0	3	69063 5216 844 585
67	52997	0.0	3	48294 3700 586 417
68	61024	0.0	3	56050 3925 601 448
69	71398	0.0	3	65545 4518 766 569
70	83955	0.0	3	76855 5565 895 640
71	115669	0.0	3	106538 7177 1139 815
72	142087	0.0	3	131416 8383 1307 981
73	178369	0.0	3	165663 9929 1560 1217
74	257996	0.0	3	240052 14085 2374 1485
75	506822	0.0	3	473926 28404 2473 2019
76	1524786	0.0	3	1486002 32493 2598 3693
77	202612	0.0	3	189273 11405 885 1049
78	37202	0.0	3	34392 2204 303 303
79	16369	0.0	3	15052 981 192 144
80	11578	0.0	3	10612 684 156 126
81	9483	0.0	3	8623 650 123 87
82	9020	0.0	3	8224 553 150 93
83	8793	0.0	3	7963 628 136 66
84	8604	0.0	3	7812 559 138 95
85	7984	0.0	3	7294 510 112 68
86	7447	0.0	3	6741 516 109 81
87	6981	0.0	3	6291 520 94 76
88	6579	0.0	3	5919 474 110 76
89	6116	0.0	3	5530 411 101 74
90	5752	0.0	3	5154 431 110 57
91	5595	0.0	3	5019 431 87 58
92	5153	0.0	3	4607 387 102 57
93	5063	0.0	3	4553 358 90 62
94	4719	0.0	3	4205 344 98 72
95	4518	0.0	3	3989 372 91 66
96	4252	0.0	3	3784 315 101 52
97	3990	0.0	3	3524 342 78 46
98	3714	0.0	3	3273 301 87 53
99	3632	0.0	3	3218 290 78 46
100	3486	0.0	3	3014 341 84 47
101	3423	0.0	3	2997 300 70 56
102	3160	0.0	3	2777 285 64 34
103	3082	0.0	3	2691 264 73 54
104	2957	0.0	3	2597 236 86 38
105	2778	0.0	3	2419 239 82 38
106	2789	0.0	3	2453 227 74 35
107	2507	0.0	3	2192 216 62 37
108	2481	0.0	3	2147 237 57 40
109	2436	0.0	3	2105 248 52 31
110	2161	0.0	3	1865 200 60 36
111	2136	0.0	3	1839 218 49 30
112	2002	0.0	3	1717 194 47 44
113	1964	0.0	3	1707 168 48 41
114	1782	0.0	3	1545 184 24 29
115	1783	0.0	3	1534 160 52 37
116	1641	0.0	3	1404 165 48 24
117	1578	0.0	3	1364 151 35 28
118	1523	0.0	3	1301 159 36 27
119	1379	0.0	3	1189 138 32 20
120	1430	0.0	3	1193 161 52 24
121	1301	0.0	3	1113 126 38 24
122	1329	0.0	3	1111 167 38 13
123	1196	0.0	3	1013 130 32 21
124	1169	0.0	3	980 124 44 21
125	1045	0.0	3	871 123 34 17
126	1023	0.0	3	858 116 23 26
127	991	0.0	3	826 117 27 21
128	909	0.0	3	731 124 37 17
129	870	0.0	3	732 99 26 13
130	854	0.0	3	724 94 22 14
131	810	0.0	3	664 99 27 20
132	739	0.0	3	600 99 24 16
133	738	0.0	3	597 99 25 17
134	660	0.0	3	534 87 28 11
135	609	0.0	3	501 73 25 10
136	635	0.0	3	499 100 25 11
137	551	0.0	3	459 64 18 10
138	561	0.0	3	443 81 28 9
139	509	0.0	3	404 82 17 6
140	481	0.0	3	381 67 28 5
141	474	0.0	3	378 69 18 9
142	404	0.0	3	322 55 19 8
143	407	0.0	3	332 56 12 7
144	367	0.0	3	292 52 11 12
145	351	0.0	3	280 56 7 8
146	363	0.0	3	290 56 9 8
147	310	0.0	3	261 40 7 2
148	308	0.0	3	241 48 15 4
149	275	0.0	3	214 44 10 7
150	264	0.0	3	203 50 6 5
151	269	0.0	3	205 47 15 2
152	244	0.0	3	186 44 9 5
153	232	0.0	3	167 49 7 9
154	212	0.0	3	163 36 7 6
155	193	0.0	3	145 32 13 3
156	211	0.0	3	153 43 8 7
157	152	0.0	3	114 33 4 1
158	153	0.0	3	123 19 7 4
159	142	0.0	3	98 35 7 2
160	137	0.0	3	103 29 4 1
161	110	0.0	3	74 25 6 5
162	122	0.0	3	79 34 8 1
163	112	0.0	3	75 28 5 4
164	101	0.0	3	64 30 6 1
165	98	0.0	3	63 25 5 5
166	81	0.0	3	52 23 1 5
167	82	0.0	3	45 33 1 3
168	92	0.0	3	48 33 7 4
169	84	0.0	3	51 27 5 1
170	75	0.0	3	39 31 4 1
171	64	0.0	3	33 28 1 2
172	78	0.0	3	39 31 5 3
173	87	0.0	3	43 38 4 2
174	53	0.0	3	19 28 6
175	51	0.0	3	30 17 2 2
176	49	0.0	3	21 24 2 2
177	56	0.0	3	32 22 1 1
178	61	0.0	3	18 32 6 5
179	46	0.0	3	19 19 5 3
180	40	0.0	3	12 28
181	41	0.0	3	9 27 3 2
182	44	0.0	3	16 21 5 2
183	42	0.0	3	15 25 0 2
184	46	0.0	3	13 29 3 1
185	34	0.0	3	13 18 2 1
186	26	0.0	3	9 14 3
187	42	0.0	3	13 26 3
188	39	0.0	3	12 23 3 1
189	34	0.0	3	8 24 1 1
190	31	0.0	3	7 21 3
191	31	0.0	3	10 17 2 2
192	32	0.0	3	7 20 2 3
193	35	0.0	3	8 21 5 1
194	27	0.0	3	5 20 2
195	39	0.0	3	5 31 2 1
196	29	0.0	3	5 22 1 1
197	28	0.0	3	7 20 1
198	25	0.0	3	3 20 0 2
199	21	0.0	3	2 14 5
200	19	0.0	3	2 14 3
201	25	0.0	3	5 15 4 1
202	19	0.0	3	1 17 1
203	17	0.0	3	0 11 6
204	14	0.0	3	2 10 2
205	18	0.0	3	2 12 4
206	22	0.0	3	3 17 1 1
207	18	0.0	3	0 15 3
208	15	0.0	3	1 12 1 1
209	17	0.0	3	3 13 1
210	21	0.0	3	0 15 5 1
211	18	0.0	3	2 12 2 2
212	20	0.0	3	1 16 3
213	13	0.0	3	1 7 4 1
214	12	0.0	3	1 9 1 1
215	11	0.0	3	0 10 1
216	9	0.0	3	1 6 2
217	8	0.0	3	0 8
218	7	0.0	3	0 6 1
219	7	0.0	3	0 7
220	5	0.0	3	0 3 1 1
221	6	0.0	3	0 6
222	3	0.0	3	0 2 1
223	4	0.0	3	0 3 1
224	7	0.0	3	0 7
225	7	0.0	3	1 5 1
226	4	0.0	3	0 4
227	8	0.0	3	0 8
228	12	0.0	3	0 10 2
229	3	0.0	3	0 3
230	5	0.0	3	0 5
231	7	0.0	3	0 7
232	5	0.0	3	1 3 1
233	4	0.0	3	0 3 1
234	2	0.0	3	0 2
235	6	0.0	3	0 5 1
236	5	0.0	3	0 5
237	4	0.0	3	0 3 1
238	4	0.0	3	0 3 1
239	4	0.0	3	0 4
240	3	0.0	3	0 2 1
241	1	0.0	3	0 0 1
243	4	0.0	3	0 4
244	2	0.0	3	0 2
245	3	0.0	3	0 2 1
246	3	0.0	3	0 3
247	1	0.0	3	0 1
248	2	0.0	3	0 2
249	1	0.0	3	0 1
250	2	0.0	3	0 1 1
251	19	0.0	3	0 17 2


=== Second read: Adapter 2 ===

Sequence: AGATCGGAAGAGCGTCGTGTAGGGAAAGAGTGT; Type: regular 3'; Length: 33; Trimmed: 7119843 times

No. of allowed errors:
0-9 bp: 0; 10-19 bp: 1; 20-29 bp: 2; 30-33 bp: 3

Bases preceding removed adapters:
  A: 14.3%
  C: 38.0%
  G: 37.1%
  T: 10.5%
  none/other: 0.1%

Overview of removed sequences
length	count	expect	max.err	error counts
3	511927	446018.9	0	511927
4	111540	111504.7	0	111540
5	62210	27876.2	0	62210
6	53455	6969.0	0	53455
7	57878	1742.3	0	57878
8	39567	435.6	0	39567
9	70100	108.9	0	69236 864
10	52710	27.2	1	46639 6071
11	46568	6.8	1	41076 5492
12	61609	1.7	1	55516 6093
13	47688	0.4	1	41865 5823
14	84393	0.1	1	75743 8650
15	27085	0.0	1	23472 3613
16	38329	0.0	1	33568 4761
17	74764	0.0	1	64926 9838
18	17815	0.0	1	14692 3082 41
19	45126	0.0	1	38716 6317 93
20	25228	0.0	2	20428 3489 1311
21	21128	0.0	2	17010 3348 770
22	35088	0.0	2	27757 6018 1313
23	52556	0.0	2	39753 10320 2483
24	88777	0.0	2	65510 18594 4673
25	33000	0.0	2	23529 7391 2080
26	61731	0.0	2	44915 13184 3632
27	67338	0.0	2	48909 14175 4249 5
28	84097	0.0	2	60771 18230 4982 114
29	53070	0.0	2	37599 11889 3501 81
30	148685	0.0	3	108978 29920 7667 2120
31	27507	0.0	3	17399 6953 2320 835
32	89614	0.0	3	65181 18003 4937 1493
33	54710	0.0	3	38580 11681 3354 1095
34	80039	0.0	3	57967 16193 4476 1403
35	128527	0.0	3	93860 26048 6647 1972
36	236922	0.0	3	173984 47437 12192 3309
37	254670	0.0	3	197315 44893 10020 2442
38	80240	0.0	3	61755 14070 3389 1026
39	147868	0.0	3	120431 21792 4416 1229
40	123578	0.0	3	102842 16419 3370 947
41	178550	0.0	3	154015 19892 3608 1035
42	218807	0.0	3	190668 23338 3820 981
43	132086	0.0	3	115443 13503 2430 710
44	202592	0.0	3	179438 19303 3024 827
45	226737	0.0	3	202975 19806 3106 850
46	325627	0.0	3	299875 21655 3183 914
47	306635	0.0	3	283861 19535 2577 662
48	186284	0.0	3	172651 11625 1593 415
49	131033	0.0	3	122314 7364 1047 308
50	57685	0.0	3	53092 3819 588 186
51	53483	0.0	3	49625 3122 539 197
52	30522	0.0	3	27688 2234 411 189
53	55192	0.0	3	51024 3410 566 192
54	109934	0.0	3	103300 5463 891 280
55	40241	0.0	3	36875 2688 473 205
56	105749	0.0	3	99651 5143 704 251
57	176562	0.0	3	168145 7220 910 287
58	92311	0.0	3	87742 3853 531 185
59	25605	0.0	3	23553 1721 249 82
60	80470	0.0	3	76959 2921 438 152
61	29373	0.0	3	27553 1500 226 94
62	17634	0.0	3	16267 1109 168 90
63	64884	0.0	3	62415 2112 269 88
64	26157	0.0	3	24800 1145 141 71
65	12523	0.0	3	11815 575 107 26
66	9043	0.0	3	8492 424 92 35
67	8939	0.0	3	8428 392 92 27
68	12950	0.0	3	12310 512 90 38
69	13207	0.0	3	12561 500 111 35
70	11832	0.0	3	11130 545 104 53
71	15075	0.0	3	14353 563 103 56
72	16848	0.0	3	15945 699 134 70
73	21826	0.0	3	20653 907 183 83
74	28771	0.0	3	27205 1243 222 101
75	40309	0.0	3	38081 1747 322 159
76	60482	0.0	3	57528 2336 414 204
77	76721	0.0	3	72915 3012 495 299
78	92920	0.0	3	88204 3737 654 325
79	138643	0.0	3	130421 6807 941 474
80	264400	0.0	3	256611 6163 1071 555
81	68045	0.0	3	65573 2024 298 150
82	16698	0.0	3	15917 620 113 48
83	9296	0.0	3	8861 327 76 32
84	4773	0.0	3	4478 208 63 24
85	2901	0.0	3	2698 138 46 19
86	2085	0.0	3	1889 138 37 21
87	1621	0.0	3	1454 109 39 19
88	1392	0.0	3	1234 105 42 11
89	1200	0.0	3	1033 123 20 24
90	1120	0.0	3	974 98 34 14
91	951	0.0	3	825 84 29 13
92	866	0.0	3	730 91 28 17
93	785	0.0	3	642 96 22 25
94	742	0.0	3	602 97 31 12
95	711	0.0	3	559 97 41 14
96	628	0.0	3	513 73 25 17
97	526	0.0	3	413 64 30 19
98	543	0.0	3	415 66 41 21
99	485	0.0	3	382 65 24 14
100	437	0.0	3	309 66 40 22
101	439	0.0	3	339 65 18 17
102	409	0.0	3	314 61 22 12
103	350	0.0	3	250 60 25 15
104	367	0.0	3	261 64 23 19
105	343	0.0	3	250 52 26 15
106	302	0.0	3	207 61 19 15
107	296	0.0	3	201 49 31 15
108	295	0.0	3	199 60 24 12
109	286	0.0	3	198 53 19 16
110	248	0.0	3	161 53 15 19
111	232	0.0	3	127 65 21 19
112	225	0.0	3	128 57 15 25
113	189	0.0	3	120 42 13 14
114	177	0.0	3	119 29 18 11
115	207	0.0	3	128 39 21 19
116	172	0.0	3	83 50 16 23
117	178	0.0	3	112 39 20 7
118	164	0.0	3	100 31 20 13
119	139	0.0	3	78 36 12 13
120	136	0.0	3	70 40 18 8
121	124	0.0	3	62 40 13 9
122	122	0.0	3	73 31 9 9
123	125	0.0	3	74 29 11 11
124	111	0.0	3	54 27 17 13
125	90	0.0	3	40 26 11 13
126	125	0.0	3	55 39 14 17
127	84	0.0	3	34 25 15 10
128	88	0.0	3	37 28 9 14
129	86	0.0	3	34 21 15 16
130	89	0.0	3	37 24 16 12
131	87	0.0	3	45 20 11 11
132	59	0.0	3	20 18 13 8
133	66	0.0	3	25 20 12 9
134	80	0.0	3	29 29 9 13
135	66	0.0	3	23 26 15 2
136	65	0.0	3	23 16 13 13
137	64	0.0	3	19 25 11 9
138	58	0.0	3	18 18 12 10
139	69	0.0	3	21 30 12 6
140	52	0.0	3	18 22 7 5
141	56	0.0	3	12 21 13 10
142	58	0.0	3	23 21 7 7
143	62	0.0	3	14 27 8 13
144	44	0.0	3	6 21 9 8
145	42	0.0	3	10 18 6 8
146	35	0.0	3	17 12 2 4
147	31	0.0	3	4 11 9 7
148	42	0.0	3	13 15 10 4
149	34	0.0	3	8 13 6 7
150	35	0.0	3	5 18 5 7
151	33	0.0	3	5 20 5 3
152	32	0.0	3	6 17 6 3
153	39	0.0	3	8 15 10 6
154	30	0.0	3	5 12 5 8
155	29	0.0	3	6 10 7 6
156	29	0.0	3	4 16 5 4
157	33	0.0	3	8 12 6 7
158	32	0.0	3	6 12 9 5
159	32	0.0	3	2 14 9 7
160	29	0.0	3	4 15 4 6
161	23	0.0	3	3 9 5 6
162	14	0.0	3	2 6 2 4
163	26	0.0	3	2 17 2 5
164	31	0.0	3	2 11 10 8
165	36	0.0	3	2 18 6 10
166	33	0.0	3	1 16 8 8
167	28	0.0	3	4 14 5 5
168	20	0.0	3	0 9 5 6
169	29	0.0	3	2 17 6 4
170	24	0.0	3	3 13 4 4
171	28	0.0	3	3 17 2 6
172	21	0.0	3	2 7 6 6
173	12	0.0	3	1 6 4 1
174	18	0.0	3	1 10 6 1
175	22	0.0	3	2 13 7
176	23	0.0	3	2 12 4 5
177	9	0.0	3	0 6 2 1
178	17	0.0	3	3 11 2 1
179	20	0.0	3	1 13 4 2
180	14	0.0	3	0 8 5 1
181	20	0.0	3	0 10 7 3
182	9	0.0	3	2 3 2 2
183	14	0.0	3	2 8 4
184	14	0.0	3	1 11 1 1
185	10	0.0	3	2 6 2
186	10	0.0	3	0 5 2 3
187	3	0.0	3	0 1 0 2
188	12	0.0	3	0 10 0 2
189	8	0.0	3	1 3 2 2
190	7	0.0	3	0 1 2 4
191	7	0.0	3	1 3 3
192	4	0.0	3	0 3 1
193	8	0.0	3	0 4 3 1
194	6	0.0	3	0 1 2 3
195	9	0.0	3	0 3 2 4
196	5	0.0	3	1 2 0 2
197	3	0.0	3	0 1 1 1
198	4	0.0	3	0 2 2
199	2	0.0	3	0 1 0 1
200	5	0.0	3	0 1 4
201	5	0.0	3	0 3 2
202	1	0.0	3	0 1
203	1	0.0	3	0 0 0 1
204	1	0.0	3	0 1
205	1	0.0	3	0 0 1
207	3	0.0	3	1 2
209	3	0.0	3	0 2 0 1
211	3	0.0	3	0 3
212	1	0.0	3	0 1
215	1	0.0	3	0 1
222	1	0.0	3	0 0 1
229	1	0.0	3	0 0 1
230	1	0.0	3	0 1
231	2	0.0	3	0 1 1
240	1	0.0	3	0 0 1
242	1	0.0	3	0 0 1
245	1	0.0	3	0 1
250	1	0.0	3	0 0 1
251	1	0.0	3	0 0 1
