This is cutadapt 2.9 with Python 3.7.10
Command line parameters: -q 10 --minimum-length 25 --cores 80 -a AGATCGGAAGAGCACACGTCTGAACTCCAGTCA -A AGATCGGAAGAGCGTCGTGTAGGGAAAGAGTGT -o prefetch_sra_files/SRR6986864_R1_Trimmed.fastq.gz -p prefetch_sra_files/SRR6986864_R2_Trimmed.fastq.gz prefetch_sra_files/SRR6986864.sra_1.fastq.gz prefetch_sra_files/SRR6986864.sra_2.fastq.gz
Processing reads on 80 cores in paired-end mode ...
Finished in 826.54 s (34 us/read; 1.79 M reads/minute).

=== Summary ===

Total read pairs processed:         24,615,093
  Read 1 with adapter:               4,867,573 (19.8%)
  Read 2 with adapter:               4,866,287 (19.8%)
Pairs written (passing filters):    24,565,896 (99.8%)

Total basepairs processed: 12,356,776,686 bp
  Read 1: 6,178,388,343 bp
  Read 2: 6,178,388,343 bp
Quality-trimmed:             664,055,138 bp (5.4%)
  Read 1:   193,514,979 bp
  Read 2:   470,540,159 bp
Total written (filtered):  11,279,981,646 bp (91.3%)
  Read 1: 5,746,930,940 bp
  Read 2: 5,533,050,706 bp

=== First read: Adapter 1 ===

Sequence: AGATCGGAAGAGCACACGTCTGAACTCCAGTCA; Type: regular 3'; Length: 33; Trimmed: 4867573 times

No. of allowed errors:
0-9 bp: 0; 10-19 bp: 1; 20-29 bp: 2; 30-33 bp: 3

Bases preceding removed adapters:
  A: 15.7%
  C: 34.2%
  G: 30.5%
  T: 19.5%
  none/other: 0.1%

Overview of removed sequences
length	count	expect	max.err	error counts
3	318547	384610.8	0	318547
4	99821	96152.7	0	99821
5	58408	24038.2	0	58408
6	49647	6009.5	0	49647
7	46718	1502.4	0	46718
8	36661	375.6	0	36661
9	54104	93.9	0	53262 842
10	41006	23.5	1	37993 3013
11	39336	5.9	1	36252 3084
12	43471	1.5	1	40595 2876
13	38932	0.4	1	36141 2791
14	43979	0.1	1	40445 3534
15	39727	0.0	1	36176 3551
16	38149	0.0	1	34225 3924
17	51431	0.0	1	45670 5761
18	43155	0.0	1	39190 3911 54
19	34106	0.0	1	30806 3217 83
20	40806	0.0	2	36234 3876 696
21	41392	0.0	2	36130 4348 914
22	37904	0.0	2	33268 3831 805
23	39862	0.0	2	34751 4262 849
24	50003	0.0	2	43254 5494 1255
25	45887	0.0	2	39582 5124 1181
26	32255	0.0	2	27066 4148 1041
27	45602	0.0	2	38377 5773 1437 15
28	55026	0.0	2	46741 6634 1630 21
29	40633	0.0	2	33063 5784 1509 277
30	44141	0.0	3	37217 5167 1287 470
31	35942	0.0	3	30209 4341 1022 370
32	46503	0.0	3	39956 5042 1105 400
33	30703	0.0	3	24721 4431 1166 385
34	50990	0.0	3	42266 6436 1687 601
35	35788	0.0	3	28631 5149 1460 548
36	44329	0.0	3	35802 5840 1742 945
37	54147	0.0	3	43461 7193 2207 1286
38	50818	0.0	3	40142 7129 2198 1349
39	41940	0.0	3	34016 5412 1557 955
40	53425	0.0	3	43223 6937 2062 1203
41	49102	0.0	3	39859 6436 1748 1059
42	72570	0.0	3	60044 8894 2270 1362
43	103576	0.0	3	89469 9998 2447 1662
44	15293	0.0	3	12724 1768 492 309
45	15349	0.0	3	13348 1411 328 262
46	11760	0.0	3	9825 1385 334 216
47	31457	0.0	3	27814 2591 638 414
48	26139	0.0	3	22854 2406 543 336
49	35674	0.0	3	31193 3170 789 522
50	31349	0.0	3	27103 3059 737 450
51	46135	0.0	3	39816 4496 1092 731
52	33637	0.0	3	28764 3512 830 531
53	46145	0.0	3	39464 4853 1118 710
54	60361	0.0	3	52350 5896 1319 796
55	54319	0.0	3	47681 4861 1086 691
56	31246	0.0	3	27161 3043 615 427
57	47123	0.0	3	41888 3952 799 484
58	42582	0.0	3	37642 3695 713 532
59	38489	0.0	3	34378 3120 590 401
60	39926	0.0	3	35449 3434 623 420
61	38172	0.0	3	34038 3087 606 441
62	30330	0.0	3	26656 2846 503 325
63	56761	0.0	3	51241 4222 773 525
64	47195	0.0	3	42306 3729 696 464
65	42496	0.0	3	38291 3230 557 418
66	50765	0.0	3	46020 3673 603 469
67	35348	0.0	3	31892 2731 450 275
68	40764	0.0	3	37162 2838 429 335
69	44926	0.0	3	40863 3198 506 359
70	51833	0.0	3	46921 3870 630 412
71	68013	0.0	3	61815 4843 791 564
72	80939	0.0	3	73897 5490 905 647
73	99637	0.0	3	91115 6629 1078 815
74	140978	0.0	3	129501 9215 1397 865
75	264321	0.0	3	242761 18900 1477 1183
76	732304	0.0	3	710642 18238 1630 1794
77	105636	0.0	3	100272 4377 509 478
78	21760	0.0	3	20212 1188 190 170
79	9121	0.0	3	8317 596 115 93
80	5954	0.0	3	5366 437 84 67
81	4777	0.0	3	4304 334 87 52
82	4217	0.0	3	3768 325 77 47
83	3885	0.0	3	3492 285 53 55
84	3842	0.0	3	3427 288 71 56
85	3481	0.0	3	3089 285 70 37
86	3222	0.0	3	2856 272 55 39
87	2829	0.0	3	2485 229 67 48
88	2611	0.0	3	2304 218 45 44
89	2420	0.0	3	2083 239 46 52
90	2146	0.0	3	1865 204 51 26
91	2078	0.0	3	1786 212 49 31
92	1917	0.0	3	1679 156 47 35
93	1709	0.0	3	1474 160 40 35
94	1641	0.0	3	1409 164 45 23
95	1640	0.0	3	1403 167 49 21
96	1475	0.0	3	1257 148 40 30
97	1417	0.0	3	1195 165 37 20
98	1343	0.0	3	1107 165 36 35
99	1237	0.0	3	1058 123 36 20
100	1177	0.0	3	986 132 43 16
101	1128	0.0	3	953 111 37 27
102	1104	0.0	3	940 116 29 19
103	1091	0.0	3	920 121 29 21
104	1047	0.0	3	886 118 32 11
105	945	0.0	3	779 112 32 22
106	940	0.0	3	774 112 30 24
107	813	0.0	3	656 106 31 20
108	859	0.0	3	685 123 36 15
109	843	0.0	3	696 97 32 18
110	765	0.0	3	633 87 25 20
111	730	0.0	3	591 102 25 12
112	622	0.0	3	508 76 27 11
113	622	0.0	3	525 73 14 10
114	609	0.0	3	500 76 19 14
115	535	0.0	3	450 68 9 8
116	545	0.0	3	441 75 21 8
117	518	0.0	3	417 73 14 14
118	494	0.0	3	387 80 16 11
119	452	0.0	3	330 88 22 12
120	408	0.0	3	312 67 19 10
121	437	0.0	3	341 69 13 14
122	396	0.0	3	298 68 12 18
123	397	0.0	3	309 63 16 9
124	333	0.0	3	257 52 20 4
125	324	0.0	3	247 53 13 11
126	332	0.0	3	256 57 7 12
127	302	0.0	3	231 51 11 9
128	300	0.0	3	222 55 14 9
129	257	0.0	3	196 43 11 7
130	270	0.0	3	206 46 11 7
131	221	0.0	3	171 37 9 4
132	219	0.0	3	164 44 7 4
133	254	0.0	3	182 53 8 11
134	179	0.0	3	125 41 11 2
135	207	0.0	3	153 37 13 4
136	180	0.0	3	128 39 9 4
137	187	0.0	3	134 36 13 4
138	177	0.0	3	128 37 8 4
139	163	0.0	3	118 32 9 4
140	143	0.0	3	97 33 12 1
141	161	0.0	3	111 36 9 5
142	143	0.0	3	108 30 5
143	123	0.0	3	88 27 4 4
144	106	0.0	3	70 26 8 2
145	106	0.0	3	74 22 6 4
146	107	0.0	3	62 36 5 4
147	103	0.0	3	73 23 6 1
148	100	0.0	3	61 28 7 4
149	94	0.0	3	63 22 8 1
150	84	0.0	3	52 23 8 1
151	96	0.0	3	56 29 8 3
152	85	0.0	3	57 21 6 1
153	78	0.0	3	42 33 1 2
154	82	0.0	3	42 36 2 2
155	73	0.0	3	35 32 5 1
156	66	0.0	3	48 16 2
157	56	0.0	3	32 18 4 2
158	45	0.0	3	23 18 2 2
159	48	0.0	3	27 19 2
160	49	0.0	3	18 24 6 1
161	52	0.0	3	21 29 2
162	45	0.0	3	20 23 2
163	44	0.0	3	21 17 4 2
164	39	0.0	3	18 17 4
165	40	0.0	3	10 28 2
166	46	0.0	3	13 29 4
167	40	0.0	3	13 26 1
168	47	0.0	3	7 34 6
169	27	0.0	3	7 17 3
170	43	0.0	3	13 27 2 1
171	33	0.0	3	12 18 3
172	45	0.0	3	7 33 5
173	31	0.0	3	8 19 4
174	37	0.0	3	15 19 3
175	43	0.0	3	11 30 1 1
176	31	0.0	3	7 22 2
177	29	0.0	3	7 19 3
178	21	0.0	3	3 15 3
179	22	0.0	3	8 13 1
180	35	0.0	3	6 27 2
181	34	0.0	3	5 28 1
182	25	0.0	3	5 18 2
183	46	0.0	3	11 33 2
184	22	0.0	3	3 16 3
185	28	0.0	3	2 25 1
186	15	0.0	3	3 9 2 1
187	28	0.0	3	3 25
188	21	0.0	3	1 17 3
189	20	0.0	3	2 17 1
190	16	0.0	3	0 14 2
191	21	0.0	3	1 16 4
192	15	0.0	3	1 9 5
193	31	0.0	3	3 24 3 1
194	23	0.0	3	2 17 3 1
195	21	0.0	3	3 17 1
196	16	0.0	3	0 11 5
197	17	0.0	3	2 15
198	19	0.0	3	0 19
199	21	0.0	3	1 19 1
200	17	0.0	3	0 14 2 1
201	21	0.0	3	1 20
202	25	0.0	3	2 20 3
203	20	0.0	3	0 18 1 1
204	8	0.0	3	0 8
205	19	0.0	3	1 18
206	15	0.0	3	0 14 1
207	14	0.0	3	1 10 3
208	9	0.0	3	1 8
209	20	0.0	3	0 18 2
210	13	0.0	3	0 11 2
211	12	0.0	3	0 11 0 1
212	7	0.0	3	2 3 2
213	14	0.0	3	0 13 1
214	9	0.0	3	0 9
215	8	0.0	3	0 6 2
216	4	0.0	3	0 4
217	5	0.0	3	0 4 1
218	13	0.0	3	2 11
219	8	0.0	3	0 7 1
220	5	0.0	3	0 5
221	8	0.0	3	0 8
222	10	0.0	3	0 9 1
223	3	0.0	3	0 3
224	1	0.0	3	0 1
225	4	0.0	3	0 3 1
226	7	0.0	3	0 5 2
227	8	0.0	3	0 7 0 1
228	6	0.0	3	1 4 1
229	3	0.0	3	0 2 1
230	5	0.0	3	0 4 1
231	4	0.0	3	0 4
232	5	0.0	3	1 3 1
233	3	0.0	3	0 3
234	6	0.0	3	0 5 1
235	4	0.0	3	0 4
237	2	0.0	3	0 1 1
238	5	0.0	3	0 5
239	6	0.0	3	0 3 3
240	5	0.0	3	0 5
241	1	0.0	3	0 1
242	2	0.0	3	0 2
243	1	0.0	3	0 1
244	1	0.0	3	0 1
245	2	0.0	3	0 1 1
246	2	0.0	3	0 1 1
248	4	0.0	3	0 2 2
249	1	0.0	3	0 1
250	2	0.0	3	0 2
251	11	0.0	3	0 7 2 2


=== Second read: Adapter 2 ===

Sequence: AGATCGGAAGAGCGTCGTGTAGGGAAAGAGTGT; Type: regular 3'; Length: 33; Trimmed: 4866287 times

No. of allowed errors:
0-9 bp: 0; 10-19 bp: 1; 20-29 bp: 2; 30-33 bp: 3

Bases preceding removed adapters:
  A: 17.6%
  C: 37.5%
  G: 34.3%
  T: 10.4%
  none/other: 0.1%

Overview of removed sequences
length	count	expect	max.err	error counts
3	486932	384610.8	0	486932
4	107998	96152.7	0	107998
5	57166	24038.2	0	57166
6	50956	6009.5	0	50956
7	51734	1502.4	0	51734
8	37285	375.6	0	37285
9	66691	93.9	0	66034 657
10	47059	23.5	1	41268 5791
11	48311	5.9	1	42549 5762
12	57589	1.5	1	51688 5901
13	47798	0.4	1	41867 5931
14	76089	0.1	1	67607 8482
15	26463	0.0	1	22707 3756
16	36449	0.0	1	31625 4824
17	65731	0.0	1	56498 9233
18	19090	0.0	1	15788 3253 49
19	41845	0.0	1	35343 6427 75
20	23791	0.0	2	18765 3797 1229
21	24459	0.0	2	19429 4098 932
22	36051	0.0	2	28068 6511 1472
23	53296	0.0	2	40063 10783 2450
24	67501	0.0	2	49815 14129 3557
25	60243	0.0	2	43747 13086 3410
26	92036	0.0	2	67243 19715 5078
27	65006	0.0	2	46988 13905 4111 2
28	96487	0.0	2	70752 20251 5287 197
29	66272	0.0	2	47898 14397 3894 83
30	225401	0.0	3	173979 40359 8840 2223
31	21320	0.0	3	11801 6641 2129 749
32	91059	0.0	3	66252 18600 4893 1314
33	15059	0.0	3	8313 4511 1647 588
34	43363	0.0	3	27715 11109 3480 1059
35	74436	0.0	3	47604 19615 5505 1712
36	214576	0.0	3	139887 56506 14278 3905
37	11456	0.0	3	6340 3523 1152 441
38	39169	0.0	3	24291 10793 3127 958
39	18422	0.0	3	11623 4897 1362 540
40	41380	0.0	3	27719 10223 2602 836
41	53077	0.0	3	37122 12164 2857 934
42	72570	0.0	3	50079 17410 3979 1102
43	90715	0.0	3	66078 19342 4099 1196
44	103488	0.0	3	73880 23448 4909 1251
45	146207	0.0	3	109291 29542 5820 1554
46	219910	0.0	3	172490 39055 6790 1575
47	163086	0.0	3	127960 29041 4883 1202
48	104992	0.0	3	82643 18465 3139 745
49	83053	0.0	3	67542 12884 2096 531
50	45734	0.0	3	36679 7480 1266 309
51	41511	0.0	3	34584 5716 933 278
52	27365	0.0	3	22354 4078 715 218
53	39837	0.0	3	32911 5678 957 291
54	71358	0.0	3	60166 9424 1428 340
55	25822	0.0	3	21295 3664 660 203
56	65171	0.0	3	55805 7891 1149 326
57	98593	0.0	3	84727 11825 1635 406
58	53874	0.0	3	46939 5962 742 231
59	16814	0.0	3	14169 2197 311 137
60	43619	0.0	3	38235 4588 661 135
61	17346	0.0	3	14867 2094 298 87
62	12298	0.0	3	10366 1573 257 102
63	38514	0.0	3	34291 3713 409 101
64	15170	0.0	3	13472 1426 208 64
65	6684	0.0	3	5833 686 125 40
66	4851	0.0	3	4228 526 70 27
67	5146	0.0	3	4501 532 87 26
68	7442	0.0	3	6609 680 109 44
69	7293	0.0	3	6531 636 93 33
70	6495	0.0	3	5778 594 90 33
71	8020	0.0	3	7225 665 92 38
72	9232	0.0	3	8255 810 114 53
73	11580	0.0	3	10315 1053 145 67
74	15332	0.0	3	13570 1470 219 73
75	23857	0.0	3	21332 2137 281 107
76	27936	0.0	3	25024 2421 335 156
77	37688	0.0	3	33965 3140 403 180
78	49245	0.0	3	44476 4000 552 217
79	77875	0.0	3	70156 6634 726 359
80	150025	0.0	3	141398 7494 826 307
81	32214	0.0	3	29714 2175 259 66
82	12531	0.0	3	11581 788 113 49
83	4786	0.0	3	4330 377 52 27
84	2168	0.0	3	1892 215 43 18
85	1276	0.0	3	1112 122 31 11
86	850	0.0	3	703 110 22 15
87	636	0.0	3	505 94 26 11
88	560	0.0	3	439 72 30 19
89	437	0.0	3	334 63 26 14
90	429	0.0	3	319 83 16 11
91	356	0.0	3	266 59 19 12
92	303	0.0	3	217 46 23 17
93	272	0.0	3	197 44 21 10
94	236	0.0	3	162 47 20 7
95	234	0.0	3	162 39 26 7
96	201	0.0	3	144 36 16 5
97	199	0.0	3	133 46 12 8
98	165	0.0	3	105 33 18 9
99	147	0.0	3	99 26 15 7
100	146	0.0	3	94 30 13 9
101	129	0.0	3	78 33 11 7
102	121	0.0	3	68 33 13 7
103	108	0.0	3	59 31 9 9
104	111	0.0	3	61 28 16 6
105	118	0.0	3	49 40 12 17
106	98	0.0	3	59 26 8 5
107	87	0.0	3	43 29 5 10
108	107	0.0	3	50 32 16 9
109	95	0.0	3	43 28 14 10
110	100	0.0	3	49 29 12 10
111	74	0.0	3	39 20 9 6
112	77	0.0	3	38 28 7 4
113	80	0.0	3	31 28 8 13
114	72	0.0	3	29 32 4 7
115	60	0.0	3	27 16 13 4
116	56	0.0	3	25 20 7 4
117	64	0.0	3	23 24 11 6
118	62	0.0	3	21 25 7 9
119	49	0.0	3	21 19 7 2
120	62	0.0	3	21 22 13 6
121	55	0.0	3	12 24 11 8
122	54	0.0	3	19 23 8 4
123	52	0.0	3	16 24 6 6
124	52	0.0	3	19 18 9 6
125	37	0.0	3	14 14 6 3
126	36	0.0	3	10 15 5 6
127	45	0.0	3	10 25 7 3
128	38	0.0	3	11 13 8 6
129	36	0.0	3	9 16 7 4
130	23	0.0	3	4 13 5 1
131	36	0.0	3	9 10 11 6
132	26	0.0	3	8 9 6 3
133	18	0.0	3	2 10 2 4
134	31	0.0	3	10 13 6 2
135	32	0.0	3	6 13 6 7
136	43	0.0	3	4 19 11 9
137	23	0.0	3	2 8 6 7
138	32	0.0	3	3 13 10 6
139	30	0.0	3	4 13 9 4
140	32	0.0	3	0 24 5 3
141	31	0.0	3	4 15 8 4
142	25	0.0	3	0 12 6 7
143	30	0.0	3	3 18 6 3
144	36	0.0	3	2 21 8 5
145	26	0.0	3	1 10 14 1
146	14	0.0	3	1 8 0 5
147	19	0.0	3	1 9 3 6
148	19	0.0	3	1 11 4 3
149	24	0.0	3	1 13 8 2
150	26	0.0	3	4 11 7 4
151	19	0.0	3	2 8 4 5
152	25	0.0	3	2 14 7 2
153	10	0.0	3	0 5 2 3
154	20	0.0	3	2 8 6 4
155	20	0.0	3	2 11 3 4
156	25	0.0	3	0 10 10 5
157	16	0.0	3	1 8 1 6
158	24	0.0	3	1 11 5 7
159	11	0.0	3	0 7 3 1
160	17	0.0	3	0 10 4 3
161	18	0.0	3	0 11 2 5
162	13	0.0	3	1 6 2 4
163	18	0.0	3	0 13 3 2
164	17	0.0	3	0 12 4 1
165	14	0.0	3	1 8 4 1
166	19	0.0	3	0 12 3 4
167	29	0.0	3	1 16 10 2
168	15	0.0	3	0 8 5 2
169	20	0.0	3	0 12 7 1
170	17	0.0	3	1 10 3 3
171	19	0.0	3	0 11 4 4
172	9	0.0	3	0 4 4 1
173	19	0.0	3	1 11 2 5
174	12	0.0	3	1 4 3 4
175	15	0.0	3	0 6 8 1
176	15	0.0	3	1 7 3 4
177	12	0.0	3	0 8 3 1
178	18	0.0	3	1 12 5
179	6	0.0	3	0 2 2 2
180	9	0.0	3	0 4 3 2
181	16	0.0	3	0 9 6 1
182	9	0.0	3	0 4 4 1
183	10	0.0	3	0 5 1 4
184	5	0.0	3	0 1 3 1
185	6	0.0	3	0 2 3 1
186	4	0.0	3	0 2 1 1
187	8	0.0	3	0 2 4 2
188	9	0.0	3	0 5 3 1
189	3	0.0	3	0 0 3
190	5	0.0	3	0 4 0 1
191	2	0.0	3	0 1 1
192	4	0.0	3	0 2 2
193	6	0.0	3	0 1 1 4
194	4	0.0	3	0 1 3
195	3	0.0	3	1 1 0 1
196	2	0.0	3	0 1 0 1
197	1	0.0	3	0 0 1
198	1	0.0	3	0 0 1
199	2	0.0	3	0 1 1
200	3	0.0	3	0 1 0 2
201	2	0.0	3	0 1 0 1
202	4	0.0	3	0 2 2
203	1	0.0	3	0 0 0 1
204	2	0.0	3	0 0 1 1
205	3	0.0	3	0 0 2 1
206	1	0.0	3	0 0 1
207	2	0.0	3	0 0 1 1
208	2	0.0	3	0 2
211	1	0.0	3	0 0 0 1
213	1	0.0	3	0 0 1
214	1	0.0	3	0 1
217	1	0.0	3	0 0 0 1
218	1	0.0	3	0 1
220	4	0.0	3	0 1 0 3
223	1	0.0	3	0 0 1
235	2	0.0	3	0 1 1
237	1	0.0	3	0 1
248	1	0.0	3	0 0 1
251	1	0.0	3	0 1
