This is cutadapt 2.9 with Python 3.7.10
Command line parameters: -q 10 --minimum-length 25 --cores 80 -a AGATCGGAAGAGCACACGTCTGAACTCCAGTCA -A AGATCGGAAGAGCGTCGTGTAGGGAAAGAGTGT -o prefetch_sra_files/SRR6987146_R1_Trimmed.fastq.gz -p prefetch_sra_files/SRR6987146_R2_Trimmed.fastq.gz prefetch_sra_files/SRR6987146.sra_1.fastq.gz prefetch_sra_files/SRR6987146.sra_2.fastq.gz
Processing reads on 80 cores in paired-end mode ...
Finished in 637.38 s (30 us/read; 1.97 M reads/minute).

=== Summary ===

Total read pairs processed:         20,915,430
  Read 1 with adapter:               1,420,328 (6.8%)
  Read 2 with adapter:                 811,822 (3.9%)
Pairs written (passing filters):    20,870,817 (99.8%)

Total basepairs processed: 10,499,545,860 bp
  Read 1: 5,249,772,930 bp
  Read 2: 5,249,772,930 bp
Quality-trimmed:             655,478,656 bp (6.2%)
  Read 1:   467,358,447 bp
  Read 2:   188,120,209 bp
Total written (filtered):  9,819,732,362 bp (93.5%)
  Read 1: 4,773,063,082 bp
  Read 2: 5,046,669,280 bp

=== First read: Adapter 1 ===

Sequence: AGATCGGAAGAGCACACGTCTGAACTCCAGTCA; Type: regular 3'; Length: 33; Trimmed: 1420328 times

No. of allowed errors:
0-9 bp: 0; 10-19 bp: 1; 20-29 bp: 2; 30-33 bp: 3

Bases preceding removed adapters:
  A: 25.0%
  C: 24.1%
  G: 22.9%
  T: 28.0%
  none/other: 0.0%

Overview of removed sequences
length	count	expect	max.err	error counts
3	596819	326803.6	0	596819
4	192905	81700.9	0	192905
5	110181	20425.2	0	110181
6	54904	5106.3	0	54904
7	56299	1276.6	0	56299
8	40545	319.1	0	40545
9	69850	79.8	0	69313 537
10	53505	19.9	1	46694 6811
11	52239	5.0	1	45305 6934
12	63308	1.2	1	55892 7416
13	54446	0.3	1	46936 7510
14	75139	0.1	1	10 75129
15	48	0.0	1	0 48
16	126	0.0	1	0 126
17	2	0.0	1	0 2
19	3	0.0	1	0 0 3
20	1	0.0	2	0 0 1
24	1	0.0	2	0 0 1
30	2	0.0	3	0 0 0 2
31	4	0.0	3	0 1 1 2
46	1	0.0	3	0 0 0 1


=== Second read: Adapter 2 ===

Sequence: AGATCGGAAGAGCGTCGTGTAGGGAAAGAGTGT; Type: regular 3'; Length: 33; Trimmed: 811822 times

No. of allowed errors:
0-9 bp: 0; 10-19 bp: 1; 20-29 bp: 2; 30-33 bp: 3

Bases preceding removed adapters:
  A: 23.4%
  C: 31.2%
  G: 27.8%
  T: 17.7%
  none/other: 0.0%

Overview of removed sequences
length	count	expect	max.err	error counts
3	255030	326803.6	0	255030
4	86893	81700.9	0	86893
5	57185	20425.2	0	57185
6	50285	5106.3	0	50285
7	44200	1276.6	0	44200
8	38064	319.1	0	38064
9	62035	79.8	0	61296 739
10	41192	19.9	1	38070 3122
11	44110	5.0	1	40498 3612
12	48482	1.2	1	45242 3240
13	39704	0.3	1	36834 2870
14	44623	0.1	1	5 44618
15	17	0.0	1	1 16
16	1	0.0	1	0 1
18	1	0.0	1	1
