This is cutadapt 2.9 with Python 3.7.10
Command line parameters: -q 10 --minimum-length 25 --cores 80 -a AGATCGGAAGAGCACACGTCTGAACTCCAGTCA -A AGATCGGAAGAGCGTCGTGTAGGGAAAGAGTGT -o prefetch_sra_files/SRR6914609_R1_Trimmed.fastq.gz -p prefetch_sra_files/SRR6914609_R2_Trimmed.fastq.gz prefetch_sra_files/SRR6914609.sra_1.fastq.gz prefetch_sra_files/SRR6914609.sra_2.fastq.gz
Processing reads on 80 cores in paired-end mode ...
Finished in 383.51 s (30 us/read; 2.03 M reads/minute).

=== Summary ===

Total read pairs processed:         12,967,233
  Read 1 with adapter:               4,359,905 (33.6%)
  Read 2 with adapter:               4,329,403 (33.4%)
Pairs written (passing filters):    12,925,183 (99.7%)

Total basepairs processed: 6,509,550,966 bp
  Read 1: 3,254,775,483 bp
  Read 2: 3,254,775,483 bp
Quality-trimmed:             505,062,052 bp (7.8%)
  Read 1:   164,872,660 bp
  Read 2:   340,189,392 bp
Total written (filtered):  5,559,087,191 bp (85.4%)
  Read 1: 2,830,509,588 bp
  Read 2: 2,728,577,603 bp

=== First read: Adapter 1 ===

Sequence: AGATCGGAAGAGCACACGTCTGAACTCCAGTCA; Type: regular 3'; Length: 33; Trimmed: 4359905 times

No. of allowed errors:
0-9 bp: 0; 10-19 bp: 1; 20-29 bp: 2; 30-33 bp: 3

Bases preceding removed adapters:
  A: 14.6%
  C: 37.6%
  G: 28.3%
  T: 19.2%
  none/other: 0.2%

Overview of removed sequences
length	count	expect	max.err	error counts
3	142825	202613.0	0	142825
4	46941	50653.3	0	46941
5	28231	12663.3	0	28231
6	24113	3165.8	0	24113
7	21109	791.5	0	21109
8	17557	197.9	0	17557
9	29733	49.5	0	29329 404
10	17660	12.4	1	16247 1413
11	20524	3.1	1	18753 1771
12	21359	0.8	1	19746 1613
13	19519	0.2	1	17955 1564
14	21859	0.0	1	19942 1917
15	19688	0.0	1	17823 1865
16	20845	0.0	1	18454 2391
17	25669	0.0	1	22509 3160
18	21027	0.0	1	18911 2082 34
19	18168	0.0	1	16318 1795 55
20	21496	0.0	2	18974 2091 431
21	24395	0.0	2	21060 2740 595
22	20222	0.0	2	17419 2314 489
23	22878	0.0	2	19628 2664 586
24	26750	0.0	2	22852 3175 723
25	24693	0.0	2	20988 2918 787
26	18046	0.0	2	14820 2554 672
27	25059	0.0	2	20697 3453 905 4
28	29752	0.0	2	24978 3775 988 11
29	25008	0.0	2	20002 3775 1105 126
30	26067	0.0	3	21394 3408 907 358
31	20802	0.0	3	17132 2759 668 243
32	27981	0.0	3	23559 3312 801 309
33	19661	0.0	3	15095 3272 917 377
34	35172	0.0	3	28509 4774 1375 514
35	16229	0.0	3	12191 2786 873 379
36	30367	0.0	3	23251 4927 1553 636
37	45694	0.0	3	34341 7869 2500 984
38	39829	0.0	3	30185 6831 1983 830
39	43629	0.0	3	35524 5935 1582 588
40	22800	0.0	3	17775 3693 973 359
41	35642	0.0	3	29612 4510 1163 357
42	29059	0.0	3	23565 4292 885 317
43	68676	0.0	3	59811 6826 1530 509
44	9910	0.0	3	8164 1330 302 114
45	9055	0.0	3	7748 1001 205 101
46	8127	0.0	3	6671 1071 284 101
47	19295	0.0	3	16801 1895 435 164
48	18210	0.0	3	15685 1991 406 128
49	23842	0.0	3	20553 2512 559 218
50	23145	0.0	3	19733 2625 598 189
51	31930	0.0	3	26994 3749 873 314
52	26695	0.0	3	22579 3158 738 220
53	34950	0.0	3	29414 4289 950 297
54	44653	0.0	3	37884 5338 1069 362
55	44103	0.0	3	38203 4702 923 275
56	23874	0.0	3	20357 2784 562 171
57	37667	0.0	3	32807 3928 723 209
58	34396	0.0	3	29976 3514 693 213
59	29182	0.0	3	25566 2910 555 151
60	33590	0.0	3	29453 3401 560 176
61	30853	0.0	3	27078 3043 590 142
62	27283	0.0	3	23578 3057 495 153
63	53116	0.0	3	47248 4875 777 216
64	45143	0.0	3	39911 4300 738 194
65	37007	0.0	3	32605 3658 578 166
66	51158	0.0	3	45790 4486 690 192
67	35319	0.0	3	31575 3122 471 151
68	40714	0.0	3	36702 3365 501 146
69	47337	0.0	3	42573 3970 610 184
70	57433	0.0	3	51399 5046 744 244
71	80505	0.0	3	72565 6748 906 286
72	99501	0.0	3	90244 7820 1100 337
73	127823	0.0	3	116213 9821 1308 481
74	186985	0.0	3	169625 14631 2233 496
75	371571	0.0	3	336537 32425 1957 652
76	1085373	0.0	3	1050153 32200 2211 809
77	138491	0.0	3	129226 8278 681 306
78	26118	0.0	3	23977 1746 270 125
79	11772	0.0	3	10686 877 151 58
80	8063	0.0	3	7238 657 120 48
81	7056	0.0	3	6320 602 100 34
82	6465	0.0	3	5782 533 105 45
83	6214	0.0	3	5534 529 105 46
84	5942	0.0	3	5292 520 86 44
85	5603	0.0	3	4983 485 91 44
86	5301	0.0	3	4733 425 100 43
87	4788	0.0	3	4241 418 89 40
88	4382	0.0	3	3885 378 84 35
89	4182	0.0	3	3668 397 81 36
90	3984	0.0	3	3512 373 71 28
91	3625	0.0	3	3201 311 81 32
92	3507	0.0	3	3058 329 86 34
93	3251	0.0	3	2832 316 70 33
94	3080	0.0	3	2646 319 87 28
95	2903	0.0	3	2488 320 70 25
96	2822	0.0	3	2438 295 62 27
97	2681	0.0	3	2320 279 59 23
98	2592	0.0	3	2194 295 70 33
99	2392	0.0	3	2074 237 60 21
100	2278	0.0	3	1958 238 60 22
101	2175	0.0	3	1849 247 58 21
102	2146	0.0	3	1828 242 52 24
103	2039	0.0	3	1716 243 54 26
104	1880	0.0	3	1598 226 43 13
105	1879	0.0	3	1586 219 50 24
106	1780	0.0	3	1459 241 58 22
107	1660	0.0	3	1424 182 44 10
108	1647	0.0	3	1368 220 39 20
109	1551	0.0	3	1301 195 38 17
110	1526	0.0	3	1249 209 49 19
111	1363	0.0	3	1110 193 43 17
112	1262	0.0	3	1042 172 36 12
113	1238	0.0	3	1008 172 41 17
114	1193	0.0	3	983 168 33 9
115	1118	0.0	3	897 165 43 13
116	1055	0.0	3	878 131 33 13
117	1032	0.0	3	847 136 34 15
118	1017	0.0	3	827 137 42 11
119	981	0.0	3	788 153 29 11
120	869	0.0	3	683 147 27 12
121	859	0.0	3	703 120 24 12
122	828	0.0	3	646 135 33 14
123	743	0.0	3	587 127 24 5
124	744	0.0	3	590 118 26 10
125	685	0.0	3	526 127 22 10
126	698	0.0	3	537 132 22 7
127	625	0.0	3	503 95 22 5
128	589	0.0	3	450 103 28 8
129	564	0.0	3	420 111 19 14
130	524	0.0	3	402 92 22 8
131	469	0.0	3	351 97 15 6
132	486	0.0	3	371 89 22 4
133	435	0.0	3	340 70 17 8
134	437	0.0	3	343 74 14 6
135	405	0.0	3	329 59 14 3
136	369	0.0	3	284 64 14 7
137	367	0.0	3	284 63 19 1
138	336	0.0	3	245 61 23 7
139	333	0.0	3	239 66 20 8
140	321	0.0	3	212 74 28 7
141	273	0.0	3	197 58 13 5
142	266	0.0	3	200 54 10 2
143	274	0.0	3	203 60 8 3
144	230	0.0	3	174 47 7 2
145	219	0.0	3	146 58 11 4
146	215	0.0	3	157 50 5 3
147	212	0.0	3	143 59 4 6
148	213	0.0	3	152 53 5 3
149	187	0.0	3	113 57 15 2
150	175	0.0	3	121 47 4 3
151	158	0.0	3	99 50 7 2
152	156	0.0	3	109 43 4
153	125	0.0	3	93 23 5 4
154	120	0.0	3	80 31 7 2
155	95	0.0	3	53 34 8
156	114	0.0	3	64 40 10
157	114	0.0	3	56 51 5 2
158	89	0.0	3	49 33 5 2
159	114	0.0	3	58 48 6 2
160	91	0.0	3	63 24 4
161	108	0.0	3	56 47 5
162	89	0.0	3	49 34 5 1
163	63	0.0	3	32 26 4 1
164	56	0.0	3	28 26 2
165	63	0.0	3	23 30 7 3
166	61	0.0	3	33 23 4 1
167	60	0.0	3	26 30 3 1
168	63	0.0	3	21 32 8 2
169	69	0.0	3	20 41 7 1
170	65	0.0	3	30 31 4
171	50	0.0	3	19 28 3
172	74	0.0	3	17 47 6 4
173	49	0.0	3	16 31 2
174	52	0.0	3	17 30 5
175	50	0.0	3	7 35 7 1
176	41	0.0	3	10 26 4 1
177	49	0.0	3	5 35 9
178	41	0.0	3	10 26 4 1
179	43	0.0	3	11 29 1 2
180	45	0.0	3	9 34 2
181	32	0.0	3	7 21 4
182	34	0.0	3	7 23 4
183	31	0.0	3	6 20 5
184	40	0.0	3	3 34 2 1
185	35	0.0	3	3 29 2 1
186	34	0.0	3	6 24 4
187	16	0.0	3	2 12 2
188	32	0.0	3	3 26 3
189	30	0.0	3	0 28 1 1
190	34	0.0	3	0 32 2
191	30	0.0	3	2 22 5 1
192	29	0.0	3	1 24 3 1
193	23	0.0	3	3 18 1 1
194	28	0.0	3	1 24 3
195	26	0.0	3	2 19 4 1
196	28	0.0	3	1 22 5
197	20	0.0	3	1 18 1
198	21	0.0	3	1 19 1
199	28	0.0	3	0 25 2 1
200	34	0.0	3	0 27 7
201	17	0.0	3	0 15 2
202	11	0.0	3	1 10
203	26	0.0	3	3 21 2
204	16	0.0	3	0 14 2
205	22	0.0	3	2 18 2
206	19	0.0	3	0 15 4
207	31	0.0	3	1 27 2 1
208	23	0.0	3	0 21 1 1
209	32	0.0	3	2 27 3
210	21	0.0	3	0 19 2
211	16	0.0	3	0 13 3
212	21	0.0	3	0 20 1
213	14	0.0	3	0 12 2
214	8	0.0	3	0 8
215	7	0.0	3	0 6 0 1
216	14	0.0	3	0 13 1
217	13	0.0	3	1 11 1
218	7	0.0	3	0 7
219	8	0.0	3	0 6 1 1
220	7	0.0	3	0 7
221	13	0.0	3	1 11 1
222	11	0.0	3	1 10
223	6	0.0	3	0 5 1
224	6	0.0	3	0 3 3
225	10	0.0	3	0 10
226	7	0.0	3	0 5 2
227	8	0.0	3	0 7 1
228	2	0.0	3	0 2
229	2	0.0	3	0 2
230	10	0.0	3	0 10
231	3	0.0	3	0 2 1
232	5	0.0	3	0 5
233	1	0.0	3	0 1
234	2	0.0	3	1 1
235	4	0.0	3	0 4
236	1	0.0	3	0 1
237	7	0.0	3	0 7
238	4	0.0	3	0 3 1
239	4	0.0	3	0 3 0 1
240	2	0.0	3	0 2
241	2	0.0	3	0 2
242	3	0.0	3	0 2 1
243	4	0.0	3	0 3 1
244	2	0.0	3	0 1 1
245	4	0.0	3	0 4
246	3	0.0	3	0 2 1
247	2	0.0	3	0 2
248	2	0.0	3	0 2
249	1	0.0	3	0 1
250	2	0.0	3	0 2
251	24	0.0	3	0 21 3


=== Second read: Adapter 2 ===

Sequence: AGATCGGAAGAGCGTCGTGTAGGGAAAGAGTGT; Type: regular 3'; Length: 33; Trimmed: 4329403 times

No. of allowed errors:
0-9 bp: 0; 10-19 bp: 1; 20-29 bp: 2; 30-33 bp: 3

Bases preceding removed adapters:
  A: 16.1%
  C: 37.8%
  G: 35.5%
  T: 10.5%
  none/other: 0.2%

Overview of removed sequences
length	count	expect	max.err	error counts
3	216044	202613.0	0	216044
4	49619	50653.3	0	49619
5	26381	12663.3	0	26381
6	24906	3165.8	0	24906
7	25274	791.5	0	25274
8	19328	197.9	0	19328
9	34740	49.5	0	34433 307
10	24842	12.4	1	21841 3001
11	24952	3.1	1	21832 3120
12	30627	0.8	1	27445 3182
13	24386	0.2	1	21268 3118
14	40006	0.0	1	35360 4646
15	13996	0.0	1	12054 1942
16	18668	0.0	1	16043 2625
17	34966	0.0	1	30038 4928
18	9308	0.0	1	7622 1653 33
19	21463	0.0	1	18111 3301 51
20	13184	0.0	2	10423 2088 673
21	10847	0.0	2	8531 1861 455
22	17855	0.0	2	13751 3309 795
23	27777	0.0	2	20594 5708 1475
24	44707	0.0	2	32144 9874 2689
25	17907	0.0	2	12499 4232 1176
26	33216	0.0	2	23333 7582 2301
27	36638	0.0	2	25757 8220 2658 3
28	44892	0.0	2	31436 10302 3071 83
29	32649	0.0	2	22656 7611 2347 35
30	86027	0.0	3	61559 18206 4885 1377
31	17370	0.0	3	11001 4405 1432 532
32	52355	0.0	3	37293 11037 3060 965
33	34031	0.0	3	23601 7453 2261 716
34	53290	0.0	3	38169 10977 3159 985
35	84407	0.0	3	61188 17099 4701 1419
36	144656	0.0	3	105440 29233 7762 2221
37	156897	0.0	3	120465 28159 6548 1725
38	51189	0.0	3	38896 9378 2216 699
39	95253	0.0	3	77112 14258 3034 849
40	82242	0.0	3	67967 11290 2304 681
41	123744	0.0	3	106212 14123 2645 764
42	143009	0.0	3	123686 15821 2805 697
43	88555	0.0	3	77057 9271 1696 531
44	133613	0.0	3	118164 12752 2127 570
45	153673	0.0	3	137385 13371 2288 629
46	226749	0.0	3	208370 15468 2266 645
47	204797	0.0	3	189086 13338 1911 462
48	128555	0.0	3	118743 8279 1194 339
49	91329	0.0	3	84954 5356 769 250
50	40220	0.0	3	36859 2738 475 148
51	37991	0.0	3	35191 2274 402 124
52	21429	0.0	3	19332 1650 329 118
53	37859	0.0	3	34736 2516 445 162
54	76397	0.0	3	71530 4001 631 235
55	28175	0.0	3	25693 1973 348 161
56	75404	0.0	3	70742 3832 629 201
57	120996	0.0	3	114741 5259 773 223
58	67179	0.0	3	63678 2876 448 177
59	19139	0.0	3	17540 1330 195 74
60	58520	0.0	3	55848 2229 339 104
61	20860	0.0	3	19534 1082 169 75
62	12322	0.0	3	11295 832 132 63
63	44401	0.0	3	42583 1516 223 79
64	18549	0.0	3	17530 844 126 49
65	8682	0.0	3	8093 479 74 36
66	6359	0.0	3	5912 346 71 30
67	5784	0.0	3	5338 352 62 32
68	8901	0.0	3	8399 380 83 39
69	9082	0.0	3	8599 385 66 32
70	7910	0.0	3	7398 387 84 41
71	10567	0.0	3	10001 451 74 41
72	11610	0.0	3	10889 569 99 53
73	14827	0.0	3	13820 792 143 72
74	19048	0.0	3	17757 995 174 122
75	26160	0.0	3	24316 1475 253 116
76	40330	0.0	3	37924 1916 332 158
77	48812	0.0	3	45976 2235 414 187
78	56445	0.0	3	52805 2918 469 253
79	82979	0.0	3	76884 5095 676 324
80	147817	0.0	3	142929 3897 654 337
81	39537	0.0	3	37887 1329 229 92
82	10018	0.0	3	9430 464 77 47
83	5672	0.0	3	5350 268 38 16
84	2966	0.0	3	2770 143 37 16
85	1733	0.0	3	1566 117 28 22
86	1240	0.0	3	1087 96 32 25
87	971	0.0	3	842 80 33 16
88	878	0.0	3	754 82 26 16
89	692	0.0	3	590 75 17 10
90	708	0.0	3	593 72 27 16
91	542	0.0	3	435 75 23 9
92	567	0.0	3	446 79 26 16
93	500	0.0	3	422 51 19 8
94	485	0.0	3	382 62 28 13
95	395	0.0	3	308 56 22 9
96	348	0.0	3	267 54 19 8
97	350	0.0	3	256 63 20 11
98	329	0.0	3	236 52 25 16
99	282	0.0	3	210 46 17 9
100	296	0.0	3	222 45 23 6
101	245	0.0	3	169 50 12 14
102	232	0.0	3	162 44 14 12
103	243	0.0	3	161 49 21 12
104	226	0.0	3	141 44 31 10
105	202	0.0	3	122 48 22 10
106	169	0.0	3	107 44 12 6
107	167	0.0	3	110 41 12 4
108	162	0.0	3	79 57 17 9
109	163	0.0	3	95 39 19 10
110	171	0.0	3	97 45 15 14
111	126	0.0	3	68 35 14 9
112	125	0.0	3	71 32 16 6
113	103	0.0	3	56 33 10 4
114	111	0.0	3	63 32 10 6
115	113	0.0	3	55 37 12 9
116	97	0.0	3	46 27 11 13
117	102	0.0	3	50 34 10 8
118	81	0.0	3	36 28 8 9
119	73	0.0	3	33 25 6 9
120	77	0.0	3	31 30 11 5
121	71	0.0	3	34 25 9 3
122	82	0.0	3	29 33 14 6
123	60	0.0	3	28 15 10 7
124	58	0.0	3	21 26 6 5
125	57	0.0	3	25 20 7 5
126	72	0.0	3	27 32 8 5
127	60	0.0	3	27 21 7 5
128	50	0.0	3	15 25 9 1
129	53	0.0	3	18 25 6 4
130	49	0.0	3	19 18 8 4
131	43	0.0	3	11 20 6 6
132	53	0.0	3	13 28 6 6
133	41	0.0	3	13 19 4 5
134	45	0.0	3	10 19 5 11
135	46	0.0	3	8 29 5 4
136	43	0.0	3	7 28 5 3
137	24	0.0	3	5 10 6 3
138	45	0.0	3	10 26 5 4
139	35	0.0	3	5 22 5 3
140	44	0.0	3	10 23 4 7
141	40	0.0	3	6 20 8 6
142	30	0.0	3	4 19 2 5
143	46	0.0	3	7 32 6 1
144	30	0.0	3	6 20 2 2
145	37	0.0	3	5 23 5 4
146	34	0.0	3	6 18 5 5
147	24	0.0	3	2 14 3 5
148	34	0.0	3	2 27 2 3
149	29	0.0	3	3 19 5 2
150	30	0.0	3	3 18 4 5
151	27	0.0	3	3 14 5 5
152	35	0.0	3	8 21 5 1
153	30	0.0	3	1 18 6 5
154	21	0.0	3	1 16 3 1
155	26	0.0	3	3 16 4 3
156	32	0.0	3	1 21 8 2
157	33	0.0	3	1 22 7 3
158	39	0.0	3	1 29 5 4
159	29	0.0	3	1 18 6 4
160	36	0.0	3	3 24 9
161	29	0.0	3	2 17 6 4
162	26	0.0	3	2 13 7 4
163	18	0.0	3	0 14 1 3
164	24	0.0	3	0 13 8 3
165	19	0.0	3	0 13 0 6
166	17	0.0	3	0 12 4 1
167	31	0.0	3	0 22 7 2
168	19	0.0	3	0 14 2 3
169	25	0.0	3	1 14 6 4
170	20	0.0	3	0 15 5
171	23	0.0	3	0 13 5 5
172	20	0.0	3	1 14 1 4
173	21	0.0	3	2 7 8 4
174	13	0.0	3	0 7 5 1
175	17	0.0	3	0 13 3 1
176	11	0.0	3	1 7 0 3
177	12	0.0	3	0 8 2 2
178	15	0.0	3	0 10 4 1
179	19	0.0	3	1 14 2 2
180	11	0.0	3	0 6 4 1
181	12	0.0	3	0 8 1 3
182	12	0.0	3	0 9 1 2
183	18	0.0	3	0 8 6 4
184	11	0.0	3	0 7 1 3
185	15	0.0	3	0 9 4 2
186	10	0.0	3	0 7 2 1
187	13	0.0	3	0 8 5
188	7	0.0	3	0 4 1 2
189	8	0.0	3	1 4 3
190	6	0.0	3	0 4 2
191	5	0.0	3	0 3 1 1
192	3	0.0	3	0 1 1 1
193	6	0.0	3	0 4 1 1
194	2	0.0	3	0 1 1
195	5	0.0	3	0 0 4 1
196	2	0.0	3	0 2
197	7	0.0	3	0 3 1 3
198	2	0.0	3	0 1 0 1
199	4	0.0	3	0 3 0 1
200	1	0.0	3	0 1
201	1	0.0	3	0 0 1
205	4	0.0	3	0 1 3
206	1	0.0	3	0 1
208	1	0.0	3	0 0 0 1
209	1	0.0	3	0 1
212	2	0.0	3	0 0 2
213	1	0.0	3	0 0 0 1
214	1	0.0	3	0 0 1
215	2	0.0	3	0 2
216	1	0.0	3	0 0 1
223	1	0.0	3	0 1
226	1	0.0	3	0 1
233	2	0.0	3	0 2
236	2	0.0	3	0 1 1
