This is cutadapt 2.9 with Python 3.7.10
Command line parameters: -q 10 --minimum-length 25 --cores 80 -a AGATCGGAAGAGCACACGTCTGAACTCCAGTCA -A AGATCGGAAGAGCGTCGTGTAGGGAAAGAGTGT -o prefetch_sra_files/SRR6963878_R1_Trimmed.fastq.gz -p prefetch_sra_files/SRR6963878_R2_Trimmed.fastq.gz prefetch_sra_files/SRR6963878.sra_1.fastq.gz prefetch_sra_files/SRR6963878.sra_2.fastq.gz
Processing reads on 80 cores in paired-end mode ...
Finished in 742.13 s (34 us/read; 1.77 M reads/minute).

=== Summary ===

Total read pairs processed:         21,882,301
  Read 1 with adapter:               1,356,437 (6.2%)
  Read 2 with adapter:                 824,932 (3.8%)
Pairs written (passing filters):    21,846,416 (99.8%)

Total basepairs processed: 10,984,915,102 bp
  Read 1: 5,492,457,551 bp
  Read 2: 5,492,457,551 bp
Quality-trimmed:             664,110,802 bp (6.0%)
  Read 1:   467,709,230 bp
  Read 2:   196,401,572 bp
Total written (filtered):  10,299,557,285 bp (93.8%)
  Read 1: 5,016,122,625 bp
  Read 2: 5,283,434,660 bp

=== First read: Adapter 1 ===

Sequence: AGATCGGAAGAGCACACGTCTGAACTCCAGTCA; Type: regular 3'; Length: 33; Trimmed: 1356437 times

No. of allowed errors:
0-9 bp: 0; 10-19 bp: 1; 20-29 bp: 2; 30-33 bp: 3

Bases preceding removed adapters:
  A: 25.9%
  C: 24.7%
  G: 21.6%
  T: 27.8%
  none/other: 0.0%

Overview of removed sequences
length	count	expect	max.err	error counts
3	603085	341911.0	0	603085
4	192160	85477.7	0	192160
5	103367	21369.4	0	103367
6	48961	5342.4	0	48961
7	48290	1335.6	0	48290
8	35527	333.9	0	35527
9	63382	83.5	0	62808 574
10	46225	20.9	1	40223 6002
11	46883	5.2	1	40674 6209
12	55507	1.3	1	49118 6389
13	47840	0.3	1	41280 6560
14	65066	0.1	1	3 65063
15	43	0.0	1	1 42
16	87	0.0	1	0 87
17	2	0.0	1	0 2
18	3	0.0	1	0 3
19	6	0.0	1	0 1 5
20	1	0.0	2	0 0 1
30	1	0.0	3	0 0 0 1
31	1	0.0	3	0 0 1


=== Second read: Adapter 2 ===

Sequence: AGATCGGAAGAGCGTCGTGTAGGGAAAGAGTGT; Type: regular 3'; Length: 33; Trimmed: 824932 times

No. of allowed errors:
0-9 bp: 0; 10-19 bp: 1; 20-29 bp: 2; 30-33 bp: 3

Bases preceding removed adapters:
  A: 23.4%
  C: 35.8%
  G: 24.4%
  T: 16.3%
  none/other: 0.0%

Overview of removed sequences
length	count	expect	max.err	error counts
3	319372	341911.0	0	319372
4	91320	85477.7	0	91320
5	56084	21369.4	0	56084
6	46925	5342.4	0	46925
7	40526	1335.6	0	40526
8	33260	333.9	0	33260
9	56248	83.5	0	55509 739
10	32635	20.9	1	30041 2594
11	37956	5.2	1	34781 3175
12	39089	1.3	1	36321 2768
13	34420	0.3	1	31896 2524
14	37074	0.1	1	7 37067
15	22	0.0	1	0 22
17	1	0.0	1	0 1
