This is cutadapt 2.9 with Python 3.7.10
Command line parameters: -q 10 --minimum-length 25 --cores 80 -a AGATCGGAAGAGCACACGTCTGAACTCCAGTCA -A AGATCGGAAGAGCGTCGTGTAGGGAAAGAGTGT -o prefetch_sra_files/SRR6963891_R1_Trimmed.fastq.gz -p prefetch_sra_files/SRR6963891_R2_Trimmed.fastq.gz prefetch_sra_files/SRR6963891.sra_1.fastq.gz prefetch_sra_files/SRR6963891.sra_2.fastq.gz
Processing reads on 80 cores in paired-end mode ...
Finished in 348.74 s (31 us/read; 1.93 M reads/minute).

=== Summary ===

Total read pairs processed:         11,222,227
  Read 1 with adapter:                 618,265 (5.5%)
  Read 2 with adapter:                 379,855 (3.4%)
Pairs written (passing filters):    11,202,623 (99.8%)

Total basepairs processed: 5,633,557,954 bp
  Read 1: 2,816,778,977 bp
  Read 2: 2,816,778,977 bp
Quality-trimmed:             309,452,629 bp (5.5%)
  Read 1:   219,845,862 bp
  Read 2:    89,606,767 bp
Total written (filtered):  5,313,733,288 bp (94.3%)
  Read 1: 2,592,986,066 bp
  Read 2: 2,720,747,222 bp

=== First read: Adapter 1 ===

Sequence: AGATCGGAAGAGCACACGTCTGAACTCCAGTCA; Type: regular 3'; Length: 33; Trimmed: 618265 times

No. of allowed errors:
0-9 bp: 0; 10-19 bp: 1; 20-29 bp: 2; 30-33 bp: 3

Bases preceding removed adapters:
  A: 27.5%
  C: 25.6%
  G: 23.5%
  T: 23.4%
  none/other: 0.0%

Overview of removed sequences
length	count	expect	max.err	error counts
3	295397	175347.3	0	295397
4	81557	43836.8	0	81557
5	41789	10959.2	0	41789
6	21770	2739.8	0	21770
7	21877	685.0	0	21877
8	15694	171.2	0	15694
9	28069	42.8	0	27728 341
10	20157	10.7	1	17632 2525
11	20150	2.7	1	17651 2499
12	23991	0.7	1	21495 2496
13	19754	0.2	1	17242 2512
14	27996	0.0	1	4 27992
15	25	0.0	1	0 25
16	37	0.0	1	0 37
31	1	0.0	3	0 0 0 1
48	1	0.0	3	0 0 0 1


=== Second read: Adapter 2 ===

Sequence: AGATCGGAAGAGCGTCGTGTAGGGAAAGAGTGT; Type: regular 3'; Length: 33; Trimmed: 379855 times

No. of allowed errors:
0-9 bp: 0; 10-19 bp: 1; 20-29 bp: 2; 30-33 bp: 3

Bases preceding removed adapters:
  A: 24.2%
  C: 31.7%
  G: 26.3%
  T: 17.8%
  none/other: 0.0%

Overview of removed sequences
length	count	expect	max.err	error counts
3	144849	175347.3	0	144849
4	45444	43836.8	0	45444
5	25934	10959.2	0	25934
6	20749	2739.8	0	20749
7	19451	685.0	0	19451
8	15301	171.2	0	15301
9	23272	42.8	0	22932 340
10	17011	10.7	1	15777 1234
11	16545	2.7	1	15269 1276
12	18055	0.7	1	16906 1149
13	16315	0.2	1	15213 1102
14	16913	0.0	1	0 16913
15	15	0.0	1	0 15
50	1	0.0	3	0 0 0 1
