This is cutadapt 2.9 with Python 3.7.10
Command line parameters: -q 10 --minimum-length 25 --cores 80 -a AGATCGGAAGAGCACACGTCTGAACTCCAGTCA -A AGATCGGAAGAGCGTCGTGTAGGGAAAGAGTGT -o prefetch_sra_files/SRR6951423_R1_Trimmed.fastq.gz -p prefetch_sra_files/SRR6951423_R2_Trimmed.fastq.gz prefetch_sra_files/SRR6951423.sra_1.fastq.gz prefetch_sra_files/SRR6951423.sra_2.fastq.gz
Processing reads on 80 cores in paired-end mode ...
Finished in 445.33 s (34 us/read; 1.76 M reads/minute).

=== Summary ===

Total read pairs processed:         13,059,689
  Read 1 with adapter:                 859,592 (6.6%)
  Read 2 with adapter:                 499,842 (3.8%)
Pairs written (passing filters):    13,037,314 (99.8%)

Total basepairs processed: 6,555,963,878 bp
  Read 1: 3,277,981,939 bp
  Read 2: 3,277,981,939 bp
Quality-trimmed:             392,022,178 bp (6.0%)
  Read 1:   267,692,151 bp
  Read 2:   124,330,027 bp
Total written (filtered):  6,150,291,665 bp (93.8%)
  Read 1: 3,004,365,973 bp
  Read 2: 3,145,925,692 bp

=== First read: Adapter 1 ===

Sequence: AGATCGGAAGAGCACACGTCTGAACTCCAGTCA; Type: regular 3'; Length: 33; Trimmed: 859592 times

No. of allowed errors:
0-9 bp: 0; 10-19 bp: 1; 20-29 bp: 2; 30-33 bp: 3

Bases preceding removed adapters:
  A: 25.1%
  C: 25.3%
  G: 21.9%
  T: 27.7%
  none/other: 0.0%

Overview of removed sequences
length	count	expect	max.err	error counts
3	366036	204057.6	0	366036
4	117157	51014.4	0	117157
5	66067	12753.6	0	66067
6	32751	3188.4	0	32751
7	33833	797.1	0	33833
8	24616	199.3	0	24616
9	43642	49.8	0	43286 356
10	31184	12.5	1	27574 3610
11	31053	3.1	1	27264 3789
12	37341	0.8	1	33332 4009
13	31290	0.2	1	27445 3845
14	44521	0.0	1	4 44517
15	37	0.0	1	0 37
16	62	0.0	1	0 62
30	1	0.0	3	1
48	1	0.0	3	0 1


=== Second read: Adapter 2 ===

Sequence: AGATCGGAAGAGCGTCGTGTAGGGAAAGAGTGT; Type: regular 3'; Length: 33; Trimmed: 499842 times

No. of allowed errors:
0-9 bp: 0; 10-19 bp: 1; 20-29 bp: 2; 30-33 bp: 3

Bases preceding removed adapters:
  A: 22.9%
  C: 32.4%
  G: 25.9%
  T: 18.8%
  none/other: 0.0%

Overview of removed sequences
length	count	expect	max.err	error counts
3	158862	204057.6	0	158862
4	54316	51014.4	0	54316
5	35801	12753.6	0	35801
6	31614	3188.4	0	31614
7	29544	797.1	0	29544
8	23878	199.3	0	23878
9	35848	49.8	0	35461 387
10	26178	12.5	1	24303 1875
11	25504	3.1	1	23441 2063
12	28074	0.8	1	26333 1741
13	24860	0.2	1	23137 1723
14	25347	0.0	1	1 25346
15	13	0.0	1	1 12
16	1	0.0	1	0 1
21	1	0.0	2	0 0 1
23	1	0.0	2	0 0 1
