This is cutadapt 2.9 with Python 3.7.10
Command line parameters: -q 10 --minimum-length 25 --cores 80 -a AGATCGGAAGAGCACACGTCTGAACTCCAGTCA -A AGATCGGAAGAGCGTCGTGTAGGGAAAGAGTGT -o prefetch_sra_files/SRR6942678_R1_Trimmed.fastq.gz -p prefetch_sra_files/SRR6942678_R2_Trimmed.fastq.gz prefetch_sra_files/SRR6942678.sra_1.fastq.gz prefetch_sra_files/SRR6942678.sra_2.fastq.gz
Processing reads on 80 cores in paired-end mode ...
Finished in 476.71 s (30 us/read; 2.03 M reads/minute).

=== Summary ===

Total read pairs processed:         16,152,295
  Read 1 with adapter:               3,678,779 (22.8%)
  Read 2 with adapter:               3,691,931 (22.9%)
Pairs written (passing filters):    16,109,840 (99.7%)

Total basepairs processed: 8,108,452,090 bp
  Read 1: 4,054,226,045 bp
  Read 2: 4,054,226,045 bp
Quality-trimmed:             512,243,345 bp (6.3%)
  Read 1:   153,551,125 bp
  Read 2:   358,692,220 bp
Total written (filtered):  7,240,930,546 bp (89.3%)
  Read 1: 3,693,427,658 bp
  Read 2: 3,547,502,888 bp

=== First read: Adapter 1 ===

Sequence: AGATCGGAAGAGCACACGTCTGAACTCCAGTCA; Type: regular 3'; Length: 33; Trimmed: 3678779 times

No. of allowed errors:
0-9 bp: 0; 10-19 bp: 1; 20-29 bp: 2; 30-33 bp: 3

Bases preceding removed adapters:
  A: 14.0%
  C: 37.0%
  G: 30.9%
  T: 18.0%
  none/other: 0.2%

Overview of removed sequences
length	count	expect	max.err	error counts
3	188527	252379.6	0	188527
4	55803	63094.9	0	55803
5	32337	15773.7	0	32337
6	25927	3943.4	0	25927
7	25767	985.9	0	25767
8	19281	246.5	0	19281
9	27825	61.6	0	27272 553
10	23097	15.4	1	21286 1811
11	20090	3.9	1	18491 1599
12	23583	1.0	1	22039 1544
13	21674	0.2	1	20100 1574
14	22369	0.1	1	20486 1883
15	22181	0.0	1	20191 1990
16	19030	0.0	1	17099 1931
17	26819	0.0	1	23824 2995
18	23875	0.0	1	21636 2201 38
19	17700	0.0	1	16003 1649 48
20	22924	0.0	2	20426 2138 360
21	21625	0.0	2	18904 2233 488
22	21563	0.0	2	18954 2203 406
23	21350	0.0	2	18649 2223 478
24	25955	0.0	2	22447 2885 623
25	24653	0.0	2	21215 2746 692
26	16454	0.0	2	13819 2107 528
27	24513	0.0	2	20573 3123 811 6
28	31027	0.0	2	26291 3796 929 11
29	21315	0.0	2	17208 3011 944 152
30	25334	0.0	3	21373 2940 759 262
31	19171	0.0	3	16001 2350 601 219
32	27037	0.0	3	23122 2947 748 220
33	16319	0.0	3	13052 2371 619 277
34	28511	0.0	3	23407 3713 992 399
35	19994	0.0	3	15867 2944 876 307
36	24349	0.0	3	19373 3375 1003 598
37	29833	0.0	3	23747 4051 1228 807
38	28143	0.0	3	22000 4020 1325 798
39	24416	0.0	3	19727 3180 917 592
40	31083	0.0	3	24928 4152 1233 770
41	29182	0.0	3	23400 3966 1166 650
42	44972	0.0	3	36765 5797 1492 918
43	60870	0.0	3	52109 6206 1596 959
44	8917	0.0	3	7261 1095 322 239
45	9177	0.0	3	7838 929 253 157
46	6858	0.0	3	5686 847 212 113
47	18875	0.0	3	16517 1696 386 276
48	15757	0.0	3	13603 1542 383 229
49	22190	0.0	3	19287 2084 515 304
50	19506	0.0	3	16674 2031 492 309
51	28777	0.0	3	24661 2882 761 473
52	22326	0.0	3	18979 2377 621 349
53	29578	0.0	3	25098 3226 768 486
54	39808	0.0	3	34157 4137 909 605
55	37479	0.0	3	32568 3601 802 508
56	19585	0.0	3	16801 2017 465 302
57	32231	0.0	3	28173 3009 622 427
58	28750	0.0	3	25067 2738 540 405
59	25135	0.0	3	22095 2249 489 302
60	29075	0.0	3	25704 2508 518 345
61	26131	0.0	3	23045 2258 484 344
62	21732	0.0	3	18887 2178 420 247
63	44060	0.0	3	39381 3638 625 416
64	36332	0.0	3	32322 3072 542 396
65	30545	0.0	3	27133 2569 485 358
66	41120	0.0	3	36980 3190 551 399
67	27800	0.0	3	24924 2213 403 260
68	31956	0.0	3	28858 2395 421 282
69	37620	0.0	3	33953 2836 519 312
70	44680	0.0	3	40252 3457 582 389
71	62999	0.0	3	57104 4641 738 516
72	76864	0.0	3	69952 5476 819 617
73	97849	0.0	3	89542 6472 975 860
74	142743	0.0	3	131163 9214 1555 811
75	277505	0.0	3	255031 19883 1439 1152
76	813209	0.0	3	790536 19444 1501 1728
77	105791	0.0	3	100445 4401 443 502
78	19782	0.0	3	18469 1010 155 148
79	8917	0.0	3	8171 552 106 88
80	5918	0.0	3	5375 391 92 60
81	4949	0.0	3	4448 348 91 62
82	4681	0.0	3	4197 354 77 53
83	4335	0.0	3	3903 308 71 53
84	4373	0.0	3	3910 343 67 53
85	4177	0.0	3	3774 287 65 51
86	3764	0.0	3	3355 286 66 57
87	3590	0.0	3	3220 272 63 35
88	3373	0.0	3	2986 263 67 57
89	3054	0.0	3	2692 270 61 31
90	2887	0.0	3	2555 241 58 33
91	2651	0.0	3	2328 235 57 31
92	2582	0.0	3	2253 227 61 41
93	2485	0.0	3	2158 223 69 35
94	2227	0.0	3	1925 206 47 49
95	2156	0.0	3	1859 204 57 36
96	2146	0.0	3	1821 244 47 34
97	2037	0.0	3	1770 193 37 37
98	1815	0.0	3	1565 169 40 41
99	1845	0.0	3	1590 177 49 29
100	1737	0.0	3	1477 191 40 29
101	1675	0.0	3	1447 156 45 27
102	1586	0.0	3	1329 179 49 29
103	1513	0.0	3	1315 143 28 27
104	1495	0.0	3	1278 164 33 20
105	1391	0.0	3	1165 155 42 29
106	1289	0.0	3	1087 137 46 19
107	1249	0.0	3	1066 132 35 16
108	1174	0.0	3	998 125 35 16
109	1095	0.0	3	900 134 40 21
110	1038	0.0	3	887 102 28 21
111	1060	0.0	3	852 145 43 20
112	980	0.0	3	822 112 27 19
113	974	0.0	3	810 121 29 14
114	854	0.0	3	706 92 41 15
115	944	0.0	3	790 108 20 26
116	812	0.0	3	675 99 27 11
117	743	0.0	3	597 98 29 19
118	723	0.0	3	598 98 14 13
119	666	0.0	3	528 91 26 21
120	646	0.0	3	518 84 30 14
121	633	0.0	3	508 88 23 14
122	612	0.0	3	492 90 17 13
123	567	0.0	3	452 89 14 12
124	539	0.0	3	429 81 18 11
125	480	0.0	3	374 72 22 12
126	461	0.0	3	376 58 17 10
127	457	0.0	3	368 66 9 14
128	438	0.0	3	354 58 14 12
129	401	0.0	3	316 63 16 6
130	413	0.0	3	326 65 14 8
131	400	0.0	3	314 64 17 5
132	331	0.0	3	264 50 10 7
133	326	0.0	3	247 62 7 10
134	331	0.0	3	261 50 12 8
135	289	0.0	3	223 47 11 8
136	256	0.0	3	195 40 17 4
137	258	0.0	3	202 40 14 2
138	238	0.0	3	178 42 13 5
139	236	0.0	3	176 41 10 9
140	221	0.0	3	165 32 17 7
141	190	0.0	3	144 31 10 5
142	200	0.0	3	155 35 6 4
143	168	0.0	3	120 37 5 6
144	167	0.0	3	122 28 15 2
145	156	0.0	3	111 37 5 3
146	159	0.0	3	108 37 12 2
147	140	0.0	3	104 24 8 4
148	155	0.0	3	110 34 8 3
149	130	0.0	3	96 26 6 2
150	123	0.0	3	83 32 7 1
151	120	0.0	3	86 30 4
152	95	0.0	3	64 23 5 3
153	103	0.0	3	67 29 5 2
154	97	0.0	3	55 34 2 6
155	97	0.0	3	64 24 5 4
156	104	0.0	3	74 25 2 3
157	78	0.0	3	49 20 6 3
158	78	0.0	3	45 26 5 2
159	66	0.0	3	33 27 3 3
160	85	0.0	3	41 38 2 4
161	52	0.0	3	29 18 2 3
162	54	0.0	3	30 18 5 1
163	55	0.0	3	22 24 8 1
164	48	0.0	3	24 21 2 1
165	44	0.0	3	18 22 2 2
166	47	0.0	3	24 22 1
167	43	0.0	3	18 21 3 1
168	53	0.0	3	28 22 2 1
169	47	0.0	3	11 29 4 3
170	51	0.0	3	13 33 4 1
171	36	0.0	3	11 19 4 2
172	30	0.0	3	7 16 4 3
173	27	0.0	3	12 13 2
174	34	0.0	3	7 26 1
175	41	0.0	3	9 27 3 2
176	35	0.0	3	7 24 3 1
177	22	0.0	3	5 12 5
178	27	0.0	3	4 20 2 1
179	34	0.0	3	9 22 3
180	24	0.0	3	5 16 3
181	29	0.0	3	5 18 5 1
182	27	0.0	3	5 19 3
183	19	0.0	3	2 16 1
184	30	0.0	3	4 23 2 1
185	19	0.0	3	5 14
186	20	0.0	3	7 11 1 1
187	13	0.0	3	0 12 1
188	21	0.0	3	3 18
189	24	0.0	3	0 22 2
190	21	0.0	3	3 16 0 2
191	20	0.0	3	1 15 3 1
192	14	0.0	3	0 12 2
193	18	0.0	3	1 15 2
194	15	0.0	3	1 12 2
195	21	0.0	3	3 14 3 1
196	10	0.0	3	1 7 2
197	25	0.0	3	0 20 4 1
198	13	0.0	3	0 9 4
199	16	0.0	3	1 14 1
200	18	0.0	3	1 15 1 1
201	17	0.0	3	0 15 2
202	18	0.0	3	3 13 1 1
203	16	0.0	3	0 13 3
204	10	0.0	3	1 9
205	13	0.0	3	0 11 1 1
206	19	0.0	3	1 16 1 1
207	15	0.0	3	1 14
208	23	0.0	3	0 17 6
209	22	0.0	3	1 15 4 2
210	8	0.0	3	0 7 1
211	17	0.0	3	1 14 1 1
212	13	0.0	3	0 13
213	7	0.0	3	0 7
214	9	0.0	3	0 9
215	8	0.0	3	0 8
216	4	0.0	3	1 3
217	5	0.0	3	0 5
218	11	0.0	3	0 9 1 1
219	6	0.0	3	1 5
220	5	0.0	3	0 4 1
221	5	0.0	3	0 5
222	5	0.0	3	0 3 1 1
223	8	0.0	3	0 8
225	2	0.0	3	0 2
226	3	0.0	3	0 3
227	4	0.0	3	0 4
228	4	0.0	3	0 4
229	4	0.0	3	0 4
230	3	0.0	3	0 2 1
231	4	0.0	3	0 4
232	4	0.0	3	0 4
233	6	0.0	3	0 4 2
234	1	0.0	3	0 1
235	5	0.0	3	0 4 1
236	4	0.0	3	0 4
237	3	0.0	3	0 3
239	3	0.0	3	0 3
240	5	0.0	3	0 5
241	1	0.0	3	0 1
242	3	0.0	3	0 2 1
244	7	0.0	3	0 5 1 1
245	5	0.0	3	0 5
246	2	0.0	3	0 2
247	3	0.0	3	0 3
248	3	0.0	3	0 3
249	2	0.0	3	0 2
250	2	0.0	3	0 2
251	11	0.0	3	0 11


=== Second read: Adapter 2 ===

Sequence: AGATCGGAAGAGCGTCGTGTAGGGAAAGAGTGT; Type: regular 3'; Length: 33; Trimmed: 3691931 times

No. of allowed errors:
0-9 bp: 0; 10-19 bp: 1; 20-29 bp: 2; 30-33 bp: 3

Bases preceding removed adapters:
  A: 15.4%
  C: 37.2%
  G: 37.5%
  T: 9.7%
  none/other: 0.1%

Overview of removed sequences
length	count	expect	max.err	error counts
3	288428	252379.6	0	288428
4	61425	63094.9	0	61425
5	32245	15773.7	0	32245
6	26792	3943.4	0	26792
7	28730	985.9	0	28730
8	19446	246.5	0	19446
9	34308	61.6	0	33849 459
10	26871	15.4	1	23485 3386
11	23334	3.9	1	20402 2932
12	31105	1.0	1	27835 3270
13	23880	0.2	1	20878 3002
14	42215	0.1	1	37324 4891
15	13235	0.0	1	11342 1893
16	18471	0.0	1	15909 2562
17	36493	0.0	1	31295 5198
18	8500	0.0	1	6861 1611 28
19	21947	0.0	1	18546 3359 42
20	12347	0.0	2	9844 1829 674
21	9962	0.0	2	7839 1695 428
22	17349	0.0	2	13490 3158 701
23	26708	0.0	2	19689 5660 1359
24	44821	0.0	2	32030 10155 2636
25	16694	0.0	2	11438 4091 1165
26	30307	0.0	2	21454 6856 1997
27	32083	0.0	2	22677 7131 2274 1
28	42322	0.0	2	29491 9894 2854 83
29	26623	0.0	2	18328 6300 1960 35
30	76570	0.0	3	54558 16423 4400 1189
31	14492	0.0	3	8957 3794 1271 470
32	46903	0.0	3	33245 10037 2793 828
33	29490	0.0	3	20350 6571 1967 602
34	42238	0.0	3	29958 9021 2498 761
35	69143	0.0	3	49493 14617 3858 1175
36	125287	0.0	3	89960 26232 7146 1949
37	137292	0.0	3	104810 25087 5852 1543
38	43375	0.0	3	32725 8105 2004 541
39	78122	0.0	3	62814 12090 2523 695
40	65797	0.0	3	53980 9339 1926 552
41	91657	0.0	3	77891 11101 2051 614
42	116333	0.0	3	100138 13289 2300 606
43	67759	0.0	3	58498 7490 1356 415
44	112258	0.0	3	98986 11005 1798 469
45	123429	0.0	3	109617 11410 1863 539
46	171864	0.0	3	157321 12253 1782 508
47	166877	0.0	3	153722 11220 1545 390
48	98999	0.0	3	91391 6489 882 237
49	67042	0.0	3	62271 3946 624 201
50	30624	0.0	3	27998 2143 364 119
51	27685	0.0	3	25600 1679 305 101
52	15892	0.0	3	14288 1230 266 108
53	28349	0.0	3	26066 1829 331 123
54	60234	0.0	3	56277 3241 539 177
55	20802	0.0	3	18866 1555 266 115
56	57846	0.0	3	54234 3052 388 172
57	97607	0.0	3	92622 4184 592 209
58	50608	0.0	3	48007 2221 275 105
59	13399	0.0	3	12256 928 148 67
60	43309	0.0	3	41293 1741 202 73
61	15164	0.0	3	14126 872 132 34
62	8893	0.0	3	8087 676 97 33
63	33755	0.0	3	32338 1201 161 55
64	13470	0.0	3	12752 582 98 38
65	5945	0.0	3	5550 307 62 26
66	4397	0.0	3	4102 227 47 21
67	4200	0.0	3	3922 213 46 19
68	6383	0.0	3	6039 270 49 25
69	6575	0.0	3	6174 322 60 19
70	5502	0.0	3	5110 312 51 29
71	7415	0.0	3	7009 314 63 29
72	8365	0.0	3	7847 422 65 31
73	10857	0.0	3	10245 497 81 34
74	13935	0.0	3	13018 708 146 63
75	18930	0.0	3	17716 959 171 84
76	29737	0.0	3	28179 1216 226 116
77	36461	0.0	3	34466 1597 248 150
78	42345	0.0	3	39803 2054 327 161
79	62249	0.0	3	57874 3675 466 234
80	112914	0.0	3	109376 2879 444 215
81	30655	0.0	3	29485 957 152 61
82	7353	0.0	3	6948 311 64 30
83	4268	0.0	3	4058 155 36 19
84	2219	0.0	3	2051 122 28 18
85	1352	0.0	3	1237 84 20 11
86	920	0.0	3	806 82 18 14
87	736	0.0	3	637 63 22 14
88	662	0.0	3	574 54 24 10
89	552	0.0	3	462 59 14 17
90	491	0.0	3	397 59 25 10
91	487	0.0	3	403 53 20 11
92	396	0.0	3	313 60 18 5
93	358	0.0	3	288 46 18 6
94	353	0.0	3	284 44 17 8
95	320	0.0	3	248 36 28 8
96	299	0.0	3	249 25 14 11
97	268	0.0	3	208 33 20 7
98	235	0.0	3	167 37 13 18
99	206	0.0	3	144 38 10 14
100	197	0.0	3	156 22 12 7
101	219	0.0	3	159 35 11 14
102	185	0.0	3	119 42 16 8
103	181	0.0	3	129 35 7 10
104	198	0.0	3	137 36 12 13
105	163	0.0	3	104 32 13 14
106	151	0.0	3	91 31 22 7
107	123	0.0	3	78 25 11 9
108	130	0.0	3	88 15 20 7
109	126	0.0	3	69 32 16 9
110	116	0.0	3	68 30 12 6
111	116	0.0	3	69 33 5 9
112	93	0.0	3	47 21 13 12
113	88	0.0	3	40 22 13 13
114	115	0.0	3	64 30 12 9
115	88	0.0	3	48 25 6 9
116	80	0.0	3	44 20 11 5
117	67	0.0	3	30 20 6 11
118	66	0.0	3	25 20 13 8
119	57	0.0	3	26 18 8 5
120	70	0.0	3	22 28 10 10
121	63	0.0	3	25 29 5 4
122	65	0.0	3	26 15 15 9
123	43	0.0	3	19 14 6 4
124	55	0.0	3	22 24 7 2
125	67	0.0	3	21 27 9 10
126	34	0.0	3	7 15 9 3
127	54	0.0	3	17 21 7 9
128	38	0.0	3	8 19 7 4
129	40	0.0	3	9 18 8 5
130	39	0.0	3	12 13 5 9
131	39	0.0	3	14 13 6 6
132	38	0.0	3	16 11 7 4
133	33	0.0	3	9 14 2 8
134	39	0.0	3	8 20 1 10
135	27	0.0	3	6 13 5 3
136	38	0.0	3	8 24 4 2
137	23	0.0	3	4 11 3 5
138	40	0.0	3	8 21 8 3
139	37	0.0	3	9 14 9 5
140	28	0.0	3	3 15 3 7
141	33	0.0	3	5 16 8 4
142	32	0.0	3	4 18 5 5
143	24	0.0	3	6 15 1 2
144	22	0.0	3	5 14 1 2
145	31	0.0	3	3 16 10 2
146	34	0.0	3	4 17 6 7
147	25	0.0	3	2 13 8 2
148	16	0.0	3	3 8 3 2
149	29	0.0	3	7 13 5 4
150	17	0.0	3	2 10 4 1
151	28	0.0	3	3 15 5 5
152	15	0.0	3	2 8 4 1
153	19	0.0	3	3 13 3
154	23	0.0	3	0 14 6 3
155	24	0.0	3	4 11 5 4
156	21	0.0	3	3 11 3 4
157	16	0.0	3	1 10 3 2
158	22	0.0	3	1 17 3 1
159	17	0.0	3	0 10 6 1
160	23	0.0	3	2 12 2 7
161	28	0.0	3	2 14 5 7
162	12	0.0	3	0 8 2 2
163	12	0.0	3	0 7 3 2
164	23	0.0	3	2 14 4 3
165	15	0.0	3	1 11 3
166	24	0.0	3	1 14 5 4
167	27	0.0	3	0 15 7 5
168	13	0.0	3	0 8 1 4
169	13	0.0	3	1 7 0 5
170	14	0.0	3	1 12 1
171	11	0.0	3	0 8 1 2
172	16	0.0	3	0 11 3 2
173	21	0.0	3	2 9 6 4
174	17	0.0	3	0 11 4 2
175	12	0.0	3	0 9 1 2
176	13	0.0	3	0 8 2 3
177	18	0.0	3	0 13 3 2
178	11	0.0	3	2 7 2
179	13	0.0	3	0 4 5 4
180	15	0.0	3	0 9 2 4
181	7	0.0	3	0 4 1 2
182	5	0.0	3	0 2 3
183	7	0.0	3	0 4 2 1
184	5	0.0	3	0 2 1 2
185	8	0.0	3	0 5 2 1
186	14	0.0	3	0 7 5 2
187	4	0.0	3	0 1 1 2
188	5	0.0	3	0 3 1 1
189	4	0.0	3	0 1 2 1
190	7	0.0	3	0 3 1 3
191	3	0.0	3	0 1 2
192	5	0.0	3	0 4 1
193	6	0.0	3	0 4 2
194	2	0.0	3	0 1 1
195	2	0.0	3	0 1 1
196	2	0.0	3	0 1 1
197	2	0.0	3	0 1 1
198	1	0.0	3	0 1
199	6	0.0	3	0 1 3 2
200	2	0.0	3	1 0 0 1
201	3	0.0	3	0 0 1 2
202	2	0.0	3	0 1 1
203	2	0.0	3	0 0 1 1
204	1	0.0	3	0 1
206	1	0.0	3	0 1
207	1	0.0	3	0 1
208	1	0.0	3	0 0 0 1
209	1	0.0	3	0 0 0 1
210	1	0.0	3	0 0 0 1
211	1	0.0	3	0 0 0 1
212	1	0.0	3	0 0 1
213	1	0.0	3	0 1
214	1	0.0	3	0 0 0 1
218	1	0.0	3	0 0 1
220	1	0.0	3	0 0 0 1
247	1	0.0	3	0 0 0 1
249	1	0.0	3	0 1
