This is cutadapt 2.9 with Python 3.7.10
Command line parameters: -q 10 --minimum-length 25 --cores 80 -a AGATCGGAAGAGCACACGTCTGAACTCCAGTCA -A AGATCGGAAGAGCGTCGTGTAGGGAAAGAGTGT -o prefetch_sra_files/SRR6934388_R1_Trimmed.fastq.gz -p prefetch_sra_files/SRR6934388_R2_Trimmed.fastq.gz prefetch_sra_files/SRR6934388.sra_1.fastq.gz prefetch_sra_files/SRR6934388.sra_2.fastq.gz
Processing reads on 80 cores in paired-end mode ...
Finished in 437.86 s (29 us/read; 2.06 M reads/minute).

=== Summary ===

Total read pairs processed:         15,051,068
  Read 1 with adapter:               4,162,503 (27.7%)
  Read 2 with adapter:               4,144,612 (27.5%)
Pairs written (passing filters):    15,018,793 (99.8%)

Total basepairs processed: 7,555,636,136 bp
  Read 1: 3,777,818,068 bp
  Read 2: 3,777,818,068 bp
Quality-trimmed:             478,909,703 bp (6.3%)
  Read 1:   142,255,437 bp
  Read 2:   336,654,266 bp
Total written (filtered):  6,694,538,580 bp (88.6%)
  Read 1: 3,411,818,159 bp
  Read 2: 3,282,720,421 bp

=== First read: Adapter 1 ===

Sequence: AGATCGGAAGAGCACACGTCTGAACTCCAGTCA; Type: regular 3'; Length: 33; Trimmed: 4162503 times

No. of allowed errors:
0-9 bp: 0; 10-19 bp: 1; 20-29 bp: 2; 30-33 bp: 3

Bases preceding removed adapters:
  A: 13.2%
  C: 41.8%
  G: 25.6%
  T: 19.2%
  none/other: 0.1%

Overview of removed sequences
length	count	expect	max.err	error counts
3	178312	235172.9	0	178312
4	60147	58793.2	0	60147
5	39325	14698.3	0	39325
6	33118	3674.6	0	33118
7	29211	918.6	0	29211
8	23799	229.7	0	23799
9	39857	57.4	0	39349 508
10	23405	14.4	1	21536 1869
11	26855	3.6	1	24626 2229
12	27406	0.9	1	25477 1929
13	25473	0.2	1	23487 1986
14	28896	0.1	1	26359 2537
15	27089	0.0	1	24561 2528
16	27242	0.0	1	24272 2970
17	38182	0.0	1	33494 4688
18	31757	0.0	1	28502 3215 40
19	23350	0.0	1	21013 2282 55
20	29849	0.0	2	26287 2982 580
21	30192	0.0	2	26003 3418 771
22	29151	0.0	2	25278 3176 697
23	27169	0.0	2	23523 3045 601
24	35854	0.0	2	30681 4214 959
25	34682	0.0	2	29875 3913 894
26	18883	0.0	2	15651 2606 626
27	30557	0.0	2	25803 3834 917 3
28	35290	0.0	2	29982 4333 965 10
29	30785	0.0	2	25144 4431 1104 106
30	32671	0.0	3	27197 4122 978 374
31	26255	0.0	3	21675 3509 796 275
32	36625	0.0	3	31061 4194 1019 351
33	22632	0.0	3	18157 3313 857 305
34	32659	0.0	3	26545 4494 1186 434
35	32474	0.0	3	25285 4970 1558 661
36	36031	0.0	3	28057 5432 1772 770
37	37146	0.0	3	29972 4913 1580 681
38	35113	0.0	3	27823 4886 1638 766
39	43098	0.0	3	34106 5978 2141 873
40	31499	0.0	3	24795 4626 1482 596
41	36659	0.0	3	29539 4894 1577 649
42	48395	0.0	3	38530 7025 1972 868
43	104681	0.0	3	88452 11209 3556 1464
44	15273	0.0	3	12234 2099 631 309
45	11054	0.0	3	9153 1257 421 223
46	10678	0.0	3	8671 1419 409 179
47	24018	0.0	3	20685 2331 715 287
48	20972	0.0	3	17975 2126 616 255
49	28233	0.0	3	24167 2905 836 325
50	28803	0.0	3	24326 3237 892 348
51	39898	0.0	3	33560 4445 1358 535
52	29639	0.0	3	24791 3496 979 373
53	38951	0.0	3	32458 4724 1278 491
54	48231	0.0	3	40889 5313 1472 557
55	42660	0.0	3	36804 4355 1080 421
56	27631	0.0	3	23787 2896 664 284
57	38117	0.0	3	33192 3707 886 332
58	36763	0.0	3	31876 3656 895 336
59	33812	0.0	3	29792 3010 758 252
60	34495	0.0	3	30304 3169 771 251
61	33980	0.0	3	29825 3112 758 285
62	27364	0.0	3	23592 2956 595 221
63	48948	0.0	3	43343 4343 953 309
64	41991	0.0	3	37073 3804 841 273
65	37688	0.0	3	33215 3479 726 268
66	43330	0.0	3	38647 3619 814 250
67	33558	0.0	3	29845 2935 586 192
68	38329	0.0	3	34418 3069 640 202
69	43280	0.0	3	38950 3426 688 216
70	50555	0.0	3	45227 4215 825 288
71	67787	0.0	3	60848 5455 1130 354
72	80785	0.0	3	72817 6326 1229 413
73	100373	0.0	3	90703 7696 1442 532
74	143118	0.0	3	129674 10909 1937 598
75	276878	0.0	3	250178 23710 2187 803
76	806528	0.0	3	780240 22175 3161 952
77	112848	0.0	3	105168 6512 813 355
78	22450	0.0	3	20575 1507 248 120
79	10404	0.0	3	9412 733 184 75
80	7022	0.0	3	6287 571 113 51
81	5626	0.0	3	5041 439 96 50
82	5098	0.0	3	4529 412 101 56
83	4924	0.0	3	4405 385 89 45
84	4492	0.0	3	4031 333 97 31
85	4040	0.0	3	3600 337 77 26
86	3727	0.0	3	3264 318 99 46
87	3441	0.0	3	3033 293 79 36
88	2982	0.0	3	2612 273 62 35
89	2765	0.0	3	2438 236 72 19
90	2590	0.0	3	2230 271 70 19
91	2389	0.0	3	2045 237 68 39
92	2328	0.0	3	2033 220 55 20
93	2092	0.0	3	1797 209 57 29
94	1948	0.0	3	1678 202 47 21
95	1879	0.0	3	1631 190 40 18
96	1782	0.0	3	1537 169 48 28
97	1692	0.0	3	1424 173 63 32
98	1562	0.0	3	1317 177 45 23
99	1430	0.0	3	1213 161 39 17
100	1377	0.0	3	1162 142 48 25
101	1362	0.0	3	1169 124 49 20
102	1244	0.0	3	1071 125 32 16
103	1232	0.0	3	1036 140 34 22
104	1128	0.0	3	936 136 31 25
105	1133	0.0	3	934 155 35 9
106	1012	0.0	3	843 117 41 11
107	1011	0.0	3	866 103 24 18
108	923	0.0	3	757 118 30 18
109	874	0.0	3	699 125 33 17
110	843	0.0	3	692 93 36 22
111	843	0.0	3	694 98 33 18
112	810	0.0	3	663 93 32 22
113	679	0.0	3	552 96 23 8
114	704	0.0	3	555 111 22 16
115	663	0.0	3	521 92 41 9
116	621	0.0	3	506 77 28 10
117	567	0.0	3	459 76 22 10
118	566	0.0	3	450 77 25 14
119	554	0.0	3	458 70 18 8
120	534	0.0	3	428 66 27 13
121	458	0.0	3	372 58 23 5
122	507	0.0	3	401 65 19 22
123	441	0.0	3	343 67 24 7
124	409	0.0	3	333 57 16 3
125	343	0.0	3	253 65 14 11
126	359	0.0	3	277 61 14 7
127	325	0.0	3	263 41 16 5
128	334	0.0	3	259 53 15 7
129	311	0.0	3	241 52 12 6
130	299	0.0	3	229 52 13 5
131	276	0.0	3	214 49 10 3
132	255	0.0	3	191 46 10 8
133	229	0.0	3	178 36 9 6
134	238	0.0	3	188 35 9 6
135	230	0.0	3	183 30 11 6
136	219	0.0	3	168 37 9 5
137	191	0.0	3	139 39 8 5
138	178	0.0	3	137 24 13 4
139	183	0.0	3	135 35 13
140	141	0.0	3	104 30 5 2
141	134	0.0	3	107 20 4 3
142	147	0.0	3	109 29 7 2
143	149	0.0	3	101 37 7 4
144	125	0.0	3	85 32 7 1
145	109	0.0	3	85 20 3 1
146	97	0.0	3	68 28 0 1
147	115	0.0	3	82 26 4 3
148	84	0.0	3	60 22 2
149	81	0.0	3	59 19 3
150	84	0.0	3	58 21 3 2
151	97	0.0	3	58 34 4 1
152	76	0.0	3	46 23 6 1
153	75	0.0	3	52 19 4
154	76	0.0	3	44 28 3 1
155	64	0.0	3	36 21 5 2
156	51	0.0	3	31 17 3
157	51	0.0	3	24 23 3 1
158	50	0.0	3	25 21 2 2
159	52	0.0	3	23 25 2 2
160	41	0.0	3	28 11 1 1
161	32	0.0	3	15 12 3 2
162	47	0.0	3	25 18 3 1
163	38	0.0	3	19 14 3 2
164	29	0.0	3	10 17 1 1
165	52	0.0	3	23 27 1 1
166	28	0.0	3	9 17 2
167	27	0.0	3	13 9 4 1
168	28	0.0	3	13 14 1
169	32	0.0	3	13 17 1 1
170	30	0.0	3	10 15 5
171	28	0.0	3	5 17 4 2
172	28	0.0	3	4 19 4 1
173	23	0.0	3	5 16 2
174	23	0.0	3	7 15 0 1
175	23	0.0	3	5 17 0 1
176	21	0.0	3	4 14 2 1
177	24	0.0	3	4 16 4
178	20	0.0	3	5 15
179	16	0.0	3	4 9 3
180	22	0.0	3	1 18 2 1
181	14	0.0	3	3 11
182	15	0.0	3	1 14
183	22	0.0	3	2 17 3
184	20	0.0	3	0 20
185	16	0.0	3	1 14 1
186	20	0.0	3	3 13 3 1
187	17	0.0	3	1 15 1
188	12	0.0	3	1 11
189	27	0.0	3	1 24 2
190	16	0.0	3	0 15 0 1
191	17	0.0	3	0 13 4
192	14	0.0	3	0 9 4 1
193	11	0.0	3	2 8 1
194	9	0.0	3	1 7 1
195	16	0.0	3	2 12 1 1
196	14	0.0	3	0 12 2
197	25	0.0	3	2 19 3 1
198	17	0.0	3	1 14 2
199	11	0.0	3	1 9 1
200	10	0.0	3	0 9 1
201	7	0.0	3	0 7
202	10	0.0	3	1 5 4
203	10	0.0	3	2 7 1
204	6	0.0	3	0 6
205	9	0.0	3	0 7 1 1
206	10	0.0	3	0 9 1
207	10	0.0	3	0 9 1
208	13	0.0	3	1 10 2
209	8	0.0	3	0 7 1
210	9	0.0	3	0 8 0 1
211	5	0.0	3	0 5
212	5	0.0	3	0 5
213	9	0.0	3	0 8 1
214	10	0.0	3	0 8 2
215	9	0.0	3	0 8 1
216	6	0.0	3	0 6
217	7	0.0	3	0 6 0 1
218	2	0.0	3	0 1 1
219	5	0.0	3	0 3 2
220	4	0.0	3	0 4
221	6	0.0	3	0 5 1
222	4	0.0	3	0 2 2
223	3	0.0	3	0 3
224	3	0.0	3	0 3
225	1	0.0	3	0 1
226	3	0.0	3	0 3
227	5	0.0	3	0 3 1 1
228	2	0.0	3	0 2
229	3	0.0	3	0 2 1
230	1	0.0	3	0 0 1
231	4	0.0	3	0 3 0 1
232	2	0.0	3	0 1 1
233	2	0.0	3	0 2
234	5	0.0	3	0 4 1
235	2	0.0	3	0 2
236	3	0.0	3	0 3
237	2	0.0	3	0 2
238	2	0.0	3	0 2
239	2	0.0	3	0 2
241	2	0.0	3	0 2
242	1	0.0	3	0 1
243	3	0.0	3	0 3
244	2	0.0	3	0 2
246	3	0.0	3	0 2 1
248	2	0.0	3	0 2
249	1	0.0	3	0 1
250	5	0.0	3	0 4 0 1
251	12	0.0	3	0 12


=== Second read: Adapter 2 ===

Sequence: AGATCGGAAGAGCGTCGTGTAGGGAAAGAGTGT; Type: regular 3'; Length: 33; Trimmed: 4144612 times

No. of allowed errors:
0-9 bp: 0; 10-19 bp: 1; 20-29 bp: 2; 30-33 bp: 3

Bases preceding removed adapters:
  A: 15.6%
  C: 40.2%
  G: 33.3%
  T: 10.8%
  none/other: 0.1%

Overview of removed sequences
length	count	expect	max.err	error counts
3	275598	235172.9	0	275598
4	62743	58793.2	0	62743
5	35944	14698.3	0	35944
6	33209	3674.6	0	33209
7	34406	918.6	0	34406
8	25307	229.7	0	25307
9	45198	57.4	0	44819 379
10	32111	14.4	1	28340 3771
11	31448	3.6	1	27698 3750
12	39100	0.9	1	34932 4168
13	31730	0.2	1	27729 4001
14	52657	0.1	1	46772 5885
15	18100	0.0	1	15514 2586
16	24864	0.0	1	21537 3327
17	46678	0.0	1	40108 6570
18	12361	0.0	1	10095 2227 39
19	28307	0.0	1	23967 4274 66
20	16851	0.0	2	13432 2573 846
21	14091	0.0	2	11242 2285 564
22	22826	0.0	2	17753 4108 965
23	34737	0.0	2	25895 7123 1719
24	55768	0.0	2	40730 11940 3098
25	22145	0.0	2	15536 5192 1417
26	41760	0.0	2	29801 9281 2678
27	46346	0.0	2	33050 10196 3100
28	55352	0.0	2	39192 12451 3626 83
29	39077	0.0	2	27427 8995 2596 59
30	101655	0.0	3	73731 20909 5572 1443
31	20101	0.0	3	12745 5022 1685 649
32	60698	0.0	3	43742 12413 3550 993
33	38448	0.0	3	26807 8403 2490 748
34	59665	0.0	3	43154 12043 3373 1095
35	92449	0.0	3	67417 18824 4777 1431
36	156776	0.0	3	114447 31913 8194 2222
37	164711	0.0	3	127105 29322 6643 1641
38	53905	0.0	3	41171 9670 2316 748
39	100299	0.0	3	81629 14680 3161 829
40	83428	0.0	3	69113 11439 2229 647
41	125036	0.0	3	107430 14193 2657 756
42	138788	0.0	3	120296 15322 2550 620
43	87442	0.0	3	76355 8993 1601 493
44	124616	0.0	3	109984 12132 1951 549
45	139093	0.0	3	124013 12493 2035 552
46	203156	0.0	3	186847 13774 1966 569
47	177393	0.0	3	163804 11615 1581 393
48	111281	0.0	3	102767 7334 916 264
49	78680	0.0	3	73232 4616 630 202
50	32595	0.0	3	29982 2143 352 118
51	30717	0.0	3	28399 1846 343 129
52	16910	0.0	3	15291 1282 226 111
53	29039	0.0	3	26775 1869 291 104
54	54422	0.0	3	50903 2921 445 153
55	21538	0.0	3	19656 1518 244 120
56	54478	0.0	3	51153 2795 378 152
57	84651	0.0	3	80317 3681 513 140
58	48138	0.0	3	45575 2105 326 132
59	13071	0.0	3	12034 865 127 45
60	39045	0.0	3	37227 1543 211 64
61	14236	0.0	3	13338 732 124 42
62	8312	0.0	3	7651 556 85 20
63	28839	0.0	3	27651 1027 122 39
64	12748	0.0	3	12082 541 95 30
65	5909	0.0	3	5546 295 51 17
66	4552	0.0	3	4257 232 38 25
67	4055	0.0	3	3797 201 38 19
68	5895	0.0	3	5568 273 37 17
69	6003	0.0	3	5675 264 46 18
70	5192	0.0	3	4869 253 52 18
71	6667	0.0	3	6301 295 49 22
72	7340	0.0	3	6935 303 67 35
73	9195	0.0	3	8684 403 75 33
74	11832	0.0	3	11082 605 104 41
75	16167	0.0	3	15144 823 135 65
76	23803	0.0	3	22434 1080 211 78
77	29560	0.0	3	27975 1244 221 120
78	35496	0.0	3	33413 1668 274 141
79	51235	0.0	3	47692 2963 390 190
80	92330	0.0	3	89507 2306 336 181
81	24143	0.0	3	23183 784 117 59
82	6332	0.0	3	5986 273 52 21
83	3479	0.0	3	3290 138 33 18
84	1771	0.0	3	1631 113 21 6
85	1054	0.0	3	944 73 21 16
86	659	0.0	3	574 61 16 8
87	594	0.0	3	508 58 12 16
88	500	0.0	3	427 53 14 6
89	435	0.0	3	356 53 18 8
90	382	0.0	3	331 36 11 4
91	315	0.0	3	259 41 9 6
92	307	0.0	3	246 37 18 6
93	258	0.0	3	213 35 7 3
94	236	0.0	3	194 25 9 8
95	251	0.0	3	193 35 13 10
96	214	0.0	3	165 35 6 8
97	181	0.0	3	132 30 9 10
98	149	0.0	3	115 19 10 5
99	146	0.0	3	107 25 7 7
100	136	0.0	3	84 30 15 7
101	116	0.0	3	84 24 7 1
102	112	0.0	3	74 23 7 8
103	104	0.0	3	66 23 8 7
104	102	0.0	3	61 25 6 10
105	84	0.0	3	55 16 7 6
106	107	0.0	3	66 21 13 7
107	92	0.0	3	50 30 6 6
108	78	0.0	3	51 19 3 5
109	71	0.0	3	38 20 10 3
110	73	0.0	3	38 24 6 5
111	60	0.0	3	27 20 8 5
112	55	0.0	3	31 12 5 7
113	64	0.0	3	27 21 9 7
114	50	0.0	3	26 15 5 4
115	54	0.0	3	27 21 2 4
116	54	0.0	3	26 18 8 2
117	50	0.0	3	20 21 7 2
118	51	0.0	3	22 20 7 2
119	43	0.0	3	13 19 7 4
120	46	0.0	3	12 18 12 4
121	30	0.0	3	12 9 5 4
122	43	0.0	3	16 16 6 5
123	39	0.0	3	15 12 8 4
124	29	0.0	3	11 12 4 2
125	31	0.0	3	14 8 6 3
126	42	0.0	3	13 18 6 5
127	31	0.0	3	11 13 4 3
128	39	0.0	3	10 17 6 6
129	39	0.0	3	10 18 2 9
130	21	0.0	3	4 11 4 2
131	29	0.0	3	7 11 6 5
132	31	0.0	3	8 17 5 1
133	24	0.0	3	6 10 4 4
134	22	0.0	3	6 5 6 5
135	21	0.0	3	5 9 4 3
136	24	0.0	3	4 14 3 3
137	23	0.0	3	2 15 5 1
138	24	0.0	3	6 15 1 2
139	20	0.0	3	4 9 4 3
140	19	0.0	3	3 5 5 6
141	19	0.0	3	2 12 4 1
142	17	0.0	3	3 11 2 1
143	23	0.0	3	2 16 2 3
144	21	0.0	3	3 15 2 1
145	24	0.0	3	3 16 3 2
146	24	0.0	3	4 8 6 6
147	20	0.0	3	1 14 2 3
148	18	0.0	3	3 12 0 3
149	21	0.0	3	2 13 4 2
150	21	0.0	3	3 13 4 1
151	18	0.0	3	0 14 1 3
152	12	0.0	3	2 6 3 1
153	20	0.0	3	1 12 5 2
154	19	0.0	3	3 8 2 6
155	17	0.0	3	1 10 3 3
156	25	0.0	3	2 18 1 4
157	10	0.0	3	0 6 1 3
158	21	0.0	3	3 12 3 3
159	19	0.0	3	2 12 4 1
160	17	0.0	3	1 9 4 3
161	15	0.0	3	1 9 2 3
162	14	0.0	3	2 9 1 2
163	9	0.0	3	1 4 4
164	15	0.0	3	1 7 2 5
165	10	0.0	3	1 9
166	14	0.0	3	0 11 3
167	14	0.0	3	2 7 1 4
168	8	0.0	3	1 6 0 1
169	16	0.0	3	3 10 3
170	13	0.0	3	0 10 2 1
171	14	0.0	3	0 6 5 3
172	14	0.0	3	0 11 1 2
173	11	0.0	3	1 6 3 1
174	14	0.0	3	0 11 2 1
175	6	0.0	3	0 4 1 1
176	10	0.0	3	0 7 1 2
177	6	0.0	3	0 1 4 1
178	10	0.0	3	0 7 2 1
179	5	0.0	3	0 2 2 1
180	9	0.0	3	0 3 3 3
181	8	0.0	3	0 6 1 1
182	13	0.0	3	1 7 1 4
183	4	0.0	3	0 2 1 1
184	5	0.0	3	0 2 2 1
185	4	0.0	3	0 2 1 1
186	9	0.0	3	0 4 3 2
187	7	0.0	3	0 3 1 3
188	6	0.0	3	0 2 3 1
189	4	0.0	3	0 3 1
190	4	0.0	3	0 4
191	3	0.0	3	0 0 2 1
192	5	0.0	3	0 3 2
193	2	0.0	3	0 2
195	3	0.0	3	0 2 0 1
196	1	0.0	3	0 1
197	2	0.0	3	0 0 2
199	2	0.0	3	0 1 1
200	4	0.0	3	0 0 3 1
201	2	0.0	3	1 1
202	2	0.0	3	0 0 2
203	2	0.0	3	0 2
204	3	0.0	3	0 1 1 1
205	2	0.0	3	0 1 1
215	2	0.0	3	0 0 2
217	1	0.0	3	0 0 1
218	1	0.0	3	0 0 1
221	1	0.0	3	0 1
222	1	0.0	3	0 1
224	1	0.0	3	0 0 0 1
239	1	0.0	3	0 0 1
251	1	0.0	3	0 0 0 1
