This is cutadapt 2.9 with Python 3.7.10
Command line parameters: -q 10 --minimum-length 25 --cores 80 -a AGATCGGAAGAGCACACGTCTGAACTCCAGTCA -A AGATCGGAAGAGCGTCGTGTAGGGAAAGAGTGT -o prefetch_sra_files/SRR6964364_R1_Trimmed.fastq.gz -p prefetch_sra_files/SRR6964364_R2_Trimmed.fastq.gz prefetch_sra_files/SRR6964364.sra_1.fastq.gz prefetch_sra_files/SRR6964364.sra_2.fastq.gz
Processing reads on 80 cores in paired-end mode ...
Finished in 693.02 s (30 us/read; 2.03 M reads/minute).

=== Summary ===

Total read pairs processed:         23,442,807
  Read 1 with adapter:               5,570,954 (23.8%)
  Read 2 with adapter:               5,488,677 (23.4%)
Pairs written (passing filters):    23,395,302 (99.8%)

Total basepairs processed: 11,768,289,114 bp
  Read 1: 5,884,144,557 bp
  Read 2: 5,884,144,557 bp
Quality-trimmed:             636,278,056 bp (5.4%)
  Read 1:   185,432,706 bp
  Read 2:   450,845,350 bp
Total written (filtered):  10,676,181,950 bp (90.7%)
  Read 1: 5,433,889,433 bp
  Read 2: 5,242,292,517 bp

=== First read: Adapter 1 ===

Sequence: AGATCGGAAGAGCACACGTCTGAACTCCAGTCA; Type: regular 3'; Length: 33; Trimmed: 5570954 times

No. of allowed errors:
0-9 bp: 0; 10-19 bp: 1; 20-29 bp: 2; 30-33 bp: 3

Bases preceding removed adapters:
  A: 14.8%
  C: 35.8%
  G: 28.9%
  T: 20.4%
  none/other: 0.1%

Overview of removed sequences
length	count	expect	max.err	error counts
3	311619	366293.9	0	311619
4	111744	91573.5	0	111744
5	71730	22893.4	0	71730
6	63488	5723.3	0	63488
7	53609	1430.8	0	53609
8	45238	357.7	0	45238
9	78077	89.4	0	77316 761
10	43054	22.4	1	39873 3181
11	53049	5.6	1	49097 3952
12	52248	1.4	1	48833 3415
13	47818	0.3	1	44418 3400
14	56776	0.1	1	52267 4509
15	50244	0.0	1	45675 4569
16	51644	0.0	1	46304 5340
17	65953	0.0	1	58231 7722
18	58168	0.0	1	52747 5343 78
19	40146	0.0	1	36283 3746 117
20	51870	0.0	2	46073 4886 911
21	50186	0.0	2	43741 5320 1125
22	46286	0.0	2	40453 4868 965
23	52662	0.0	2	45645 5827 1190
24	58013	0.0	2	50015 6582 1416
25	55503	0.0	2	47858 6184 1461
26	38051	0.0	2	31747 5048 1256
27	54774	0.0	2	45972 7123 1668 11
28	61526	0.0	2	52213 7510 1760 43
29	51092	0.0	2	41611 7287 1979 215
30	50337	0.0	3	41968 6191 1634 544
31	46063	0.0	3	38307 5897 1429 430
32	57555	0.0	3	48924 6610 1510 511
33	41192	0.0	3	32940 6017 1642 593
34	55103	0.0	3	43990 7986 2276 851
35	64567	0.0	3	51936 9078 2589 964
36	63642	0.0	3	49812 9784 2974 1072
37	58235	0.0	3	46518 8537 2386 794
38	61977	0.0	3	49515 9170 2419 873
39	73366	0.0	3	58838 10380 3022 1126
40	51960	0.0	3	41766 7567 1984 643
41	82900	0.0	3	69039 10424 2599 838
42	54884	0.0	3	44632 7914 1751 587
43	119001	0.0	3	104616 11291 2374 720
44	22318	0.0	3	18594 2788 674 262
45	20687	0.0	3	17633 2263 593 198
46	18374	0.0	3	15291 2347 536 200
47	40416	0.0	3	35346 3940 844 286
48	32335	0.0	3	27983 3352 740 260
49	44659	0.0	3	38862 4470 968 359
50	38946	0.0	3	33205 4423 971 347
51	58081	0.0	3	49831 6338 1444 468
52	41308	0.0	3	35024 4767 1158 359
53	55259	0.0	3	47079 6378 1388 414
54	70601	0.0	3	61227 7429 1466 479
55	60318	0.0	3	52890 5887 1172 369
56	37564	0.0	3	32616 4018 698 232
57	52614	0.0	3	46545 4924 863 282
58	50049	0.0	3	44050 4840 903 256
59	45872	0.0	3	40882 4068 704 218
60	46353	0.0	3	41099 4305 718 231
61	45053	0.0	3	40111 3980 737 225
62	35184	0.0	3	30861 3529 635 159
63	62706	0.0	3	56251 5395 828 232
64	53451	0.0	3	47660 4803 770 218
65	48242	0.0	3	43101 4249 664 228
66	54830	0.0	3	49502 4455 686 187
67	39150	0.0	3	35199 3290 511 150
68	45131	0.0	3	40925 3545 512 149
69	49904	0.0	3	44993 4058 662 191
70	57133	0.0	3	51448 4750 750 185
71	73208	0.0	3	65918 6118 914 258
72	86673	0.0	3	78602 6701 1066 304
73	105937	0.0	3	95911 8270 1298 458
74	149659	0.0	3	135635 11665 1919 440
75	281975	0.0	3	254668 25037 1710 560
76	770138	0.0	3	744480 23182 1777 699
77	107126	0.0	3	100596 5688 550 292
78	20991	0.0	3	19322 1343 225 101
79	9793	0.0	3	8842 738 151 62
80	6715	0.0	3	6053 521 98 43
81	5284	0.0	3	4763 410 78 33
82	4665	0.0	3	4155 387 90 33
83	4328	0.0	3	3857 382 61 28
84	3938	0.0	3	3517 339 57 25
85	3482	0.0	3	3070 311 67 34
86	3212	0.0	3	2824 313 43 32
87	3061	0.0	3	2692 283 62 24
88	2769	0.0	3	2395 282 50 42
89	2507	0.0	3	2180 254 49 24
90	2280	0.0	3	1971 235 54 20
91	2162	0.0	3	1859 217 63 23
92	2089	0.0	3	1796 226 43 24
93	1993	0.0	3	1713 213 52 15
94	1796	0.0	3	1518 201 48 29
95	1713	0.0	3	1458 183 58 14
96	1530	0.0	3	1300 167 47 16
97	1481	0.0	3	1254 150 55 22
98	1413	0.0	3	1198 163 37 15
99	1321	0.0	3	1125 129 53 14
100	1279	0.0	3	1070 160 31 18
101	1233	0.0	3	1035 150 31 17
102	1199	0.0	3	1006 142 38 13
103	1108	0.0	3	919 137 40 12
104	1036	0.0	3	867 125 29 15
105	996	0.0	3	834 119 26 17
106	921	0.0	3	768 120 25 8
107	907	0.0	3	749 110 32 16
108	829	0.0	3	697 92 33 7
109	863	0.0	3	701 115 30 17
110	774	0.0	3	644 92 23 15
111	765	0.0	3	606 115 31 13
112	658	0.0	3	535 93 21 9
113	624	0.0	3	511 90 16 7
114	632	0.0	3	505 95 23 9
115	541	0.0	3	439 80 19 3
116	566	0.0	3	443 81 32 10
117	537	0.0	3	425 84 23 5
118	526	0.0	3	409 89 18 10
119	474	0.0	3	368 77 19 10
120	458	0.0	3	349 78 25 6
121	440	0.0	3	350 65 20 5
122	408	0.0	3	338 56 11 3
123	388	0.0	3	314 53 13 8
124	401	0.0	3	317 65 14 5
125	303	0.0	3	231 56 10 6
126	358	0.0	3	266 69 18 5
127	332	0.0	3	249 56 20 7
128	319	0.0	3	237 63 14 5
129	281	0.0	3	205 59 14 3
130	262	0.0	3	189 62 9 2
131	261	0.0	3	185 49 18 9
132	218	0.0	3	156 49 8 5
133	242	0.0	3	185 41 13 3
134	237	0.0	3	170 52 11 4
135	232	0.0	3	173 44 12 3
136	169	0.0	3	119 33 15 2
137	222	0.0	3	166 43 10 3
138	184	0.0	3	120 49 13 2
139	179	0.0	3	116 49 12 2
140	153	0.0	3	101 41 9 2
141	146	0.0	3	103 35 6 2
142	155	0.0	3	103 44 7 1
143	139	0.0	3	94 36 8 1
144	118	0.0	3	81 31 5 1
145	104	0.0	3	67 34 3
146	108	0.0	3	64 38 4 2
147	103	0.0	3	60 39 4
148	98	0.0	3	63 27 7 1
149	90	0.0	3	57 26 5 2
150	86	0.0	3	58 20 4 4
151	76	0.0	3	44 29 2 1
152	73	0.0	3	43 25 5
153	73	0.0	3	46 21 5 1
154	77	0.0	3	50 23 4
155	72	0.0	3	43 25 4
156	67	0.0	3	36 25 5 1
157	55	0.0	3	28 24 1 2
158	60	0.0	3	22 25 12 1
159	36	0.0	3	21 15
160	39	0.0	3	17 18 3 1
161	48	0.0	3	18 28 2
162	35	0.0	3	16 14 4 1
163	29	0.0	3	11 17 1
164	53	0.0	3	24 25 3 1
165	60	0.0	3	20 35 5
166	41	0.0	3	14 23 4
167	35	0.0	3	11 22 2
168	30	0.0	3	10 14 4 2
169	40	0.0	3	16 21 3
170	30	0.0	3	4 24 2
171	24	0.0	3	6 18
172	34	0.0	3	9 20 4 1
173	35	0.0	3	5 26 4
174	32	0.0	3	6 24 2
175	33	0.0	3	4 26 2 1
176	25	0.0	3	4 19 2
177	35	0.0	3	6 24 4 1
178	29	0.0	3	3 23 2 1
179	32	0.0	3	4 25 3
180	18	0.0	3	1 16 1
181	27	0.0	3	3 24
182	28	0.0	3	4 22 2
183	24	0.0	3	3 21
184	33	0.0	3	2 29 2
185	26	0.0	3	2 20 4
186	22	0.0	3	1 19 1 1
187	27	0.0	3	1 26
188	24	0.0	3	2 21 0 1
189	23	0.0	3	1 19 3
190	28	0.0	3	3 21 4
191	22	0.0	3	3 16 2 1
192	22	0.0	3	1 18 3
193	22	0.0	3	4 17 1
194	15	0.0	3	1 11 2 1
195	26	0.0	3	1 22 2 1
196	19	0.0	3	1 17 1
197	19	0.0	3	0 19
198	22	0.0	3	2 15 5
199	22	0.0	3	0 14 8
200	16	0.0	3	1 13 2
201	15	0.0	3	0 11 4
202	12	0.0	3	1 10 1
203	20	0.0	3	0 19 1
204	18	0.0	3	1 11 5 1
205	15	0.0	3	0 10 5
206	15	0.0	3	0 13 2
207	16	0.0	3	0 13 1 2
208	16	0.0	3	0 15 1
209	9	0.0	3	0 9
210	11	0.0	3	0 9 2
211	7	0.0	3	1 5 1
212	11	0.0	3	1 10
213	15	0.0	3	0 13 2
214	6	0.0	3	0 4 2
215	10	0.0	3	0 9 1
216	10	0.0	3	1 7 2
217	10	0.0	3	0 10
218	8	0.0	3	0 8
219	6	0.0	3	0 5 1
220	3	0.0	3	0 3
221	5	0.0	3	0 5
222	9	0.0	3	0 8 1
223	6	0.0	3	0 6
224	7	0.0	3	1 6
225	9	0.0	3	0 7 1 1
226	8	0.0	3	0 8
227	7	0.0	3	0 7
228	3	0.0	3	0 3
229	7	0.0	3	0 6 1
230	4	0.0	3	0 3 1
231	4	0.0	3	0 4
232	4	0.0	3	0 3 1
233	3	0.0	3	0 3
234	3	0.0	3	0 3
236	5	0.0	3	0 5
237	4	0.0	3	0 2 1 1
238	2	0.0	3	0 1 0 1
239	4	0.0	3	0 3 0 1
240	6	0.0	3	0 4 2
241	1	0.0	3	0 1
242	1	0.0	3	0 1
243	1	0.0	3	0 0 1
244	2	0.0	3	0 2
245	1	0.0	3	0 1
246	2	0.0	3	0 2
247	3	0.0	3	0 2 0 1
248	1	0.0	3	0 1
249	2	0.0	3	0 0 1 1
250	2	0.0	3	0 2
251	23	0.0	3	0 17 6


=== Second read: Adapter 2 ===

Sequence: AGATCGGAAGAGCGTCGTGTAGGGAAAGAGTGT; Type: regular 3'; Length: 33; Trimmed: 5488677 times

No. of allowed errors:
0-9 bp: 0; 10-19 bp: 1; 20-29 bp: 2; 30-33 bp: 3

Bases preceding removed adapters:
  A: 16.8%
  C: 36.8%
  G: 35.1%
  T: 11.2%
  none/other: 0.1%

Overview of removed sequences
length	count	expect	max.err	error counts
3	481544	366293.9	0	481544
4	112696	91573.5	0	112696
5	65220	22893.4	0	65220
6	63347	5723.3	0	63347
7	61452	1430.8	0	61452
8	47662	357.7	0	47662
9	87624	89.4	0	86982 642
10	57786	22.4	1	50973 6813
11	63963	5.6	1	56449 7514
12	73663	1.4	1	65734 7929
13	61639	0.3	1	53746 7893
14	93717	0.1	1	83007 10710
15	34887	0.0	1	30164 4723
16	46649	0.0	1	40560 6089
17	81418	0.0	1	69987 11431
18	25439	0.0	1	21081 4284 74
19	51455	0.0	1	43645 7711 99
20	30309	0.0	2	24038 4758 1513
21	32612	0.0	2	25917 5388 1307
22	46174	0.0	2	35764 8531 1879
23	67804	0.0	2	51192 13551 3061
24	79437	0.0	2	58223 17065 4149
25	74198	0.0	2	53769 16205 4224
26	116099	0.0	2	84948 24702 6449
27	84293	0.0	2	60920 18100 5268 5
28	117457	0.0	2	86065 24645 6495 252
29	86679	0.0	2	62901 18627 5055 96
30	277035	0.0	3	212941 49724 11620 2750
31	26942	0.0	3	15234 8143 2659 906
32	110097	0.0	3	79937 22503 5999 1658
33	19281	0.0	3	10782 5752 2017 730
34	52244	0.0	3	33405 13509 4071 1259
35	90319	0.0	3	57883 23736 6593 2107
36	248446	0.0	3	162497 64879 16443 4627
37	13929	0.0	3	7676 4237 1467 549
38	46307	0.0	3	29039 12374 3675 1219
39	22243	0.0	3	14182 5794 1650 617
40	49327	0.0	3	32922 12279 3143 983
41	64470	0.0	3	45235 14782 3413 1040
42	83876	0.0	3	57716 20119 4683 1358
43	107434	0.0	3	77987 23012 4964 1471
44	115331	0.0	3	82304 25920 5637 1470
45	162002	0.0	3	120352 33150 6706 1794
46	247276	0.0	3	192904 44477 7923 1972
47	175208	0.0	3	137090 31405 5430 1283
48	116406	0.0	3	91095 20826 3610 875
49	92701	0.0	3	75111 14524 2453 613
50	50000	0.0	3	39895 8259 1461 385
51	45377	0.0	3	37546 6422 1102 307
52	29586	0.0	3	23965 4511 851 259
53	43374	0.0	3	35906 6137 1046 285
54	72719	0.0	3	60918 9912 1526 363
55	27862	0.0	3	22826 4058 757 221
56	67338	0.0	3	57224 8520 1226 368
57	97969	0.0	3	83705 12118 1728 418
58	55061	0.0	3	47704 6251 890 216
59	18310	0.0	3	15341 2450 366 153
60	44818	0.0	3	39106 4911 639 162
61	18062	0.0	3	15500 2154 312 96
62	12869	0.0	3	10829 1667 269 104
63	38669	0.0	3	34276 3795 471 127
64	15635	0.0	3	13736 1602 219 78
65	7270	0.0	3	6238 857 132 43
66	5316	0.0	3	4591 612 76 37
67	5418	0.0	3	4676 604 107 31
68	7650	0.0	3	6698 795 108 49
69	7590	0.0	3	6787 658 109 36
70	6941	0.0	3	6168 635 94 44
71	7974	0.0	3	7152 682 102 38
72	9150	0.0	3	8119 841 139 51
73	11711	0.0	3	10298 1166 170 77
74	15304	0.0	3	13459 1498 240 107
75	23522	0.0	3	20941 2117 325 139
76	27639	0.0	3	24568 2561 383 127
77	36566	0.0	3	32602 3312 462 190
78	48048	0.0	3	43158 4084 545 261
79	72394	0.0	3	64901 6333 776 384
80	136397	0.0	3	128020 7285 807 285
81	29723	0.0	3	27183 2143 301 96
82	11036	0.0	3	10108 767 113 48
83	4312	0.0	3	3851 378 60 23
84	2054	0.0	3	1759 222 49 24
85	1229	0.0	3	1022 148 39 20
86	792	0.0	3	626 123 28 15
87	569	0.0	3	457 73 26 13
88	532	0.0	3	411 84 25 12
89	406	0.0	3	308 66 21 11
90	428	0.0	3	317 74 25 12
91	332	0.0	3	246 51 21 14
92	285	0.0	3	205 56 16 8
93	259	0.0	3	184 51 19 5
94	265	0.0	3	170 59 22 14
95	188	0.0	3	121 36 21 10
96	177	0.0	3	125 31 11 10
97	174	0.0	3	114 43 11 6
98	144	0.0	3	93 35 13 3
99	150	0.0	3	92 36 7 15
100	136	0.0	3	72 39 22 3
101	94	0.0	3	63 17 10 4
102	131	0.0	3	72 39 14 6
103	113	0.0	3	60 25 21 7
104	97	0.0	3	48 30 11 8
105	90	0.0	3	44 26 11 9
106	90	0.0	3	42 27 13 8
107	80	0.0	3	36 26 12 6
108	65	0.0	3	37 18 5 5
109	73	0.0	3	34 21 10 8
110	83	0.0	3	38 26 8 11
111	60	0.0	3	25 24 5 6
112	60	0.0	3	22 20 11 7
113	71	0.0	3	26 27 11 7
114	48	0.0	3	27 11 7 3
115	52	0.0	3	15 19 10 8
116	60	0.0	3	19 27 9 5
117	46	0.0	3	17 19 5 5
118	42	0.0	3	15 12 10 5
119	38	0.0	3	14 13 7 4
120	43	0.0	3	13 22 4 4
121	38	0.0	3	11 19 5 3
122	43	0.0	3	16 11 6 10
123	36	0.0	3	9 13 9 5
124	39	0.0	3	14 11 9 5
125	43	0.0	3	9 15 9 10
126	38	0.0	3	9 14 8 7
127	33	0.0	3	8 16 4 5
128	35	0.0	3	8 14 6 7
129	26	0.0	3	5 13 4 4
130	33	0.0	3	10 12 5 6
131	31	0.0	3	7 8 11 5
132	27	0.0	3	1 13 9 4
133	25	0.0	3	6 14 4 1
134	33	0.0	3	2 18 8 5
135	22	0.0	3	6 10 2 4
136	21	0.0	3	3 6 8 4
137	21	0.0	3	2 11 3 5
138	31	0.0	3	2 15 11 3
139	28	0.0	3	3 11 8 6
140	20	0.0	3	1 12 4 3
141	27	0.0	3	4 15 6 2
142	32	0.0	3	3 15 6 8
143	28	0.0	3	2 15 8 3
144	20	0.0	3	4 11 3 2
145	22	0.0	3	1 13 5 3
146	21	0.0	3	3 11 3 4
147	21	0.0	3	1 13 3 4
148	14	0.0	3	1 7 3 3
149	23	0.0	3	2 12 5 4
150	11	0.0	3	0 5 6
151	14	0.0	3	2 4 6 2
152	13	0.0	3	1 7 3 2
153	17	0.0	3	0 9 5 3
154	13	0.0	3	0 7 3 3
155	19	0.0	3	1 8 7 3
156	24	0.0	3	1 14 5 4
157	11	0.0	3	0 5 1 5
158	15	0.0	3	1 9 5
159	13	0.0	3	0 5 5 3
160	17	0.0	3	1 6 7 3
161	16	0.0	3	0 6 8 2
162	16	0.0	3	1 7 5 3
163	10	0.0	3	0 5 2 3
164	9	0.0	3	1 3 2 3
165	18	0.0	3	1 9 8
166	21	0.0	3	0 11 7 3
167	12	0.0	3	0 10 1 1
168	25	0.0	3	1 13 7 4
169	17	0.0	3	1 12 2 2
170	16	0.0	3	0 9 2 5
171	17	0.0	3	0 8 8 1
172	17	0.0	3	1 4 4 8
173	10	0.0	3	0 5 4 1
174	6	0.0	3	0 6
175	12	0.0	3	0 9 1 2
176	10	0.0	3	0 5 1 4
177	10	0.0	3	0 4 4 2
178	15	0.0	3	0 6 6 3
179	11	0.0	3	0 5 5 1
180	16	0.0	3	0 8 4 4
181	6	0.0	3	0 4 1 1
182	5	0.0	3	0 1 4
183	8	0.0	3	0 5 3
184	7	0.0	3	1 0 4 2
185	10	0.0	3	0 5 2 3
186	8	0.0	3	0 5 2 1
187	3	0.0	3	0 1 1 1
188	4	0.0	3	0 3 1
189	9	0.0	3	0 3 6
190	4	0.0	3	0 1 2 1
191	6	0.0	3	0 3 2 1
192	5	0.0	3	0 4 1
193	4	0.0	3	0 1 1 2
194	7	0.0	3	0 4 1 2
195	3	0.0	3	0 1 2
196	5	0.0	3	0 2 3
197	3	0.0	3	0 2 0 1
198	3	0.0	3	0 1 1 1
199	3	0.0	3	0 1 1 1
200	5	0.0	3	0 1 2 2
202	1	0.0	3	0 0 1
203	1	0.0	3	0 1
204	1	0.0	3	0 1
206	1	0.0	3	0 0 1
208	1	0.0	3	0 0 0 1
211	1	0.0	3	0 1
212	1	0.0	3	0 0 0 1
213	1	0.0	3	0 0 0 1
214	1	0.0	3	0 0 0 1
216	2	0.0	3	0 0 0 2
217	2	0.0	3	0 0 1 1
220	1	0.0	3	0 0 1
221	1	0.0	3	0 1
222	1	0.0	3	0 0 1
227	1	0.0	3	0 0 0 1
228	1	0.0	3	0 0 0 1
233	1	0.0	3	0 1
234	1	0.0	3	0 1
240	1	0.0	3	0 1
243	1	0.0	3	0 0 0 1
245	1	0.0	3	0 0 1
251	1	0.0	3	0 0 0 1
