This is cutadapt 2.9 with Python 3.7.10
Command line parameters: -q 10 --minimum-length 25 --cores 80 -a AGATCGGAAGAGCACACGTCTGAACTCCAGTCA -A AGATCGGAAGAGCGTCGTGTAGGGAAAGAGTGT -o prefetch_sra_files/SRR6942729_R1_Trimmed.fastq.gz -p prefetch_sra_files/SRR6942729_R2_Trimmed.fastq.gz prefetch_sra_files/SRR6942729.sra_1.fastq.gz prefetch_sra_files/SRR6942729.sra_2.fastq.gz
Processing reads on 80 cores in paired-end mode ...
Finished in 400.89 s (30 us/read; 1.99 M reads/minute).

=== Summary ===

Total read pairs processed:         13,274,877
  Read 1 with adapter:                 707,214 (5.3%)
  Read 2 with adapter:                 449,869 (3.4%)
Pairs written (passing filters):    13,242,082 (99.8%)

Total basepairs processed: 6,663,988,254 bp
  Read 1: 3,331,994,127 bp
  Read 2: 3,331,994,127 bp
Quality-trimmed:             371,738,602 bp (5.6%)
  Read 1:   265,680,844 bp
  Read 2:   106,057,758 bp
Total written (filtered):  6,277,877,517 bp (94.2%)
  Read 1: 3,061,387,765 bp
  Read 2: 3,216,489,752 bp

=== First read: Adapter 1 ===

Sequence: AGATCGGAAGAGCACACGTCTGAACTCCAGTCA; Type: regular 3'; Length: 33; Trimmed: 707214 times

No. of allowed errors:
0-9 bp: 0; 10-19 bp: 1; 20-29 bp: 2; 30-33 bp: 3

Bases preceding removed adapters:
  A: 27.5%
  C: 24.8%
  G: 23.6%
  T: 24.2%
  none/other: 0.0%

Overview of removed sequences
length	count	expect	max.err	error counts
3	347235	207420.0	0	347235
4	95953	51855.0	0	95953
5	42822	12963.7	0	42822
6	24421	3240.9	0	24421
7	23823	810.2	0	23823
8	17626	202.6	0	17626
9	31903	50.6	0	31558 345
10	21974	12.7	1	19303 2671
11	22429	3.2	1	19819 2610
12	27119	0.8	1	24405 2714
13	21074	0.2	1	18550 2524
14	30756	0.0	1	1 30755
15	29	0.0	1	1 28
16	47	0.0	1	0 47
19	2	0.0	1	0 0 2
31	1	0.0	3	0 0 0 1


=== Second read: Adapter 2 ===

Sequence: AGATCGGAAGAGCGTCGTGTAGGGAAAGAGTGT; Type: regular 3'; Length: 33; Trimmed: 449869 times

No. of allowed errors:
0-9 bp: 0; 10-19 bp: 1; 20-29 bp: 2; 30-33 bp: 3

Bases preceding removed adapters:
  A: 25.7%
  C: 30.5%
  G: 25.4%
  T: 18.4%
  none/other: 0.0%

Overview of removed sequences
length	count	expect	max.err	error counts
3	177682	207420.0	0	177682
4	55206	51855.0	0	55206
5	29762	12963.7	0	29762
6	23639	3240.9	0	23639
7	19537	810.2	0	19537
8	17727	202.6	0	17727
9	29426	50.6	0	28926 500
10	17510	12.7	1	16042 1468
11	20856	3.2	1	19188 1668
12	21448	0.8	1	20020 1428
13	17109	0.2	1	15944 1165
14	19956	0.0	1	2 19954
15	11	0.0	1	0 11
