This is cutadapt 2.9 with Python 3.7.10
Command line parameters: -q 10 --minimum-length 25 --cores 80 -a AGATCGGAAGAGCACACGTCTGAACTCCAGTCA -A AGATCGGAAGAGCGTCGTGTAGGGAAAGAGTGT -o prefetch_sra_files/SRR6952431_R1_Trimmed.fastq.gz -p prefetch_sra_files/SRR6952431_R2_Trimmed.fastq.gz prefetch_sra_files/SRR6952431.sra_1.fastq.gz prefetch_sra_files/SRR6952431.sra_2.fastq.gz
Processing reads on 80 cores in paired-end mode ...
Finished in 447.14 s (30 us/read; 2.03 M reads/minute).

=== Summary ===

Total read pairs processed:         15,119,431
  Read 1 with adapter:                 829,181 (5.5%)
  Read 2 with adapter:                 463,107 (3.1%)
Pairs written (passing filters):    15,085,451 (99.8%)

Total basepairs processed: 7,589,954,362 bp
  Read 1: 3,794,977,181 bp
  Read 2: 3,794,977,181 bp
Quality-trimmed:             507,220,424 bp (6.7%)
  Read 1:   354,604,524 bp
  Read 2:   152,615,900 bp
Total written (filtered):  7,067,446,511 bp (93.1%)
  Read 1: 3,434,884,331 bp
  Read 2: 3,632,562,180 bp

=== First read: Adapter 1 ===

Sequence: AGATCGGAAGAGCACACGTCTGAACTCCAGTCA; Type: regular 3'; Length: 33; Trimmed: 829181 times

No. of allowed errors:
0-9 bp: 0; 10-19 bp: 1; 20-29 bp: 2; 30-33 bp: 3

Bases preceding removed adapters:
  A: 27.2%
  C: 22.4%
  G: 21.6%
  T: 28.8%
  none/other: 0.0%

Overview of removed sequences
length	count	expect	max.err	error counts
3	402154	236241.1	0	402154
4	121814	59060.3	0	121814
5	61321	14765.1	0	61321
6	26345	3691.3	0	26345
7	25489	922.8	0	25489
8	18952	230.7	0	18952
9	34577	57.7	0	34208 369
10	24642	14.4	1	21391 3251
11	25587	3.6	1	22311 3276
12	29776	0.9	1	26552 3224
13	24808	0.2	1	21560 3248
14	33659	0.1	1	0 33659
15	16	0.0	1	0 16
16	39	0.0	1	0 39
18	1	0.0	1	0 1
19	1	0.0	1	0 0 1


=== Second read: Adapter 2 ===

Sequence: AGATCGGAAGAGCGTCGTGTAGGGAAAGAGTGT; Type: regular 3'; Length: 33; Trimmed: 463107 times

No. of allowed errors:
0-9 bp: 0; 10-19 bp: 1; 20-29 bp: 2; 30-33 bp: 3

Bases preceding removed adapters:
  A: 26.3%
  C: 29.2%
  G: 25.9%
  T: 18.7%
  none/other: 0.0%

Overview of removed sequences
length	count	expect	max.err	error counts
3	184475	236241.1	0	184475
4	57515	59060.3	0	57515
5	30699	14765.1	0	30699
6	24295	3691.3	0	24295
7	20841	922.8	0	20841
8	18045	230.7	0	18045
9	29705	57.7	0	29271 434
10	18150	14.4	1	16810 1340
11	20106	3.6	1	18546 1560
12	21484	0.9	1	20083 1401
13	18014	0.2	1	16869 1145
14	19768	0.1	1	1 19767
15	6	0.0	1	0 6
19	2	0.0	1	0 2
26	2	0.0	2	0 0 2
