This is cutadapt 2.9 with Python 3.7.10
Command line parameters: -q 10 --minimum-length 25 --cores 80 -a AGATCGGAAGAGCACACGTCTGAACTCCAGTCA -A AGATCGGAAGAGCGTCGTGTAGGGAAAGAGTGT -o prefetch_sra_files/SRR6914151_R1_Trimmed.fastq.gz -p prefetch_sra_files/SRR6914151_R2_Trimmed.fastq.gz prefetch_sra_files/SRR6914151.sra_1.fastq.gz prefetch_sra_files/SRR6914151.sra_2.fastq.gz
Processing reads on 80 cores in paired-end mode ...
Finished in 411.17 s (34 us/read; 1.78 M reads/minute).

=== Summary ===

Total read pairs processed:         12,203,579
  Read 1 with adapter:                 801,396 (6.6%)
  Read 2 with adapter:                 455,452 (3.7%)
Pairs written (passing filters):    12,182,207 (99.8%)

Total basepairs processed: 6,126,196,658 bp
  Read 1: 3,063,098,329 bp
  Read 2: 3,063,098,329 bp
Quality-trimmed:             375,725,676 bp (6.1%)
  Read 1:   260,408,286 bp
  Read 2:   115,317,390 bp
Total written (filtered):  5,737,762,014 bp (93.7%)
  Read 1: 2,797,438,509 bp
  Read 2: 2,940,323,505 bp

=== First read: Adapter 1 ===

Sequence: AGATCGGAAGAGCACACGTCTGAACTCCAGTCA; Type: regular 3'; Length: 33; Trimmed: 801396 times

No. of allowed errors:
0-9 bp: 0; 10-19 bp: 1; 20-29 bp: 2; 30-33 bp: 3

Bases preceding removed adapters:
  A: 22.3%
  C: 24.5%
  G: 22.7%
  T: 30.5%
  none/other: 0.0%

Overview of removed sequences
length	count	expect	max.err	error counts
3	349813	190680.9	0	349813
4	112161	47670.2	0	112161
5	54971	11917.6	0	54971
6	29891	2979.4	0	29891
7	31295	744.8	0	31295
8	22274	186.2	0	22274
9	39316	46.6	0	38956 360
10	29133	11.6	1	25838 3295
11	27459	2.9	1	24282 3177
12	34862	0.7	1	31320 3542
13	27446	0.2	1	24072 3374
14	42709	0.0	1	2 42707
15	24	0.0	1	1 23
16	36	0.0	1	0 36
19	1	0.0	1	0 0 1
20	3	0.0	2	0 0 3
25	1	0.0	2	0 0 1
30	1	0.0	3	0 0 0 1


=== Second read: Adapter 2 ===

Sequence: AGATCGGAAGAGCGTCGTGTAGGGAAAGAGTGT; Type: regular 3'; Length: 33; Trimmed: 455452 times

No. of allowed errors:
0-9 bp: 0; 10-19 bp: 1; 20-29 bp: 2; 30-33 bp: 3

Bases preceding removed adapters:
  A: 21.2%
  C: 35.1%
  G: 25.0%
  T: 18.7%
  none/other: 0.0%

Overview of removed sequences
length	count	expect	max.err	error counts
3	143775	190680.9	0	143775
4	49880	47670.2	0	49880
5	33507	11917.6	0	33507
6	28897	2979.4	0	28897
7	25850	744.8	0	25850
8	21591	186.2	0	21591
9	34158	46.6	0	33850 308
10	22034	11.6	1	20465 1569
11	23476	2.9	1	21695 1781
12	25618	0.7	1	24023 1595
13	22880	0.2	1	21371 1509
14	23777	0.0	1	2 23775
15	7	0.0	1	0 7
16	1	0.0	1	0 1
19	1	0.0	1	0 1
