This is cutadapt 2.9 with Python 3.7.10
Command line parameters: -q 10 --minimum-length 25 --cores 80 -a AGATCGGAAGAGCACACGTCTGAACTCCAGTCA -A AGATCGGAAGAGCGTCGTGTAGGGAAAGAGTGT -o prefetch_sra_files/SRR6934542_R1_Trimmed.fastq.gz -p prefetch_sra_files/SRR6934542_R2_Trimmed.fastq.gz prefetch_sra_files/SRR6934542.sra_1.fastq.gz prefetch_sra_files/SRR6934542.sra_2.fastq.gz
Processing reads on 80 cores in paired-end mode ...
Finished in 429.25 s (29 us/read; 2.04 M reads/minute).

=== Summary ===

Total read pairs processed:         14,591,108
  Read 1 with adapter:               3,871,398 (26.5%)
  Read 2 with adapter:               3,876,482 (26.6%)
Pairs written (passing filters):    14,562,767 (99.8%)

Total basepairs processed: 7,324,736,216 bp
  Read 1: 3,662,368,108 bp
  Read 2: 3,662,368,108 bp
Quality-trimmed:             435,081,388 bp (5.9%)
  Read 1:   136,338,744 bp
  Read 2:   298,742,644 bp
Total written (filtered):  6,533,011,592 bp (89.2%)
  Read 1: 3,319,560,992 bp
  Read 2: 3,213,450,600 bp

=== First read: Adapter 1 ===

Sequence: AGATCGGAAGAGCACACGTCTGAACTCCAGTCA; Type: regular 3'; Length: 33; Trimmed: 3871398 times

No. of allowed errors:
0-9 bp: 0; 10-19 bp: 1; 20-29 bp: 2; 30-33 bp: 3

Bases preceding removed adapters:
  A: 13.5%
  C: 40.4%
  G: 26.2%
  T: 19.7%
  none/other: 0.2%

Overview of removed sequences
length	count	expect	max.err	error counts
3	175813	227986.1	0	175813
4	58662	56996.5	0	58662
5	36294	14249.1	0	36294
6	31313	3562.3	0	31313
7	28397	890.6	0	28397
8	23698	222.6	0	23698
9	35160	55.7	0	34700 460
10	24747	13.9	1	22967 1780
11	25206	3.5	1	23184 2022
12	27175	0.9	1	25410 1765
13	24561	0.2	1	22781 1780
14	27924	0.1	1	25523 2401
15	25404	0.0	1	23081 2323
16	27632	0.0	1	24846 2786
17	33880	0.0	1	30025 3855
18	30850	0.0	1	28041 2768 41
19	21088	0.0	1	19066 1973 49
20	26282	0.0	2	23419 2432 431
21	25177	0.0	2	22075 2549 553
22	23352	0.0	2	20455 2377 520
23	26517	0.0	2	23079 2847 591
24	32701	0.0	2	28097 3772 832
25	30290	0.0	2	25970 3471 849
26	20756	0.0	2	17316 2754 686
27	30278	0.0	2	25429 3860 981 8
28	37107	0.0	2	31214 4746 1135 12
29	29780	0.0	2	24071 4256 1294 159
30	27841	0.0	3	23211 3385 905 340
31	26301	0.0	3	22008 3160 831 302
32	29660	0.0	3	24914 3575 839 332
33	27775	0.0	3	22199 4093 1041 442
34	40869	0.0	3	32387 6070 1776 636
35	31005	0.0	3	24901 4458 1221 425
36	32416	0.0	3	25964 4582 1276 594
37	33194	0.0	3	27127 4269 1159 639
38	32857	0.0	3	26197 4577 1350 733
39	35207	0.0	3	28733 4459 1306 709
40	36423	0.0	3	29737 4670 1304 712
41	39655	0.0	3	33156 4695 1203 601
42	33450	0.0	3	27646 4246 999 559
43	64826	0.0	3	56882 5901 1337 706
44	15228	0.0	3	12773 1766 451 238
45	12901	0.0	3	11089 1291 329 192
46	13222	0.0	3	11258 1452 331 181
47	25098	0.0	3	22044 2206 567 281
48	20437	0.0	3	17722 2044 458 213
49	29171	0.0	3	25411 2771 651 338
50	24478	0.0	3	20907 2638 607 326
51	38021	0.0	3	32558 3983 965 515
52	26940	0.0	3	22808 3076 721 335
53	35316	0.0	3	30211 3711 900 494
54	45013	0.0	3	38997 4531 1012 473
55	38960	0.0	3	34117 3685 754 404
56	25160	0.0	3	21865 2498 513 284
57	34276	0.0	3	30262 3073 616 325
58	34369	0.0	3	30244 3191 608 326
59	32679	0.0	3	29149 2742 497 291
60	31423	0.0	3	27885 2744 551 243
61	32623	0.0	3	29095 2704 540 284
62	25204	0.0	3	22202 2390 401 211
63	44105	0.0	3	39731 3463 602 309
64	39598	0.0	3	35386 3373 547 292
65	35955	0.0	3	32254 2923 489 289
66	43116	0.0	3	39008 3307 504 297
67	30190	0.0	3	27293 2326 367 204
68	34885	0.0	3	31780 2505 389 211
69	39668	0.0	3	36066 2871 481 250
70	45928	0.0	3	41597 3509 529 293
71	62113	0.0	3	56460 4512 720 421
72	73953	0.0	3	67586 5059 803 505
73	92360	0.0	3	84300 6309 1096 655
74	132873	0.0	3	121780 8718 1661 714
75	255927	0.0	3	234970 18492 1415 1050
76	750186	0.0	3	727106 19887 1566 1627
77	104485	0.0	3	96375 7097 503 510
78	20320	0.0	3	18530 1426 205 159
79	8697	0.0	3	7882 632 115 68
80	5969	0.0	3	5416 418 83 52
81	4879	0.0	3	4376 380 73 50
82	4310	0.0	3	3862 330 69 49
83	4005	0.0	3	3585 310 78 32
84	3850	0.0	3	3464 290 49 47
85	3626	0.0	3	3211 313 64 38
86	3212	0.0	3	2891 232 53 36
87	3114	0.0	3	2742 275 65 32
88	2717	0.0	3	2435 212 37 33
89	2521	0.0	3	2210 222 53 36
90	2404	0.0	3	2104 208 57 35
91	2216	0.0	3	1933 187 62 34
92	2092	0.0	3	1822 199 44 27
93	1990	0.0	3	1717 200 46 27
94	1877	0.0	3	1641 163 48 25
95	1743	0.0	3	1520 159 44 20
96	1679	0.0	3	1446 179 30 24
97	1597	0.0	3	1397 151 32 17
98	1501	0.0	3	1296 160 26 19
99	1423	0.0	3	1218 155 29 21
100	1365	0.0	3	1158 141 41 25
101	1334	0.0	3	1142 143 35 14
102	1307	0.0	3	1101 146 38 22
103	1164	0.0	3	983 133 30 18
104	1124	0.0	3	956 111 31 26
105	1079	0.0	3	923 114 27 15
106	1054	0.0	3	888 116 36 14
107	1013	0.0	3	844 119 34 16
108	952	0.0	3	810 106 24 12
109	902	0.0	3	745 117 31 9
110	871	0.0	3	715 114 25 17
111	862	0.0	3	704 103 37 18
112	797	0.0	3	659 94 30 14
113	726	0.0	3	584 95 30 17
114	675	0.0	3	564 82 20 9
115	661	0.0	3	552 66 27 16
116	612	0.0	3	512 76 16 8
117	621	0.0	3	508 86 13 14
118	577	0.0	3	494 62 13 8
119	587	0.0	3	474 71 26 16
120	545	0.0	3	460 70 10 5
121	489	0.0	3	396 64 17 12
122	451	0.0	3	376 58 11 6
123	423	0.0	3	338 63 17 5
124	414	0.0	3	326 62 16 10
125	377	0.0	3	300 60 12 5
126	373	0.0	3	296 58 13 6
127	345	0.0	3	276 50 14 5
128	352	0.0	3	286 44 16 6
129	318	0.0	3	261 45 7 5
130	317	0.0	3	265 42 6 4
131	298	0.0	3	238 45 11 4
132	274	0.0	3	212 43 16 3
133	263	0.0	3	206 41 10 6
134	216	0.0	3	177 27 7 5
135	206	0.0	3	162 30 9 5
136	231	0.0	3	184 39 7 1
137	210	0.0	3	157 38 10 5
138	217	0.0	3	163 39 9 6
139	165	0.0	3	133 24 6 2
140	161	0.0	3	119 33 9
141	186	0.0	3	139 32 13 2
142	145	0.0	3	104 30 8 3
143	152	0.0	3	115 30 5 2
144	130	0.0	3	92 31 4 3
145	133	0.0	3	97 29 7
146	143	0.0	3	96 37 7 3
147	123	0.0	3	88 27 6 2
148	105	0.0	3	69 30 4 2
149	114	0.0	3	77 23 11 3
150	95	0.0	3	58 32 4 1
151	100	0.0	3	70 26 3 1
152	81	0.0	3	52 24 5
153	68	0.0	3	40 21 4 3
154	65	0.0	3	41 20 2 2
155	62	0.0	3	42 16 3 1
156	56	0.0	3	33 18 4 1
157	68	0.0	3	38 25 4 1
158	57	0.0	3	35 20 1 1
159	61	0.0	3	28 28 5
160	62	0.0	3	32 28 1 1
161	59	0.0	3	28 27 3 1
162	38	0.0	3	17 18 3
163	45	0.0	3	24 19 0 2
164	40	0.0	3	20 15 5
165	42	0.0	3	23 17 2
166	32	0.0	3	9 19 3 1
167	43	0.0	3	21 20 2
168	29	0.0	3	12 16 1
169	32	0.0	3	8 23 1
170	27	0.0	3	9 17 1
171	36	0.0	3	8 22 5 1
172	34	0.0	3	12 17 5
173	40	0.0	3	8 29 2 1
174	26	0.0	3	6 20
175	33	0.0	3	10 19 4
176	22	0.0	3	7 13 2
177	17	0.0	3	2 14 1
178	28	0.0	3	8 19 1
179	26	0.0	3	5 18 3
180	21	0.0	3	4 16 1
181	17	0.0	3	5 12
182	26	0.0	3	4 21 1
183	20	0.0	3	1 16 2 1
184	21	0.0	3	4 15 0 2
185	17	0.0	3	6 10 1
186	22	0.0	3	2 17 3
187	18	0.0	3	2 14 2
188	28	0.0	3	2 22 4
189	19	0.0	3	2 16 1
190	18	0.0	3	4 13 1
191	17	0.0	3	3 12 2
192	21	0.0	3	0 17 4
193	18	0.0	3	2 16
194	8	0.0	3	0 8
195	15	0.0	3	2 10 2 1
196	11	0.0	3	2 9
197	17	0.0	3	0 16 1
198	18	0.0	3	0 18
199	20	0.0	3	2 17 1
200	16	0.0	3	1 12 3
201	16	0.0	3	1 12 3
202	19	0.0	3	0 16 3
203	9	0.0	3	1 7 1
204	10	0.0	3	0 9 1
205	15	0.0	3	0 13 2
206	17	0.0	3	0 15 2
207	8	0.0	3	0 7 1
208	6	0.0	3	0 6
209	11	0.0	3	0 11
210	10	0.0	3	0 10
211	6	0.0	3	0 6
212	16	0.0	3	1 13 1 1
213	8	0.0	3	0 8
214	6	0.0	3	0 5 1
215	11	0.0	3	0 11
216	9	0.0	3	0 9
217	5	0.0	3	0 4 1
218	6	0.0	3	0 4 2
219	2	0.0	3	0 2
220	9	0.0	3	1 7 0 1
221	7	0.0	3	1 5 1
222	1	0.0	3	0 1
223	4	0.0	3	0 3 1
224	4	0.0	3	0 3 1
225	5	0.0	3	0 5
226	5	0.0	3	0 5
227	3	0.0	3	0 3
228	4	0.0	3	0 4
229	4	0.0	3	0 3 1
230	4	0.0	3	0 4
231	4	0.0	3	0 4
232	4	0.0	3	0 4
233	5	0.0	3	0 4 1
234	2	0.0	3	0 1 1
235	1	0.0	3	0 0 1
236	4	0.0	3	0 4
238	1	0.0	3	0 0 1
239	3	0.0	3	0 3
240	4	0.0	3	0 4
241	2	0.0	3	0 2
242	1	0.0	3	0 1
243	2	0.0	3	0 2
244	4	0.0	3	0 3 1
246	1	0.0	3	0 1
247	1	0.0	3	0 1
248	3	0.0	3	0 2 1
250	2	0.0	3	0 2
251	17	0.0	3	0 14 2 1


=== Second read: Adapter 2 ===

Sequence: AGATCGGAAGAGCGTCGTGTAGGGAAAGAGTGT; Type: regular 3'; Length: 33; Trimmed: 3876482 times

No. of allowed errors:
0-9 bp: 0; 10-19 bp: 1; 20-29 bp: 2; 30-33 bp: 3

Bases preceding removed adapters:
  A: 15.7%
  C: 39.4%
  G: 33.9%
  T: 10.9%
  none/other: 0.1%

Overview of removed sequences
length	count	expect	max.err	error counts
3	271340	227986.1	0	271340
4	60641	56996.5	0	60641
5	33968	14249.1	0	33968
6	31282	3562.3	0	31282
7	31871	890.6	0	31871
8	23903	222.6	0	23903
9	42860	55.7	0	42473 387
10	29368	13.9	1	26071 3297
11	29896	3.5	1	26462 3434
12	36379	0.9	1	32777 3602
13	28833	0.2	1	25379 3454
14	48605	0.1	1	43404 5201
15	16994	0.0	1	14761 2233
16	23206	0.0	1	20335 2871
17	43287	0.0	1	37754 5533
18	11679	0.0	1	9756 1889 34
19	26578	0.0	1	22913 3623 42
20	15685	0.0	2	12731 2230 724
21	13345	0.0	2	10824 2013 508
22	21441	0.0	2	17084 3594 763
23	32113	0.0	2	24423 6247 1443
24	50711	0.0	2	37704 10390 2617
25	19885	0.0	2	14215 4408 1262
26	37870	0.0	2	27785 7943 2142
27	42535	0.0	2	31021 8842 2672
28	48904	0.0	2	35380 10444 3009 71
29	34725	0.0	2	24882 7659 2147 37
30	89717	0.0	3	65957 17888 4568 1304
31	17851	0.0	3	11620 4365 1348 518
32	53571	0.0	3	39407 10558 2742 864
33	33091	0.0	3	23708 6838 1947 598
34	51901	0.0	3	38097 10269 2740 795
35	81036	0.0	3	60077 15829 3929 1201
36	138495	0.0	3	102912 27048 6719 1816
37	144825	0.0	3	113098 24807 5581 1339
38	47386	0.0	3	36732 8210 1841 603
39	88939	0.0	3	73302 12460 2521 656
40	73818	0.0	3	61725 9715 1863 515
41	113909	0.0	3	98986 12134 2189 600
42	126998	0.0	3	111246 13040 2163 549
43	78986	0.0	3	69369 7840 1366 411
44	113957	0.0	3	101496 10433 1622 406
45	126961	0.0	3	114212 10598 1655 496
46	187693	0.0	3	173389 12103 1713 488
47	165465	0.0	3	153687 10086 1360 332
48	104948	0.0	3	97660 6204 852 232
49	73218	0.0	3	68630 3887 535 166
50	30384	0.0	3	28064 1962 272 86
51	28041	0.0	3	26077 1593 266 105
52	15323	0.0	3	13982 1048 206 87
53	26914	0.0	3	24915 1631 265 103
54	51529	0.0	3	48533 2494 358 144
55	19669	0.0	3	18027 1291 243 108
56	53061	0.0	3	50128 2453 361 119
57	83458	0.0	3	79677 3195 431 155
58	46491	0.0	3	44345 1824 224 98
59	12610	0.0	3	11663 783 117 47
60	38098	0.0	3	36471 1363 190 74
61	13951	0.0	3	13114 686 115 36
62	8007	0.0	3	7345 536 92 34
63	28842	0.0	3	27805 887 111 39
64	12294	0.0	3	11677 503 77 37
65	5687	0.0	3	5330 290 51 16
66	4348	0.0	3	4068 226 32 22
67	3817	0.0	3	3569 196 36 16
68	5655	0.0	3	5378 222 42 13
69	5869	0.0	3	5568 244 35 22
70	5113	0.0	3	4778 265 57 13
71	6654	0.0	3	6293 288 45 28
72	7386	0.0	3	6985 297 68 36
73	9383	0.0	3	8876 415 59 33
74	11982	0.0	3	11274 544 106 58
75	16438	0.0	3	15446 789 138 65
76	25176	0.0	3	23862 1030 193 91
77	31309	0.0	3	29657 1336 193 123
78	37576	0.0	3	35408 1713 299 156
79	56381	0.0	3	52348 3378 445 210
80	103309	0.0	3	100379 2328 402 200
81	28378	0.0	3	27339 866 110 63
82	7142	0.0	3	6793 275 45 29
83	3972	0.0	3	3773 143 38 18
84	2027	0.0	3	1903 93 26 5
85	1173	0.0	3	1081 64 15 13
86	822	0.0	3	746 58 14 4
87	612	0.0	3	543 47 15 7
88	526	0.0	3	447 55 17 7
89	403	0.0	3	345 38 9 11
90	437	0.0	3	378 39 12 8
91	323	0.0	3	270 34 11 8
92	295	0.0	3	241 40 11 3
93	266	0.0	3	209 32 12 13
94	268	0.0	3	206 45 8 9
95	243	0.0	3	177 43 14 9
96	221	0.0	3	174 32 10 5
97	207	0.0	3	166 26 7 8
98	192	0.0	3	147 33 6 6
99	178	0.0	3	133 27 17 1
100	137	0.0	3	90 27 10 10
101	124	0.0	3	96 16 6 6
102	142	0.0	3	86 39 10 7
103	105	0.0	3	78 12 5 10
104	131	0.0	3	85 28 11 7
105	131	0.0	3	85 27 11 8
106	126	0.0	3	73 31 14 8
107	97	0.0	3	65 14 12 6
108	102	0.0	3	59 26 11 6
109	103	0.0	3	63 20 13 7
110	93	0.0	3	50 26 8 9
111	81	0.0	3	47 19 9 6
112	62	0.0	3	34 20 4 4
113	72	0.0	3	33 23 9 7
114	78	0.0	3	45 20 8 5
115	58	0.0	3	23 23 5 7
116	64	0.0	3	24 24 12 4
117	50	0.0	3	19 21 4 6
118	65	0.0	3	34 20 8 3
119	40	0.0	3	16 15 6 3
120	52	0.0	3	28 15 4 5
121	51	0.0	3	23 20 6 2
122	39	0.0	3	17 10 5 7
123	39	0.0	3	16 16 3 4
124	58	0.0	3	27 18 9 4
125	48	0.0	3	23 21 3 1
126	29	0.0	3	5 18 2 4
127	39	0.0	3	13 16 3 7
128	34	0.0	3	13 16 2 3
129	33	0.0	3	14 10 7 2
130	25	0.0	3	9 13 2 1
131	18	0.0	3	4 5 6 3
132	35	0.0	3	9 18 5 3
133	32	0.0	3	7 16 4 5
134	25	0.0	3	6 12 4 3
135	32	0.0	3	5 18 3 6
136	25	0.0	3	8 13 1 3
137	25	0.0	3	8 7 7 3
138	29	0.0	3	11 14 3 1
139	20	0.0	3	1 16 2 1
140	34	0.0	3	4 21 6 3
141	16	0.0	3	2 7 6 1
142	23	0.0	3	1 13 3 6
143	18	0.0	3	6 8 3 1
144	28	0.0	3	6 12 6 4
145	20	0.0	3	4 11 2 3
146	21	0.0	3	5 11 2 3
147	17	0.0	3	2 9 2 4
148	28	0.0	3	5 13 8 2
149	14	0.0	3	0 12 1 1
150	19	0.0	3	2 6 9 2
151	23	0.0	3	2 14 5 2
152	25	0.0	3	1 16 7 1
153	19	0.0	3	1 11 5 2
154	13	0.0	3	2 7 4
155	23	0.0	3	1 15 3 4
156	18	0.0	3	2 8 5 3
157	15	0.0	3	1 8 3 3
158	17	0.0	3	1 8 3 5
159	14	0.0	3	3 6 2 3
160	15	0.0	3	0 11 3 1
161	17	0.0	3	1 11 4 1
162	19	0.0	3	2 12 4 1
163	12	0.0	3	2 6 2 2
164	16	0.0	3	1 9 4 2
165	20	0.0	3	1 14 3 2
166	15	0.0	3	1 14
167	17	0.0	3	2 11 2 2
168	17	0.0	3	0 9 7 1
169	11	0.0	3	0 9 1 1
170	10	0.0	3	0 7 1 2
171	10	0.0	3	1 6 1 2
172	11	0.0	3	0 6 4 1
173	9	0.0	3	0 9
174	16	0.0	3	0 9 5 2
175	12	0.0	3	0 7 4 1
176	14	0.0	3	0 11 1 2
177	7	0.0	3	0 4 1 2
178	7	0.0	3	1 3 3
179	14	0.0	3	0 10 2 2
180	11	0.0	3	1 7 1 2
181	16	0.0	3	1 10 3 2
182	8	0.0	3	0 4 1 3
183	9	0.0	3	1 3 4 1
184	9	0.0	3	0 5 3 1
185	10	0.0	3	0 8 1 1
186	10	0.0	3	1 6 1 2
187	6	0.0	3	0 2 2 2
188	10	0.0	3	0 8 1 1
189	7	0.0	3	0 5 2
190	5	0.0	3	0 3 1 1
191	5	0.0	3	0 5
192	6	0.0	3	0 4 1 1
193	2	0.0	3	0 1 0 1
194	3	0.0	3	0 2 0 1
195	1	0.0	3	0 1
196	3	0.0	3	0 0 2 1
197	1	0.0	3	0 0 0 1
198	3	0.0	3	0 2 1
199	2	0.0	3	0 2
201	2	0.0	3	0 1 1
202	4	0.0	3	1 2 0 1
204	5	0.0	3	0 3 0 2
205	2	0.0	3	0 1 1
207	1	0.0	3	0 0 1
208	1	0.0	3	0 0 1
209	1	0.0	3	0 1
210	1	0.0	3	0 1
213	1	0.0	3	0 0 0 1
217	1	0.0	3	0 0 0 1
219	2	0.0	3	0 1 0 1
225	1	0.0	3	0 1
236	1	0.0	3	0 1
