This is cutadapt 2.9 with Python 3.7.10
Command line parameters: -q 10 --minimum-length 25 --cores 80 -a AGATCGGAAGAGCACACGTCTGAACTCCAGTCA -A AGATCGGAAGAGCGTCGTGTAGGGAAAGAGTGT -o prefetch_sra_files/SRR6951744_R1_Trimmed.fastq.gz -p prefetch_sra_files/SRR6951744_R2_Trimmed.fastq.gz prefetch_sra_files/SRR6951744.sra_1.fastq.gz prefetch_sra_files/SRR6951744.sra_2.fastq.gz
Processing reads on 80 cores in paired-end mode ...
Finished in 554.98 s (29 us/read; 2.04 M reads/minute).

=== Summary ===

Total read pairs processed:         18,879,752
  Read 1 with adapter:               4,476,747 (23.7%)
  Read 2 with adapter:               4,391,026 (23.3%)
Pairs written (passing filters):    18,813,442 (99.6%)

Total basepairs processed: 9,477,635,504 bp
  Read 1: 4,738,817,752 bp
  Read 2: 4,738,817,752 bp
Quality-trimmed:             645,457,981 bp (6.8%)
  Read 1:   184,695,892 bp
  Read 2:   460,762,089 bp
Total written (filtered):  8,419,024,197 bp (88.8%)
  Read 1: 4,311,445,910 bp
  Read 2: 4,107,578,287 bp

=== First read: Adapter 1 ===

Sequence: AGATCGGAAGAGCACACGTCTGAACTCCAGTCA; Type: regular 3'; Length: 33; Trimmed: 4476747 times

No. of allowed errors:
0-9 bp: 0; 10-19 bp: 1; 20-29 bp: 2; 30-33 bp: 3

Bases preceding removed adapters:
  A: 17.1%
  C: 33.8%
  G: 29.3%
  T: 19.5%
  none/other: 0.3%

Overview of removed sequences
length	count	expect	max.err	error counts
3	227850	294996.1	0	227850
4	74797	73749.0	0	74797
5	44183	18437.3	0	44183
6	36859	4609.3	0	36859
7	32671	1152.3	0	32671
8	26598	288.1	0	26598
9	44594	72.0	0	43980 614
10	27738	18.0	1	25497 2241
11	30503	4.5	1	27917 2586
12	31877	1.1	1	29553 2324
13	29347	0.3	1	27132 2215
14	33022	0.1	1	30126 2896
15	29364	0.0	1	26769 2595
16	30404	0.0	1	27119 3285
17	37590	0.0	1	33280 4310
18	31371	0.0	1	28476 2867 28
19	26950	0.0	1	24254 2630 66
20	30990	0.0	2	27383 3030 577
21	35657	0.0	2	31129 3785 743
22	29949	0.0	2	26078 3241 630
23	32951	0.0	2	28459 3721 771
24	38091	0.0	2	32550 4456 1085
25	34553	0.0	2	29503 4105 945
26	25528	0.0	2	21234 3486 808
27	34711	0.0	2	29179 4335 1193 4
28	41513	0.0	2	35180 5120 1202 11
29	34931	0.0	2	28146 5322 1347 116
30	35448	0.0	3	29549 4377 1160 362
31	28789	0.0	3	23898 3749 844 298
32	38242	0.0	3	32538 4406 987 311
33	25965	0.0	3	20380 4124 1121 340
34	46481	0.0	3	38327 5933 1572 649
35	20872	0.0	3	15903 3565 1009 395
36	38868	0.0	3	30397 6113 1699 659
37	56809	0.0	3	43444 9495 2746 1124
38	48970	0.0	3	37926 7943 2291 810
39	54782	0.0	3	45382 7022 1727 651
40	27787	0.0	3	22289 4072 1056 370
41	43677	0.0	3	36718 5323 1281 355
42	36804	0.0	3	30296 5096 1062 350
43	86241	0.0	3	75790 8217 1708 526
44	12674	0.0	3	10466 1729 354 125
45	11131	0.0	3	9632 1130 289 80
46	9260	0.0	3	7714 1218 239 89
47	23358	0.0	3	20515 2177 513 153
48	22262	0.0	3	19409 2283 427 143
49	27400	0.0	3	23835 2814 568 183
50	27843	0.0	3	23984 3086 608 165
51	37154	0.0	3	31779 4233 819 323
52	30063	0.0	3	25489 3586 767 221
53	39019	0.0	3	33277 4526 934 282
54	49496	0.0	3	42620 5460 1064 352
55	47545	0.0	3	41715 4699 856 275
56	26154	0.0	3	22632 2887 455 180
57	40492	0.0	3	35474 4104 685 229
58	36505	0.0	3	31906 3770 598 231
59	32024	0.0	3	28243 3102 517 162
60	35584	0.0	3	31628 3253 519 184
61	32128	0.0	3	28370 3018 573 167
62	27481	0.0	3	23971 2945 453 112
63	52502	0.0	3	46950 4699 667 186
64	42988	0.0	3	38123 4069 618 178
65	37025	0.0	3	32767 3475 603 180
66	47600	0.0	3	42562 4280 592 166
67	32840	0.0	3	29281 3023 398 138
68	37408	0.0	3	33678 3215 393 122
69	42479	0.0	3	38065 3747 491 176
70	50052	0.0	3	44768 4512 608 164
71	67325	0.0	3	60409 5856 796 264
72	82891	0.0	3	74697 6977 880 337
73	103861	0.0	3	93695 8573 1154 439
74	153449	0.0	3	137722 13292 1914 521
75	301203	0.0	3	269104 29630 1833 636
76	879310	0.0	3	844974 31480 1996 860
77	114073	0.0	3	105965 7119 657 332
78	21449	0.0	3	19495 1633 232 89
79	9401	0.0	3	8477 747 116 61
80	6359	0.0	3	5699 544 86 30
81	5521	0.0	3	4937 477 78 29
82	4895	0.0	3	4341 430 95 29
83	4760	0.0	3	4257 399 76 28
84	4575	0.0	3	4027 417 97 34
85	4327	0.0	3	3867 359 65 36
86	4157	0.0	3	3691 359 83 24
87	3881	0.0	3	3421 364 69 27
88	3491	0.0	3	3086 318 54 33
89	3327	0.0	3	2916 335 58 18
90	2987	0.0	3	2628 291 51 17
91	2898	0.0	3	2517 310 51 20
92	2714	0.0	3	2370 285 48 11
93	2677	0.0	3	2350 241 65 21
94	2426	0.0	3	2112 259 39 16
95	2260	0.0	3	1970 231 48 11
96	2280	0.0	3	1964 241 51 24
97	2055	0.0	3	1777 206 50 22
98	1951	0.0	3	1688 200 33 30
99	1909	0.0	3	1628 209 54 18
100	1785	0.0	3	1540 190 37 18
101	1735	0.0	3	1473 206 46 10
102	1762	0.0	3	1526 190 31 15
103	1548	0.0	3	1326 164 44 14
104	1489	0.0	3	1258 180 34 17
105	1480	0.0	3	1294 142 27 17
106	1438	0.0	3	1223 166 33 16
107	1285	0.0	3	1066 170 34 15
108	1282	0.0	3	1077 168 32 5
109	1232	0.0	3	1025 151 43 13
110	1132	0.0	3	975 114 33 10
111	1010	0.0	3	815 140 39 16
112	1113	0.0	3	895 158 39 21
113	1013	0.0	3	840 128 34 11
114	907	0.0	3	744 130 24 9
115	941	0.0	3	769 137 27 8
116	893	0.0	3	750 119 20 4
117	806	0.0	3	669 109 21 7
118	749	0.0	3	642 67 27 13
119	803	0.0	3	649 108 36 10
120	719	0.0	3	583 101 29 6
121	709	0.0	3	570 106 19 14
122	654	0.0	3	508 108 31 7
123	629	0.0	3	509 96 20 4
124	559	0.0	3	437 89 22 11
125	531	0.0	3	421 83 19 8
126	562	0.0	3	431 95 29 7
127	495	0.0	3	390 83 12 10
128	457	0.0	3	355 83 14 5
129	540	0.0	3	422 98 17 3
130	416	0.0	3	320 76 16 4
131	372	0.0	3	274 80 11 7
132	370	0.0	3	296 52 13 9
133	374	0.0	3	294 53 21 6
134	370	0.0	3	270 77 15 8
135	343	0.0	3	229 94 18 2
136	321	0.0	3	225 79 13 4
137	314	0.0	3	234 62 16 2
138	267	0.0	3	196 51 15 5
139	247	0.0	3	181 57 9
140	283	0.0	3	195 57 25 6
141	231	0.0	3	160 57 12 2
142	217	0.0	3	166 42 8 1
143	213	0.0	3	155 44 10 4
144	233	0.0	3	168 53 12
145	196	0.0	3	147 43 2 4
146	175	0.0	3	107 52 13 3
147	195	0.0	3	115 70 7 3
148	160	0.0	3	122 30 6 2
149	150	0.0	3	97 41 11 1
150	159	0.0	3	107 42 10
151	147	0.0	3	99 46 2
152	125	0.0	3	82 35 7 1
153	119	0.0	3	74 36 8 1
154	92	0.0	3	48 37 7
155	94	0.0	3	52 33 9
156	117	0.0	3	57 51 8 1
157	95	0.0	3	58 28 5 4
158	84	0.0	3	41 42 0 1
159	104	0.0	3	56 41 5 2
160	83	0.0	3	43 40
161	101	0.0	3	53 47 0 1
162	77	0.0	3	30 40 3 4
163	85	0.0	3	42 40 3
164	61	0.0	3	23 35 2 1
165	74	0.0	3	27 33 11 3
166	50	0.0	3	26 21 3
167	84	0.0	3	29 53 2
168	68	0.0	3	19 45 4
169	74	0.0	3	27 39 8
170	56	0.0	3	16 35 5
171	59	0.0	3	9 41 9
172	54	0.0	3	9 41 2 2
173	50	0.0	3	7 40 1 2
174	43	0.0	3	12 24 6 1
175	45	0.0	3	9 34 2
176	46	0.0	3	4 40 2
177	47	0.0	3	4 34 7 2
178	49	0.0	3	5 37 3 4
179	56	0.0	3	16 35 5
180	47	0.0	3	7 37 3
181	42	0.0	3	4 36 2
182	43	0.0	3	6 35 2
183	33	0.0	3	4 26 2 1
184	34	0.0	3	1 29 4
185	38	0.0	3	7 29 2
186	58	0.0	3	7 41 8 2
187	33	0.0	3	3 28 2
188	40	0.0	3	8 31 1
189	39	0.0	3	0 38 1
190	38	0.0	3	2 32 4
191	49	0.0	3	4 39 5 1
192	45	0.0	3	0 33 12
193	27	0.0	3	1 24 0 2
194	32	0.0	3	0 31 1
195	29	0.0	3	0 24 4 1
196	28	0.0	3	3 22 3
197	29	0.0	3	2 23 4
198	29	0.0	3	1 26 2
199	29	0.0	3	0 23 6
200	38	0.0	3	1 33 4
201	22	0.0	3	2 15 5
202	19	0.0	3	0 17 2
203	40	0.0	3	1 34 3 2
204	26	0.0	3	0 22 2 2
205	36	0.0	3	1 27 4 4
206	31	0.0	3	0 27 4
207	25	0.0	3	2 19 4
208	13	0.0	3	2 10 1
209	26	0.0	3	0 23 3
210	29	0.0	3	1 26 2
211	27	0.0	3	0 23 4
212	25	0.0	3	2 22 1
213	21	0.0	3	0 19 2
214	13	0.0	3	0 11 2
215	21	0.0	3	0 19 2
216	10	0.0	3	0 9 1
217	12	0.0	3	0 11 1
218	19	0.0	3	2 15 2
219	15	0.0	3	0 15
220	13	0.0	3	0 12 1
221	19	0.0	3	0 17 2
222	6	0.0	3	0 6
223	11	0.0	3	0 8 3
224	7	0.0	3	0 5 2
225	23	0.0	3	0 21 2
226	11	0.0	3	0 7 2 2
227	10	0.0	3	0 10
228	6	0.0	3	0 6
230	11	0.0	3	0 11
231	11	0.0	3	2 5 2 2
232	14	0.0	3	0 10 4
233	5	0.0	3	0 5
234	5	0.0	3	0 5
235	5	0.0	3	0 5
236	2	0.0	3	0 2
237	6	0.0	3	0 5 1
238	1	0.0	3	0 0 1
239	4	0.0	3	0 2 2
240	5	0.0	3	0 5
241	1	0.0	3	0 1
243	7	0.0	3	0 7
244	6	0.0	3	0 4 2
245	3	0.0	3	0 3
246	4	0.0	3	0 3 1
247	2	0.0	3	0 2
248	2	0.0	3	0 2
249	1	0.0	3	0 1
250	1	0.0	3	0 0 1
251	26	0.0	3	0 25 1


=== Second read: Adapter 2 ===

Sequence: AGATCGGAAGAGCGTCGTGTAGGGAAAGAGTGT; Type: regular 3'; Length: 33; Trimmed: 4391026 times

No. of allowed errors:
0-9 bp: 0; 10-19 bp: 1; 20-29 bp: 2; 30-33 bp: 3

Bases preceding removed adapters:
  A: 18.9%
  C: 38.1%
  G: 32.9%
  T: 9.9%
  none/other: 0.2%

Overview of removed sequences
length	count	expect	max.err	error counts
3	351622	294996.1	0	351622
4	79865	73749.0	0	79865
5	43039	18437.3	0	43039
6	39678	4609.3	0	39678
7	38782	1152.3	0	38782
8	28544	288.1	0	28544
9	51237	72.0	0	50728 509
10	37873	18.0	1	32837 5036
11	38926	4.5	1	33688 5238
12	44949	1.1	1	39467 5482
13	38665	0.3	1	33487 5178
14	58803	0.1	1	51387 7416
15	21985	0.0	1	18517 3468
16	29302	0.0	1	25049 4253
17	51361	0.0	1	43479 7882
18	16459	0.0	1	13262 3163 34
19	33266	0.0	1	27524 5677 65
20	19841	0.0	2	15214 3528 1099
21	20268	0.0	2	15666 3780 822
22	30328	0.0	2	22874 6063 1391
23	44667	0.0	2	32617 9683 2367
24	55280	0.0	2	39359 12603 3318
25	53078	0.0	2	37471 12338 3269
26	80499	0.0	2	57313 18171 5015
27	56178	0.0	2	39163 13067 3942 6
28	85186	0.0	2	60871 18907 5224 184
29	60956	0.0	2	43225 13769 3898 64
30	199847	0.0	3	150261 38205 9196 2185
31	19200	0.0	3	10803 5754 1923 720
32	81796	0.0	3	58165 17434 4819 1378
33	13883	0.0	3	7822 3906 1607 548
34	38534	0.0	3	23919 10222 3306 1087
35	67753	0.0	3	42310 18340 5359 1744
36	191950	0.0	3	122408 51925 13699 3918
37	9483	0.0	3	5060 2968 1063 392
38	35285	0.0	3	21128 9985 3128 1044
39	17369	0.0	3	10792 4697 1333 547
40	37593	0.0	3	24600 9660 2494 839
41	50813	0.0	3	35217 11962 2731 903
42	67600	0.0	3	45729 16848 3953 1070
43	85340	0.0	3	60949 19060 4115 1216
44	97615	0.0	3	69059 22071 5186 1299
45	139813	0.0	3	102756 29304 6065 1688
46	209249	0.0	3	161687 38803 7082 1677
47	150793	0.0	3	117059 27672 4879 1183
48	96832	0.0	3	74994 17901 3135 802
49	78069	0.0	3	62691 12633 2191 554
50	42917	0.0	3	33959 7252 1342 364
51	39923	0.0	3	32573 5918 1096 336
52	27161	0.0	3	21816 4269 804 272
53	38702	0.0	3	31515 5884 968 335
54	72401	0.0	3	60059 10190 1722 430
55	25980	0.0	3	21087 4003 663 227
56	64512	0.0	3	54461 8355 1296 400
57	100000	0.0	3	84895 12735 1867 503
58	55272	0.0	3	47330 6672 986 284
59	19020	0.0	3	15743 2662 449 166
60	48304	0.0	3	41781 5521 804 198
61	18813	0.0	3	15829 2463 404 117
62	13765	0.0	3	11483 1835 336 111
63	41274	0.0	3	36368 4232 549 125
64	16342	0.0	3	14271 1721 281 69
65	7087	0.0	3	6025 855 148 59
66	5414	0.0	3	4619 637 120 38
67	5836	0.0	3	5041 657 114 24
68	8535	0.0	3	7449 888 127 71
69	8300	0.0	3	7307 826 110 57
70	7642	0.0	3	6722 730 141 49
71	9442	0.0	3	8351 903 138 50
72	10615	0.0	3	9380 996 190 49
73	13916	0.0	3	12152 1489 192 83
74	18692	0.0	3	16207 2038 319 128
75	28547	0.0	3	25169 2778 434 166
76	33433	0.0	3	29330 3351 523 229
77	44129	0.0	3	39044 4272 587 226
78	56723	0.0	3	50553 5166 743 261
79	85591	0.0	3	75795 8291 1005 500
80	157167	0.0	3	146642 9034 1055 436
81	32803	0.0	3	29834 2473 376 120
82	12730	0.0	3	11449 1046 169 66
83	4925	0.0	3	4359 447 74 45
84	2174	0.0	3	1845 244 58 27
85	1516	0.0	3	1261 178 44 33
86	998	0.0	3	802 125 47 24
87	811	0.0	3	623 120 43 25
88	759	0.0	3	583 113 38 25
89	659	0.0	3	475 122 41 21
90	589	0.0	3	414 114 37 24
91	485	0.0	3	339 89 43 14
92	477	0.0	3	333 90 23 31
93	461	0.0	3	319 91 45 6
94	441	0.0	3	302 91 30 18
95	309	0.0	3	196 64 30 19
96	306	0.0	3	199 61 33 13
97	279	0.0	3	194 56 20 9
98	268	0.0	3	177 59 20 12
99	228	0.0	3	147 48 22 11
100	195	0.0	3	120 51 16 8
101	219	0.0	3	120 60 24 15
102	188	0.0	3	116 44 12 16
103	214	0.0	3	101 66 25 22
104	205	0.0	3	112 56 26 11
105	172	0.0	3	85 50 23 14
106	145	0.0	3	73 46 14 12
107	158	0.0	3	69 58 18 13
108	115	0.0	3	43 44 13 15
109	119	0.0	3	58 30 16 15
110	118	0.0	3	39 38 25 16
111	100	0.0	3	38 39 12 11
112	134	0.0	3	49 42 25 18
113	106	0.0	3	46 32 17 11
114	105	0.0	3	38 34 12 21
115	101	0.0	3	37 33 17 14
116	78	0.0	3	22 40 7 9
117	95	0.0	3	33 39 15 8
118	94	0.0	3	28 45 9 12
119	73	0.0	3	24 38 8 3
120	74	0.0	3	26 24 11 13
121	71	0.0	3	14 34 12 11
122	59	0.0	3	18 24 6 11
123	67	0.0	3	23 26 9 9
124	61	0.0	3	20 29 11 1
125	56	0.0	3	16 20 13 7
126	49	0.0	3	13 22 7 7
127	58	0.0	3	18 27 7 6
128	48	0.0	3	10 18 10 10
129	44	0.0	3	9 19 13 3
130	41	0.0	3	7 14 9 11
131	44	0.0	3	9 15 9 11
132	44	0.0	3	12 19 7 6
133	39	0.0	3	3 22 8 6
134	41	0.0	3	9 15 13 4
135	47	0.0	3	15 13 11 8
136	39	0.0	3	6 14 11 8
137	32	0.0	3	8 12 5 7
138	43	0.0	3	6 27 7 3
139	41	0.0	3	2 23 7 9
140	33	0.0	3	2 24 4 3
141	29	0.0	3	1 16 9 3
142	32	0.0	3	6 16 9 1
143	30	0.0	3	2 16 9 3
144	37	0.0	3	1 20 10 6
145	36	0.0	3	2 21 4 9
146	33	0.0	3	3 13 10 7
147	28	0.0	3	4 17 4 3
148	19	0.0	3	1 9 6 3
149	27	0.0	3	0 18 4 5
150	37	0.0	3	6 23 3 5
151	20	0.0	3	2 8 6 4
152	31	0.0	3	1 15 8 7
153	34	0.0	3	0 11 14 9
154	24	0.0	3	0 15 5 4
155	27	0.0	3	1 17 7 2
156	30	0.0	3	2 20 2 6
157	34	0.0	3	3 15 13 3
158	30	0.0	3	0 15 10 5
159	20	0.0	3	2 10 5 3
160	15	0.0	3	0 8 3 4
161	32	0.0	3	0 17 7 8
162	32	0.0	3	0 15 10 7
163	16	0.0	3	0 5 4 7
164	25	0.0	3	0 11 11 3
165	31	0.0	3	1 18 7 5
166	18	0.0	3	0 9 3 6
167	21	0.0	3	1 12 5 3
168	7	0.0	3	0 4 2 1
169	14	0.0	3	0 1 11 2
170	15	0.0	3	0 9 4 2
171	24	0.0	3	0 10 9 5
172	23	0.0	3	3 12 7 1
173	14	0.0	3	0 5 4 5
174	12	0.0	3	1 6 3 2
175	18	0.0	3	0 8 6 4
176	8	0.0	3	0 5 3
177	15	0.0	3	0 9 1 5
178	8	0.0	3	0 3 0 5
179	29	0.0	3	0 12 11 6
180	22	0.0	3	0 16 2 4
181	18	0.0	3	0 2 12 4
182	15	0.0	3	0 11 3 1
183	15	0.0	3	0 5 6 4
184	7	0.0	3	0 4 0 3
185	8	0.0	3	0 1 4 3
186	7	0.0	3	0 3 2 2
187	13	0.0	3	0 8 4 1
188	5	0.0	3	0 1 0 4
189	5	0.0	3	0 2 1 2
190	3	0.0	3	0 2 1
191	7	0.0	3	0 3 4
192	7	0.0	3	0 2 2 3
193	2	0.0	3	0 1 1
194	10	0.0	3	0 9 0 1
195	9	0.0	3	0 4 0 5
196	3	0.0	3	0 2 1
197	6	0.0	3	0 2 1 3
198	3	0.0	3	0 2 0 1
199	2	0.0	3	0 1 0 1
200	3	0.0	3	0 2 1
201	3	0.0	3	0 0 3
202	1	0.0	3	0 0 0 1
204	2	0.0	3	0 0 0 2
205	1	0.0	3	0 0 1
206	1	0.0	3	0 1
209	4	0.0	3	0 3 1
210	4	0.0	3	0 3 0 1
215	1	0.0	3	0 0 0 1
224	2	0.0	3	0 0 0 2
227	2	0.0	3	0 0 0 2
232	2	0.0	3	0 0 2
234	2	0.0	3	0 0 0 2
244	2	0.0	3	0 0 0 2
248	2	0.0	3	0 2
