This is cutadapt 2.9 with Python 3.7.10
Command line parameters: -q 10 --minimum-length 25 --cores 80 -a AGATCGGAAGAGCACACGTCTGAACTCCAGTCA -A AGATCGGAAGAGCGTCGTGTAGGGAAAGAGTGT -o prefetch_sra_files/SRR7059699_R1_Trimmed.fastq.gz -p prefetch_sra_files/SRR7059699_R2_Trimmed.fastq.gz prefetch_sra_files/SRR7059699.sra_1.fastq.gz prefetch_sra_files/SRR7059699.sra_2.fastq.gz
Processing reads on 80 cores in paired-end mode ...
Finished in 569.43 s (31 us/read; 1.92 M reads/minute).

=== Summary ===

Total read pairs processed:         18,192,284
  Read 1 with adapter:                 929,912 (5.1%)
  Read 2 with adapter:                 610,243 (3.4%)
Pairs written (passing filters):    18,154,159 (99.8%)

Total basepairs processed: 9,132,526,568 bp
  Read 1: 4,566,263,284 bp
  Read 2: 4,566,263,284 bp
Quality-trimmed:             504,425,887 bp (5.5%)
  Read 1:   371,243,187 bp
  Read 2:   133,182,700 bp
Total written (filtered):  8,610,039,145 bp (94.3%)
  Read 1: 4,188,918,758 bp
  Read 2: 4,421,120,387 bp

=== First read: Adapter 1 ===

Sequence: AGATCGGAAGAGCACACGTCTGAACTCCAGTCA; Type: regular 3'; Length: 33; Trimmed: 929912 times

No. of allowed errors:
0-9 bp: 0; 10-19 bp: 1; 20-29 bp: 2; 30-33 bp: 3

Bases preceding removed adapters:
  A: 27.7%
  C: 28.8%
  G: 26.9%
  T: 16.5%
  none/other: 0.0%

Overview of removed sequences
length	count	expect	max.err	error counts
3	453519	284254.4	0	453519
4	100394	71063.6	0	100394
5	48136	17765.9	0	48136
6	36495	4441.5	0	36495
7	40524	1110.4	0	40524
8	25176	277.6	0	25176
9	42350	69.4	0	41764 586
10	34861	17.3	1	30437 4424
11	29741	4.3	1	25907 3834
12	39100	1.1	1	34823 4277
13	30828	0.3	1	26832 3996
14	48676	0.1	1	0 48676
15	35	0.0	1	0 35
16	73	0.0	1	0 73
17	2	0.0	1	0 2
19	1	0.0	1	0 0 1
43	1	0.0	3	0 0 0 1


=== Second read: Adapter 2 ===

Sequence: AGATCGGAAGAGCGTCGTGTAGGGAAAGAGTGT; Type: regular 3'; Length: 33; Trimmed: 610243 times

No. of allowed errors:
0-9 bp: 0; 10-19 bp: 1; 20-29 bp: 2; 30-33 bp: 3

Bases preceding removed adapters:
  A: 22.4%
  C: 35.1%
  G: 25.2%
  T: 17.2%
  none/other: 0.0%

Overview of removed sequences
length	count	expect	max.err	error counts
3	229820	284254.4	0	229820
4	70459	71063.6	0	70459
5	42547	17765.9	0	42547
6	34607	4441.5	0	34607
7	34173	1110.4	0	34173
8	25343	277.6	0	25343
9	35483	69.4	0	34908 575
10	29293	17.3	1	27039 2254
11	25521	4.3	1	23415 2106
12	29005	1.1	1	27015 1990
13	27784	0.3	1	25871 1913
14	26190	0.1	1	5 26185
15	17	0.0	1	0 17
24	1	0.0	2	0 0 1
