This is cutadapt 2.9 with Python 3.7.10
Command line parameters: -q 10 --minimum-length 25 --cores 80 -a AGATCGGAAGAGCACACGTCTGAACTCCAGTCA -A AGATCGGAAGAGCGTCGTGTAGGGAAAGAGTGT -o prefetch_sra_files/SRR7058566_R1_Trimmed.fastq.gz -p prefetch_sra_files/SRR7058566_R2_Trimmed.fastq.gz prefetch_sra_files/SRR7058566.sra_1.fastq.gz prefetch_sra_files/SRR7058566.sra_2.fastq.gz
Processing reads on 80 cores in paired-end mode ...
Finished in 454.96 s (31 us/read; 1.93 M reads/minute).

=== Summary ===

Total read pairs processed:         14,598,645
  Read 1 with adapter:               2,905,743 (19.9%)
  Read 2 with adapter:               2,943,688 (20.2%)
Pairs written (passing filters):    14,549,932 (99.7%)

Total basepairs processed: 7,328,519,790 bp
  Read 1: 3,664,259,895 bp
  Read 2: 3,664,259,895 bp
Quality-trimmed:             456,361,654 bp (6.2%)
  Read 1:   126,805,429 bp
  Read 2:   329,556,225 bp
Total written (filtered):  6,609,147,419 bp (90.2%)
  Read 1: 3,378,494,646 bp
  Read 2: 3,230,652,773 bp

=== First read: Adapter 1 ===

Sequence: AGATCGGAAGAGCACACGTCTGAACTCCAGTCA; Type: regular 3'; Length: 33; Trimmed: 2905743 times

No. of allowed errors:
0-9 bp: 0; 10-19 bp: 1; 20-29 bp: 2; 30-33 bp: 3

Bases preceding removed adapters:
  A: 14.1%
  C: 37.8%
  G: 29.7%
  T: 18.0%
  none/other: 0.4%

Overview of removed sequences
length	count	expect	max.err	error counts
3	174516	228103.8	0	174516
4	53093	57026.0	0	53093
5	30528	14256.5	0	30528
6	23135	3564.1	0	23135
7	21220	891.0	0	21220
8	16412	222.8	0	16412
9	27063	55.7	0	26559 504
10	17433	13.9	1	15960 1473
11	17662	3.5	1	16285 1377
12	18685	0.9	1	17446 1239
13	18170	0.2	1	16850 1320
14	18480	0.1	1	16890 1590
15	19225	0.0	1	17497 1728
16	16787	0.0	1	14988 1799
17	23655	0.0	1	20965 2690
18	22208	0.0	1	20082 2092 34
19	13853	0.0	1	12428 1388 37
20	20540	0.0	2	18226 1944 370
21	17665	0.0	2	15354 1914 397
22	18028	0.0	2	15708 1926 394
23	18699	0.0	2	16246 2032 421
24	20117	0.0	2	17326 2321 470
25	20705	0.0	2	17916 2231 558
26	13000	0.0	2	10725 1858 417
27	19976	0.0	2	16700 2640 631 5
28	24301	0.0	2	20450 3093 749 9
29	18405	0.0	2	14879 2706 713 107
30	20489	0.0	3	17189 2481 624 195
31	16933	0.0	3	14035 2203 523 172
32	23359	0.0	3	19860 2661 625 213
33	15066	0.0	3	11966 2257 617 226
34	21211	0.0	3	16744 3221 930 316
35	25637	0.0	3	20412 3729 1084 412
36	24227	0.0	3	18665 3818 1275 469
37	24487	0.0	3	19258 3759 1088 382
38	24453	0.0	3	19353 3683 1029 388
39	28029	0.0	3	22440 3951 1199 439
40	21784	0.0	3	17340 3302 819 323
41	35700	0.0	3	29416 4630 1228 426
42	23647	0.0	3	19190 3377 787 293
43	47850	0.0	3	41739 4724 1038 349
44	8543	0.0	3	7028 1143 265 107
45	8713	0.0	3	7441 958 234 80
46	7176	0.0	3	5857 987 236 96
47	17030	0.0	3	14642 1813 418 157
48	14235	0.0	3	12195 1557 350 133
49	19792	0.0	3	16983 2102 511 196
50	16883	0.0	3	14238 2012 446 187
51	25309	0.0	3	21503 2896 680 230
52	18611	0.0	3	15550 2373 525 163
53	25362	0.0	3	21289 3190 670 213
54	33343	0.0	3	28446 3745 884 268
55	29600	0.0	3	25530 3185 657 228
56	16557	0.0	3	14017 1996 415 129
57	26352	0.0	3	23029 2635 513 175
58	23554	0.0	3	20440 2474 508 132
59	20889	0.0	3	18325 2035 395 134
60	24171	0.0	3	21279 2337 425 130
61	21911	0.0	3	19363 2010 407 131
62	17932	0.0	3	15467 2025 341 99
63	34599	0.0	3	30963 2970 498 168
64	28339	0.0	3	25098 2652 471 118
65	24990	0.0	3	22104 2380 394 112
66	31296	0.0	3	28077 2674 425 120
67	21987	0.0	3	19613 1991 289 94
68	24897	0.0	3	22319 2152 318 108
69	28734	0.0	3	25754 2504 373 103
70	34647	0.0	3	30892 3156 461 138
71	47032	0.0	3	42135 4110 618 169
72	57116	0.0	3	51498 4716 696 206
73	71305	0.0	3	64294 5907 821 283
74	104759	0.0	3	94291 8776 1430 262
75	204905	0.0	3	183701 19708 1158 338
76	576076	0.0	3	557884 16649 1105 438
77	71848	0.0	3	67623 3777 318 130
78	13120	0.0	3	12032 913 131 44
79	6148	0.0	3	5590 464 67 27
80	4349	0.0	3	3922 336 59 32
81	3650	0.0	3	3260 309 57 24
82	3371	0.0	3	2973 323 55 20
83	3152	0.0	3	2807 277 53 15
84	3038	0.0	3	2704 270 48 16
85	2832	0.0	3	2494 265 49 24
86	2695	0.0	3	2352 258 65 20
87	2441	0.0	3	2103 247 62 29
88	2366	0.0	3	2088 217 38 23
89	2131	0.0	3	1833 224 51 23
90	2001	0.0	3	1727 211 45 18
91	1859	0.0	3	1589 200 52 18
92	1761	0.0	3	1529 172 42 18
93	1648	0.0	3	1407 187 30 24
94	1648	0.0	3	1395 197 43 13
95	1482	0.0	3	1272 158 36 16
96	1388	0.0	3	1180 161 31 16
97	1334	0.0	3	1146 141 34 13
98	1245	0.0	3	1038 164 35 8
99	1227	0.0	3	1023 157 37 10
100	1112	0.0	3	939 126 33 14
101	1069	0.0	3	907 127 24 11
102	1049	0.0	3	879 128 27 15
103	995	0.0	3	814 134 31 16
104	942	0.0	3	761 137 29 15
105	914	0.0	3	757 112 32 13
106	905	0.0	3	734 117 43 11
107	809	0.0	3	657 114 28 10
108	850	0.0	3	687 140 17 6
109	789	0.0	3	668 90 19 12
110	673	0.0	3	540 100 24 9
111	710	0.0	3	540 124 30 16
112	664	0.0	3	540 103 13 8
113	591	0.0	3	468 98 19 6
114	612	0.0	3	472 113 19 8
115	554	0.0	3	452 81 13 8
116	525	0.0	3	424 79 18 4
117	514	0.0	3	402 81 17 14
118	536	0.0	3	413 104 15 4
119	483	0.0	3	377 79 20 7
120	455	0.0	3	343 84 22 6
121	442	0.0	3	339 84 14 5
122	411	0.0	3	310 86 11 4
123	419	0.0	3	314 80 18 7
124	375	0.0	3	290 67 12 6
125	341	0.0	3	246 77 14 4
126	333	0.0	3	261 50 15 7
127	308	0.0	3	223 63 16 6
128	338	0.0	3	255 72 7 4
129	295	0.0	3	209 71 11 4
130	260	0.0	3	193 51 15 1
131	287	0.0	3	209 63 12 3
132	247	0.0	3	182 49 15 1
133	260	0.0	3	182 66 8 4
134	255	0.0	3	184 52 14 5
135	228	0.0	3	151 59 16 2
136	212	0.0	3	155 43 11 3
137	204	0.0	3	128 58 15 3
138	222	0.0	3	132 68 20 2
139	158	0.0	3	96 50 10 2
140	187	0.0	3	124 41 20 2
141	171	0.0	3	104 52 13 2
142	131	0.0	3	89 32 9 1
143	174	0.0	3	108 54 8 4
144	136	0.0	3	85 39 9 3
145	134	0.0	3	75 50 6 3
146	131	0.0	3	82 39 8 2
147	109	0.0	3	60 41 6 2
148	109	0.0	3	63 40 5 1
149	93	0.0	3	46 40 5 2
150	92	0.0	3	48 40 4
151	87	0.0	3	47 36 4
152	82	0.0	3	40 37 4 1
153	91	0.0	3	43 36 9 3
154	80	0.0	3	33 40 7
155	66	0.0	3	32 29 5
156	76	0.0	3	34 35 7
157	66	0.0	3	30 29 6 1
158	81	0.0	3	36 40 5
159	78	0.0	3	33 36 7 2
160	71	0.0	3	25 42 4
161	60	0.0	3	26 30 4
162	52	0.0	3	15 34 3
163	50	0.0	3	16 26 8
164	55	0.0	3	20 29 6
165	63	0.0	3	18 40 5
166	53	0.0	3	14 36 3
167	54	0.0	3	7 44 3
168	62	0.0	3	15 43 2 2
169	55	0.0	3	10 42 3
170	61	0.0	3	12 43 5 1
171	46	0.0	3	7 32 6 1
172	46	0.0	3	10 35 1
173	50	0.0	3	11 33 5 1
174	34	0.0	3	7 25 1 1
175	37	0.0	3	3 30 3 1
176	49	0.0	3	12 33 4
177	37	0.0	3	8 28 1
178	42	0.0	3	3 33 6
179	50	0.0	3	8 36 6
180	52	0.0	3	6 44 2
181	41	0.0	3	3 36 2
182	41	0.0	3	5 34 2
183	46	0.0	3	6 36 4
184	34	0.0	3	3 28 3
185	48	0.0	3	5 41 2
186	36	0.0	3	6 26 4
187	31	0.0	3	0 30 1
188	35	0.0	3	1 30 4
189	39	0.0	3	1 31 7
190	36	0.0	3	1 26 9
191	31	0.0	3	2 25 3 1
192	47	0.0	3	1 38 7 1
193	33	0.0	3	2 28 2 1
194	22	0.0	3	1 17 4
195	34	0.0	3	1 25 7 1
196	28	0.0	3	0 22 6
197	25	0.0	3	2 21 2
198	35	0.0	3	3 28 4
199	40	0.0	3	1 35 3 1
200	25	0.0	3	0 22 3
201	30	0.0	3	0 27 3
202	29	0.0	3	0 25 4
203	26	0.0	3	1 22 3
204	24	0.0	3	0 23 1
205	27	0.0	3	1 22 3 1
206	26	0.0	3	0 21 4 1
207	22	0.0	3	0 18 3 1
208	22	0.0	3	0 19 2 1
209	26	0.0	3	0 21 4 1
210	23	0.0	3	0 20 3
211	17	0.0	3	1 13 2 1
212	18	0.0	3	0 16 2
213	19	0.0	3	0 19
214	12	0.0	3	1 9 2
215	17	0.0	3	0 17
216	18	0.0	3	0 16 2
217	14	0.0	3	0 11 1 2
218	11	0.0	3	0 10 1
219	13	0.0	3	0 12 1
220	13	0.0	3	1 11 1
221	12	0.0	3	0 12
222	22	0.0	3	0 16 6
223	13	0.0	3	0 10 2 1
224	12	0.0	3	0 10 2
225	4	0.0	3	0 2 2
226	10	0.0	3	0 10
227	10	0.0	3	0 9 1
228	4	0.0	3	0 4
229	13	0.0	3	0 10 3
230	8	0.0	3	0 7 1
231	4	0.0	3	0 4
232	2	0.0	3	0 2
233	2	0.0	3	0 2
234	6	0.0	3	0 6
235	7	0.0	3	0 7
236	5	0.0	3	0 3 1 1
237	5	0.0	3	0 5
238	3	0.0	3	0 2 1
239	3	0.0	3	0 3
240	4	0.0	3	0 2 2
241	2	0.0	3	0 2
242	3	0.0	3	0 3
243	5	0.0	3	0 5
244	5	0.0	3	0 5
245	2	0.0	3	0 2
246	6	0.0	3	0 6
247	3	0.0	3	0 3
248	3	0.0	3	0 3
249	3	0.0	3	0 2 1
251	37	0.0	3	0 34 3


=== Second read: Adapter 2 ===

Sequence: AGATCGGAAGAGCGTCGTGTAGGGAAAGAGTGT; Type: regular 3'; Length: 33; Trimmed: 2943688 times

No. of allowed errors:
0-9 bp: 0; 10-19 bp: 1; 20-29 bp: 2; 30-33 bp: 3

Bases preceding removed adapters:
  A: 16.2%
  C: 38.4%
  G: 36.2%
  T: 8.9%
  none/other: 0.3%

Overview of removed sequences
length	count	expect	max.err	error counts
3	281639	228103.8	0	281639
4	58742	57026.0	0	58742
5	29010	14256.5	0	29010
6	23896	3564.1	0	23896
7	27357	891.0	0	27357
8	16668	222.8	0	16668
9	28947	55.7	0	28504 443
10	23478	13.9	1	20589 2889
11	19931	3.5	1	17295 2636
12	26624	0.9	1	23804 2820
13	20238	0.2	1	17608 2630
14	37605	0.1	1	33286 4319
15	10937	0.0	1	9324 1613
16	15562	0.0	1	13464 2098
17	32094	0.0	1	27472 4622
18	6996	0.0	1	5665 1311 20
19	19552	0.0	1	16437 3080 35
20	10202	0.0	2	8008 1633 561
21	8267	0.0	2	6525 1394 348
22	14655	0.0	2	11282 2774 599
23	22648	0.0	2	16610 4803 1235
24	42055	0.0	2	29934 9566 2555
25	13615	0.0	2	9315 3325 975
26	24432	0.0	2	17182 5615 1635
27	25009	0.0	2	17516 5681 1812
28	35094	0.0	2	24525 8081 2425 63
29	20297	0.0	2	13803 4966 1489 39
30	64193	0.0	3	45421 13926 3784 1062
31	10760	0.0	3	6391 2901 1083 385
32	36385	0.0	3	25537 7851 2297 700
33	24021	0.0	3	16246 5522 1706 547
34	48584	0.0	3	34662 10321 2759 842
35	89474	0.0	3	66302 17342 4472 1358
36	154978	0.0	3	115839 29573 7576 1990
37	123662	0.0	3	98718 19577 4331 1036
38	48887	0.0	3	39558 7242 1606 481
39	75319	0.0	3	64041 8950 1811 517
40	107652	0.0	3	93392 11458 2233 569
41	109761	0.0	3	94858 12121 2213 569
42	183481	0.0	3	162080 17504 3141 756
43	40443	0.0	3	34572 4700 918 253
44	149770	0.0	3	136488 11003 1805 474
45	92353	0.0	3	84150 6734 1134 335
46	73904	0.0	3	68163 4797 733 211
47	119105	0.0	3	112160 5923 801 221
48	50907	0.0	3	47479 2884 414 130
49	25899	0.0	3	23941 1560 301 97
50	10245	0.0	3	9270 748 159 68
51	9549	0.0	3	8726 633 120 70
52	5010	0.0	3	4367 454 128 61
53	12074	0.0	3	10863 965 170 76
54	38641	0.0	3	36587 1687 264 103
55	9592	0.0	3	8675 703 135 79
56	30250	0.0	3	28400 1528 240 82
57	70861	0.0	3	67992 2461 307 101
58	26180	0.0	3	24881 1057 175 67
59	5286	0.0	3	4693 488 72 33
60	23050	0.0	3	22087 766 139 58
61	6283	0.0	3	5831 368 56 28
62	3327	0.0	3	2937 314 54 22
63	15094	0.0	3	14548 442 76 28
64	5688	0.0	3	5355 272 44 17
65	2280	0.0	3	2112 122 36 10
66	1680	0.0	3	1523 103 39 15
67	1340	0.0	3	1215 78 30 17
68	2171	0.0	3	2010 119 24 18
69	2085	0.0	3	1908 128 26 23
70	1902	0.0	3	1703 146 34 19
71	2511	0.0	3	2319 137 38 17
72	2903	0.0	3	2595 217 61 30
73	3785	0.0	3	3421 269 58 37
74	4952	0.0	3	4438 394 71 49
75	7184	0.0	3	6402 633 94 55
76	11536	0.0	3	10463 852 146 75
77	13199	0.0	3	11944 1008 157 90
78	14585	0.0	3	12624 1604 247 110
79	23774	0.0	3	19400 3742 410 222
80	33691	0.0	3	31937 1379 254 121
81	8030	0.0	3	7627 315 60 28
82	1894	0.0	3	1735 114 28 17
83	696	0.0	3	611 61 18 6
84	412	0.0	3	339 51 13 9
85	326	0.0	3	261 33 22 10
86	238	0.0	3	180 39 11 8
87	229	0.0	3	184 34 5 6
88	237	0.0	3	180 34 15 8
89	225	0.0	3	167 32 14 12
90	200	0.0	3	147 32 9 12
91	193	0.0	3	129 36 21 7
92	189	0.0	3	135 30 16 8
93	185	0.0	3	128 36 14 7
94	148	0.0	3	101 33 9 5
95	162	0.0	3	109 31 15 7
96	156	0.0	3	93 43 11 9
97	156	0.0	3	91 36 20 9
98	160	0.0	3	97 45 11 7
99	128	0.0	3	74 36 7 11
100	110	0.0	3	59 28 10 13
101	108	0.0	3	58 34 10 6
102	89	0.0	3	46 28 4 11
103	114	0.0	3	68 32 10 4
104	124	0.0	3	63 31 16 14
105	87	0.0	3	43 33 8 3
106	96	0.0	3	37 35 13 11
107	105	0.0	3	50 31 14 10
108	69	0.0	3	29 24 8 8
109	93	0.0	3	34 35 15 9
110	90	0.0	3	34 40 10 6
111	90	0.0	3	41 31 10 8
112	88	0.0	3	34 35 11 8
113	73	0.0	3	24 34 14 1
114	70	0.0	3	21 32 12 5
115	76	0.0	3	24 30 13 9
116	63	0.0	3	23 25 8 7
117	58	0.0	3	17 30 8 3
118	56	0.0	3	17 26 8 5
119	47	0.0	3	17 17 7 6
120	55	0.0	3	14 24 7 10
121	55	0.0	3	14 33 7 1
122	62	0.0	3	14 33 7 8
123	51	0.0	3	10 24 10 7
124	55	0.0	3	8 31 11 5
125	48	0.0	3	15 20 7 6
126	47	0.0	3	7 30 4 6
127	58	0.0	3	12 28 9 9
128	41	0.0	3	10 15 11 5
129	38	0.0	3	9 19 4 6
130	32	0.0	3	5 15 10 2
131	40	0.0	3	9 19 5 7
132	38	0.0	3	11 16 7 4
133	41	0.0	3	9 16 11 5
134	44	0.0	3	13 20 5 6
135	36	0.0	3	7 21 4 4
136	49	0.0	3	6 28 8 7
137	38	0.0	3	5 27 3 3
138	38	0.0	3	4 22 8 4
139	34	0.0	3	2 23 7 2
140	33	0.0	3	5 18 4 6
141	41	0.0	3	6 20 7 8
142	37	0.0	3	3 22 7 5
143	35	0.0	3	2 20 9 4
144	28	0.0	3	2 18 3 5
145	30	0.0	3	3 17 9 1
146	37	0.0	3	3 25 5 4
147	39	0.0	3	4 23 8 4
148	31	0.0	3	3 23 4 1
149	27	0.0	3	3 17 4 3
150	28	0.0	3	0 23 3 2
151	26	0.0	3	2 15 2 7
152	37	0.0	3	1 22 8 6
153	26	0.0	3	0 19 3 4
154	36	0.0	3	1 19 12 4
155	32	0.0	3	1 20 7 4
156	26	0.0	3	1 18 5 2
157	28	0.0	3	1 16 8 3
158	23	0.0	3	2 17 2 2
159	35	0.0	3	0 26 7 2
160	30	0.0	3	1 17 7 5
161	33	0.0	3	0 21 8 4
162	28	0.0	3	2 17 3 6
163	25	0.0	3	1 12 9 3
164	26	0.0	3	0 21 2 3
165	32	0.0	3	0 19 7 6
166	25	0.0	3	1 20 4
167	19	0.0	3	0 12 1 6
168	11	0.0	3	0 7 3 1
169	31	0.0	3	1 20 6 4
170	20	0.0	3	0 12 5 3
171	35	0.0	3	0 30 4 1
172	23	0.0	3	0 14 2 7
173	25	0.0	3	0 14 9 2
174	19	0.0	3	0 11 4 4
175	16	0.0	3	0 11 4 1
176	30	0.0	3	0 20 8 2
177	23	0.0	3	1 12 6 4
178	17	0.0	3	0 12 3 2
179	19	0.0	3	1 13 3 2
180	25	0.0	3	0 14 6 5
181	16	0.0	3	0 11 2 3
182	13	0.0	3	0 8 3 2
183	13	0.0	3	0 7 4 2
184	13	0.0	3	2 4 2 5
185	10	0.0	3	0 5 3 2
186	11	0.0	3	2 8 0 1
187	9	0.0	3	0 5 4
188	8	0.0	3	1 6 1
189	4	0.0	3	0 2 1 1
190	2	0.0	3	1 0 0 1
191	9	0.0	3	0 3 2 4
192	4	0.0	3	0 2 1 1
193	4	0.0	3	0 3 0 1
194	4	0.0	3	0 1 1 2
195	2	0.0	3	0 2
196	2	0.0	3	0 1 0 1
197	3	0.0	3	0 2 1
198	5	0.0	3	0 3 2
199	2	0.0	3	0 1 0 1
200	4	0.0	3	0 1 0 3
201	2	0.0	3	0 0 0 2
203	3	0.0	3	0 3
204	1	0.0	3	0 1
205	3	0.0	3	0 0 3
206	3	0.0	3	0 2 1
207	3	0.0	3	0 2 0 1
208	1	0.0	3	0 1
209	2	0.0	3	0 1 1
210	2	0.0	3	0 2
212	1	0.0	3	0 1
214	2	0.0	3	0 1 1
215	2	0.0	3	0 0 2
216	1	0.0	3	0 1
218	1	0.0	3	0 0 1
219	1	0.0	3	0 0 0 1
223	1	0.0	3	0 1
224	1	0.0	3	0 0 0 1
228	1	0.0	3	0 0 1
234	1	0.0	3	0 0 0 1
239	1	0.0	3	0 0 0 1
241	1	0.0	3	0 0 0 1
250	2	0.0	3	0 0 1 1
251	1	0.0	3	0 1
