This is cutadapt 2.9 with Python 3.7.10
Command line parameters: -q 10 --minimum-length 25 --cores 80 -a AGATCGGAAGAGCACACGTCTGAACTCCAGTCA -A AGATCGGAAGAGCGTCGTGTAGGGAAAGAGTGT -o prefetch_sra_files/SRR7062295_R1_Trimmed.fastq.gz -p prefetch_sra_files/SRR7062295_R2_Trimmed.fastq.gz prefetch_sra_files/SRR7062295.sra_1.fastq.gz prefetch_sra_files/SRR7062295.sra_2.fastq.gz
Processing reads on 80 cores in paired-end mode ...
Finished in 404.90 s (34 us/read; 1.78 M reads/minute).

=== Summary ===

Total read pairs processed:         11,986,275
  Read 1 with adapter:               1,845,131 (15.4%)
  Read 2 with adapter:               1,884,980 (15.7%)
Pairs written (passing filters):    11,946,293 (99.7%)

Total basepairs processed: 6,017,110,050 bp
  Read 1: 3,008,555,025 bp
  Read 2: 3,008,555,025 bp
Quality-trimmed:             352,616,522 bp (5.9%)
  Read 1:    94,015,793 bp
  Read 2:   258,600,729 bp
Total written (filtered):  5,507,591,506 bp (91.5%)
  Read 1: 2,819,338,992 bp
  Read 2: 2,688,252,514 bp

=== First read: Adapter 1 ===

Sequence: AGATCGGAAGAGCACACGTCTGAACTCCAGTCA; Type: regular 3'; Length: 33; Trimmed: 1845131 times

No. of allowed errors:
0-9 bp: 0; 10-19 bp: 1; 20-29 bp: 2; 30-33 bp: 3

Bases preceding removed adapters:
  A: 16.0%
  C: 35.9%
  G: 31.0%
  T: 16.7%
  none/other: 0.5%

Overview of removed sequences
length	count	expect	max.err	error counts
3	146845	187285.5	0	146845
4	42952	46821.4	0	42952
5	24518	11705.3	0	24518
6	17618	2926.3	0	17618
7	16925	731.6	0	16925
8	12431	182.9	0	12431
9	19081	45.7	0	18747 334
10	14306	11.4	1	13169 1137
11	13069	2.9	1	12045 1024
12	14657	0.7	1	13750 907
13	13910	0.2	1	12929 981
14	13543	0.0	1	12464 1079
15	13575	0.0	1	12434 1141
16	13130	0.0	1	11811 1319
17	16789	0.0	1	14941 1848
18	13282	0.0	1	12114 1146 22
19	11610	0.0	1	10545 1040 25
20	13672	0.0	2	12159 1297 216
21	16297	0.0	2	14190 1739 368
22	13838	0.0	2	12065 1461 312
23	13194	0.0	2	11555 1363 276
24	16508	0.0	2	14330 1752 426
25	14143	0.0	2	12160 1599 384
26	10753	0.0	2	9104 1348 301
27	14918	0.0	2	12570 1849 497 2
28	18676	0.0	2	15887 2191 595 3
29	14528	0.0	2	11914 1990 550 74
30	15535	0.0	3	13140 1767 468 160
31	11875	0.0	3	9966 1415 353 141
32	15799	0.0	3	13549 1662 426 162
33	10410	0.0	3	8345 1520 390 155
34	18713	0.0	3	15542 2340 592 239
35	10954	0.0	3	8644 1613 507 190
36	16571	0.0	3	13640 2142 541 248
37	11275	0.0	3	8746 1793 522 214
38	23054	0.0	3	18485 3281 934 354
39	10049	0.0	3	7865 1546 423 215
40	23214	0.0	3	18766 3199 910 339
41	14320	0.0	3	11253 2251 607 209
42	31612	0.0	3	26431 3889 987 305
43	30010	0.0	3	25841 3196 732 241
44	4094	0.0	3	3308 612 131 43
45	5540	0.0	3	4864 509 117 50
46	3494	0.0	3	2909 449 96 40
47	11533	0.0	3	10198 1026 235 74
48	8220	0.0	3	7139 850 166 65
49	12577	0.0	3	11101 1152 233 91
50	9695	0.0	3	8396 994 232 73
51	15126	0.0	3	13211 1475 316 124
52	10531	0.0	3	8998 1200 246 87
53	14918	0.0	3	12839 1617 347 115
54	22306	0.0	3	19370 2317 472 147
55	19130	0.0	3	16728 1927 353 122
56	9452	0.0	3	8162 1032 188 70
57	16953	0.0	3	15115 1496 253 89
58	14413	0.0	3	12708 1355 278 72
59	11945	0.0	3	10620 1043 213 69
60	15023	0.0	3	13483 1270 209 61
61	13145	0.0	3	11668 1197 227 53
62	10135	0.0	3	8889 1022 176 48
63	22274	0.0	3	20141 1776 274 83
64	17457	0.0	3	15586 1525 265 81
65	14932	0.0	3	13381 1261 225 65
66	19730	0.0	3	17842 1587 236 65
67	12546	0.0	3	11311 1036 165 34
68	14268	0.0	3	12969 1086 163 50
69	16551	0.0	3	15023 1280 197 51
70	19577	0.0	3	17664 1606 220 87
71	27275	0.0	3	24830 2058 285 102
72	33046	0.0	3	30227 2339 362 118
73	41398	0.0	3	37868 2922 437 171
74	59524	0.0	3	54578 4135 670 141
75	113225	0.0	3	103635 8744 619 227
76	307389	0.0	3	298093 8505 581 210
77	38138	0.0	3	35320 2525 184 109
78	6914	0.0	3	6276 544 65 29
79	3076	0.0	3	2781 237 44 14
80	2122	0.0	3	1891 185 34 12
81	1851	0.0	3	1655 148 37 11
82	1758	0.0	3	1558 152 33 15
83	1693	0.0	3	1501 146 33 13
84	1655	0.0	3	1462 152 32 9
85	1569	0.0	3	1401 134 24 10
86	1518	0.0	3	1319 152 33 14
87	1356	0.0	3	1172 136 37 11
88	1288	0.0	3	1134 121 21 12
89	1201	0.0	3	1041 123 24 13
90	1136	0.0	3	973 128 24 11
91	1147	0.0	3	981 122 32 12
92	1031	0.0	3	884 110 27 10
93	990	0.0	3	834 122 25 9
94	956	0.0	3	810 108 28 10
95	858	0.0	3	742 92 18 6
96	805	0.0	3	708 72 14 11
97	826	0.0	3	705 95 16 10
98	740	0.0	3	626 93 12 9
99	711	0.0	3	593 84 26 8
100	679	0.0	3	564 91 19 5
101	620	0.0	3	524 65 23 8
102	592	0.0	3	495 74 18 5
103	613	0.0	3	499 94 15 5
104	596	0.0	3	493 75 18 10
105	537	0.0	3	431 83 15 8
106	519	0.0	3	430 55 27 7
107	504	0.0	3	415 65 19 5
108	476	0.0	3	395 66 10 5
109	456	0.0	3	371 72 8 5
110	443	0.0	3	350 72 16 5
111	420	0.0	3	325 74 13 8
112	426	0.0	3	347 61 14 4
113	389	0.0	3	320 55 11 3
114	405	0.0	3	305 74 21 5
115	326	0.0	3	241 64 16 5
116	355	0.0	3	277 64 10 4
117	333	0.0	3	238 76 13 6
118	337	0.0	3	273 54 9 1
119	252	0.0	3	191 46 9 6
120	294	0.0	3	220 61 9 4
121	276	0.0	3	208 58 4 6
122	275	0.0	3	212 49 9 5
123	231	0.0	3	165 54 7 5
124	188	0.0	3	134 45 8 1
125	210	0.0	3	153 48 6 3
126	202	0.0	3	149 41 10 2
127	233	0.0	3	187 39 6 1
128	166	0.0	3	112 46 5 3
129	183	0.0	3	125 48 9 1
130	161	0.0	3	104 50 7
131	177	0.0	3	118 45 11 3
132	164	0.0	3	123 33 4 4
133	159	0.0	3	102 48 8 1
134	135	0.0	3	103 25 6 1
135	142	0.0	3	101 29 9 3
136	134	0.0	3	83 38 10 3
137	126	0.0	3	82 33 7 4
138	129	0.0	3	78 35 11 5
139	126	0.0	3	84 33 8 1
140	109	0.0	3	69 35 4 1
141	101	0.0	3	63 32 2 4
142	102	0.0	3	60 31 10 1
143	82	0.0	3	43 34 5
144	95	0.0	3	50 37 5 3
145	86	0.0	3	53 28 5
146	64	0.0	3	40 18 4 2
147	66	0.0	3	31 28 6 1
148	71	0.0	3	37 27 5 2
149	77	0.0	3	46 26 5
150	75	0.0	3	45 26 2 2
151	71	0.0	3	29 31 9 2
152	57	0.0	3	27 23 6 1
153	67	0.0	3	30 29 5 3
154	67	0.0	3	27 34 6
155	56	0.0	3	24 28 4
156	54	0.0	3	20 25 9
157	51	0.0	3	15 29 6 1
158	57	0.0	3	23 27 4 3
159	35	0.0	3	14 19 1 1
160	44	0.0	3	10 28 6
161	38	0.0	3	16 19 1 2
162	48	0.0	3	11 32 4 1
163	43	0.0	3	14 26 2 1
164	38	0.0	3	9 25 4
165	51	0.0	3	12 31 8
166	32	0.0	3	7 22 3
167	41	0.0	3	12 24 4 1
168	47	0.0	3	11 30 4 2
169	30	0.0	3	5 23 2
170	43	0.0	3	13 25 5
171	35	0.0	3	10 22 3
172	40	0.0	3	3 34 3
173	36	0.0	3	3 29 4
174	28	0.0	3	6 19 3
175	34	0.0	3	3 24 7
176	33	0.0	3	2 27 4
177	34	0.0	3	3 26 5
178	39	0.0	3	2 34 3
179	29	0.0	3	1 21 7
180	37	0.0	3	1 33 3
181	35	0.0	3	3 29 3
182	40	0.0	3	6 30 4
183	15	0.0	3	2 12 1
184	26	0.0	3	4 20 2
185	35	0.0	3	4 26 4 1
186	41	0.0	3	2 32 7
187	34	0.0	3	1 28 5
188	35	0.0	3	1 31 3
189	23	0.0	3	0 22 1
190	23	0.0	3	0 20 3
191	25	0.0	3	2 22 1
192	27	0.0	3	2 22 3
193	32	0.0	3	2 22 7 1
194	29	0.0	3	0 27 2
195	25	0.0	3	1 23 1
196	20	0.0	3	0 17 3
197	24	0.0	3	2 18 4
198	27	0.0	3	2 21 4
199	16	0.0	3	1 13 2
200	22	0.0	3	1 18 2 1
201	24	0.0	3	0 23 1
202	12	0.0	3	0 11 1
203	23	0.0	3	0 22 1
204	15	0.0	3	1 13 1
205	15	0.0	3	0 12 3
206	15	0.0	3	0 12 3
207	21	0.0	3	3 16 2
208	16	0.0	3	0 13 3
209	15	0.0	3	0 10 3 2
210	10	0.0	3	0 9 1
211	13	0.0	3	0 13
212	16	0.0	3	0 12 4
213	14	0.0	3	0 14
214	10	0.0	3	0 9 1
215	12	0.0	3	0 11 1
216	5	0.0	3	1 3 1
217	7	0.0	3	0 6 1
218	8	0.0	3	0 6 2
219	5	0.0	3	0 3 2
220	11	0.0	3	0 9 2
221	9	0.0	3	1 5 3
222	8	0.0	3	0 7 1
223	8	0.0	3	0 7 1
224	7	0.0	3	0 7
225	6	0.0	3	0 5 1
226	8	0.0	3	0 6 2
227	6	0.0	3	0 6
228	4	0.0	3	0 4
229	5	0.0	3	0 5
230	2	0.0	3	0 2
231	7	0.0	3	0 7
232	6	0.0	3	0 5 1
233	2	0.0	3	0 2
234	9	0.0	3	0 8 1
235	3	0.0	3	0 2 1
236	5	0.0	3	0 5
237	4	0.0	3	1 3
238	3	0.0	3	0 3
239	5	0.0	3	0 4 1
240	2	0.0	3	0 2
241	4	0.0	3	0 3 0 1
243	2	0.0	3	0 2
244	3	0.0	3	0 3
245	2	0.0	3	1 1
246	1	0.0	3	0 1
247	2	0.0	3	0 1 1
248	1	0.0	3	0 1
249	1	0.0	3	0 1
250	1	0.0	3	0 1
251	32	0.0	3	0 29 3


=== Second read: Adapter 2 ===

Sequence: AGATCGGAAGAGCGTCGTGTAGGGAAAGAGTGT; Type: regular 3'; Length: 33; Trimmed: 1884980 times

No. of allowed errors:
0-9 bp: 0; 10-19 bp: 1; 20-29 bp: 2; 30-33 bp: 3

Bases preceding removed adapters:
  A: 18.2%
  C: 36.4%
  G: 36.2%
  T: 8.8%
  none/other: 0.4%

Overview of removed sequences
length	count	expect	max.err	error counts
3	242944	187285.5	0	242944
4	49518	46821.4	0	49518
5	23695	11705.3	0	23695
6	18743	2926.3	0	18743
7	20463	731.6	0	20463
8	12526	182.9	0	12526
9	21165	45.7	0	20762 403
10	17531	11.4	1	15274 2257
11	14679	2.9	1	12813 1866
12	19738	0.7	1	17535 2203
13	14897	0.2	1	12948 1949
14	27226	0.0	1	23918 3308
15	8263	0.0	1	6975 1288
16	11182	0.0	1	9654 1528
17	22770	0.0	1	19317 3453
18	5100	0.0	1	4052 1031 17
19	14003	0.0	1	11778 2201 24
20	7376	0.0	2	5739 1201 436
21	5969	0.0	2	4720 1013 236
22	10478	0.0	2	8049 1993 436
23	16306	0.0	2	11873 3528 905
24	29770	0.0	2	21000 6869 1901
25	9737	0.0	2	6614 2410 713
26	16726	0.0	2	11653 3887 1186
27	17234	0.0	2	11989 3977 1268
28	23579	0.0	2	16221 5671 1632 55
29	13649	0.0	2	9133 3426 1070 20
30	43112	0.0	3	30081 9575 2715 741
31	7007	0.0	3	4125 1928 678 276
32	24265	0.0	3	16852 5312 1598 503
33	15879	0.0	3	10665 3648 1199 367
34	31517	0.0	3	22362 6654 1928 573
35	57107	0.0	3	41775 11381 3033 918
36	96889	0.0	3	71183 19328 5082 1296
37	74834	0.0	3	58653 12576 2835 770
38	30344	0.0	3	24248 4680 1088 328
39	43766	0.0	3	36800 5557 1065 344
40	62911	0.0	3	53987 7155 1415 354
41	63019	0.0	3	53787 7416 1408 408
42	102702	0.0	3	89812 10408 1939 543
43	23067	0.0	3	19454 2872 579 162
44	83126	0.0	3	74995 6683 1114 334
45	51693	0.0	3	46650 4158 681 204
46	40774	0.0	3	37270 2880 461 163
47	63952	0.0	3	59754 3566 479 153
48	27074	0.0	3	24993 1740 267 74
49	13995	0.0	3	12896 902 141 56
50	5944	0.0	3	5315 471 114 44
51	5506	0.0	3	4960 389 113 44
52	2893	0.0	3	2439 337 75 42
53	7051	0.0	3	6284 598 118 51
54	22012	0.0	3	20611 1120 196 85
55	5451	0.0	3	4790 507 110 44
56	17037	0.0	3	15787 1026 161 63
57	39395	0.0	3	37593 1496 217 89
58	14513	0.0	3	13608 733 123 49
59	2918	0.0	3	2518 319 61 20
60	12659	0.0	3	12056 489 82 32
61	3577	0.0	3	3312 195 47 23
62	1990	0.0	3	1712 202 52 24
63	8425	0.0	3	8021 335 47 22
64	3177	0.0	3	2941 173 37 26
65	1386	0.0	3	1247 108 23 8
66	984	0.0	3	886 75 15 8
67	786	0.0	3	694 67 16 9
68	1171	0.0	3	1054 92 15 10
69	1155	0.0	3	1045 78 23 9
70	1093	0.0	3	982 75 25 11
71	1376	0.0	3	1226 116 25 9
72	1630	0.0	3	1443 137 34 16
73	2255	0.0	3	1979 209 47 20
74	2909	0.0	3	2491 308 72 38
75	4090	0.0	3	3466 493 87 44
76	6370	0.0	3	5639 594 91 46
77	7305	0.0	3	6403 734 104 64
78	7743	0.0	3	6481 994 181 87
79	12648	0.0	3	10089 2146 280 133
80	16841	0.0	3	15880 776 118 67
81	4179	0.0	3	3942 192 36 9
82	988	0.0	3	881 79 20 8
83	391	0.0	3	338 39 7 7
84	220	0.0	3	189 23 4 4
85	200	0.0	3	148 31 13 8
86	160	0.0	3	121 23 10 6
87	156	0.0	3	112 24 13 7
88	140	0.0	3	101 22 8 9
89	144	0.0	3	104 29 8 3
90	146	0.0	3	95 30 11 10
91	145	0.0	3	88 31 16 10
92	117	0.0	3	77 30 6 4
93	125	0.0	3	72 34 10 9
94	92	0.0	3	44 26 17 5
95	109	0.0	3	60 35 8 6
96	95	0.0	3	62 15 12 6
97	74	0.0	3	49 15 6 4
98	77	0.0	3	42 22 8 5
99	75	0.0	3	46 18 3 8
100	69	0.0	3	42 18 5 4
101	63	0.0	3	32 23 5 3
102	68	0.0	3	37 21 4 6
103	71	0.0	3	38 24 6 3
104	76	0.0	3	35 25 9 7
105	77	0.0	3	36 32 6 3
106	63	0.0	3	23 24 9 7
107	66	0.0	3	30 21 10 5
108	69	0.0	3	26 30 8 5
109	53	0.0	3	19 21 9 4
110	49	0.0	3	22 19 3 5
111	61	0.0	3	19 28 9 5
112	55	0.0	3	21 21 8 5
113	46	0.0	3	12 19 5 10
114	45	0.0	3	13 21 8 3
115	54	0.0	3	21 20 8 5
116	40	0.0	3	8 18 5 9
117	47	0.0	3	16 23 4 4
118	46	0.0	3	16 18 5 7
119	32	0.0	3	10 14 2 6
120	46	0.0	3	14 19 7 6
121	33	0.0	3	12 13 6 2
122	30	0.0	3	9 14 4 3
123	32	0.0	3	7 13 6 6
124	37	0.0	3	10 17 6 4
125	36	0.0	3	13 12 8 3
126	35	0.0	3	6 19 7 3
127	46	0.0	3	4 21 15 6
128	28	0.0	3	7 10 8 3
129	34	0.0	3	6 14 8 6
130	25	0.0	3	2 13 5 5
131	30	0.0	3	5 14 8 3
132	30	0.0	3	5 17 4 4
133	31	0.0	3	4 15 7 5
134	29	0.0	3	3 16 8 2
135	27	0.0	3	10 13 2 2
136	24	0.0	3	3 15 2 4
137	32	0.0	3	5 14 9 4
138	24	0.0	3	2 11 4 7
139	17	0.0	3	1 7 5 4
140	20	0.0	3	3 11 4 2
141	29	0.0	3	7 15 4 3
142	20	0.0	3	3 8 6 3
143	34	0.0	3	3 22 0 9
144	30	0.0	3	4 13 7 6
145	24	0.0	3	1 14 6 3
146	24	0.0	3	0 15 3 6
147	24	0.0	3	0 12 7 5
148	20	0.0	3	0 11 5 4
149	21	0.0	3	2 13 3 3
150	21	0.0	3	0 10 8 3
151	25	0.0	3	0 17 5 3
152	21	0.0	3	1 11 8 1
153	30	0.0	3	4 12 5 9
154	24	0.0	3	1 15 5 3
155	19	0.0	3	3 10 5 1
156	21	0.0	3	0 12 5 4
157	13	0.0	3	1 4 7 1
158	15	0.0	3	0 4 8 3
159	17	0.0	3	0 10 6 1
160	24	0.0	3	0 18 3 3
161	22	0.0	3	3 11 5 3
162	15	0.0	3	0 12 3
163	22	0.0	3	0 11 7 4
164	21	0.0	3	1 11 6 3
165	13	0.0	3	0 6 2 5
166	15	0.0	3	1 9 4 1
167	13	0.0	3	0 8 3 2
168	22	0.0	3	1 13 5 3
169	21	0.0	3	0 16 1 4
170	16	0.0	3	0 11 1 4
171	17	0.0	3	0 10 5 2
172	14	0.0	3	0 8 5 1
173	20	0.0	3	1 13 5 1
174	22	0.0	3	0 11 6 5
175	15	0.0	3	0 6 6 3
176	12	0.0	3	0 9 2 1
177	24	0.0	3	1 17 2 4
178	13	0.0	3	0 7 2 4
179	12	0.0	3	0 8 1 3
180	7	0.0	3	0 5 1 1
181	14	0.0	3	0 4 8 2
182	13	0.0	3	0 9 2 2
183	10	0.0	3	0 4 4 2
184	16	0.0	3	0 7 3 6
185	12	0.0	3	0 6 6
186	6	0.0	3	0 4 1 1
187	7	0.0	3	0 1 3 3
188	9	0.0	3	0 4 3 2
189	4	0.0	3	0 3 0 1
190	5	0.0	3	0 2 2 1
191	2	0.0	3	0 0 1 1
192	2	0.0	3	0 1 1
193	5	0.0	3	0 3 2
194	6	0.0	3	0 6
195	6	0.0	3	0 4 1 1
196	6	0.0	3	0 2 2 2
197	2	0.0	3	0 0 1 1
198	2	0.0	3	0 1 1
199	5	0.0	3	0 2 1 2
200	2	0.0	3	1 0 1
201	5	0.0	3	0 0 1 4
202	2	0.0	3	0 2
203	3	0.0	3	0 0 2 1
204	8	0.0	3	0 4 2 2
205	1	0.0	3	0 0 1
206	2	0.0	3	0 1 0 1
208	1	0.0	3	0 0 1
210	1	0.0	3	0 0 1
211	1	0.0	3	0 0 1
212	1	0.0	3	0 1
213	1	0.0	3	0 1
214	1	0.0	3	0 1
217	1	0.0	3	0 0 1
220	1	0.0	3	0 1
222	1	0.0	3	0 0 0 1
224	1	0.0	3	0 0 1
232	1	0.0	3	0 1
235	1	0.0	3	0 1
242	1	0.0	3	0 0 1
250	1	0.0	3	0 1
