This is cutadapt 2.9 with Python 3.7.10
Command line parameters: -q 10 --minimum-length 25 --cores 80 -a AGATCGGAAGAGCACACGTCTGAACTCCAGTCA -A AGATCGGAAGAGCGTCGTGTAGGGAAAGAGTGT -o prefetch_sra_files/SRR7055829_R1_Trimmed.fastq.gz -p prefetch_sra_files/SRR7055829_R2_Trimmed.fastq.gz prefetch_sra_files/SRR7055829.sra_1.fastq.gz prefetch_sra_files/SRR7055829.sra_2.fastq.gz
Processing reads on 80 cores in paired-end mode ...
Finished in 576.35 s (34 us/read; 1.75 M reads/minute).

=== Summary ===

Total read pairs processed:         16,833,578
  Read 1 with adapter:               3,313,363 (19.7%)
  Read 2 with adapter:               3,360,999 (20.0%)
Pairs written (passing filters):    16,793,506 (99.8%)

Total basepairs processed: 8,450,456,156 bp
  Read 1: 4,225,228,078 bp
  Read 2: 4,225,228,078 bp
Quality-trimmed:             510,240,483 bp (6.0%)
  Read 1:   147,635,599 bp
  Read 2:   362,604,884 bp
Total written (filtered):  7,646,273,127 bp (90.5%)
  Read 1: 3,900,235,852 bp
  Read 2: 3,746,037,275 bp

=== First read: Adapter 1 ===

Sequence: AGATCGGAAGAGCACACGTCTGAACTCCAGTCA; Type: regular 3'; Length: 33; Trimmed: 3313363 times

No. of allowed errors:
0-9 bp: 0; 10-19 bp: 1; 20-29 bp: 2; 30-33 bp: 3

Bases preceding removed adapters:
  A: 13.7%
  C: 38.8%
  G: 29.3%
  T: 17.9%
  none/other: 0.3%

Overview of removed sequences
length	count	expect	max.err	error counts
3	204888	263024.7	0	204888
4	63549	65756.2	0	63549
5	36153	16439.0	0	36153
6	28086	4109.8	0	28086
7	24077	1027.4	0	24077
8	19492	256.9	0	19492
9	32339	64.2	0	31775 564
10	19526	16.1	1	17790 1736
11	21053	4.0	1	19204 1849
12	21641	1.0	1	20149 1492
13	20180	0.3	1	18616 1564
14	21835	0.1	1	20010 1825
15	21518	0.0	1	19471 2047
16	20776	0.0	1	18429 2347
17	29093	0.0	1	25535 3558
18	24424	0.0	1	21982 2405 37
19	18329	0.0	1	16449 1827 53
20	23275	0.0	2	20508 2300 467
21	23154	0.0	2	19896 2673 585
22	22810	0.0	2	19837 2477 496
23	20335	0.0	2	17543 2301 491
24	26499	0.0	2	22761 3040 698
25	26193	0.0	2	22558 2926 709
26	13582	0.0	2	11118 1989 475
27	22859	0.0	2	19374 2825 658 2
28	26933	0.0	2	22822 3300 797 14
29	22717	0.0	2	18496 3225 902 94
30	24207	0.0	3	20136 3083 718 270
31	18963	0.0	3	15570 2549 604 240
32	27743	0.0	3	23498 3232 746 267
33	16137	0.0	3	12881 2414 598 244
34	23793	0.0	3	19370 3185 903 335
35	22772	0.0	3	17711 3424 1163 474
36	25982	0.0	3	20103 3930 1396 553
37	26287	0.0	3	21261 3458 1094 474
38	25967	0.0	3	20520 3661 1250 536
39	30647	0.0	3	24262 4256 1485 644
40	23158	0.0	3	18283 3266 1145 464
41	26121	0.0	3	21052 3505 1126 438
42	35337	0.0	3	28200 4996 1469 672
43	72932	0.0	3	61798 7720 2404 1010
44	10595	0.0	3	8450 1498 441 206
45	8000	0.0	3	6614 924 327 135
46	7409	0.0	3	5983 989 304 133
47	16968	0.0	3	14567 1689 486 226
48	14995	0.0	3	12661 1656 488 190
49	20184	0.0	3	17331 1970 609 274
50	20302	0.0	3	17101 2289 669 243
51	28275	0.0	3	23701 3210 910 454
52	21475	0.0	3	17886 2576 715 298
53	27965	0.0	3	23340 3313 922 390
54	35471	0.0	3	30095 3879 1071 426
55	31538	0.0	3	27061 3243 893 341
56	19472	0.0	3	16526 2206 535 205
57	27926	0.0	3	24224 2713 734 255
58	26531	0.0	3	23012 2582 688 249
59	24184	0.0	3	21214 2203 546 221
60	25692	0.0	3	22436 2420 611 225
61	24887	0.0	3	21798 2294 569 226
62	20180	0.0	3	17313 2218 481 168
63	36493	0.0	3	32297 3148 784 264
64	31321	0.0	3	27587 2857 653 224
65	28122	0.0	3	24807 2507 618 190
66	33371	0.0	3	29695 2809 646 221
67	24726	0.0	3	21978 2125 464 159
68	28722	0.0	3	25774 2296 503 149
69	32750	0.0	3	29309 2715 536 190
70	38910	0.0	3	34541 3453 696 220
71	52836	0.0	3	47397 4374 813 252
72	64016	0.0	3	57634 5085 965 332
73	79688	0.0	3	71853 6252 1177 406
74	115916	0.0	3	104677 9187 1579 473
75	224982	0.0	3	202286 20295 1819 582
76	659592	0.0	3	639779 16690 2355 768
77	88595	0.0	3	82731 5019 596 249
78	17157	0.0	3	15754 1122 191 90
79	7697	0.0	3	6986 533 121 57
80	5478	0.0	3	4919 406 106 47
81	4536	0.0	3	4070 362 65 39
82	4174	0.0	3	3710 332 92 40
83	3928	0.0	3	3513 296 73 46
84	3857	0.0	3	3430 312 81 34
85	3479	0.0	3	3059 314 68 38
86	3233	0.0	3	2897 253 60 23
87	2919	0.0	3	2597 241 58 23
88	2628	0.0	3	2320 225 54 29
89	2479	0.0	3	2167 226 64 22
90	2266	0.0	3	1982 201 53 30
91	2212	0.0	3	1894 230 67 21
92	1978	0.0	3	1697 215 45 21
93	1912	0.0	3	1661 191 43 17
94	1774	0.0	3	1528 170 50 26
95	1629	0.0	3	1374 188 47 20
96	1515	0.0	3	1275 168 53 19
97	1524	0.0	3	1283 174 43 24
98	1358	0.0	3	1143 152 43 20
99	1308	0.0	3	1128 121 37 22
100	1266	0.0	3	1051 154 35 26
101	1199	0.0	3	1022 119 35 23
102	1114	0.0	3	940 117 36 21
103	1135	0.0	3	950 122 39 24
104	1047	0.0	3	846 146 40 15
105	971	0.0	3	796 114 41 20
106	971	0.0	3	795 118 37 21
107	897	0.0	3	725 123 32 17
108	884	0.0	3	720 119 27 18
109	832	0.0	3	678 111 22 21
110	801	0.0	3	638 118 30 15
111	677	0.0	3	559 92 22 4
112	706	0.0	3	548 119 27 12
113	650	0.0	3	518 93 29 10
114	685	0.0	3	546 110 23 6
115	611	0.0	3	483 97 24 7
116	601	0.0	3	476 95 21 9
117	582	0.0	3	478 73 23 8
118	521	0.0	3	404 86 22 9
119	517	0.0	3	400 83 22 12
120	457	0.0	3	351 79 21 6
121	459	0.0	3	346 80 23 10
122	439	0.0	3	321 86 24 8
123	358	0.0	3	282 56 18 2
124	393	0.0	3	314 49 19 11
125	374	0.0	3	275 76 17 6
126	354	0.0	3	261 65 17 11
127	351	0.0	3	257 69 20 5
128	296	0.0	3	225 50 16 5
129	323	0.0	3	232 66 15 10
130	282	0.0	3	204 61 14 3
131	272	0.0	3	191 64 9 8
132	238	0.0	3	174 51 10 3
133	264	0.0	3	185 60 14 5
134	231	0.0	3	165 47 12 7
135	223	0.0	3	154 55 9 5
136	200	0.0	3	141 42 15 2
137	203	0.0	3	137 51 11 4
138	194	0.0	3	129 49 11 5
139	149	0.0	3	107 30 8 4
140	172	0.0	3	116 40 11 5
141	171	0.0	3	117 42 7 5
142	165	0.0	3	108 49 7 1
143	137	0.0	3	90 38 7 2
144	137	0.0	3	94 35 6 2
145	120	0.0	3	67 45 6 2
146	130	0.0	3	81 37 8 4
147	112	0.0	3	73 33 5 1
148	95	0.0	3	61 25 5 4
149	92	0.0	3	54 29 4 5
150	97	0.0	3	53 32 9 3
151	92	0.0	3	54 33 4 1
152	105	0.0	3	48 48 5 4
153	92	0.0	3	48 35 8 1
154	75	0.0	3	37 33 4 1
155	97	0.0	3	43 50 3 1
156	61	0.0	3	27 28 3 3
157	57	0.0	3	28 25 3 1
158	73	0.0	3	37 28 6 2
159	61	0.0	3	27 32 2
160	72	0.0	3	29 38 4 1
161	66	0.0	3	24 36 4 2
162	60	0.0	3	19 36 2 3
163	59	0.0	3	24 29 5 1
164	58	0.0	3	21 34 3
165	42	0.0	3	16 19 5 2
166	60	0.0	3	14 38 5 3
167	45	0.0	3	13 28 4
168	38	0.0	3	8 23 7
169	43	0.0	3	11 29 3
170	51	0.0	3	14 30 7
171	53	0.0	3	11 33 7 2
172	38	0.0	3	10 24 4
173	48	0.0	3	11 33 2 2
174	40	0.0	3	7 30 1 2
175	36	0.0	3	5 28 3
176	38	0.0	3	6 31 1
177	43	0.0	3	8 30 4 1
178	40	0.0	3	7 28 5
179	37	0.0	3	4 26 7
180	28	0.0	3	3 24 1
181	39	0.0	3	3 30 5 1
182	45	0.0	3	5 33 6 1
183	32	0.0	3	2 27 3
184	36	0.0	3	4 30 2
185	26	0.0	3	0 19 5 2
186	24	0.0	3	2 20 2
187	35	0.0	3	2 33
188	40	0.0	3	5 31 4
189	39	0.0	3	2 32 3 2
190	32	0.0	3	3 26 3
191	22	0.0	3	1 17 4
192	23	0.0	3	1 17 5
193	27	0.0	3	2 23 2
194	24	0.0	3	1 22 1
195	24	0.0	3	0 23 1
196	33	0.0	3	0 27 6
197	17	0.0	3	2 12 2 1
198	31	0.0	3	1 25 4 1
199	19	0.0	3	3 13 2 1
200	14	0.0	3	0 12 2
201	31	0.0	3	1 27 3
202	19	0.0	3	1 17 1
203	21	0.0	3	1 17 2 1
204	14	0.0	3	0 10 3 1
205	14	0.0	3	0 12 1 1
206	21	0.0	3	0 19 2
207	11	0.0	3	0 10 1
208	14	0.0	3	0 11 3
209	14	0.0	3	0 14
210	19	0.0	3	1 12 6
211	16	0.0	3	0 14 2
212	13	0.0	3	0 12 0 1
213	10	0.0	3	0 8 2
214	13	0.0	3	0 11 2
215	12	0.0	3	0 10 1 1
216	7	0.0	3	0 6 1
217	13	0.0	3	1 9 2 1
218	5	0.0	3	0 5
219	9	0.0	3	1 8
220	6	0.0	3	0 6
221	7	0.0	3	0 6 1
222	14	0.0	3	0 14
223	7	0.0	3	0 6 1
224	6	0.0	3	0 6
225	7	0.0	3	0 5 2
226	6	0.0	3	0 6
227	3	0.0	3	0 2 1
228	6	0.0	3	0 5 1
229	9	0.0	3	0 8 1
230	6	0.0	3	0 6
231	3	0.0	3	0 3
232	5	0.0	3	0 4 1
233	5	0.0	3	0 5
234	1	0.0	3	0 1
235	3	0.0	3	0 2 1
236	4	0.0	3	0 3 1
237	2	0.0	3	0 2
238	4	0.0	3	0 3 1
239	2	0.0	3	0 2
240	4	0.0	3	0 3 1
241	4	0.0	3	0 4
242	3	0.0	3	0 2 1
243	4	0.0	3	0 3 1
244	2	0.0	3	0 2
245	2	0.0	3	0 1 1
246	1	0.0	3	0 1
248	1	0.0	3	0 1
249	1	0.0	3	0 1
250	4	0.0	3	0 4
251	18	0.0	3	0 15 3


=== Second read: Adapter 2 ===

Sequence: AGATCGGAAGAGCGTCGTGTAGGGAAAGAGTGT; Type: regular 3'; Length: 33; Trimmed: 3360999 times

No. of allowed errors:
0-9 bp: 0; 10-19 bp: 1; 20-29 bp: 2; 30-33 bp: 3

Bases preceding removed adapters:
  A: 16.4%
  C: 37.5%
  G: 36.6%
  T: 9.4%
  none/other: 0.2%

Overview of removed sequences
length	count	expect	max.err	error counts
3	339401	263024.7	0	339401
4	70060	65756.2	0	70060
5	33707	16439.0	0	33707
6	28750	4109.8	0	28750
7	30762	1027.4	0	30762
8	19842	256.9	0	19842
9	34725	64.2	0	34234 491
10	26790	16.1	1	23462 3328
11	24216	4.0	1	21119 3097
12	31014	1.0	1	27683 3331
13	23977	0.3	1	20896 3081
14	42643	0.1	1	37752 4891
15	13519	0.0	1	11502 2017
16	18198	0.0	1	15714 2484
17	36569	0.0	1	31342 5227
18	8543	0.0	1	6900 1614 29
19	22098	0.0	1	18592 3459 47
20	11983	0.0	2	9417 1910 656
21	9888	0.0	2	7782 1693 413
22	16869	0.0	2	12892 3204 773
23	26184	0.0	2	19259 5560 1365
24	46981	0.0	2	33674 10512 2795
25	16050	0.0	2	11080 3853 1117
26	28642	0.0	2	20076 6572 1994
27	30246	0.0	2	21285 6799 2162
28	40560	0.0	2	28312 9361 2813 74
29	24735	0.0	2	16898 5964 1827 46
30	74145	0.0	3	52563 16061 4332 1189
31	12617	0.0	3	7722 3281 1169 445
32	41700	0.0	3	29299 8866 2767 768
33	28165	0.0	3	19127 6406 2026 606
34	58595	0.0	3	41810 12290 3475 1020
35	106536	0.0	3	79038 20708 5288 1502
36	174002	0.0	3	130717 32803 8285 2197
37	143986	0.0	3	114934 22684 5070 1298
38	58468	0.0	3	47252 8731 1920 565
39	92018	0.0	3	78399 10772 2217 630
40	128557	0.0	3	111763 13580 2500 714
41	125175	0.0	3	108550 13503 2436 686
42	196411	0.0	3	173828 18440 3274 869
43	47806	0.0	3	41119 5351 1023 313
44	158529	0.0	3	144292 11809 1916 512
45	105289	0.0	3	95868 7782 1247 392
46	86169	0.0	3	79649 5469 799 252
47	128870	0.0	3	121260 6471 906 233
48	57789	0.0	3	53948 3226 454 161
49	31042	0.0	3	28823 1826 295 98
50	11659	0.0	3	10536 883 168 72
51	11367	0.0	3	10373 759 168 67
52	5893	0.0	3	5134 568 134 57
53	14057	0.0	3	12806 983 186 82
54	41897	0.0	3	39626 1865 290 116
55	11486	0.0	3	10369 868 186 63
56	33376	0.0	3	31342 1671 247 116
57	72722	0.0	3	69715 2557 348 102
58	28645	0.0	3	27111 1281 181 72
59	5822	0.0	3	5173 535 76 38
60	24624	0.0	3	23583 863 120 58
61	6894	0.0	3	6421 370 70 33
62	3603	0.0	3	3173 333 68 29
63	16167	0.0	3	15544 522 66 35
64	6253	0.0	3	5864 309 54 26
65	2738	0.0	3	2501 174 35 28
66	2003	0.0	3	1865 104 25 9
67	1582	0.0	3	1435 108 23 16
68	2429	0.0	3	2233 140 41 15
69	2369	0.0	3	2174 131 42 22
70	2166	0.0	3	1985 133 36 12
71	2681	0.0	3	2496 148 26 11
72	3085	0.0	3	2803 219 44 19
73	4273	0.0	3	3886 298 64 25
74	5488	0.0	3	4958 399 88 43
75	7802	0.0	3	7045 604 110 43
76	12064	0.0	3	11080 757 151 76
77	13799	0.0	3	12597 933 178 91
78	14993	0.0	3	13356 1306 216 115
79	23675	0.0	3	20079 2993 413 190
80	34535	0.0	3	32948 1246 226 115
81	8280	0.0	3	7777 401 54 48
82	1982	0.0	3	1818 122 25 17
83	836	0.0	3	738 71 19 8
84	476	0.0	3	400 52 19 5
85	375	0.0	3	308 41 20 6
86	280	0.0	3	220 38 14 8
87	259	0.0	3	188 38 21 12
88	245	0.0	3	178 47 11 9
89	243	0.0	3	177 40 17 9
90	221	0.0	3	166 33 11 11
91	167	0.0	3	118 27 11 11
92	176	0.0	3	124 31 14 7
93	188	0.0	3	132 43 8 5
94	191	0.0	3	136 40 5 10
95	140	0.0	3	93 32 8 7
96	122	0.0	3	72 34 9 7
97	129	0.0	3	87 28 5 9
98	133	0.0	3	79 28 17 9
99	119	0.0	3	75 28 9 7
100	105	0.0	3	62 22 15 6
101	104	0.0	3	66 17 14 7
102	94	0.0	3	58 27 4 5
103	106	0.0	3	62 25 14 5
104	87	0.0	3	40 33 11 3
105	95	0.0	3	48 29 14 4
106	86	0.0	3	42 27 11 6
107	103	0.0	3	46 32 14 11
108	83	0.0	3	40 30 6 7
109	76	0.0	3	38 27 6 5
110	95	0.0	3	39 38 10 8
111	67	0.0	3	36 19 7 5
112	69	0.0	3	25 25 11 8
113	62	0.0	3	26 24 8 4
114	68	0.0	3	27 26 6 9
115	62	0.0	3	22 21 8 11
116	68	0.0	3	21 22 15 10
117	68	0.0	3	20 26 12 10
118	54	0.0	3	18 24 7 5
119	47	0.0	3	8 24 9 6
120	59	0.0	3	21 20 9 9
121	53	0.0	3	18 21 7 7
122	48	0.0	3	19 13 11 5
123	43	0.0	3	16 17 5 5
124	43	0.0	3	14 21 5 3
125	27	0.0	3	8 11 4 4
126	46	0.0	3	9 24 10 3
127	38	0.0	3	8 23 4 3
128	44	0.0	3	13 18 8 5
129	36	0.0	3	5 19 6 6
130	34	0.0	3	5 19 7 3
131	36	0.0	3	3 17 10 6
132	34	0.0	3	4 17 7 6
133	26	0.0	3	3 14 7 2
134	34	0.0	3	7 20 3 4
135	45	0.0	3	6 20 14 5
136	42	0.0	3	6 23 3 10
137	32	0.0	3	3 18 5 6
138	36	0.0	3	5 16 7 8
139	20	0.0	3	4 7 4 5
140	29	0.0	3	3 14 7 5
141	30	0.0	3	2 20 6 2
142	33	0.0	3	7 12 8 6
143	28	0.0	3	2 16 3 7
144	32	0.0	3	6 17 3 6
145	26	0.0	3	2 15 7 2
146	17	0.0	3	2 11 2 2
147	20	0.0	3	0 12 5 3
148	28	0.0	3	3 16 5 4
149	32	0.0	3	3 15 6 8
150	19	0.0	3	1 12 3 3
151	25	0.0	3	2 16 6 1
152	23	0.0	3	1 14 4 4
153	26	0.0	3	1 18 3 4
154	19	0.0	3	0 12 3 4
155	33	0.0	3	3 20 3 7
156	15	0.0	3	1 12 2
157	24	0.0	3	1 16 5 2
158	20	0.0	3	1 11 5 3
159	28	0.0	3	4 13 4 7
160	29	0.0	3	0 21 8
161	26	0.0	3	0 16 6 4
162	33	0.0	3	1 21 6 5
163	22	0.0	3	0 17 3 2
164	16	0.0	3	0 11 2 3
165	20	0.0	3	0 14 4 2
166	26	0.0	3	1 12 7 6
167	20	0.0	3	1 11 5 3
168	31	0.0	3	0 20 8 3
169	13	0.0	3	0 12 0 1
170	19	0.0	3	1 10 4 4
171	16	0.0	3	1 10 3 2
172	16	0.0	3	0 12 2 2
173	10	0.0	3	0 8 0 2
174	23	0.0	3	1 11 6 5
175	24	0.0	3	0 14 5 5
176	20	0.0	3	0 12 5 3
177	13	0.0	3	0 10 2 1
178	17	0.0	3	1 11 3 2
179	14	0.0	3	0 6 7 1
180	15	0.0	3	1 10 2 2
181	14	0.0	3	0 11 3
182	11	0.0	3	0 9 1 1
183	12	0.0	3	0 7 3 2
184	10	0.0	3	0 8 2
185	10	0.0	3	0 2 7 1
186	6	0.0	3	0 3 3
187	8	0.0	3	0 7 0 1
188	11	0.0	3	0 3 4 4
189	9	0.0	3	0 3 3 3
190	2	0.0	3	0 1 0 1
191	4	0.0	3	0 3 0 1
192	6	0.0	3	0 3 2 1
193	4	0.0	3	0 4
194	8	0.0	3	0 5 2 1
195	3	0.0	3	0 2 1
196	7	0.0	3	0 4 2 1
197	4	0.0	3	0 4
198	4	0.0	3	0 1 3
199	2	0.0	3	0 1 0 1
200	2	0.0	3	0 1 0 1
201	4	0.0	3	0 3 1
203	3	0.0	3	0 1 2
204	3	0.0	3	0 1 2
207	1	0.0	3	0 1
208	1	0.0	3	0 1
209	2	0.0	3	0 0 0 2
210	2	0.0	3	0 1 0 1
211	2	0.0	3	0 1 1
217	1	0.0	3	0 0 0 1
219	1	0.0	3	0 0 1
226	1	0.0	3	0 1
228	1	0.0	3	0 0 0 1
232	1	0.0	3	0 0 0 1
239	1	0.0	3	0 1
240	2	0.0	3	0 1 0 1
243	1	0.0	3	0 0 1
