This is cutadapt 2.9 with Python 3.7.10
Command line parameters: -q 10 --minimum-length 25 --cores 80 -a AGATCGGAAGAGCACACGTCTGAACTCCAGTCA -A AGATCGGAAGAGCGTCGTGTAGGGAAAGAGTGT -o prefetch_sra_files/SRR7046161_R1_Trimmed.fastq.gz -p prefetch_sra_files/SRR7046161_R2_Trimmed.fastq.gz prefetch_sra_files/SRR7046161.sra_1.fastq.gz prefetch_sra_files/SRR7046161.sra_2.fastq.gz
Processing reads on 80 cores in paired-end mode ...
Finished in 317.83 s (32 us/read; 1.86 M reads/minute).

=== Summary ===

Total read pairs processed:          9,852,680
  Read 1 with adapter:               1,914,166 (19.4%)
  Read 2 with adapter:               1,937,516 (19.7%)
Pairs written (passing filters):     9,835,283 (99.8%)

Total basepairs processed: 4,946,045,360 bp
  Read 1: 2,473,022,680 bp
  Read 2: 2,473,022,680 bp
Quality-trimmed:             250,335,904 bp (5.1%)
  Read 1:    73,719,211 bp
  Read 2:   176,616,693 bp
Total written (filtered):  4,536,094,600 bp (91.7%)
  Read 1: 2,304,394,411 bp
  Read 2: 2,231,700,189 bp

=== First read: Adapter 1 ===

Sequence: AGATCGGAAGAGCACACGTCTGAACTCCAGTCA; Type: regular 3'; Length: 33; Trimmed: 1914166 times

No. of allowed errors:
0-9 bp: 0; 10-19 bp: 1; 20-29 bp: 2; 30-33 bp: 3

Bases preceding removed adapters:
  A: 15.6%
  C: 34.7%
  G: 31.2%
  T: 18.3%
  none/other: 0.2%

Overview of removed sequences
length	count	expect	max.err	error counts
3	123449	153948.1	0	123449
4	38873	38487.0	0	38873
5	22954	9621.8	0	22954
6	18860	2405.4	0	18860
7	17962	601.4	0	17962
8	13637	150.3	0	13637
9	20303	37.6	0	19951 352
10	15009	9.4	1	13915 1094
11	14620	2.3	1	13530 1090
12	17035	0.6	1	15977 1058
13	15354	0.1	1	14336 1018
14	15755	0.0	1	14536 1219
15	15166	0.0	1	13928 1238
16	15453	0.0	1	13985 1468
17	18360	0.0	1	16444 1916
18	14728	0.0	1	13427 1275 26
19	12891	0.0	1	11792 1078 21
20	14807	0.0	2	13266 1299 242
21	18134	0.0	2	15983 1789 362
22	16131	0.0	2	14161 1660 310
23	14236	0.0	2	12587 1370 279
24	18468	0.0	2	16229 1846 393
25	15698	0.0	2	13639 1677 382
26	12398	0.0	2	10609 1472 317
27	16585	0.0	2	14089 2003 490 3
28	19436	0.0	2	16642 2208 583 3
29	17434	0.0	2	14421 2357 603 53
30	13086	0.0	3	11068 1478 390 150
31	16989	0.0	3	14275 1999 525 190
32	19950	0.0	3	16920 2275 575 180
33	13528	0.0	3	10796 1988 542 202
34	25681	0.0	3	20808 3549 984 340
35	21225	0.0	3	17648 2666 658 253
36	14676	0.0	3	11936 1906 529 305
37	16012	0.0	3	13603 1759 416 234
38	14404	0.0	3	12226 1517 410 251
39	13568	0.0	3	11437 1496 409 226
40	14823	0.0	3	12710 1522 373 218
41	17845	0.0	3	14998 1981 548 318
42	23969	0.0	3	20493 2498 618 360
43	37341	0.0	3	32968 3148 722 503
44	6935	0.0	3	5857 796 157 125
45	6640	0.0	3	5797 564 165 114
46	5138	0.0	3	4364 527 164 83
47	12337	0.0	3	10949 1009 215 164
48	9588	0.0	3	8426 859 172 131
49	14158	0.0	3	12471 1198 300 189
50	11581	0.0	3	10075 1117 221 168
51	18089	0.0	3	15885 1609 366 229
52	12476	0.0	3	10785 1252 263 176
53	17250	0.0	3	15094 1569 343 244
54	23410	0.0	3	20671 2039 410 290
55	19958	0.0	3	17709 1687 325 237
56	11673	0.0	3	10286 1043 197 147
57	17209	0.0	3	15425 1359 251 174
58	16164	0.0	3	14382 1322 276 184
59	14771	0.0	3	13305 1116 214 136
60	15303	0.0	3	13845 1100 207 151
61	14761	0.0	3	13273 1115 215 158
62	11258	0.0	3	10047 947 149 115
63	21409	0.0	3	19526 1465 235 183
64	18069	0.0	3	16372 1316 242 139
65	16605	0.0	3	15112 1144 225 124
66	19692	0.0	3	17987 1311 238 156
67	13686	0.0	3	12499 947 154 86
68	15632	0.0	3	14459 922 130 121
69	17693	0.0	3	16217 1139 200 137
70	20618	0.0	3	18904 1363 208 143
71	27254	0.0	3	25040 1754 253 207
72	32442	0.0	3	29878 2023 327 214
73	40506	0.0	3	37471 2426 341 268
74	57036	0.0	3	53028 3185 507 316
75	110449	0.0	3	102795 6655 578 421
76	315040	0.0	3	306775 7006 539 720
77	43637	0.0	3	40900 2374 177 186
78	8071	0.0	3	7422 517 67 65
79	3642	0.0	3	3371 207 38 26
80	2516	0.0	3	2270 182 37 27
81	2043	0.0	3	1845 140 28 30
82	1805	0.0	3	1635 120 25 25
83	1702	0.0	3	1547 115 18 22
84	1679	0.0	3	1513 119 27 20
85	1500	0.0	3	1350 106 29 15
86	1402	0.0	3	1268 97 17 20
87	1273	0.0	3	1136 98 25 14
88	1189	0.0	3	1033 112 23 21
89	1097	0.0	3	980 87 18 12
90	1021	0.0	3	912 81 18 10
91	994	0.0	3	873 89 21 11
92	896	0.0	3	773 83 21 19
93	846	0.0	3	746 70 17 13
94	831	0.0	3	725 77 21 8
95	795	0.0	3	707 55 23 10
96	717	0.0	3	606 82 17 12
97	668	0.0	3	555 77 24 12
98	683	0.0	3	594 50 23 16
99	656	0.0	3	553 72 17 14
100	596	0.0	3	524 55 11 6
101	598	0.0	3	512 61 19 6
102	583	0.0	3	500 62 12 9
103	519	0.0	3	435 66 11 7
104	542	0.0	3	463 55 13 11
105	475	0.0	3	405 48 12 10
106	463	0.0	3	393 52 11 7
107	433	0.0	3	359 55 12 7
108	434	0.0	3	364 50 13 7
109	370	0.0	3	302 51 9 8
110	347	0.0	3	283 39 14 11
111	399	0.0	3	345 35 16 3
112	322	0.0	3	272 39 9 2
113	330	0.0	3	275 38 10 7
114	314	0.0	3	254 41 9 10
115	303	0.0	3	241 46 9 7
116	287	0.0	3	231 40 12 4
117	246	0.0	3	201 31 6 8
118	249	0.0	3	204 35 6 4
119	234	0.0	3	184 35 6 9
120	244	0.0	3	199 33 7 5
121	231	0.0	3	188 32 8 3
122	203	0.0	3	158 32 5 8
123	179	0.0	3	137 29 9 4
124	171	0.0	3	139 24 7 1
125	165	0.0	3	143 14 5 3
126	160	0.0	3	128 25 3 4
127	135	0.0	3	110 19 3 3
128	146	0.0	3	109 30 5 2
129	152	0.0	3	121 19 9 3
130	143	0.0	3	114 22 2 5
131	145	0.0	3	117 23 4 1
132	118	0.0	3	97 15 4 2
133	124	0.0	3	98 23 0 3
134	118	0.0	3	85 23 4 6
135	104	0.0	3	75 20 7 2
136	104	0.0	3	72 28 4
137	92	0.0	3	67 22 3
138	81	0.0	3	59 12 8 2
139	81	0.0	3	62 12 6 1
140	93	0.0	3	61 21 8 3
141	67	0.0	3	51 13 1 2
142	88	0.0	3	63 18 5 2
143	61	0.0	3	35 24 1 1
144	47	0.0	3	34 8 4 1
145	69	0.0	3	45 19 2 3
146	59	0.0	3	34 16 6 3
147	58	0.0	3	35 19 3 1
148	43	0.0	3	31 11 1
149	53	0.0	3	34 18 1
150	44	0.0	3	36 7 1
151	50	0.0	3	27 18 4 1
152	45	0.0	3	28 17
153	47	0.0	3	33 10 1 3
154	44	0.0	3	26 12 6
155	30	0.0	3	18 12
156	32	0.0	3	20 9 2 1
157	24	0.0	3	12 7 4 1
158	35	0.0	3	14 17 4
159	25	0.0	3	10 13 2
160	24	0.0	3	10 12 2
161	27	0.0	3	15 10 2
162	22	0.0	3	17 2 3
163	21	0.0	3	5 13 2 1
164	32	0.0	3	13 18 1
165	28	0.0	3	11 15 2
166	20	0.0	3	7 10 2 1
167	30	0.0	3	10 16 2 2
168	30	0.0	3	9 17 3 1
169	13	0.0	3	4 8 1
170	17	0.0	3	7 9 1
171	20	0.0	3	8 9 3
172	15	0.0	3	1 13 1
173	15	0.0	3	5 7 2 1
174	22	0.0	3	3 18 1
175	16	0.0	3	1 14 0 1
176	17	0.0	3	3 14
177	16	0.0	3	1 14 1
178	26	0.0	3	2 23 1
179	17	0.0	3	3 12 2
180	16	0.0	3	1 14 1
181	8	0.0	3	2 6
182	23	0.0	3	3 19 0 1
183	10	0.0	3	2 8
184	11	0.0	3	2 9
185	16	0.0	3	3 10 3
186	16	0.0	3	2 10 2 2
187	11	0.0	3	2 9
188	19	0.0	3	3 16
189	12	0.0	3	0 10 1 1
190	12	0.0	3	0 11 1
191	12	0.0	3	1 8 3
192	10	0.0	3	2 7 1
193	11	0.0	3	0 8 2 1
194	7	0.0	3	0 7
195	11	0.0	3	1 9 1
196	12	0.0	3	0 12
197	13	0.0	3	1 12
198	9	0.0	3	0 6 2 1
199	6	0.0	3	0 6
200	7	0.0	3	2 4 0 1
201	8	0.0	3	1 7
202	7	0.0	3	0 6 1
203	18	0.0	3	0 17 1
204	7	0.0	3	1 4 2
205	9	0.0	3	0 7 2
206	10	0.0	3	1 9
207	11	0.0	3	0 10 1
208	7	0.0	3	2 3 1 1
209	10	0.0	3	0 9 1
210	7	0.0	3	0 6 1
211	11	0.0	3	0 10 1
212	8	0.0	3	0 8
213	5	0.0	3	0 4 1
214	5	0.0	3	0 5
215	10	0.0	3	0 10
216	3	0.0	3	0 2 1
217	7	0.0	3	0 7
218	6	0.0	3	0 5 1
219	2	0.0	3	0 2
220	3	0.0	3	0 3
221	2	0.0	3	0 2
222	4	0.0	3	0 4
223	4	0.0	3	0 3 1
224	2	0.0	3	0 2
225	3	0.0	3	0 3
226	2	0.0	3	0 2
227	1	0.0	3	0 0 1
228	1	0.0	3	0 1
229	2	0.0	3	0 2
230	3	0.0	3	0 2 0 1
231	1	0.0	3	0 1
232	3	0.0	3	0 3
233	2	0.0	3	0 2
235	2	0.0	3	0 1 1
238	2	0.0	3	0 2
240	1	0.0	3	0 1
241	3	0.0	3	0 3
242	2	0.0	3	0 1 1
243	2	0.0	3	0 2
244	2	0.0	3	0 2
246	1	0.0	3	0 1
247	1	0.0	3	0 1
251	6	0.0	3	0 6


=== Second read: Adapter 2 ===

Sequence: AGATCGGAAGAGCGTCGTGTAGGGAAAGAGTGT; Type: regular 3'; Length: 33; Trimmed: 1937516 times

No. of allowed errors:
0-9 bp: 0; 10-19 bp: 1; 20-29 bp: 2; 30-33 bp: 3

Bases preceding removed adapters:
  A: 17.5%
  C: 36.6%
  G: 36.2%
  T: 9.6%
  none/other: 0.2%

Overview of removed sequences
length	count	expect	max.err	error counts
3	192710	153948.1	0	192710
4	42343	38487.0	0	42343
5	22015	9621.8	0	22015
6	19615	2405.4	0	19615
7	21674	601.4	0	21674
8	13540	150.3	0	13540
9	23421	37.6	0	23138 283
10	18400	9.4	1	16363 2037
11	16250	2.3	1	14416 1834
12	21741	0.6	1	19646 2095
13	16128	0.1	1	14287 1841
14	29357	0.0	1	26371 2986
15	9249	0.0	1	7989 1260
16	12682	0.0	1	11110 1572
17	25591	0.0	1	22274 3317
18	5846	0.0	1	4795 1034 17
19	15541	0.0	1	13343 2162 36
20	8434	0.0	2	6819 1152 463
21	7008	0.0	2	5716 1072 220
22	12089	0.0	2	9587 2056 446
23	17933	0.0	2	13537 3558 838
24	31555	0.0	2	23385 6595 1575
25	10105	0.0	2	7184 2248 673
26	18789	0.0	2	13763 3956 1070
27	19527	0.0	2	14322 3985 1220
28	25558	0.0	2	18524 5415 1579 40
29	14781	0.0	2	10437 3321 995 28
30	44671	0.0	3	32682 9005 2362 622
31	7816	0.0	3	4844 1986 724 262
32	25743	0.0	3	18631 5242 1446 424
33	16906	0.0	3	11907 3575 1082 342
34	33975	0.0	3	25041 6650 1735 549
35	60766	0.0	3	46323 11005 2659 779
36	101292	0.0	3	77311 18386 4477 1118
37	80337	0.0	3	65060 12079 2574 624
38	32341	0.0	3	26583 4541 947 270
39	49591	0.0	3	42872 5410 1034 275
40	69778	0.0	3	61154 7102 1196 326
41	70645	0.0	3	61892 7255 1210 288
42	112446	0.0	3	100082 10259 1684 421
43	26112	0.0	3	22623 2824 502 163
44	89839	0.0	3	82190 6403 986 260
45	56806	0.0	3	52029 3981 615 181
46	44064	0.0	3	41007 2531 405 121
47	69378	0.0	3	65642 3213 408 115
48	29954	0.0	3	28122 1584 193 55
49	15928	0.0	3	14835 905 141 47
50	5788	0.0	3	5266 403 91 28
51	5548	0.0	3	5079 344 88 37
52	2809	0.0	3	2462 258 61 28
53	7030	0.0	3	6473 425 92 40
54	20675	0.0	3	19649 839 139 48
55	5549	0.0	3	5034 390 83 42
56	16459	0.0	3	15556 748 107 48
57	36681	0.0	3	35339 1142 150 50
58	14257	0.0	3	13597 551 79 30
59	2804	0.0	3	2549 205 38 12
60	12279	0.0	3	11829 380 52 18
61	3354	0.0	3	3111 210 21 12
62	1721	0.0	3	1573 118 21 9
63	8087	0.0	3	7787 238 48 14
64	3125	0.0	3	2969 121 21 14
65	1378	0.0	3	1274 79 19 6
66	1005	0.0	3	938 48 11 8
67	813	0.0	3	736 61 8 8
68	1154	0.0	3	1080 61 6 7
69	1176	0.0	3	1102 50 15 9
70	1073	0.0	3	996 54 11 12
71	1326	0.0	3	1238 64 13 11
72	1507	0.0	3	1403 80 14 10
73	2075	0.0	3	1920 122 25 8
74	2774	0.0	3	2548 179 31 16
75	4019	0.0	3	3697 251 45 26
76	6001	0.0	3	5613 302 58 28
77	7093	0.0	3	6558 400 90 45
78	8021	0.0	3	7232 619 117 53
79	12471	0.0	3	10834 1369 168 100
80	19653	0.0	3	18792 665 131 65
81	4546	0.0	3	4341 162 22 21
82	1068	0.0	3	982 60 16 10
83	421	0.0	3	366 34 16 5
84	255	0.0	3	215 27 4 9
85	170	0.0	3	146 13 8 3
86	130	0.0	3	103 13 9 5
87	123	0.0	3	94 17 3 9
88	105	0.0	3	82 18 3 2
89	119	0.0	3	89 16 6 8
90	122	0.0	3	91 17 11 3
91	102	0.0	3	76 18 5 3
92	92	0.0	3	67 18 5 2
93	92	0.0	3	70 15 6 1
94	78	0.0	3	58 9 7 4
95	95	0.0	3	67 18 5 5
96	91	0.0	3	58 17 13 3
97	76	0.0	3	56 13 2 5
98	61	0.0	3	42 11 3 5
99	48	0.0	3	30 11 2 5
100	57	0.0	3	35 14 3 5
101	52	0.0	3	33 12 2 5
102	58	0.0	3	36 16 5 1
103	59	0.0	3	35 17 5 2
104	54	0.0	3	36 11 3 4
105	55	0.0	3	30 16 4 5
106	44	0.0	3	24 13 4 3
107	48	0.0	3	23 20 4 1
108	35	0.0	3	23 9 0 3
109	32	0.0	3	13 8 8 3
110	40	0.0	3	21 12 4 3
111	35	0.0	3	19 9 3 4
112	36	0.0	3	10 17 4 5
113	35	0.0	3	16 13 5 1
114	25	0.0	3	11 7 5 2
115	35	0.0	3	15 15 3 2
116	32	0.0	3	14 8 4 6
117	27	0.0	3	10 11 3 3
118	26	0.0	3	6 16 2 2
119	27	0.0	3	9 8 6 4
120	18	0.0	3	5 8 3 2
121	27	0.0	3	10 10 4 3
122	20	0.0	3	6 9 2 3
123	33	0.0	3	11 10 7 5
124	19	0.0	3	4 10 3 2
125	20	0.0	3	3 10 5 2
126	22	0.0	3	5 12 1 4
127	20	0.0	3	3 13 1 3
128	22	0.0	3	4 11 2 5
129	15	0.0	3	2 9 2 2
130	17	0.0	3	2 9 3 3
131	16	0.0	3	2 10 3 1
132	15	0.0	3	3 8 4
133	11	0.0	3	1 6 4
134	15	0.0	3	2 9 2 2
135	21	0.0	3	4 10 3 4
136	20	0.0	3	8 6 4 2
137	20	0.0	3	7 7 1 5
138	16	0.0	3	4 5 3 4
139	19	0.0	3	3 7 4 5
140	19	0.0	3	4 12 2 1
141	19	0.0	3	5 9 2 3
142	17	0.0	3	4 9 3 1
143	17	0.0	3	1 9 6 1
144	14	0.0	3	3 6 3 2
145	16	0.0	3	3 6 4 3
146	18	0.0	3	3 7 2 6
147	16	0.0	3	0 12 3 1
148	19	0.0	3	1 9 6 3
149	10	0.0	3	0 5 4 1
150	10	0.0	3	2 5 0 3
151	15	0.0	3	0 8 1 6
152	17	0.0	3	1 12 3 1
153	12	0.0	3	0 6 3 3
154	14	0.0	3	1 7 2 4
155	18	0.0	3	4 8 5 1
156	6	0.0	3	0 1 5
157	8	0.0	3	1 4 1 2
158	11	0.0	3	1 7 2 1
159	10	0.0	3	2 4 4
160	11	0.0	3	0 5 2 4
161	11	0.0	3	0 10 1
162	11	0.0	3	0 8 2 1
163	11	0.0	3	0 9 1 1
164	6	0.0	3	1 4 1
165	13	0.0	3	0 8 3 2
166	9	0.0	3	1 7 0 1
167	5	0.0	3	1 3 1
168	13	0.0	3	0 7 5 1
169	13	0.0	3	0 8 3 2
170	14	0.0	3	0 12 2
171	5	0.0	3	0 2 3
172	9	0.0	3	0 6 2 1
173	7	0.0	3	0 5 1 1
174	7	0.0	3	0 5 0 2
175	6	0.0	3	0 4 2
176	7	0.0	3	1 2 1 3
177	5	0.0	3	1 2 2
178	6	0.0	3	0 5 0 1
179	7	0.0	3	0 4 2 1
180	2	0.0	3	0 1 0 1
181	8	0.0	3	1 3 3 1
182	8	0.0	3	0 4 2 2
183	5	0.0	3	0 3 1 1
184	6	0.0	3	0 5 1
185	7	0.0	3	0 3 3 1
186	5	0.0	3	0 3 2
187	1	0.0	3	0 1
188	3	0.0	3	0 1 2
189	7	0.0	3	0 4 1 2
190	1	0.0	3	0 1
191	2	0.0	3	0 1 1
192	3	0.0	3	0 1 2
193	2	0.0	3	0 0 1 1
194	4	0.0	3	0 1 2 1
195	2	0.0	3	0 2
196	4	0.0	3	0 3 0 1
198	1	0.0	3	0 0 1
199	1	0.0	3	0 0 1
200	1	0.0	3	0 0 1
201	3	0.0	3	0 2 1
203	1	0.0	3	0 0 0 1
206	1	0.0	3	0 1
211	1	0.0	3	0 1
215	2	0.0	3	0 1 1
216	1	0.0	3	0 1
217	1	0.0	3	0 1
233	1	0.0	3	0 0 1
236	2	0.0	3	0 0 2
238	1	0.0	3	0 0 0 1
