This is cutadapt 2.9 with Python 3.7.10
Command line parameters: -q 10 --minimum-length 25 --cores 80 -a AGATCGGAAGAGCACACGTCTGAACTCCAGTCA -A AGATCGGAAGAGCGTCGTGTAGGGAAAGAGTGT -o prefetch_sra_files/SRR7043013_R1_Trimmed.fastq.gz -p prefetch_sra_files/SRR7043013_R2_Trimmed.fastq.gz prefetch_sra_files/SRR7043013.sra_1.fastq.gz prefetch_sra_files/SRR7043013.sra_2.fastq.gz
Processing reads on 80 cores in paired-end mode ...
Finished in 225.15 s (31 us/read; 1.93 M reads/minute).

=== Summary ===

Total read pairs processed:          7,238,891
  Read 1 with adapter:                 325,546 (4.5%)
  Read 2 with adapter:                 234,913 (3.2%)
Pairs written (passing filters):     7,223,574 (99.8%)

Total basepairs processed: 3,633,923,282 bp
  Read 1: 1,816,961,641 bp
  Read 2: 1,816,961,641 bp
Quality-trimmed:             185,030,481 bp (5.1%)
  Read 1:   137,374,670 bp
  Read 2:    47,655,811 bp
Total written (filtered):  3,442,174,679 bp (94.7%)
  Read 1: 1,677,595,532 bp
  Read 2: 1,764,579,147 bp

=== First read: Adapter 1 ===

Sequence: AGATCGGAAGAGCACACGTCTGAACTCCAGTCA; Type: regular 3'; Length: 33; Trimmed: 325546 times

No. of allowed errors:
0-9 bp: 0; 10-19 bp: 1; 20-29 bp: 2; 30-33 bp: 3

Bases preceding removed adapters:
  A: 27.8%
  C: 25.9%
  G: 29.4%
  T: 16.8%
  none/other: 0.0%

Overview of removed sequences
length	count	expect	max.err	error counts
3	168598	113107.7	0	168598
4	37546	28276.9	0	37546
5	16839	7069.2	0	16839
6	12043	1767.3	0	12043
7	12793	441.8	0	12793
8	7899	110.5	0	7899
9	13443	27.6	0	13211 232
10	10622	6.9	1	9335 1287
11	9356	1.7	1	8215 1141
12	12191	0.4	1	10874 1317
13	9282	0.1	1	8064 1218
14	14911	0.0	1	3 14908
15	7	0.0	1	0 7
16	13	0.0	1	0 13
18	1	0.0	1	0 1
19	1	0.0	1	0 0 1
48	1	0.0	3	0 0 0 1


=== Second read: Adapter 2 ===

Sequence: AGATCGGAAGAGCGTCGTGTAGGGAAAGAGTGT; Type: regular 3'; Length: 33; Trimmed: 234913 times

No. of allowed errors:
0-9 bp: 0; 10-19 bp: 1; 20-29 bp: 2; 30-33 bp: 3

Bases preceding removed adapters:
  A: 23.1%
  C: 29.1%
  G: 29.7%
  T: 18.1%
  none/other: 0.0%

Overview of removed sequences
length	count	expect	max.err	error counts
3	105903	113107.7	0	105903
4	28695	28276.9	0	28695
5	15302	7069.2	0	15302
6	11543	1767.3	0	11543
7	10188	441.8	0	10188
8	8114	110.5	0	8114
9	12980	27.6	0	12754 226
10	7869	6.9	1	7205 664
11	8577	1.7	1	7871 706
12	8969	0.4	1	8365 604
13	8413	0.1	1	7845 568
14	8353	0.0	1	2 8351
15	7	0.0	1	0 7
