This is cutadapt 2.9 with Python 3.7.10
Command line parameters: -q 10 --minimum-length 25 --cores 80 -a AGATCGGAAGAGCACACGTCTGAACTCCAGTCA -A AGATCGGAAGAGCGTCGTGTAGGGAAAGAGTGT -o prefetch_sra_files/SRR7043704_R1_Trimmed.fastq.gz -p prefetch_sra_files/SRR7043704_R2_Trimmed.fastq.gz prefetch_sra_files/SRR7043704.sra_1.fastq.gz prefetch_sra_files/SRR7043704.sra_2.fastq.gz
Processing reads on 80 cores in paired-end mode ...
Finished in 317.19 s (29 us/read; 2.07 M reads/minute).

=== Summary ===

Total read pairs processed:         10,956,480
  Read 1 with adapter:               2,370,993 (21.6%)
  Read 2 with adapter:               2,380,806 (21.7%)
Pairs written (passing filters):    10,930,902 (99.8%)

Total basepairs processed: 5,500,152,960 bp
  Read 1: 2,750,076,480 bp
  Read 2: 2,750,076,480 bp
Quality-trimmed:             307,705,986 bp (5.6%)
  Read 1:    91,436,817 bp
  Read 2:   216,269,169 bp
Total written (filtered):  4,991,759,102 bp (90.8%)
  Read 1: 2,538,477,311 bp
  Read 2: 2,453,281,791 bp

=== First read: Adapter 1 ===

Sequence: AGATCGGAAGAGCACACGTCTGAACTCCAGTCA; Type: regular 3'; Length: 33; Trimmed: 2370993 times

No. of allowed errors:
0-9 bp: 0; 10-19 bp: 1; 20-29 bp: 2; 30-33 bp: 3

Bases preceding removed adapters:
  A: 15.4%
  C: 35.4%
  G: 30.5%
  T: 18.5%
  none/other: 0.3%

Overview of removed sequences
length	count	expect	max.err	error counts
3	137086	171195.0	0	137086
4	45055	42798.8	0	45055
5	26978	10699.7	0	26978
6	21674	2674.9	0	21674
7	19591	668.7	0	19591
8	16162	167.2	0	16162
9	25714	41.8	0	25371 343
10	16576	10.4	1	15318 1258
11	17742	2.6	1	16448 1294
12	18753	0.7	1	17528 1225
13	17361	0.2	1	16132 1229
14	18657	0.0	1	17218 1439
15	16810	0.0	1	15400 1410
16	19361	0.0	1	17498 1863
17	22447	0.0	1	19977 2470
18	18088	0.0	1	16439 1630 19
19	15273	0.0	1	13866 1374 33
20	17899	0.0	2	16060 1537 302
21	20098	0.0	2	17685 1983 430
22	16212	0.0	2	14268 1610 334
23	18579	0.0	2	16352 1837 390
24	24048	0.0	2	20779 2660 609
25	20424	0.0	2	17574 2288 562
26	16089	0.0	2	13535 2047 507
27	20081	0.0	2	16976 2481 618 6
28	23249	0.0	2	19940 2625 675 9
29	19789	0.0	2	16218 2772 723 76
30	18247	0.0	3	15452 2029 559 207
31	18100	0.0	3	15338 2095 474 193
32	19762	0.0	3	17064 2026 504 168
33	15569	0.0	3	12521 2218 602 228
34	25836	0.0	3	20331 3917 1128 460
35	34623	0.0	3	27840 4763 1462 558
36	15533	0.0	3	12142 2491 668 232
37	33286	0.0	3	27657 4068 1162 399
38	11303	0.0	3	8810 1785 544 164
39	30225	0.0	3	25472 3568 884 301
40	20812	0.0	3	17021 2802 747 242
41	23610	0.0	3	19896 2771 696 247
42	23527	0.0	3	20308 2477 568 174
43	37729	0.0	3	33538 3323 653 215
44	8608	0.0	3	7359 964 213 72
45	8903	0.0	3	7897 778 171 57
46	7677	0.0	3	6652 791 171 63
47	17156	0.0	3	15246 1476 337 97
48	12018	0.0	3	10594 1110 243 71
49	18675	0.0	3	16580 1613 364 118
50	14052	0.0	3	12160 1492 295 105
51	23485	0.0	3	20613 2210 494 168
52	15042	0.0	3	13001 1591 352 98
53	21763	0.0	3	18998 2171 444 150
54	30250	0.0	3	26772 2761 537 180
55	23912	0.0	3	21237 2131 408 136
56	14993	0.0	3	13155 1490 265 83
57	22451	0.0	3	20198 1822 314 117
58	20796	0.0	3	18604 1775 326 91
59	19183	0.0	3	17241 1571 265 106
60	20378	0.0	3	18354 1662 269 93
61	19974	0.0	3	17962 1645 285 82
62	14188	0.0	3	12613 1265 255 55
63	28344	0.0	3	25934 2012 319 79
64	24175	0.0	3	21910 1882 289 94
65	22355	0.0	3	20347 1654 273 81
66	26147	0.0	3	24001 1806 253 87
67	17585	0.0	3	16052 1267 215 51
68	20113	0.0	3	18536 1329 193 55
69	22725	0.0	3	20891 1525 231 78
70	26352	0.0	3	24164 1827 295 66
71	35296	0.0	3	32415 2425 349 107
72	42243	0.0	3	38910 2805 392 136
73	52995	0.0	3	48998 3341 470 186
74	75450	0.0	3	70083 4460 716 191
75	142766	0.0	3	132524 9312 677 253
76	389731	0.0	3	379516 9272 653 290
77	51572	0.0	3	48374 2839 216 143
78	10040	0.0	3	9353 567 80 40
79	4462	0.0	3	4089 293 55 25
80	3010	0.0	3	2736 222 38 14
81	2655	0.0	3	2422 185 35 13
82	2332	0.0	3	2113 163 38 18
83	2161	0.0	3	1954 162 30 15
84	2072	0.0	3	1900 143 20 9
85	1951	0.0	3	1751 157 29 14
86	1791	0.0	3	1600 146 33 12
87	1690	0.0	3	1512 135 31 12
88	1534	0.0	3	1354 142 30 8
89	1395	0.0	3	1231 132 24 8
90	1271	0.0	3	1105 124 30 12
91	1214	0.0	3	1061 120 15 18
92	1182	0.0	3	1034 117 24 7
93	1160	0.0	3	1013 114 23 10
94	989	0.0	3	856 101 22 10
95	1014	0.0	3	874 105 23 12
96	928	0.0	3	794 103 20 11
97	835	0.0	3	723 78 22 12
98	861	0.0	3	745 88 20 8
99	776	0.0	3	675 89 11 1
100	763	0.0	3	657 77 18 11
101	736	0.0	3	634 78 19 5
102	701	0.0	3	602 78 16 5
103	588	0.0	3	494 70 16 8
104	614	0.0	3	526 64 12 12
105	590	0.0	3	485 80 16 9
106	560	0.0	3	467 74 13 6
107	511	0.0	3	441 57 10 3
108	518	0.0	3	440 63 9 6
109	510	0.0	3	422 70 14 4
110	471	0.0	3	394 59 14 4
111	448	0.0	3	382 52 6 8
112	428	0.0	3	344 61 14 9
113	405	0.0	3	328 62 15
114	372	0.0	3	304 51 13 4
115	377	0.0	3	314 43 13 7
116	365	0.0	3	297 53 12 3
117	347	0.0	3	273 59 12 3
118	307	0.0	3	251 45 9 2
119	293	0.0	3	238 42 10 3
120	279	0.0	3	221 45 10 3
121	273	0.0	3	213 48 9 3
122	236	0.0	3	177 43 13 3
123	266	0.0	3	208 49 5 4
124	223	0.0	3	172 45 5 1
125	217	0.0	3	170 42 3 2
126	208	0.0	3	167 33 8
127	181	0.0	3	144 27 7 3
128	216	0.0	3	160 46 7 3
129	185	0.0	3	127 48 8 2
130	180	0.0	3	137 26 12 5
131	177	0.0	3	132 39 6
132	157	0.0	3	116 30 7 4
133	157	0.0	3	113 32 9 3
134	135	0.0	3	91 31 11 2
135	157	0.0	3	106 37 12 2
136	123	0.0	3	88 24 8 3
137	116	0.0	3	73 34 7 2
138	140	0.0	3	100 31 7 2
139	123	0.0	3	78 39 5 1
140	109	0.0	3	80 23 4 2
141	89	0.0	3	60 24 4 1
142	78	0.0	3	53 17 5 3
143	89	0.0	3	59 21 8 1
144	75	0.0	3	48 23 3 1
145	63	0.0	3	40 18 5
146	87	0.0	3	51 31 5
147	75	0.0	3	52 18 4 1
148	67	0.0	3	42 22 2 1
149	59	0.0	3	33 21 5
150	51	0.0	3	30 17 3 1
151	54	0.0	3	30 19 5
152	57	0.0	3	26 25 5 1
153	50	0.0	3	27 20 3
154	55	0.0	3	36 17 1 1
155	60	0.0	3	26 33 0 1
156	49	0.0	3	20 26 3
157	46	0.0	3	22 20 3 1
158	43	0.0	3	19 21 2 1
159	30	0.0	3	11 16 3
160	40	0.0	3	14 23 0 3
161	41	0.0	3	15 21 3 2
162	37	0.0	3	14 20 3
163	34	0.0	3	15 14 4 1
164	33	0.0	3	11 20 2
165	29	0.0	3	3 21 5
166	40	0.0	3	14 22 4
167	38	0.0	3	10 23 5
168	27	0.0	3	7 17 3
169	32	0.0	3	6 23 2 1
170	21	0.0	3	4 15 2
171	29	0.0	3	6 21 2
172	32	0.0	3	3 25 4
173	26	0.0	3	5 21
174	28	0.0	3	6 21 1
175	26	0.0	3	3 18 5
176	36	0.0	3	7 24 5
177	32	0.0	3	5 25 2
178	28	0.0	3	6 20 2
179	24	0.0	3	5 18 1
180	33	0.0	3	5 27 0 1
181	29	0.0	3	5 22 2
182	19	0.0	3	4 14 1
183	20	0.0	3	3 17
184	18	0.0	3	1 14 2 1
185	28	0.0	3	2 22 2 2
186	33	0.0	3	1 30 1 1
187	18	0.0	3	0 16 2
188	18	0.0	3	1 16 1
189	23	0.0	3	2 20 1
190	18	0.0	3	2 13 3
191	22	0.0	3	2 18 2
192	14	0.0	3	0 13 1
193	18	0.0	3	2 13 3
194	20	0.0	3	2 16 2
195	20	0.0	3	0 20
196	17	0.0	3	2 13 2
197	19	0.0	3	0 13 5 1
198	16	0.0	3	1 13 2
199	17	0.0	3	0 14 3
200	18	0.0	3	2 13 3
201	15	0.0	3	0 12 2 1
202	12	0.0	3	0 12
203	19	0.0	3	0 17 2
204	4	0.0	3	0 3 1
205	13	0.0	3	0 13
206	11	0.0	3	0 10 0 1
207	15	0.0	3	0 9 6
208	14	0.0	3	0 13 1
209	15	0.0	3	0 13 2
210	7	0.0	3	0 6 1
211	13	0.0	3	0 12 1
212	7	0.0	3	0 7
213	18	0.0	3	0 14 4
214	4	0.0	3	0 3 1
215	10	0.0	3	0 9 0 1
216	13	0.0	3	0 11 2
217	5	0.0	3	0 3 2
218	5	0.0	3	0 4 1
219	11	0.0	3	0 11
220	7	0.0	3	0 6 1
221	10	0.0	3	0 9 1
222	7	0.0	3	0 5 2
223	4	0.0	3	0 4
224	8	0.0	3	0 6 2
225	5	0.0	3	0 5
226	5	0.0	3	0 5
227	6	0.0	3	0 4 2
228	6	0.0	3	0 6
229	1	0.0	3	0 1
230	7	0.0	3	0 7
231	1	0.0	3	0 1
232	4	0.0	3	0 4
233	6	0.0	3	0 5 1
234	4	0.0	3	0 3 1
235	2	0.0	3	0 2
236	5	0.0	3	0 5
237	2	0.0	3	0 2
238	7	0.0	3	0 7
239	4	0.0	3	0 3 0 1
241	2	0.0	3	0 2
242	1	0.0	3	0 1
243	2	0.0	3	0 1 1
244	1	0.0	3	0 1
245	2	0.0	3	0 2
246	1	0.0	3	0 1
248	4	0.0	3	0 4
249	2	0.0	3	0 2
250	1	0.0	3	0 1
251	21	0.0	3	0 17 4


=== Second read: Adapter 2 ===

Sequence: AGATCGGAAGAGCGTCGTGTAGGGAAAGAGTGT; Type: regular 3'; Length: 33; Trimmed: 2380806 times

No. of allowed errors:
0-9 bp: 0; 10-19 bp: 1; 20-29 bp: 2; 30-33 bp: 3

Bases preceding removed adapters:
  A: 17.6%
  C: 37.1%
  G: 35.0%
  T: 10.0%
  none/other: 0.2%

Overview of removed sequences
length	count	expect	max.err	error counts
3	215080	171195.0	0	215080
4	47469	42798.8	0	47469
5	24912	10699.7	0	24912
6	22721	2674.9	0	22721
7	25111	668.7	0	25111
8	16085	167.2	0	16085
9	28050	41.8	0	27729 321
10	21743	10.4	1	19339 2404
11	19989	2.6	1	17630 2359
12	25938	0.7	1	23377 2561
13	19705	0.2	1	17298 2407
14	35006	0.0	1	31177 3829
15	11333	0.0	1	9729 1604
16	15039	0.0	1	13060 1979
17	30264	0.0	1	26112 4152
18	7142	0.0	1	5807 1320 15
19	18443	0.0	1	15600 2801 42
20	10191	0.0	2	8135 1539 517
21	8447	0.0	2	6695 1397 355
22	14393	0.0	2	11240 2581 572
23	22362	0.0	2	16690 4524 1148
24	38636	0.0	2	28272 8225 2139
25	12557	0.0	2	8762 2933 862
26	23324	0.0	2	16871 4961 1492
27	24780	0.0	2	17838 5302 1640
28	32031	0.0	2	22718 7216 2056 41
29	19443	0.0	2	13519 4595 1302 27
30	57357	0.0	3	41196 12029 3218 914
31	9944	0.0	3	6085 2579 926 354
32	32717	0.0	3	23403 6757 1988 569
33	21618	0.0	3	14954 4777 1446 441
34	44761	0.0	3	32681 8933 2414 733
35	79892	0.0	3	60128 14973 3772 1019
36	129350	0.0	3	97674 24063 6018 1595
37	104293	0.0	3	84011 15931 3484 867
38	42364	0.0	3	34673 5964 1309 418
39	66557	0.0	3	57163 7524 1425 445
40	91012	0.0	3	79475 9407 1677 453
41	89797	0.0	3	78157 9545 1674 421
42	138218	0.0	3	122285 13069 2270 594
43	32529	0.0	3	28135 3517 665 212
44	110838	0.0	3	101100 8132 1296 310
45	69588	0.0	3	63503 5017 818 250
46	55317	0.0	3	51198 3431 547 141
47	85011	0.0	3	80160 4156 547 148
48	37641	0.0	3	35141 2140 282 78
49	19443	0.0	3	18054 1143 183 63
50	7086	0.0	3	6399 532 116 39
51	6693	0.0	3	6085 477 95 36
52	3357	0.0	3	2953 304 67 33
53	8309	0.0	3	7547 600 117 45
54	25495	0.0	3	24204 1058 166 67
55	6494	0.0	3	5833 521 93 47
56	20088	0.0	3	18865 1007 159 57
57	45344	0.0	3	43528 1567 188 61
58	18561	0.0	3	17593 823 103 42
59	3524	0.0	3	3136 317 48 23
60	15709	0.0	3	15069 538 69 33
61	4225	0.0	3	3931 233 41 20
62	2144	0.0	3	1909 180 40 15
63	9669	0.0	3	9304 296 49 20
64	3845	0.0	3	3611 185 38 11
65	1644	0.0	3	1526 87 24 7
66	1168	0.0	3	1083 56 21 8
67	940	0.0	3	848 68 17 7
68	1411	0.0	3	1308 80 15 8
69	1373	0.0	3	1261 88 19 5
70	1187	0.0	3	1090 68 21 8
71	1548	0.0	3	1420 90 23 15
72	1765	0.0	3	1617 110 30 8
73	2420	0.0	3	2190 174 34 22
74	3146	0.0	3	2797 253 68 28
75	4597	0.0	3	4094 378 85 40
76	6983	0.0	3	6387 472 87 37
77	8290	0.0	3	7548 580 100 62
78	9042	0.0	3	7904 941 122 75
79	14618	0.0	3	12138 2085 263 132
80	20967	0.0	3	19962 808 138 59
81	4933	0.0	3	4654 206 50 23
82	1120	0.0	3	1029 64 23 4
83	448	0.0	3	400 31 10 7
84	285	0.0	3	247 26 8 4
85	186	0.0	3	147 25 7 7
86	147	0.0	3	109 22 10 6
87	155	0.0	3	113 29 7 6
88	141	0.0	3	106 21 10 4
89	147	0.0	3	109 28 8 2
90	120	0.0	3	89 16 6 9
91	112	0.0	3	81 21 7 3
92	105	0.0	3	71 21 10 3
93	90	0.0	3	56 22 6 6
94	101	0.0	3	73 21 5 2
95	103	0.0	3	58 31 10 4
96	77	0.0	3	50 15 9 3
97	92	0.0	3	52 26 8 6
98	81	0.0	3	49 17 10 5
99	86	0.0	3	55 19 8 4
100	67	0.0	3	40 18 5 4
101	71	0.0	3	48 16 4 3
102	56	0.0	3	29 15 7 5
103	65	0.0	3	40 16 8 1
104	60	0.0	3	32 20 6 2
105	59	0.0	3	24 25 6 4
106	55	0.0	3	27 18 5 5
107	62	0.0	3	32 17 9 4
108	50	0.0	3	24 20 2 4
109	52	0.0	3	25 16 6 5
110	47	0.0	3	21 19 3 4
111	48	0.0	3	17 18 7 6
112	56	0.0	3	21 22 9 4
113	47	0.0	3	19 17 6 5
114	40	0.0	3	17 16 3 4
115	38	0.0	3	11 18 6 3
116	30	0.0	3	11 9 9 1
117	38	0.0	3	17 15 6
118	42	0.0	3	14 19 6 3
119	33	0.0	3	10 18 1 4
120	37	0.0	3	12 16 5 4
121	34	0.0	3	9 21 2 2
122	38	0.0	3	11 14 11 2
123	31	0.0	3	11 14 2 4
124	35	0.0	3	5 20 7 3
125	23	0.0	3	4 13 4 2
126	22	0.0	3	5 11 2 4
127	27	0.0	3	3 19 3 2
128	19	0.0	3	7 8 3 1
129	15	0.0	3	2 10 2 1
130	21	0.0	3	5 11 3 2
131	19	0.0	3	5 8 4 2
132	19	0.0	3	3 13 3
133	18	0.0	3	3 12 1 2
134	13	0.0	3	3 8 1 1
135	21	0.0	3	3 9 6 3
136	21	0.0	3	1 11 6 3
137	15	0.0	3	1 12 1 1
138	16	0.0	3	4 6 4 2
139	19	0.0	3	0 13 3 3
140	18	0.0	3	4 7 5 2
141	21	0.0	3	2 11 6 2
142	10	0.0	3	2 7 1
143	14	0.0	3	1 9 2 2
144	20	0.0	3	0 15 2 3
145	14	0.0	3	0 11 3
146	20	0.0	3	2 11 6 1
147	12	0.0	3	2 7 2 1
148	8	0.0	3	0 5 2 1
149	23	0.0	3	1 15 5 2
150	16	0.0	3	1 8 4 3
151	13	0.0	3	1 7 3 2
152	14	0.0	3	2 6 3 3
153	9	0.0	3	0 6 3
154	21	0.0	3	1 13 4 3
155	16	0.0	3	0 12 4
156	15	0.0	3	1 10 3 1
157	17	0.0	3	0 11 4 2
158	13	0.0	3	2 6 3 2
159	15	0.0	3	0 8 6 1
160	24	0.0	3	0 16 5 3
161	22	0.0	3	0 13 6 3
162	18	0.0	3	0 12 4 2
163	14	0.0	3	0 9 1 4
164	13	0.0	3	1 8 3 1
165	19	0.0	3	0 14 0 5
166	17	0.0	3	2 8 5 2
167	17	0.0	3	0 10 4 3
168	13	0.0	3	1 9 2 1
169	14	0.0	3	0 7 6 1
170	10	0.0	3	0 7 0 3
171	14	0.0	3	0 8 4 2
172	19	0.0	3	0 12 6 1
173	4	0.0	3	0 4
174	14	0.0	3	0 9 5
175	12	0.0	3	0 12
176	13	0.0	3	1 7 3 2
177	11	0.0	3	0 9 2
178	9	0.0	3	0 6 1 2
179	9	0.0	3	0 6 1 2
180	7	0.0	3	0 4 0 3
181	12	0.0	3	0 7 4 1
182	3	0.0	3	0 2 1
183	4	0.0	3	0 3 0 1
184	4	0.0	3	1 2 0 1
185	6	0.0	3	0 5 0 1
186	6	0.0	3	0 3 2 1
187	6	0.0	3	0 2 2 2
188	6	0.0	3	0 4 2
189	2	0.0	3	0 1 1
190	6	0.0	3	0 4 2
191	4	0.0	3	0 3 1
192	3	0.0	3	0 2 1
193	5	0.0	3	0 1 2 2
194	3	0.0	3	0 1 2
195	4	0.0	3	1 1 1 1
196	2	0.0	3	0 1 1
197	3	0.0	3	0 3
198	2	0.0	3	0 1 0 1
199	2	0.0	3	0 0 1 1
200	3	0.0	3	0 1 2
201	2	0.0	3	0 2
202	1	0.0	3	0 1
203	2	0.0	3	0 1 0 1
204	1	0.0	3	0 0 1
205	1	0.0	3	0 1
207	1	0.0	3	0 0 1
208	1	0.0	3	0 1
209	4	0.0	3	0 1 2 1
210	2	0.0	3	0 0 2
211	2	0.0	3	0 0 2
212	1	0.0	3	1
213	1	0.0	3	0 1
215	1	0.0	3	0 0 1
217	1	0.0	3	0 0 1
219	1	0.0	3	0 0 0 1
230	1	0.0	3	0 0 1
233	1	0.0	3	0 0 1
234	1	0.0	3	0 0 0 1
236	1	0.0	3	0 0 1
251	1	0.0	3	0 0 0 1
