This is cutadapt 2.9 with Python 3.7.10
Command line parameters: -q 10 --minimum-length 25 --cores 80 -a AGATCGGAAGAGCACACGTCTGAACTCCAGTCA -A AGATCGGAAGAGCGTCGTGTAGGGAAAGAGTGT -o prefetch_sra_files/SRR7058606_R1_Trimmed.fastq.gz -p prefetch_sra_files/SRR7058606_R2_Trimmed.fastq.gz prefetch_sra_files/SRR7058606.sra_1.fastq.gz prefetch_sra_files/SRR7058606.sra_2.fastq.gz
Processing reads on 80 cores in paired-end mode ...
Finished in 662.45 s (31 us/read; 1.96 M reads/minute).

=== Summary ===

Total read pairs processed:         21,680,542
  Read 1 with adapter:               1,330,472 (6.1%)
  Read 2 with adapter:                 826,612 (3.8%)
Pairs written (passing filters):    21,648,371 (99.9%)

Total basepairs processed: 10,883,632,084 bp
  Read 1: 5,441,816,042 bp
  Read 2: 5,441,816,042 bp
Quality-trimmed:             670,143,338 bp (6.2%)
  Read 1:   464,424,440 bp
  Read 2:   205,718,898 bp
Total written (filtered):  10,192,361,192 bp (93.6%)
  Read 1: 4,968,269,009 bp
  Read 2: 5,224,092,183 bp

=== First read: Adapter 1 ===

Sequence: AGATCGGAAGAGCACACGTCTGAACTCCAGTCA; Type: regular 3'; Length: 33; Trimmed: 1330472 times

No. of allowed errors:
0-9 bp: 0; 10-19 bp: 1; 20-29 bp: 2; 30-33 bp: 3

Bases preceding removed adapters:
  A: 25.6%
  C: 29.3%
  G: 24.6%
  T: 20.5%
  none/other: 0.0%

Overview of removed sequences
length	count	expect	max.err	error counts
3	587367	338758.5	0	587367
4	143184	84689.6	0	143184
5	72191	21172.4	0	72191
6	56176	5293.1	0	56176
7	62716	1323.3	0	62716
8	40331	330.8	0	40331
9	69445	82.7	0	68787 658
10	55104	20.7	1	48790 6314
11	49093	5.2	1	43006 6087
12	64667	1.3	1	57920 6747
13	50288	0.3	1	43838 6450
14	79744	0.1	1	6 79738
15	44	0.0	1	0 44
16	110	0.0	1	0 110
17	1	0.0	1	0 1
19	3	0.0	1	0 0 3
20	4	0.0	2	0 0 4
30	1	0.0	3	0 0 1
31	1	0.0	3	0 0 0 1
56	1	0.0	3	0 0 0 1
73	1	0.0	3	0 0 0 1


=== Second read: Adapter 2 ===

Sequence: AGATCGGAAGAGCGTCGTGTAGGGAAAGAGTGT; Type: regular 3'; Length: 33; Trimmed: 826612 times

No. of allowed errors:
0-9 bp: 0; 10-19 bp: 1; 20-29 bp: 2; 30-33 bp: 3

Bases preceding removed adapters:
  A: 21.2%
  C: 37.2%
  G: 24.6%
  T: 17.1%
  none/other: 0.0%

Overview of removed sequences
length	count	expect	max.err	error counts
3	255171	338758.5	0	255171
4	87944	84689.6	0	87944
5	59067	21172.4	0	59067
6	53313	5293.1	0	53313
7	52317	1323.3	0	52317
8	40352	330.8	0	40352
9	57952	82.7	0	57213 739
10	45693	20.7	1	42385 3308
11	41649	5.2	1	38325 3324
12	46537	1.3	1	43415 3122
13	43923	0.3	1	40893 3030
14	42670	0.1	1	8 42662
15	19	0.0	1	0 19
17	1	0.0	1	0 1
18	1	0.0	1	0 1
19	1	0.0	1	0 1
21	2	0.0	2	0 0 2
