This is cutadapt 2.9 with Python 3.7.10
Command line parameters: -q 10 --minimum-length 25 --cores 80 -a AGATCGGAAGAGCACACGTCTGAACTCCAGTCA -A AGATCGGAAGAGCGTCGTGTAGGGAAAGAGTGT -o prefetch_sra_files/SRR7058378_R1_Trimmed.fastq.gz -p prefetch_sra_files/SRR7058378_R2_Trimmed.fastq.gz prefetch_sra_files/SRR7058378.sra_1.fastq.gz prefetch_sra_files/SRR7058378.sra_2.fastq.gz
Processing reads on 80 cores in paired-end mode ...
Finished in 542.48 s (34 us/read; 1.75 M reads/minute).

=== Summary ===

Total read pairs processed:         15,820,281
  Read 1 with adapter:               3,280,919 (20.7%)
  Read 2 with adapter:               3,307,919 (20.9%)
Pairs written (passing filters):    15,793,551 (99.8%)

Total basepairs processed: 7,941,781,062 bp
  Read 1: 3,970,890,531 bp
  Read 2: 3,970,890,531 bp
Quality-trimmed:             395,822,269 bp (5.0%)
  Read 1:   117,552,179 bp
  Read 2:   278,270,090 bp
Total written (filtered):  7,277,857,290 bp (91.6%)
  Read 1: 3,693,591,712 bp
  Read 2: 3,584,265,578 bp

=== First read: Adapter 1 ===

Sequence: AGATCGGAAGAGCACACGTCTGAACTCCAGTCA; Type: regular 3'; Length: 33; Trimmed: 3280919 times

No. of allowed errors:
0-9 bp: 0; 10-19 bp: 1; 20-29 bp: 2; 30-33 bp: 3

Bases preceding removed adapters:
  A: 12.6%
  C: 38.1%
  G: 30.4%
  T: 18.8%
  none/other: 0.2%

Overview of removed sequences
length	count	expect	max.err	error counts
3	202932	247191.9	0	202932
4	66930	61798.0	0	66930
5	42195	15449.5	0	42195
6	35555	3862.4	0	35555
7	33783	965.6	0	33783
8	26246	241.4	0	26246
9	38315	60.3	0	37794 521
10	28548	15.1	1	26537 2011
11	26739	3.8	1	24799 1940
12	29623	0.9	1	27805 1818
13	28042	0.2	1	26090 1952
14	29547	0.1	1	27311 2236
15	27947	0.0	1	25651 2296
16	28631	0.0	1	25942 2689
17	35195	0.0	1	31386 3809
18	32575	0.0	1	29785 2744 46
19	21375	0.0	1	19523 1801 51
20	28249	0.0	2	25400 2435 414
21	25798	0.0	2	22759 2522 517
22	24609	0.0	2	21670 2475 464
23	27067	0.0	2	23607 2870 590
24	32490	0.0	2	28201 3520 769
25	30565	0.0	2	26333 3437 795
26	20502	0.0	2	17206 2679 617
27	30119	0.0	2	25291 3858 961 9
28	37644	0.0	2	32116 4493 1024 11
29	27908	0.0	2	22862 3801 1085 160
30	27466	0.0	3	23050 3211 833 372
31	25168	0.0	3	21164 2988 761 255
32	29965	0.0	3	25444 3454 794 273
33	25745	0.0	3	20853 3591 955 346
34	38176	0.0	3	30612 5478 1551 535
35	28990	0.0	3	23464 4104 1063 359
36	29883	0.0	3	24222 4004 1145 512
37	30322	0.0	3	25201 3567 1058 496
38	29327	0.0	3	23781 3925 1048 573
39	31229	0.0	3	26077 3669 958 525
40	32440	0.0	3	26956 3926 1038 520
41	35580	0.0	3	29882 4221 982 495
42	30135	0.0	3	25223 3576 866 470
43	56363	0.0	3	49953 4842 985 583
44	13436	0.0	3	11256 1625 357 198
45	11708	0.0	3	10131 1165 276 136
46	11175	0.0	3	9530 1217 281 147
47	22048	0.0	3	19466 1894 447 241
48	17547	0.0	3	15256 1697 390 204
49	25293	0.0	3	22209 2258 557 269
50	20522	0.0	3	17515 2244 494 269
51	31804	0.0	3	27728 2970 722 384
52	22104	0.0	3	18882 2393 567 262
53	28967	0.0	3	24861 3074 662 370
54	37186	0.0	3	32487 3549 766 384
55	32339	0.0	3	28460 3003 558 318
56	20088	0.0	3	17519 1960 400 209
57	28250	0.0	3	25143 2399 468 240
58	27432	0.0	3	24254 2469 487 222
59	26020	0.0	3	23375 2026 415 204
60	25563	0.0	3	22823 2138 389 213
61	25688	0.0	3	22996 2054 425 213
62	19778	0.0	3	17376 1913 314 175
63	34764	0.0	3	31413 2635 504 212
64	30339	0.0	3	27219 2487 412 221
65	27908	0.0	3	25166 2192 347 203
66	32543	0.0	3	29578 2352 380 233
67	22907	0.0	3	20659 1858 255 135
68	26230	0.0	3	23929 1844 288 169
69	29622	0.0	3	26941 2166 334 181
70	34622	0.0	3	31380 2582 430 230
71	45858	0.0	3	41834 3214 533 277
72	54068	0.0	3	49483 3673 572 340
73	66947	0.0	3	61251 4506 732 458
74	96423	0.0	3	88300 6467 1176 480
75	183479	0.0	3	167726 14138 946 669
76	526893	0.0	3	512188 12586 978 1141
77	73303	0.0	3	67628 5003 347 325
78	14026	0.0	3	12815 1005 116 90
79	6055	0.0	3	5507 436 69 43
80	3939	0.0	3	3516 317 70 36
81	3250	0.0	3	2904 279 51 16
82	2918	0.0	3	2621 221 40 36
83	2647	0.0	3	2361 209 45 32
84	2561	0.0	3	2267 222 49 23
85	2431	0.0	3	2158 206 48 19
86	2145	0.0	3	1889 187 39 30
87	2056	0.0	3	1816 185 36 19
88	1898	0.0	3	1675 167 31 25
89	1727	0.0	3	1523 147 36 21
90	1639	0.0	3	1445 152 29 13
91	1555	0.0	3	1376 112 39 28
92	1364	0.0	3	1170 147 26 21
93	1339	0.0	3	1157 122 32 28
94	1375	0.0	3	1186 127 42 20
95	1217	0.0	3	1042 125 36 14
96	1152	0.0	3	1002 109 25 16
97	1025	0.0	3	872 122 20 11
98	1021	0.0	3	873 104 25 19
99	998	0.0	3	862 92 31 13
100	945	0.0	3	807 104 24 10
101	897	0.0	3	760 102 22 13
102	863	0.0	3	752 83 18 10
103	742	0.0	3	613 84 28 17
104	771	0.0	3	644 91 25 11
105	758	0.0	3	630 87 21 20
106	717	0.0	3	625 66 18 8
107	685	0.0	3	565 91 18 11
108	670	0.0	3	538 98 24 10
109	609	0.0	3	509 70 16 14
110	576	0.0	3	463 84 24 5
111	566	0.0	3	461 75 23 7
112	538	0.0	3	436 76 17 9
113	528	0.0	3	425 79 17 7
114	502	0.0	3	393 87 17 5
115	440	0.0	3	360 66 8 6
116	421	0.0	3	336 65 16 4
117	368	0.0	3	293 57 12 6
118	425	0.0	3	350 51 15 9
119	343	0.0	3	287 37 13 6
120	346	0.0	3	273 56 14 3
121	324	0.0	3	260 46 8 10
122	300	0.0	3	227 53 13 7
123	266	0.0	3	214 39 10 3
124	287	0.0	3	234 36 14 3
125	258	0.0	3	189 50 15 4
126	269	0.0	3	208 48 9 4
127	256	0.0	3	201 40 8 7
128	221	0.0	3	180 30 5 6
129	219	0.0	3	172 42 5
130	222	0.0	3	155 50 12 5
131	199	0.0	3	149 36 10 4
132	207	0.0	3	155 34 15 3
133	197	0.0	3	136 48 11 2
134	179	0.0	3	117 46 11 5
135	186	0.0	3	140 32 7 7
136	160	0.0	3	119 31 9 1
137	138	0.0	3	100 31 4 3
138	131	0.0	3	94 29 7 1
139	151	0.0	3	102 39 7 3
140	110	0.0	3	75 27 4 4
141	125	0.0	3	90 28 4 3
142	104	0.0	3	68 30 5 1
143	120	0.0	3	88 26 4 2
144	89	0.0	3	65 18 4 2
145	109	0.0	3	73 30 3 3
146	92	0.0	3	58 29 3 2
147	94	0.0	3	58 27 7 2
148	84	0.0	3	54 25 5
149	87	0.0	3	55 30 2
150	75	0.0	3	40 29 3 3
151	69	0.0	3	41 21 6 1
152	74	0.0	3	43 24 7
153	61	0.0	3	37 24
154	57	0.0	3	30 22 4 1
155	59	0.0	3	30 25 3 1
156	41	0.0	3	18 21 2
157	38	0.0	3	18 16 4
158	43	0.0	3	20 21 1 1
159	48	0.0	3	15 27 5 1
160	36	0.0	3	19 15 2
161	47	0.0	3	18 25 3 1
162	34	0.0	3	12 21 0 1
163	43	0.0	3	19 19 2 3
164	35	0.0	3	16 16 3
165	37	0.0	3	12 17 8
166	34	0.0	3	7 23 2 2
167	29	0.0	3	10 16 3
168	24	0.0	3	7 16 1
169	29	0.0	3	9 16 4
170	32	0.0	3	8 20 4
171	35	0.0	3	13 19 3
172	20	0.0	3	3 13 4
173	33	0.0	3	3 27 3
174	21	0.0	3	4 15 1 1
175	21	0.0	3	4 15 2
176	18	0.0	3	4 11 3
177	30	0.0	3	7 21 2
178	23	0.0	3	4 16 3
179	30	0.0	3	0 26 1 3
180	25	0.0	3	4 17 3 1
181	26	0.0	3	2 22 2
182	15	0.0	3	4 8 2 1
183	22	0.0	3	3 14 4 1
184	25	0.0	3	3 22
185	15	0.0	3	1 13 1
186	24	0.0	3	2 19 3
187	19	0.0	3	2 16 1
188	12	0.0	3	1 11
189	19	0.0	3	2 15 2
190	13	0.0	3	1 9 3
191	19	0.0	3	3 16
192	21	0.0	3	0 20 1
193	21	0.0	3	0 17 4
194	22	0.0	3	0 15 6 1
195	14	0.0	3	1 12 0 1
196	15	0.0	3	1 13 1
197	13	0.0	3	3 8 2
198	16	0.0	3	1 12 3
199	17	0.0	3	1 15 1
200	22	0.0	3	1 18 3
201	15	0.0	3	0 12 3
202	23	0.0	3	0 22 1
203	25	0.0	3	1 23 0 1
204	16	0.0	3	1 13 2
205	8	0.0	3	0 7 1
206	15	0.0	3	0 14 1
207	9	0.0	3	0 8 1
208	14	0.0	3	1 11 2
209	10	0.0	3	0 10
210	18	0.0	3	0 16 2
211	11	0.0	3	0 10 1
212	15	0.0	3	0 13 2
213	9	0.0	3	0 6 3
214	12	0.0	3	0 11 1
215	4	0.0	3	0 3 1
216	8	0.0	3	0 7 1
217	2	0.0	3	0 1 1
218	9	0.0	3	0 6 3
219	8	0.0	3	0 8
220	4	0.0	3	0 4
221	6	0.0	3	0 6
222	2	0.0	3	0 2
223	5	0.0	3	1 4
224	3	0.0	3	0 2 1
225	8	0.0	3	1 6 1
226	7	0.0	3	0 6 1
227	4	0.0	3	0 4
228	3	0.0	3	0 3
229	3	0.0	3	0 3
230	5	0.0	3	0 4 1
231	2	0.0	3	0 2
232	7	0.0	3	0 6 0 1
233	3	0.0	3	0 3
234	2	0.0	3	0 2
235	4	0.0	3	0 4
236	2	0.0	3	0 2
237	2	0.0	3	0 2
238	5	0.0	3	0 5
239	2	0.0	3	0 2
240	3	0.0	3	1 2
241	1	0.0	3	0 1
242	2	0.0	3	0 2
243	4	0.0	3	0 3 1
245	1	0.0	3	0 1
246	2	0.0	3	0 1 1
247	4	0.0	3	0 4
248	2	0.0	3	0 2
249	1	0.0	3	0 1
250	1	0.0	3	0 1
251	13	0.0	3	0 11 1 1


=== Second read: Adapter 2 ===

Sequence: AGATCGGAAGAGCGTCGTGTAGGGAAAGAGTGT; Type: regular 3'; Length: 33; Trimmed: 3307919 times

No. of allowed errors:
0-9 bp: 0; 10-19 bp: 1; 20-29 bp: 2; 30-33 bp: 3

Bases preceding removed adapters:
  A: 14.8%
  C: 36.7%
  G: 38.8%
  T: 9.6%
  none/other: 0.2%

Overview of removed sequences
length	count	expect	max.err	error counts
3	328657	247191.9	0	328657
4	70137	61798.0	0	70137
5	39416	15449.5	0	39416
6	35664	3862.4	0	35664
7	39874	965.6	0	39874
8	25377	241.4	0	25377
9	44159	60.3	0	43625 534
10	33122	15.1	1	29523 3599
11	29543	3.8	1	26210 3333
12	39633	0.9	1	35831 3802
13	29704	0.2	1	26169 3535
14	53940	0.1	1	48340 5600
15	16768	0.0	1	14548 2220
16	23160	0.0	1	20268 2892
17	46239	0.0	1	39968 6271
18	10431	0.0	1	8551 1855 25
19	27873	0.0	1	23805 4020 48
20	14898	0.0	2	11953 2139 806
21	12280	0.0	2	9888 1950 442
22	21089	0.0	2	16614 3736 739
23	31895	0.0	2	23929 6511 1455
24	55699	0.0	2	40835 11865 2999
25	18375	0.0	2	12941 4228 1206
26	33765	0.0	2	24627 7194 1944
27	35786	0.0	2	25808 7662 2316
28	45489	0.0	2	32677 9982 2771 59
29	26962	0.0	2	18806 6308 1811 37
30	80818	0.0	3	58495 16800 4401 1122
31	13744	0.0	3	8374 3623 1239 508
32	45362	0.0	3	32623 9352 2646 741
33	28930	0.0	3	20024 6469 1893 544
34	60111	0.0	3	44055 11910 3248 898
35	106954	0.0	3	80610 20044 4885 1415
36	172732	0.0	3	130738 32309 7626 2059
37	140812	0.0	3	113537 21644 4512 1119
38	55336	0.0	3	45208 7910 1674 544
39	85446	0.0	3	73289 9720 1864 573
40	119520	0.0	3	104348 12317 2229 626
41	118365	0.0	3	103044 12532 2203 586
42	185154	0.0	3	164219 17202 2978 755
43	42919	0.0	3	37074 4714 849 282
44	146344	0.0	3	133555 10764 1617 408
45	91693	0.0	3	84028 6374 979 312
46	73121	0.0	3	67806 4540 598 177
47	112908	0.0	3	106502 5524 692 190
48	49884	0.0	3	46644 2715 416 109
49	25740	0.0	3	23991 1431 242 76
50	9538	0.0	3	8627 728 137 46
51	8873	0.0	3	8126 555 137 55
52	4483	0.0	3	3967 374 98 44
53	11027	0.0	3	10063 768 144 52
54	33316	0.0	3	31683 1342 221 70
55	8863	0.0	3	8015 671 123 54
56	26782	0.0	3	25182 1318 195 87
57	60376	0.0	3	58034 2002 252 88
58	22840	0.0	3	21770 898 129 43
59	4642	0.0	3	4129 427 58 28
60	20134	0.0	3	19351 656 92 35
61	5698	0.0	3	5326 295 57 20
62	2895	0.0	3	2600 217 58 20
63	12978	0.0	3	12477 411 64 26
64	4964	0.0	3	4688 220 39 17
65	2125	0.0	3	1986 103 27 9
66	1559	0.0	3	1449 77 20 13
67	1268	0.0	3	1145 89 20 14
68	1833	0.0	3	1721 74 31 7
69	1820	0.0	3	1698 90 25 7
70	1726	0.0	3	1585 101 24 16
71	2069	0.0	3	1921 113 24 11
72	2365	0.0	3	2198 128 23 16
73	3274	0.0	3	3021 202 39 12
74	4359	0.0	3	3965 298 55 41
75	6187	0.0	3	5614 439 89 45
76	9580	0.0	3	8928 502 96 54
77	11095	0.0	3	10236 668 122 69
78	12196	0.0	3	10927 1027 154 88
79	19210	0.0	3	16504 2267 277 162
80	29447	0.0	3	28077 1067 203 100
81	7013	0.0	3	6701 254 34 24
82	1679	0.0	3	1563 76 26 14
83	652	0.0	3	583 50 15 4
84	382	0.0	3	321 46 10 5
85	246	0.0	3	204 26 14 2
86	241	0.0	3	195 31 10 5
87	190	0.0	3	147 29 8 6
88	190	0.0	3	145 30 11 4
89	175	0.0	3	128 27 12 8
90	176	0.0	3	122 36 11 7
91	128	0.0	3	92 23 7 6
92	156	0.0	3	106 31 11 8
93	148	0.0	3	108 21 12 7
94	138	0.0	3	93 27 9 9
95	116	0.0	3	71 27 9 9
96	108	0.0	3	76 21 6 5
97	113	0.0	3	74 23 9 7
98	103	0.0	3	60 25 11 7
99	86	0.0	3	62 14 7 3
100	81	0.0	3	46 26 5 4
101	79	0.0	3	44 18 7 10
102	76	0.0	3	42 24 5 5
103	78	0.0	3	41 25 5 7
104	68	0.0	3	41 19 4 4
105	64	0.0	3	33 22 2 7
106	76	0.0	3	44 19 7 6
107	53	0.0	3	26 18 3 6
108	63	0.0	3	26 20 10 7
109	72	0.0	3	31 30 7 4
110	73	0.0	3	24 31 13 5
111	58	0.0	3	29 23 3 3
112	46	0.0	3	21 16 5 4
113	53	0.0	3	17 24 6 6
114	54	0.0	3	23 18 4 9
115	38	0.0	3	14 14 7 3
116	42	0.0	3	17 13 7 5
117	36	0.0	3	16 13 4 3
118	41	0.0	3	17 15 6 3
119	36	0.0	3	15 9 4 8
120	30	0.0	3	9 14 3 4
121	45	0.0	3	10 24 8 3
122	34	0.0	3	11 12 2 9
123	32	0.0	3	5 16 6 5
124	39	0.0	3	13 16 5 5
125	27	0.0	3	10 13 3 1
126	28	0.0	3	8 12 5 3
127	24	0.0	3	8 11 2 3
128	33	0.0	3	6 16 9 2
129	26	0.0	3	7 9 6 4
130	35	0.0	3	10 15 5 5
131	32	0.0	3	8 14 3 7
132	29	0.0	3	6 18 2 3
133	24	0.0	3	3 10 8 3
134	23	0.0	3	3 19 0 1
135	24	0.0	3	5 13 4 2
136	24	0.0	3	7 13 3 1
137	16	0.0	3	5 9 1 1
138	13	0.0	3	1 6 3 3
139	30	0.0	3	2 17 6 5
140	24	0.0	3	6 11 4 3
141	24	0.0	3	3 13 5 3
142	10	0.0	3	2 7 1
143	16	0.0	3	0 9 3 4
144	25	0.0	3	6 12 6 1
145	20	0.0	3	5 12 2 1
146	24	0.0	3	6 13 2 3
147	21	0.0	3	5 10 2 4
148	24	0.0	3	3 9 8 4
149	14	0.0	3	1 9 1 3
150	20	0.0	3	4 13 3
151	16	0.0	3	1 8 5 2
152	16	0.0	3	1 14 0 1
153	13	0.0	3	0 8 4 1
154	15	0.0	3	1 9 3 2
155	20	0.0	3	1 15 2 2
156	19	0.0	3	0 16 2 1
157	11	0.0	3	0 3 4 4
158	12	0.0	3	0 7 3 2
159	13	0.0	3	0 9 3 1
160	11	0.0	3	2 9
161	16	0.0	3	0 11 2 3
162	11	0.0	3	0 6 4 1
163	15	0.0	3	1 8 5 1
164	17	0.0	3	0 12 3 2
165	26	0.0	3	2 14 5 5
166	12	0.0	3	1 9 1 1
167	14	0.0	3	1 7 2 4
168	13	0.0	3	0 10 2 1
169	22	0.0	3	1 14 6 1
170	13	0.0	3	0 6 4 3
171	18	0.0	3	0 11 4 3
172	11	0.0	3	0 8 3
173	21	0.0	3	0 17 3 1
174	13	0.0	3	0 11 1 1
175	6	0.0	3	0 5 0 1
176	13	0.0	3	0 11 1 1
177	12	0.0	3	2 6 1 3
178	10	0.0	3	0 6 3 1
179	12	0.0	3	0 5 5 2
180	9	0.0	3	0 5 3 1
181	13	0.0	3	0 7 3 3
182	9	0.0	3	0 6 3
183	9	0.0	3	0 5 1 3
184	8	0.0	3	0 6 2
185	6	0.0	3	0 3 1 2
186	5	0.0	3	0 3 1 1
187	6	0.0	3	0 4 1 1
188	7	0.0	3	0 3 3 1
189	3	0.0	3	0 3
190	2	0.0	3	0 0 0 2
191	3	0.0	3	0 1 1 1
192	2	0.0	3	0 0 0 2
193	6	0.0	3	0 4 2
194	4	0.0	3	0 2 1 1
195	7	0.0	3	0 4 3
196	5	0.0	3	0 1 3 1
197	2	0.0	3	0 1 0 1
199	1	0.0	3	0 1
200	2	0.0	3	0 1 1
201	1	0.0	3	0 0 0 1
203	1	0.0	3	0 0 1
204	3	0.0	3	0 2 1
206	2	0.0	3	0 1 1
209	1	0.0	3	0 0 1
210	2	0.0	3	0 0 1 1
212	1	0.0	3	0 1
213	1	0.0	3	0 0 0 1
214	2	0.0	3	0 0 2
216	1	0.0	3	0 0 0 1
217	1	0.0	3	0 0 1
219	1	0.0	3	0 1
223	1	0.0	3	1
226	1	0.0	3	0 0 1
235	1	0.0	3	0 0 0 1
239	1	0.0	3	0 0 1
241	1	0.0	3	0 0 1
