This is cutadapt 2.9 with Python 3.7.10
Command line parameters: -q 10 --minimum-length 25 --cores 80 -a AGATCGGAAGAGCACACGTCTGAACTCCAGTCA -A AGATCGGAAGAGCGTCGTGTAGGGAAAGAGTGT -o prefetch_sra_files/SRR7039808_R1_Trimmed.fastq.gz -p prefetch_sra_files/SRR7039808_R2_Trimmed.fastq.gz prefetch_sra_files/SRR7039808.sra_1.fastq.gz prefetch_sra_files/SRR7039808.sra_2.fastq.gz
Processing reads on 80 cores in paired-end mode ...
Finished in 347.03 s (31 us/read; 1.96 M reads/minute).

=== Summary ===

Total read pairs processed:         11,330,475
  Read 1 with adapter:               2,274,762 (20.1%)
  Read 2 with adapter:               2,246,958 (19.8%)
Pairs written (passing filters):    11,299,049 (99.7%)

Total basepairs processed: 5,687,898,450 bp
  Read 1: 2,843,949,225 bp
  Read 2: 2,843,949,225 bp
Quality-trimmed:             332,943,226 bp (5.9%)
  Read 1:    89,761,248 bp
  Read 2:   243,181,978 bp
Total written (filtered):  5,157,801,576 bp (90.7%)
  Read 1: 2,638,276,564 bp
  Read 2: 2,519,525,012 bp

=== First read: Adapter 1 ===

Sequence: AGATCGGAAGAGCACACGTCTGAACTCCAGTCA; Type: regular 3'; Length: 33; Trimmed: 2274762 times

No. of allowed errors:
0-9 bp: 0; 10-19 bp: 1; 20-29 bp: 2; 30-33 bp: 3

Bases preceding removed adapters:
  A: 15.4%
  C: 34.6%
  G: 30.7%
  T: 19.1%
  none/other: 0.2%

Overview of removed sequences
length	count	expect	max.err	error counts
3	142811	177038.7	0	142811
4	43603	44259.7	0	43603
5	25591	11064.9	0	25591
6	21970	2766.2	0	21970
7	20656	691.6	0	20656
8	15958	172.9	0	15958
9	23222	43.2	0	22780 442
10	18881	10.8	1	17458 1423
11	16820	2.7	1	15445 1375
12	19347	0.7	1	17989 1358
13	17739	0.2	1	16402 1337
14	18663	0.0	1	17069 1594
15	17629	0.0	1	15998 1631
16	16816	0.0	1	14980 1836
17	21520	0.0	1	19016 2504
18	17779	0.0	1	16094 1656 29
19	14800	0.0	1	13366 1395 39
20	17390	0.0	2	15305 1755 330
21	20405	0.0	2	17718 2221 466
22	18180	0.0	2	15828 1962 390
23	17194	0.0	2	14965 1863 366
24	21674	0.0	2	18692 2461 521
25	19466	0.0	2	16785 2192 489
26	14216	0.0	2	11872 1930 414
27	19430	0.0	2	16265 2532 630 3
28	23299	0.0	2	19786 2825 680 8
29	18480	0.0	2	15087 2581 734 78
30	19733	0.0	3	16626 2342 560 205
31	15329	0.0	3	12758 1952 465 154
32	19768	0.0	3	16819 2257 496 196
33	14434	0.0	3	11463 2227 543 201
34	25033	0.0	3	20843 3071 815 304
35	10338	0.0	3	7969 1683 509 177
36	22813	0.0	3	17747 3595 1067 404
37	33020	0.0	3	26128 4909 1441 542
38	14922	0.0	3	11210 2650 802 260
39	29103	0.0	3	22696 4618 1319 470
40	29830	0.0	3	24098 4260 1093 379
41	21399	0.0	3	17263 3105 773 258
42	28566	0.0	3	23661 3762 850 293
43	43741	0.0	3	38091 4329 987 334
44	5445	0.0	3	4409 783 178 75
45	6310	0.0	3	5468 641 149 52
46	4854	0.0	3	3970 669 159 56
47	13288	0.0	3	11766 1210 233 79
48	11443	0.0	3	9861 1243 256 83
49	15402	0.0	3	13435 1581 291 95
50	14216	0.0	3	12283 1526 322 85
51	19635	0.0	3	16849 2155 474 157
52	15240	0.0	3	12935 1831 348 126
53	20988	0.0	3	17815 2496 529 148
54	27759	0.0	3	23884 3084 615 176
55	25381	0.0	3	22234 2518 490 139
56	13958	0.0	3	11956 1624 306 72
57	22778	0.0	3	20032 2243 394 109
58	19815	0.0	3	17362 1990 371 92
59	16503	0.0	3	14496 1657 274 76
60	19573	0.0	3	17417 1775 284 97
61	16919	0.0	3	14983 1551 312 73
62	14163	0.0	3	12313 1523 250 77
63	28262	0.0	3	25267 2505 365 125
64	22770	0.0	3	20297 2026 354 93
65	19258	0.0	3	17080 1795 310 73
66	24566	0.0	3	21997 2139 331 99
67	17507	0.0	3	15679 1509 254 65
68	19708	0.0	3	17772 1631 247 58
69	22304	0.0	3	20089 1843 285 87
70	25699	0.0	3	23093 2213 312 81
71	34322	0.0	3	30963 2809 419 131
72	41396	0.0	3	37433 3336 505 122
73	50878	0.0	3	46148 3990 563 177
74	73225	0.0	3	66489 5733 822 181
75	138377	0.0	3	125130 12252 775 220
76	361694	0.0	3	350259 10360 816 259
77	46187	0.0	3	43155 2708 221 103
78	8991	0.0	3	8278 579 97 37
79	4136	0.0	3	3731 321 61 23
80	2812	0.0	3	2484 264 47 17
81	2342	0.0	3	2079 201 48 14
82	2025	0.0	3	1837 145 28 15
83	1976	0.0	3	1760 167 33 16
84	2013	0.0	3	1777 194 32 10
85	1830	0.0	3	1612 174 38 6
86	1555	0.0	3	1358 160 31 6
87	1372	0.0	3	1236 109 20 7
88	1256	0.0	3	1097 123 27 9
89	1190	0.0	3	1056 102 21 11
90	1091	0.0	3	943 103 30 15
91	1135	0.0	3	990 104 33 8
92	1020	0.0	3	877 111 21 11
93	840	0.0	3	710 99 22 9
94	880	0.0	3	754 91 24 11
95	866	0.0	3	732 98 21 15
96	787	0.0	3	655 95 30 7
97	714	0.0	3	619 67 21 7
98	745	0.0	3	624 96 18 7
99	709	0.0	3	593 94 16 6
100	691	0.0	3	583 81 18 9
101	591	0.0	3	496 67 21 7
102	559	0.0	3	465 75 11 8
103	531	0.0	3	437 75 15 4
104	507	0.0	3	425 60 17 5
105	481	0.0	3	385 71 15 10
106	432	0.0	3	362 50 14 6
107	411	0.0	3	336 53 16 6
108	407	0.0	3	335 51 16 5
109	419	0.0	3	347 55 14 3
110	394	0.0	3	324 60 9 1
111	355	0.0	3	272 66 13 4
112	366	0.0	3	295 58 9 4
113	341	0.0	3	264 53 18 6
114	329	0.0	3	270 52 5 2
115	265	0.0	3	212 32 13 8
116	283	0.0	3	217 48 14 4
117	291	0.0	3	222 52 12 5
118	263	0.0	3	212 36 11 4
119	253	0.0	3	192 42 18 1
120	227	0.0	3	176 32 16 3
121	220	0.0	3	165 46 6 3
122	200	0.0	3	157 29 8 6
123	205	0.0	3	165 30 9 1
124	192	0.0	3	145 34 10 3
125	188	0.0	3	144 35 8 1
126	170	0.0	3	130 33 5 2
127	157	0.0	3	119 28 7 3
128	160	0.0	3	112 38 8 2
129	154	0.0	3	119 26 5 4
130	153	0.0	3	124 23 6
131	115	0.0	3	86 23 4 2
132	132	0.0	3	88 38 4 2
133	102	0.0	3	68 28 6
134	101	0.0	3	66 30 4 1
135	111	0.0	3	73 27 7 4
136	100	0.0	3	70 25 5
137	95	0.0	3	60 24 9 2
138	89	0.0	3	61 22 6
139	70	0.0	3	39 23 6 2
140	84	0.0	3	55 23 6
141	70	0.0	3	52 15 2 1
142	98	0.0	3	72 19 6 1
143	67	0.0	3	45 20 2
144	57	0.0	3	42 12 3
145	63	0.0	3	38 17 8
146	53	0.0	3	33 17 2 1
147	68	0.0	3	43 18 7
148	44	0.0	3	27 13 3 1
149	37	0.0	3	18 14 5
150	39	0.0	3	22 16 1
151	45	0.0	3	25 15 5
152	45	0.0	3	24 15 5 1
153	46	0.0	3	27 17 2
154	40	0.0	3	19 16 4 1
155	30	0.0	3	12 14 3 1
156	39	0.0	3	18 18 3
157	26	0.0	3	12 13 1
158	32	0.0	3	14 17 1
159	41	0.0	3	18 19 2 2
160	20	0.0	3	12 7 1
161	23	0.0	3	8 14 0 1
162	33	0.0	3	13 16 4
163	28	0.0	3	8 19 1
164	22	0.0	3	9 12 1
165	29	0.0	3	10 15 3 1
166	24	0.0	3	8 15 1
167	32	0.0	3	15 17
168	23	0.0	3	8 14 1
169	22	0.0	3	10 12
170	22	0.0	3	6 13 2 1
171	19	0.0	3	9 9 0 1
172	24	0.0	3	3 18 3
173	19	0.0	3	5 13 1
174	22	0.0	3	4 15 2 1
175	18	0.0	3	2 12 4
176	6	0.0	3	1 5
177	16	0.0	3	6 7 2 1
178	16	0.0	3	2 12 2
179	12	0.0	3	2 9 1
180	17	0.0	3	2 12 3
181	11	0.0	3	1 9 0 1
182	19	0.0	3	5 12 2
183	22	0.0	3	5 13 4
184	13	0.0	3	2 11
185	16	0.0	3	1 10 5
186	13	0.0	3	2 10 1
187	12	0.0	3	2 8 2
188	9	0.0	3	1 7 1
189	13	0.0	3	0 11 1 1
190	15	0.0	3	2 11 2
191	14	0.0	3	0 12 2
192	18	0.0	3	2 15 1
193	11	0.0	3	0 10 1
194	16	0.0	3	1 14 1
195	11	0.0	3	0 11
196	13	0.0	3	0 12 1
197	10	0.0	3	0 7 3
198	14	0.0	3	1 12 1
199	15	0.0	3	1 12 2
200	7	0.0	3	0 7
201	13	0.0	3	0 11 2
202	6	0.0	3	0 6
203	12	0.0	3	1 10 0 1
204	9	0.0	3	0 9
205	9	0.0	3	0 7 2
206	6	0.0	3	0 3 3
207	7	0.0	3	0 3 4
208	4	0.0	3	0 2 2
209	11	0.0	3	0 9 2
210	4	0.0	3	1 3
211	7	0.0	3	0 7
212	3	0.0	3	0 3
213	7	0.0	3	0 6 1
214	6	0.0	3	0 5 1
215	6	0.0	3	0 5 1
216	6	0.0	3	0 6
217	3	0.0	3	0 3
218	4	0.0	3	0 4
219	2	0.0	3	0 1 1
220	6	0.0	3	0 4 2
221	4	0.0	3	0 2 2
222	5	0.0	3	0 5
223	4	0.0	3	0 4
224	2	0.0	3	0 0 2
225	2	0.0	3	0 2
227	1	0.0	3	0 1
228	5	0.0	3	0 5
229	6	0.0	3	0 5 0 1
230	5	0.0	3	1 3 1
231	6	0.0	3	1 5
232	3	0.0	3	0 2 1
233	3	0.0	3	0 3
234	4	0.0	3	0 4
235	4	0.0	3	0 4
236	2	0.0	3	0 2
237	2	0.0	3	0 2
238	5	0.0	3	0 5
239	2	0.0	3	0 2
241	1	0.0	3	0 1
242	3	0.0	3	0 3
243	1	0.0	3	0 1
246	3	0.0	3	0 3
247	4	0.0	3	0 4
248	2	0.0	3	0 2
249	2	0.0	3	0 2
250	3	0.0	3	0 1 2
251	18	0.0	3	0 16 1 1


=== Second read: Adapter 2 ===

Sequence: AGATCGGAAGAGCGTCGTGTAGGGAAAGAGTGT; Type: regular 3'; Length: 33; Trimmed: 2246958 times

No. of allowed errors:
0-9 bp: 0; 10-19 bp: 1; 20-29 bp: 2; 30-33 bp: 3

Bases preceding removed adapters:
  A: 17.4%
  C: 38.5%
  G: 33.5%
  T: 10.5%
  none/other: 0.2%

Overview of removed sequences
length	count	expect	max.err	error counts
3	216752	177038.7	0	216752
4	48435	44259.7	0	48435
5	25912	11064.9	0	25912
6	22883	2766.2	0	22883
7	23358	691.6	0	23358
8	16412	172.9	0	16412
9	28769	43.2	0	28440 329
10	21837	10.8	1	19051 2786
11	20910	2.7	1	18173 2737
12	25583	0.7	1	22642 2941
13	21689	0.2	1	18765 2924
14	34567	0.0	1	30357 4210
15	11740	0.0	1	9934 1806
16	16291	0.0	1	13840 2451
17	29746	0.0	1	25157 4589
18	8687	0.0	1	7017 1645 25
19	18462	0.0	1	15385 3050 27
20	10564	0.0	2	8136 1830 598
21	10701	0.0	2	8261 1953 487
22	16322	0.0	2	12399 3171 752
23	24315	0.0	2	17608 5385 1322
24	31499	0.0	2	22524 7068 1907
25	29050	0.0	2	20380 6823 1847
26	43137	0.0	2	30761 9677 2699
27	29430	0.0	2	20711 6707 2012
28	46467	0.0	2	33219 10252 2883 113
29	30474	0.0	2	21636 6832 1968 38
30	105368	0.0	3	79317 20097 4741 1213
31	9659	0.0	3	5184 3021 1058 396
32	42554	0.0	3	29935 9285 2566 768
33	7211	0.0	3	3841 2160 906 304
34	20283	0.0	3	12315 5585 1760 623
35	35241	0.0	3	21758 9730 2815 938
36	102431	0.0	3	65176 27661 7466 2128
37	5316	0.0	3	2781 1664 611 260
38	18572	0.0	3	11140 5238 1609 585
39	8885	0.0	3	5372 2472 747 294
40	19149	0.0	3	12404 5061 1284 400
41	25151	0.0	3	17170 5978 1486 517
42	34388	0.0	3	23053 8665 2072 598
43	43491	0.0	3	30820 9812 2224 635
44	48085	0.0	3	33545 11252 2613 675
45	68300	0.0	3	49593 14665 3150 892
46	100794	0.0	3	77181 19150 3614 849
47	75284	0.0	3	57789 14202 2660 633
48	48632	0.0	3	37412 9006 1750 464
49	38879	0.0	3	31086 6420 1083 290
50	22001	0.0	3	17396 3768 668 169
51	19673	0.0	3	16066 2919 528 160
52	13746	0.0	3	10899 2280 430 137
53	19987	0.0	3	16112 3153 573 149
54	34806	0.0	3	28749 4993 843 221
55	12961	0.0	3	10467 2001 374 119
56	30121	0.0	3	25351 3939 657 174
57	46822	0.0	3	39781 5947 906 188
58	25058	0.0	3	21426 3022 492 118
59	8484	0.0	3	7080 1130 206 68
60	21138	0.0	3	18254 2418 373 93
61	8869	0.0	3	7537 1128 151 53
62	6214	0.0	3	5138 894 131 51
63	19007	0.0	3	16816 1907 231 53
64	7592	0.0	3	6615 822 123 32
65	3426	0.0	3	2937 404 62 23
66	2502	0.0	3	2129 293 61 19
67	2721	0.0	3	2320 330 48 23
68	3449	0.0	3	3026 344 65 14
69	3529	0.0	3	3070 373 62 24
70	3342	0.0	3	2905 355 64 18
71	3750	0.0	3	3303 355 66 26
72	4328	0.0	3	3810 435 59 24
73	5521	0.0	3	4874 533 82 32
74	7523	0.0	3	6600 734 134 55
75	11321	0.0	3	9994 1089 153 85
76	13238	0.0	3	11628 1303 228 79
77	17476	0.0	3	15483 1626 261 106
78	22846	0.0	3	20365 2061 299 121
79	34366	0.0	3	30511 3241 435 179
80	63433	0.0	3	59435 3480 369 149
81	13609	0.0	3	12420 997 131 61
82	4823	0.0	3	4406 342 57 18
83	1912	0.0	3	1698 177 24 13
84	875	0.0	3	759 84 21 11
85	569	0.0	3	479 63 20 7
86	374	0.0	3	287 59 19 9
87	327	0.0	3	261 46 10 10
88	266	0.0	3	191 44 22 9
89	203	0.0	3	150 32 16 5
90	209	0.0	3	149 37 15 8
91	155	0.0	3	115 26 6 8
92	169	0.0	3	106 34 15 14
93	135	0.0	3	87 29 10 9
94	125	0.0	3	75 37 9 4
95	125	0.0	3	83 26 9 7
96	100	0.0	3	67 20 7 6
97	93	0.0	3	55 25 9 4
98	88	0.0	3	54 23 4 7
99	94	0.0	3	59 19 10 6
100	69	0.0	3	44 20 2 3
101	63	0.0	3	33 17 8 5
102	67	0.0	3	38 18 8 3
103	78	0.0	3	39 21 11 7
104	54	0.0	3	28 13 9 4
105	50	0.0	3	30 7 9 4
106	55	0.0	3	21 19 10 5
107	42	0.0	3	17 16 4 5
108	38	0.0	3	15 11 5 7
109	46	0.0	3	20 15 6 5
110	37	0.0	3	12 13 8 4
111	43	0.0	3	19 13 4 7
112	37	0.0	3	18 15 4
113	34	0.0	3	15 14 2 3
114	37	0.0	3	15 13 8 1
115	34	0.0	3	9 18 4 3
116	25	0.0	3	8 15 0 2
117	26	0.0	3	8 5 4 9
118	34	0.0	3	12 12 3 7
119	22	0.0	3	7 8 3 4
120	29	0.0	3	6 15 5 3
121	33	0.0	3	7 10 13 3
122	22	0.0	3	5 6 5 6
123	22	0.0	3	7 10 5
124	15	0.0	3	4 6 3 2
125	20	0.0	3	5 6 8 1
126	21	0.0	3	2 10 7 2
127	22	0.0	3	3 13 4 2
128	25	0.0	3	8 10 3 4
129	22	0.0	3	7 6 3 6
130	19	0.0	3	5 10 2 2
131	14	0.0	3	1 8 2 3
132	16	0.0	3	4 7 3 2
133	18	0.0	3	1 8 6 3
134	20	0.0	3	3 14 3
135	12	0.0	3	0 5 6 1
136	12	0.0	3	0 7 1 4
137	18	0.0	3	3 12 1 2
138	12	0.0	3	3 2 4 3
139	16	0.0	3	1 11 2 2
140	14	0.0	3	0 11 3
141	13	0.0	3	1 6 4 2
142	19	0.0	3	1 12 4 2
143	14	0.0	3	1 9 2 2
144	16	0.0	3	2 13 1
145	17	0.0	3	1 6 8 2
146	10	0.0	3	0 5 1 4
147	16	0.0	3	2 9 2 3
148	12	0.0	3	0 7 4 1
149	20	0.0	3	2 10 7 1
150	15	0.0	3	2 12 1
151	5	0.0	3	1 3 1
152	10	0.0	3	1 6 2 1
153	11	0.0	3	0 6 2 3
154	15	0.0	3	0 8 2 5
155	8	0.0	3	0 3 5
156	10	0.0	3	0 5 2 3
157	7	0.0	3	0 3 3 1
158	10	0.0	3	0 7 3
159	11	0.0	3	0 3 3 5
160	7	0.0	3	0 4 0 3
161	19	0.0	3	0 11 0 8
162	12	0.0	3	0 4 6 2
163	12	0.0	3	0 9 3
164	11	0.0	3	0 8 2 1
165	16	0.0	3	1 5 6 4
166	9	0.0	3	1 2 6
167	10	0.0	3	0 6 3 1
168	6	0.0	3	0 4 1 1
169	8	0.0	3	0 3 3 2
170	13	0.0	3	0 7 4 2
171	7	0.0	3	0 1 3 3
172	8	0.0	3	0 2 3 3
173	10	0.0	3	0 5 5
174	14	0.0	3	0 9 3 2
175	4	0.0	3	0 2 1 1
176	8	0.0	3	0 3 2 3
177	3	0.0	3	0 3
178	7	0.0	3	0 6 1
179	5	0.0	3	1 1 1 2
180	7	0.0	3	0 5 2
181	5	0.0	3	0 3 1 1
182	7	0.0	3	0 6 0 1
183	1	0.0	3	0 1
184	2	0.0	3	0 1 1
185	5	0.0	3	0 4 1
186	4	0.0	3	0 1 3
187	3	0.0	3	0 1 1 1
188	2	0.0	3	0 2
189	3	0.0	3	0 1 1 1
191	5	0.0	3	0 2 1 2
192	4	0.0	3	0 1 1 2
193	3	0.0	3	0 1 0 2
194	2	0.0	3	0 0 1 1
195	1	0.0	3	0 0 1
196	3	0.0	3	0 2 1
198	1	0.0	3	0 0 1
199	4	0.0	3	0 1 1 2
200	1	0.0	3	0 1
202	1	0.0	3	0 0 0 1
205	2	0.0	3	0 1 0 1
214	1	0.0	3	0 1
219	1	0.0	3	0 0 1
221	1	0.0	3	0 0 0 1
230	1	0.0	3	0 0 1
233	1	0.0	3	0 1
