This is cutadapt 2.9 with Python 3.7.10
Command line parameters: -q 10 --minimum-length 25 --cores 80 -a AGATCGGAAGAGCACACGTCTGAACTCCAGTCA -A AGATCGGAAGAGCGTCGTGTAGGGAAAGAGTGT -o prefetch_sra_files/SRR7041301_R1_Trimmed.fastq.gz -p prefetch_sra_files/SRR7041301_R2_Trimmed.fastq.gz prefetch_sra_files/SRR7041301.sra_1.fastq.gz prefetch_sra_files/SRR7041301.sra_2.fastq.gz
Processing reads on 80 cores in paired-end mode ...
Finished in 522.60 s (30 us/read; 2.00 M reads/minute).

=== Summary ===

Total read pairs processed:         17,406,018
  Read 1 with adapter:               5,418,459 (31.1%)
  Read 2 with adapter:               5,323,409 (30.6%)
Pairs written (passing filters):    17,346,019 (99.7%)

Total basepairs processed: 8,737,821,036 bp
  Read 1: 4,368,910,518 bp
  Read 2: 4,368,910,518 bp
Quality-trimmed:             524,903,762 bp (6.0%)
  Read 1:   166,978,696 bp
  Read 2:   357,925,066 bp
Total written (filtered):  7,704,554,227 bp (88.2%)
  Read 1: 3,910,584,728 bp
  Read 2: 3,793,969,499 bp

=== First read: Adapter 1 ===

Sequence: AGATCGGAAGAGCACACGTCTGAACTCCAGTCA; Type: regular 3'; Length: 33; Trimmed: 5418459 times

No. of allowed errors:
0-9 bp: 0; 10-19 bp: 1; 20-29 bp: 2; 30-33 bp: 3

Bases preceding removed adapters:
  A: 15.8%
  C: 33.9%
  G: 30.6%
  T: 19.1%
  none/other: 0.6%

Overview of removed sequences
length	count	expect	max.err	error counts
3	208120	271969.0	0	208120
4	73610	67992.3	0	73610
5	48143	16998.1	0	48143
6	43402	4249.5	0	43402
7	39886	1062.4	0	39886
8	32624	265.6	0	32624
9	49878	66.4	0	49286 592
10	33430	16.6	1	30933 2497
11	36788	4.1	1	33800 2988
12	39808	1.0	1	37080 2728
13	35470	0.3	1	32780 2690
14	38534	0.1	1	35282 3252
15	35197	0.0	1	32012 3185
16	38860	0.0	1	34871 3989
17	44676	0.0	1	39509 5167
18	36321	0.0	1	32989 3273 59
19	31974	0.0	1	28941 2957 76
20	36226	0.0	2	32144 3474 608
21	44044	0.0	2	38359 4707 978
22	36448	0.0	2	31766 3896 786
23	36239	0.0	2	31621 3854 764
24	48360	0.0	2	41803 5275 1282
25	39081	0.0	2	33546 4479 1056
26	32326	0.0	2	27375 4024 927
27	42452	0.0	2	35655 5475 1319 3
28	50774	0.0	2	43165 6128 1468 13
29	42258	0.0	2	34318 6011 1766 163
30	38478	0.0	3	32072 4772 1193 441
31	37831	0.0	3	31543 4745 1116 427
32	45015	0.0	3	38264 5146 1184 421
33	36490	0.0	3	29389 5173 1404 524
34	51288	0.0	3	41440 7064 2054 730
35	54027	0.0	3	42473 7823 2559 1172
36	38206	0.0	3	30719 5177 1638 672
37	53611	0.0	3	42102 7945 2531 1033
38	52099	0.0	3	42901 6484 1990 724
39	37648	0.0	3	31275 4529 1348 496
40	45947	0.0	3	37475 6154 1642 676
41	58206	0.0	3	48578 6902 2001 725
42	53578	0.0	3	44282 7068 1614 614
43	115499	0.0	3	102058 9988 2545 908
44	17630	0.0	3	14818 2064 532 216
45	13198	0.0	3	11359 1318 357 164
46	12830	0.0	3	10736 1536 404 154
47	28519	0.0	3	25158 2540 606 215
48	28360	0.0	3	24851 2632 649 228
49	34917	0.0	3	30449 3333 818 317
50	35735	0.0	3	30907 3587 906 335
51	47544	0.0	3	40813 4932 1331 468
52	39885	0.0	3	34064 4286 1098 437
53	49930	0.0	3	42443 5632 1378 477
54	60666	0.0	3	52561 6125 1460 520
55	59637	0.0	3	52349 5574 1273 441
56	35244	0.0	3	30420 3718 814 292
57	50338	0.0	3	44550 4527 934 327
58	47663	0.0	3	41955 4449 974 285
59	42320	0.0	3	37614 3660 780 266
60	44566	0.0	3	39762 3741 808 255
61	40946	0.0	3	36260 3633 798 255
62	36249	0.0	3	31733 3538 749 229
63	64825	0.0	3	58173 5318 995 339
64	54510	0.0	3	48642 4702 870 296
65	46954	0.0	3	41906 4009 783 256
66	59939	0.0	3	54088 4696 858 297
67	43710	0.0	3	39276 3585 650 199
68	50462	0.0	3	45452 4107 689 214
69	56956	0.0	3	51387 4553 786 230
70	66365	0.0	3	59405 5677 970 313
71	88068	0.0	3	79188 7317 1178 385
72	105045	0.0	3	94683 8585 1377 400
73	130350	0.0	3	117349 10690 1742 569
74	189825	0.0	3	170328 16242 2573 682
75	370645	0.0	3	326908 39963 2847 927
76	1072606	0.0	3	1038441 29519 3561 1085
77	139406	0.0	3	130143 7878 891 494
78	27008	0.0	3	24757 1818 286 147
79	11818	0.0	3	10723 846 172 77
80	8295	0.0	3	7448 659 135 53
81	6768	0.0	3	6035 578 103 52
82	6146	0.0	3	5459 526 105 56
83	5795	0.0	3	5152 493 108 42
84	5376	0.0	3	4788 451 89 48
85	4971	0.0	3	4356 475 99 41
86	4531	0.0	3	3956 436 104 35
87	4195	0.0	3	3639 421 87 48
88	3717	0.0	3	3211 384 92 30
89	3443	0.0	3	2969 364 81 29
90	3215	0.0	3	2746 350 87 32
91	2983	0.0	3	2532 340 67 44
92	2773	0.0	3	2381 302 69 21
93	2632	0.0	3	2246 290 69 27
94	2557	0.0	3	2139 315 77 26
95	2275	0.0	3	1908 262 81 24
96	2224	0.0	3	1906 251 45 22
97	2134	0.0	3	1809 239 66 20
98	1982	0.0	3	1654 257 58 13
99	1889	0.0	3	1605 219 45 20
100	1802	0.0	3	1492 233 54 23
101	1733	0.0	3	1448 218 45 22
102	1661	0.0	3	1396 207 40 18
103	1530	0.0	3	1264 201 47 18
104	1541	0.0	3	1218 261 42 20
105	1405	0.0	3	1138 204 44 19
106	1443	0.0	3	1144 236 46 17
107	1340	0.0	3	1056 219 46 19
108	1178	0.0	3	931 193 44 10
109	1201	0.0	3	940 194 39 28
110	1147	0.0	3	899 201 34 13
111	1065	0.0	3	833 190 30 12
112	995	0.0	3	769 174 37 15
113	997	0.0	3	755 180 45 17
114	915	0.0	3	708 158 36 13
115	887	0.0	3	666 170 37 14
116	884	0.0	3	650 180 38 16
117	780	0.0	3	580 166 25 9
118	761	0.0	3	579 146 28 8
119	704	0.0	3	520 146 26 12
120	691	0.0	3	504 146 34 7
121	668	0.0	3	483 143 28 14
122	669	0.0	3	483 155 23 8
123	588	0.0	3	398 151 31 8
124	559	0.0	3	406 121 24 8
125	491	0.0	3	327 141 19 4
126	514	0.0	3	330 153 24 7
127	501	0.0	3	344 132 16 9
128	471	0.0	3	329 106 29 7
129	499	0.0	3	329 135 23 12
130	433	0.0	3	293 113 16 11
131	438	0.0	3	285 123 25 5
132	424	0.0	3	278 129 10 7
133	422	0.0	3	251 136 26 9
134	347	0.0	3	217 107 18 5
135	355	0.0	3	201 133 16 5
136	333	0.0	3	208 102 18 5
137	329	0.0	3	188 115 21 5
138	299	0.0	3	177 102 14 6
139	296	0.0	3	175 98 18 5
140	302	0.0	3	175 104 17 6
141	282	0.0	3	163 94 20 5
142	246	0.0	3	138 96 10 2
143	225	0.0	3	107 103 13 2
144	212	0.0	3	96 104 9 3
145	221	0.0	3	101 105 14 1
146	213	0.0	3	100 99 10 4
147	198	0.0	3	94 89 14 1
148	199	0.0	3	90 100 8 1
149	202	0.0	3	96 92 13 1
150	190	0.0	3	83 92 12 3
151	175	0.0	3	75 88 7 5
152	164	0.0	3	57 94 10 3
153	163	0.0	3	61 85 11 6
154	167	0.0	3	53 105 7 2
155	161	0.0	3	51 92 15 3
156	162	0.0	3	54 97 7 4
157	147	0.0	3	39 102 6
158	160	0.0	3	42 106 10 2
159	136	0.0	3	35 90 10 1
160	129	0.0	3	33 79 11 6
161	115	0.0	3	23 84 8
162	150	0.0	3	31 106 11 2
163	119	0.0	3	24 86 7 2
164	128	0.0	3	24 95 7 2
165	145	0.0	3	21 110 13 1
166	142	0.0	3	21 110 11
167	149	0.0	3	19 117 12 1
168	120	0.0	3	16 98 5 1
169	97	0.0	3	5 80 11 1
170	130	0.0	3	15 109 6
171	130	0.0	3	9 111 10
172	109	0.0	3	9 88 11 1
173	111	0.0	3	13 92 6
174	111	0.0	3	12 88 9 2
175	105	0.0	3	9 87 6 3
176	119	0.0	3	3 112 4
177	115	0.0	3	10 91 14
178	123	0.0	3	5 109 9
179	106	0.0	3	8 83 13 2
180	85	0.0	3	2 75 8
181	109	0.0	3	8 90 10 1
182	88	0.0	3	8 73 5 2
183	79	0.0	3	5 64 8 2
184	114	0.0	3	6 98 8 2
185	92	0.0	3	4 83 5
186	112	0.0	3	3 95 14
187	117	0.0	3	6 105 6
188	90	0.0	3	5 77 8
189	98	0.0	3	2 89 7
190	88	0.0	3	2 77 9
191	78	0.0	3	1 70 7
192	76	0.0	3	2 69 4 1
193	77	0.0	3	2 66 7 2
194	73	0.0	3	2 62 9
195	65	0.0	3	0 60 3 2
196	87	0.0	3	2 74 10 1
197	70	0.0	3	0 60 10
198	88	0.0	3	2 77 8 1
199	77	0.0	3	4 59 13 1
200	72	0.0	3	3 66 3
201	79	0.0	3	2 70 7
202	69	0.0	3	1 55 12 1
203	59	0.0	3	1 53 4 1
204	68	0.0	3	0 54 14
205	78	0.0	3	1 70 7
206	72	0.0	3	2 63 5 2
207	60	0.0	3	1 48 11
208	54	0.0	3	2 47 5
209	52	0.0	3	1 45 4 2
210	48	0.0	3	0 41 6 1
211	39	0.0	3	0 33 6
212	52	0.0	3	2 43 7
213	51	0.0	3	0 45 5 1
214	44	0.0	3	0 40 3 1
215	41	0.0	3	1 28 10 2
216	32	0.0	3	0 31 1
217	36	0.0	3	1 32 3
218	36	0.0	3	1 28 6 1
219	25	0.0	3	1 22 2
220	27	0.0	3	0 26 1
221	33	0.0	3	0 27 6
222	25	0.0	3	0 22 2 1
223	26	0.0	3	1 20 5
224	26	0.0	3	0 22 4
225	18	0.0	3	0 18
226	27	0.0	3	0 26 1
227	12	0.0	3	0 10 1 1
228	20	0.0	3	0 17 2 1
229	15	0.0	3	0 14 1
230	22	0.0	3	0 20 1 1
231	14	0.0	3	0 12 2
232	19	0.0	3	1 15 3
233	16	0.0	3	0 14 1 1
234	18	0.0	3	0 16 2
235	23	0.0	3	1 20 2
236	8	0.0	3	0 6 2
237	13	0.0	3	0 12 0 1
238	12	0.0	3	0 11 1
239	11	0.0	3	0 9 2
240	4	0.0	3	0 4
241	10	0.0	3	0 9 1
242	11	0.0	3	0 11
243	10	0.0	3	0 8 1 1
244	1	0.0	3	0 1
245	6	0.0	3	0 4 2
246	9	0.0	3	0 9
247	5	0.0	3	0 5
248	4	0.0	3	0 4
249	7	0.0	3	0 7
250	8	0.0	3	0 7 1
251	73	0.0	3	0 61 9 3


=== Second read: Adapter 2 ===

Sequence: AGATCGGAAGAGCGTCGTGTAGGGAAAGAGTGT; Type: regular 3'; Length: 33; Trimmed: 5323409 times

No. of allowed errors:
0-9 bp: 0; 10-19 bp: 1; 20-29 bp: 2; 30-33 bp: 3

Bases preceding removed adapters:
  A: 17.1%
  C: 38.2%
  G: 33.6%
  T: 10.7%
  none/other: 0.4%

Overview of removed sequences
length	count	expect	max.err	error counts
3	311851	271969.0	0	311851
4	74250	67992.3	0	74250
5	46739	16998.1	0	46739
6	44937	4249.5	0	44937
7	46862	1062.4	0	46862
8	34026	265.6	0	34026
9	61073	66.4	0	60672 401
10	44179	16.6	1	38928 5251
11	44091	4.1	1	38829 5262
12	52636	1.0	1	47109 5527
13	44901	0.3	1	39155 5746
14	70731	0.1	1	62611 8120
15	25201	0.0	1	21663 3538
16	34722	0.0	1	29931 4791
17	62769	0.0	1	53755 9014
18	18465	0.0	1	15274 3140 51
19	39273	0.0	1	33269 5927 77
20	22998	0.0	2	18256 3606 1136
21	23826	0.0	2	18844 4008 974
22	35218	0.0	2	27262 6498 1458
23	52566	0.0	2	39230 10788 2548
24	65617	0.0	2	48112 13969 3536
25	60661	0.0	2	43915 13305 3441
26	93200	0.0	2	67620 20246 5334
27	66584	0.0	2	47794 14426 4360 4
28	99683	0.0	2	72845 20967 5649 222
29	69070	0.0	2	49649 15204 4145 72
30	232810	0.0	3	179368 41686 9430 2326
31	21879	0.0	3	12225 6688 2224 742
32	95413	0.0	3	69112 19704 5120 1477
33	16253	0.0	3	9000 4804 1819 630
34	45188	0.0	3	28560 11781 3680 1167
35	79394	0.0	3	50684 21023 5817 1870
36	234429	0.0	3	153011 61396 15657 4365
37	12109	0.0	3	6527 3772 1311 499
38	43581	0.0	3	27330 11568 3466 1217
39	20981	0.0	3	13186 5437 1698 660
40	46494	0.0	3	31067 11583 2967 877
41	63780	0.0	3	44828 14523 3372 1057
42	83222	0.0	3	57444 20087 4451 1240
43	109027	0.0	3	79436 23264 4919 1408
44	119491	0.0	3	85604 26725 5685 1477
45	175241	0.0	3	131476 35004 6825 1936
46	266919	0.0	3	210020 46684 8128 2087
47	195772	0.0	3	154238 34204 5948 1382
48	126147	0.0	3	99627 21715 3896 909
49	103844	0.0	3	84871 15775 2547 651
50	57956	0.0	3	46702 9282 1523 449
51	54569	0.0	3	45491 7480 1235 363
52	36868	0.0	3	30189 5449 943 287
53	53002	0.0	3	44057 7342 1229 374
54	93884	0.0	3	79552 12007 1888 437
55	35063	0.0	3	29178 4775 806 304
56	86350	0.0	3	74323 10073 1536 418
57	127797	0.0	3	110198 15011 2048 540
58	71879	0.0	3	62689 7831 1072 287
59	23296	0.0	3	19675 3012 422 187
60	58924	0.0	3	51818 6087 804 215
61	24072	0.0	3	20598 2900 469 105
62	17464	0.0	3	14747 2212 362 143
63	53200	0.0	3	47482 4930 636 152
64	21085	0.0	3	18617 2113 257 98
65	9299	0.0	3	8103 993 143 60
66	6919	0.0	3	5958 786 130 45
67	7536	0.0	3	6569 820 106 41
68	10300	0.0	3	9151 963 148 38
69	10709	0.0	3	9575 954 129 51
70	10021	0.0	3	8848 943 164 66
71	11606	0.0	3	10415 956 165 70
72	13216	0.0	3	11778 1144 212 82
73	16789	0.0	3	14802 1592 266 129
74	22881	0.0	3	20046 2273 384 178
75	34584	0.0	3	30452 3365 523 244
76	41712	0.0	3	36631 4155 657 269
77	55840	0.0	3	49256 5428 817 339
78	74843	0.0	3	65992 7359 1086 406
79	120694	0.0	3	103440 14663 1747 844
80	225489	0.0	3	212459 11275 1257 498
81	48714	0.0	3	44886 3262 417 149
82	18918	0.0	3	17466 1210 168 74
83	7350	0.0	3	6622 590 108 30
84	3271	0.0	3	2843 320 69 39
85	1991	0.0	3	1652 251 59 29
86	1282	0.0	3	1066 160 40 16
87	1055	0.0	3	804 176 54 21
88	931	0.0	3	726 149 40 16
89	736	0.0	3	527 158 38 13
90	720	0.0	3	530 129 37 24
91	553	0.0	3	372 125 41 15
92	523	0.0	3	355 117 33 18
93	448	0.0	3	277 118 30 23
94	440	0.0	3	272 115 35 18
95	417	0.0	3	252 115 31 19
96	348	0.0	3	196 105 24 23
97	314	0.0	3	181 93 27 13
98	277	0.0	3	145 86 30 16
99	290	0.0	3	174 76 25 15
100	211	0.0	3	116 70 16 9
101	248	0.0	3	122 78 27 21
102	226	0.0	3	125 71 15 15
103	212	0.0	3	83 81 34 14
104	241	0.0	3	106 100 25 10
105	217	0.0	3	86 89 25 17
106	227	0.0	3	87 106 21 13
107	191	0.0	3	89 69 23 10
108	178	0.0	3	56 80 29 13
109	186	0.0	3	62 82 29 13
110	188	0.0	3	63 83 27 15
111	150	0.0	3	53 58 25 14
112	171	0.0	3	43 90 26 12
113	144	0.0	3	40 70 23 11
114	160	0.0	3	55 69 26 10
115	121	0.0	3	36 53 21 11
116	137	0.0	3	35 62 24 16
117	141	0.0	3	40 67 21 13
118	141	0.0	3	25 78 26 12
119	122	0.0	3	37 52 24 9
120	111	0.0	3	24 54 22 11
121	115	0.0	3	26 64 9 16
122	106	0.0	3	19 59 25 3
123	104	0.0	3	17 52 24 11
124	117	0.0	3	15 71 20 11
125	100	0.0	3	18 57 16 9
126	112	0.0	3	18 61 24 9
127	95	0.0	3	14 50 22 9
128	100	0.0	3	12 54 22 12
129	79	0.0	3	12 42 21 4
130	95	0.0	3	8 64 16 7
131	91	0.0	3	12 55 11 13
132	93	0.0	3	12 55 13 13
133	84	0.0	3	10 47 17 10
134	86	0.0	3	6 47 20 13
135	100	0.0	3	8 66 18 8
136	69	0.0	3	2 42 14 11
137	82	0.0	3	8 49 15 10
138	72	0.0	3	3 48 14 7
139	89	0.0	3	5 55 18 11
140	89	0.0	3	8 46 20 15
141	80	0.0	3	3 56 14 7
142	84	0.0	3	1 54 17 12
143	91	0.0	3	6 60 13 12
144	65	0.0	3	2 40 15 8
145	74	0.0	3	4 46 13 11
146	90	0.0	3	3 59 20 8
147	81	0.0	3	1 52 22 6
148	86	0.0	3	5 48 19 14
149	88	0.0	3	5 59 16 8
150	80	0.0	3	7 48 15 10
151	67	0.0	3	2 32 21 12
152	71	0.0	3	1 36 28 6
153	88	0.0	3	4 55 22 7
154	66	0.0	3	0 40 17 9
155	70	0.0	3	2 42 20 6
156	82	0.0	3	0 54 20 8
157	66	0.0	3	0 43 15 8
158	89	0.0	3	4 50 23 12
159	88	0.0	3	1 51 26 10
160	75	0.0	3	1 41 20 13
161	81	0.0	3	3 48 21 9
162	55	0.0	3	1 28 11 15
163	82	0.0	3	1 55 17 9
164	69	0.0	3	1 43 21 4
165	75	0.0	3	1 46 25 3
166	55	0.0	3	1 34 11 9
167	59	0.0	3	1 37 16 5
168	70	0.0	3	1 44 18 7
169	68	0.0	3	1 43 17 7
170	68	0.0	3	0 44 15 9
171	55	0.0	3	0 37 10 8
172	52	0.0	3	0 33 13 6
173	45	0.0	3	0 31 8 6
174	63	0.0	3	0 39 15 9
175	51	0.0	3	1 29 12 9
176	41	0.0	3	0 22 12 7
177	58	0.0	3	1 31 18 8
178	59	0.0	3	1 32 14 12
179	55	0.0	3	0 35 14 6
180	54	0.0	3	1 27 15 11
181	49	0.0	3	1 25 15 8
182	48	0.0	3	0 21 16 11
183	34	0.0	3	0 16 16 2
184	31	0.0	3	0 16 10 5
185	23	0.0	3	0 13 4 6
186	32	0.0	3	0 20 8 4
187	20	0.0	3	0 14 3 3
188	25	0.0	3	0 16 3 6
189	19	0.0	3	0 11 7 1
190	11	0.0	3	0 5 2 4
191	19	0.0	3	0 8 6 5
192	14	0.0	3	0 6 4 4
193	18	0.0	3	0 10 6 2
194	8	0.0	3	0 4 2 2
195	11	0.0	3	0 8 1 2
196	6	0.0	3	0 2 1 3
197	4	0.0	3	0 1 0 3
198	10	0.0	3	0 4 4 2
199	10	0.0	3	0 5 2 3
200	11	0.0	3	0 5 4 2
201	7	0.0	3	0 5 1 1
202	10	0.0	3	1 6 3
203	7	0.0	3	0 0 4 3
204	5	0.0	3	0 3 2
205	6	0.0	3	0 1 4 1
206	1	0.0	3	0 1
207	2	0.0	3	0 1 1
208	2	0.0	3	0 2
210	1	0.0	3	0 1
211	2	0.0	3	0 1 1
212	2	0.0	3	0 1 0 1
213	1	0.0	3	0 0 1
215	2	0.0	3	0 0 0 2
216	2	0.0	3	0 1 0 1
217	2	0.0	3	0 1 1
219	6	0.0	3	0 2 1 3
220	1	0.0	3	0 0 1
221	2	0.0	3	0 0 1 1
222	2	0.0	3	0 1 0 1
224	3	0.0	3	0 1 2
225	1	0.0	3	0 0 1
228	3	0.0	3	0 0 2 1
234	2	0.0	3	0 0 1 1
236	1	0.0	3	0 0 0 1
237	1	0.0	3	0 1
238	1	0.0	3	0 0 0 1
239	1	0.0	3	0 0 1
240	1	0.0	3	0 0 1
244	1	0.0	3	0 0 0 1
247	1	0.0	3	0 1
249	1	0.0	3	0 0 1
251	1	0.0	3	0 0 0 1
