This is cutadapt 2.9 with Python 3.7.10
Command line parameters: -q 10 --minimum-length 25 --cores 80 -a AGATCGGAAGAGCACACGTCTGAACTCCAGTCA -A AGATCGGAAGAGCGTCGTGTAGGGAAAGAGTGT -o prefetch_sra_files/SRR7042978_R1_Trimmed.fastq.gz -p prefetch_sra_files/SRR7042978_R2_Trimmed.fastq.gz prefetch_sra_files/SRR7042978.sra_1.fastq.gz prefetch_sra_files/SRR7042978.sra_2.fastq.gz
Processing reads on 80 cores in paired-end mode ...
Finished in 682.04 s (30 us/read; 1.99 M reads/minute).

=== Summary ===

Total read pairs processed:         22,610,220
  Read 1 with adapter:               1,055,944 (4.7%)
  Read 2 with adapter:                 724,791 (3.2%)
Pairs written (passing filters):    22,575,423 (99.8%)

Total basepairs processed: 11,350,330,440 bp
  Read 1: 5,675,165,220 bp
  Read 2: 5,675,165,220 bp
Quality-trimmed:             570,724,690 bp (5.0%)
  Read 1:   405,112,408 bp
  Read 2:   165,612,282 bp
Total written (filtered):  10,761,463,550 bp (94.8%)
  Read 1: 5,263,188,726 bp
  Read 2: 5,498,274,824 bp

=== First read: Adapter 1 ===

Sequence: AGATCGGAAGAGCACACGTCTGAACTCCAGTCA; Type: regular 3'; Length: 33; Trimmed: 1055944 times

No. of allowed errors:
0-9 bp: 0; 10-19 bp: 1; 20-29 bp: 2; 30-33 bp: 3

Bases preceding removed adapters:
  A: 30.2%
  C: 26.0%
  G: 27.5%
  T: 16.3%
  none/other: 0.0%

Overview of removed sequences
length	count	expect	max.err	error counts
3	552093	353284.7	0	552093
4	121542	88321.2	0	121542
5	51229	22080.3	0	51229
6	38003	5520.1	0	38003
7	38311	1380.0	0	38311
8	25544	345.0	0	25544
9	46247	86.3	0	45603 644
10	32632	21.6	1	28880 3752
11	32485	5.4	1	28686 3799
12	40858	1.3	1	36973 3885
13	30163	0.3	1	26696 3467
14	46746	0.1	1	5 46741
15	29	0.0	1	0 29
16	55	0.0	1	0 55
17	2	0.0	1	0 2
19	1	0.0	1	0 0 1
22	1	0.0	2	0 1
31	2	0.0	3	0 0 1 1
42	1	0.0	3	0 0 0 1


=== Second read: Adapter 2 ===

Sequence: AGATCGGAAGAGCGTCGTGTAGGGAAAGAGTGT; Type: regular 3'; Length: 33; Trimmed: 724791 times

No. of allowed errors:
0-9 bp: 0; 10-19 bp: 1; 20-29 bp: 2; 30-33 bp: 3

Bases preceding removed adapters:
  A: 25.6%
  C: 29.7%
  G: 26.4%
  T: 18.3%
  none/other: 0.0%

Overview of removed sequences
length	count	expect	max.err	error counts
3	302350	353284.7	0	302350
4	93220	88321.2	0	93220
5	48365	22080.3	0	48365
6	36914	5520.1	0	36914
7	32060	1380.0	0	32060
8	26402	345.0	0	26402
9	41019	86.3	0	40252 767
10	28403	21.6	1	26197 2206
11	29512	5.4	1	27246 2266
12	31105	1.3	1	29174 1931
13	27341	0.3	1	25523 1818
14	28087	0.1	1	1 28086
15	11	0.0	1	0 11
19	1	0.0	1	0 0 1
23	1	0.0	2	0 0 1
