This is cutadapt 2.9 with Python 3.7.10
Command line parameters: -q 10 --minimum-length 25 --cores 80 -a AGATCGGAAGAGCACACGTCTGAACTCCAGTCA -A AGATCGGAAGAGCGTCGTGTAGGGAAAGAGTGT -o prefetch_sra_files/SRR7040514_R1_Trimmed.fastq.gz -p prefetch_sra_files/SRR7040514_R2_Trimmed.fastq.gz prefetch_sra_files/SRR7040514.sra_1.fastq.gz prefetch_sra_files/SRR7040514.sra_2.fastq.gz
Processing reads on 80 cores in paired-end mode ...
Finished in 576.86 s (29 us/read; 2.06 M reads/minute).

=== Summary ===

Total read pairs processed:         19,809,725
  Read 1 with adapter:               5,544,768 (28.0%)
  Read 2 with adapter:               5,474,442 (27.6%)
Pairs written (passing filters):    19,746,988 (99.7%)

Total basepairs processed: 9,944,481,950 bp
  Read 1: 4,972,240,975 bp
  Read 2: 4,972,240,975 bp
Quality-trimmed:             664,546,358 bp (6.7%)
  Read 1:   207,618,425 bp
  Read 2:   456,927,933 bp
Total written (filtered):  8,738,938,323 bp (87.9%)
  Read 1: 4,454,016,441 bp
  Read 2: 4,284,921,882 bp

=== First read: Adapter 1 ===

Sequence: AGATCGGAAGAGCACACGTCTGAACTCCAGTCA; Type: regular 3'; Length: 33; Trimmed: 5544768 times

No. of allowed errors:
0-9 bp: 0; 10-19 bp: 1; 20-29 bp: 2; 30-33 bp: 3

Bases preceding removed adapters:
  A: 16.0%
  C: 33.9%
  G: 31.1%
  T: 18.5%
  none/other: 0.4%

Overview of removed sequences
length	count	expect	max.err	error counts
3	226449	309527.0	0	226449
4	74050	77381.7	0	74050
5	45152	19345.4	0	45152
6	37908	4836.4	0	37908
7	36019	1209.1	0	36019
8	28005	302.3	0	28005
9	42065	75.6	0	41517 548
10	31683	18.9	1	29353 2330
11	29859	4.7	1	27423 2436
12	34805	1.2	1	32576 2229
13	31160	0.3	1	28955 2205
14	33024	0.1	1	30339 2685
15	31659	0.0	1	28877 2782
16	32303	0.0	1	28971 3332
17	39527	0.0	1	34881 4646
18	32171	0.0	1	29135 2979 57
19	27611	0.0	1	25061 2495 55
20	31872	0.0	2	28327 2980 565
21	38797	0.0	2	33701 4184 912
22	33474	0.0	2	29122 3596 756
23	32617	0.0	2	28493 3387 737
24	42626	0.0	2	36740 4765 1121
25	36522	0.0	2	31328 4142 1052
26	28012	0.0	2	23538 3592 882
27	37612	0.0	2	31453 4842 1311 6
28	46039	0.0	2	38986 5524 1514 15
29	37577	0.0	2	30358 5419 1609 191
30	40145	0.0	3	33412 5020 1235 478
31	30990	0.0	3	25864 3833 914 379
32	40069	0.0	3	34158 4401 1113 397
33	28994	0.0	3	22927 4354 1266 447
34	50327	0.0	3	41263 6606 1778 680
35	30949	0.0	3	24283 4780 1380 506
36	44438	0.0	3	36111 5942 1753 632
37	30829	0.0	3	23713 5041 1490 585
38	64050	0.0	3	50888 9323 2772 1067
39	29002	0.0	3	22420 4650 1415 517
40	64324	0.0	3	51390 9218 2693 1023
41	41824	0.0	3	32735 6659 1792 638
42	88917	0.0	3	73399 11689 2873 956
43	89331	0.0	3	76245 10012 2329 745
44	12562	0.0	3	10138 1825 413 186
45	16378	0.0	3	14234 1588 411 145
46	10499	0.0	3	8762 1294 316 127
47	32566	0.0	3	28636 3061 659 210
48	25040	0.0	3	21533 2727 606 174
49	37609	0.0	3	32757 3795 806 251
50	29343	0.0	3	25159 3274 674 236
51	46312	0.0	3	39914 4939 1134 325
52	32354	0.0	3	27560 3727 792 275
53	47201	0.0	3	40231 5390 1187 393
54	68040	0.0	3	58797 7332 1459 452
55	61220	0.0	3	53315 6369 1174 362
56	31168	0.0	3	26703 3531 718 216
57	55365	0.0	3	49034 5127 952 252
58	47392	0.0	3	41571 4698 865 258
59	39883	0.0	3	35317 3678 692 196
60	49148	0.0	3	43787 4370 737 254
61	43549	0.0	3	38526 4091 734 198
62	34005	0.0	3	29656 3572 628 149
63	74173	0.0	3	66770 6159 981 263
64	59615	0.0	3	53325 5202 866 222
65	51248	0.0	3	45848 4514 681 205
66	69470	0.0	3	63001 5426 834 209
67	44982	0.0	3	40603 3688 555 136
68	51049	0.0	3	46437 3888 564 160
69	59544	0.0	3	54080 4585 696 183
70	70240	0.0	3	63592 5643 785 220
71	97832	0.0	3	89274 7172 1075 311
72	120019	0.0	3	109737 8737 1191 354
73	150347	0.0	3	137754 10631 1491 471
74	219130	0.0	3	201266 15124 2219 521
75	416755	0.0	3	383150 30774 2163 668
76	1154684	0.0	3	1117699 33884 2247 854
77	146943	0.0	3	135974 10021 669 279
78	26731	0.0	3	24338 2010 273 110
79	12290	0.0	3	11089 980 162 59
80	8066	0.0	3	7273 637 119 37
81	7240	0.0	3	6513 561 125 41
82	6622	0.0	3	5867 595 117 43
83	6285	0.0	3	5578 547 118 42
84	6240	0.0	3	5576 515 109 40
85	5705	0.0	3	5042 514 115 34
86	5438	0.0	3	4821 474 99 44
87	5069	0.0	3	4482 450 97 40
88	4787	0.0	3	4186 473 94 34
89	4368	0.0	3	3802 431 92 43
90	4253	0.0	3	3694 446 82 31
91	4028	0.0	3	3449 434 114 31
92	3757	0.0	3	3243 406 85 23
93	3457	0.0	3	2982 386 68 21
94	3361	0.0	3	2935 339 62 25
95	3220	0.0	3	2766 349 68 37
96	3003	0.0	3	2606 305 63 29
97	2767	0.0	3	2376 306 63 22
98	2700	0.0	3	2325 301 57 17
99	2597	0.0	3	2221 300 58 18
100	2440	0.0	3	2047 314 55 24
101	2430	0.0	3	2034 310 68 18
102	2287	0.0	3	1941 268 60 18
103	2125	0.0	3	1759 282 59 25
104	2090	0.0	3	1740 264 62 24
105	1941	0.0	3	1597 279 37 28
106	1907	0.0	3	1573 271 52 11
107	1758	0.0	3	1448 249 45 16
108	1650	0.0	3	1341 249 39 21
109	1548	0.0	3	1258 224 48 18
110	1501	0.0	3	1238 200 50 13
111	1493	0.0	3	1195 246 36 16
112	1371	0.0	3	1082 228 47 14
113	1304	0.0	3	1059 188 43 14
114	1238	0.0	3	998 195 27 18
115	1213	0.0	3	950 197 51 15
116	1189	0.0	3	955 187 33 14
117	1091	0.0	3	843 185 48 15
118	1024	0.0	3	792 176 39 17
119	999	0.0	3	759 180 40 20
120	990	0.0	3	789 160 34 7
121	837	0.0	3	652 150 27 8
122	837	0.0	3	650 145 36 6
123	714	0.0	3	536 144 23 11
124	729	0.0	3	549 140 32 8
125	705	0.0	3	541 129 27 8
126	731	0.0	3	531 164 25 11
127	679	0.0	3	509 137 20 13
128	633	0.0	3	450 138 33 12
129	609	0.0	3	457 124 26 2
130	569	0.0	3	409 130 22 8
131	560	0.0	3	385 138 28 9
132	500	0.0	3	356 112 24 8
133	504	0.0	3	358 119 20 7
134	459	0.0	3	302 120 25 12
135	453	0.0	3	313 119 18 3
136	395	0.0	3	257 112 21 5
137	456	0.0	3	315 113 22 6
138	387	0.0	3	242 108 33 4
139	358	0.0	3	223 107 23 5
140	393	0.0	3	232 134 23 4
141	342	0.0	3	219 103 16 4
142	316	0.0	3	207 92 12 5
143	292	0.0	3	176 96 18 2
144	280	0.0	3	183 80 10 7
145	278	0.0	3	171 90 13 4
146	243	0.0	3	158 69 15 1
147	263	0.0	3	159 89 12 3
148	233	0.0	3	143 80 7 3
149	233	0.0	3	135 85 10 3
150	224	0.0	3	129 82 11 2
151	199	0.0	3	105 80 11 3
152	194	0.0	3	102 72 17 3
153	167	0.0	3	83 74 8 2
154	185	0.0	3	97 74 12 2
155	170	0.0	3	72 87 9 2
156	138	0.0	3	57 70 5 6
157	139	0.0	3	70 64 5
158	143	0.0	3	60 72 9 2
159	143	0.0	3	56 74 13
160	139	0.0	3	47 78 11 3
161	144	0.0	3	41 90 12 1
162	138	0.0	3	44 83 8 3
163	131	0.0	3	39 84 7 1
164	135	0.0	3	29 96 9 1
165	122	0.0	3	41 73 7 1
166	118	0.0	3	28 76 11 3
167	134	0.0	3	37 84 12 1
168	97	0.0	3	31 62 4
169	117	0.0	3	16 90 7 4
170	95	0.0	3	30 58 5 2
171	105	0.0	3	22 70 10 3
172	94	0.0	3	9 71 12 2
173	96	0.0	3	13 78 4 1
174	89	0.0	3	23 59 7
175	107	0.0	3	17 76 12 2
176	98	0.0	3	14 78 6
177	94	0.0	3	13 70 8 3
178	89	0.0	3	7 76 4 2
179	99	0.0	3	7 85 7
180	108	0.0	3	3 93 12
181	74	0.0	3	12 56 6
182	99	0.0	3	12 73 13 1
183	84	0.0	3	6 71 6 1
184	94	0.0	3	9 72 13
185	93	0.0	3	5 75 12 1
186	77	0.0	3	3 65 9
187	71	0.0	3	5 58 8
188	75	0.0	3	4 62 8 1
189	88	0.0	3	9 72 6 1
190	54	0.0	3	2 42 10
191	69	0.0	3	2 60 7
192	75	0.0	3	3 64 7 1
193	75	0.0	3	1 60 13 1
194	64	0.0	3	1 54 7 2
195	85	0.0	3	5 76 4
196	63	0.0	3	2 55 6
197	53	0.0	3	2 40 10 1
198	53	0.0	3	1 43 8 1
199	57	0.0	3	2 48 7
200	69	0.0	3	2 56 11
201	59	0.0	3	2 51 5 1
202	58	0.0	3	2 52 4
203	49	0.0	3	1 38 8 2
204	62	0.0	3	2 53 6 1
205	57	0.0	3	0 52 4 1
206	42	0.0	3	3 32 7
207	42	0.0	3	0 36 6
208	56	0.0	3	1 49 3 3
209	44	0.0	3	0 35 8 1
210	38	0.0	3	0 34 3 1
211	30	0.0	3	0 28 1 1
212	43	0.0	3	0 32 10 1
213	41	0.0	3	1 35 4 1
214	29	0.0	3	0 24 5
215	39	0.0	3	2 35 2
216	25	0.0	3	0 24 1
217	29	0.0	3	1 25 3
218	20	0.0	3	0 20
219	20	0.0	3	0 17 3
220	26	0.0	3	0 23 2 1
221	22	0.0	3	0 18 4
222	20	0.0	3	0 17 3
223	17	0.0	3	0 15 1 1
224	16	0.0	3	0 13 3
225	17	0.0	3	0 14 3
226	20	0.0	3	0 18 2
227	13	0.0	3	0 10 3
228	19	0.0	3	0 19
229	15	0.0	3	0 12 3
230	12	0.0	3	0 10 1 1
231	13	0.0	3	0 8 5
232	11	0.0	3	0 8 2 1
233	12	0.0	3	0 11 1
234	7	0.0	3	0 7
235	10	0.0	3	0 7 1 2
236	18	0.0	3	0 15 3
237	9	0.0	3	0 8 1
238	14	0.0	3	0 12 2
239	9	0.0	3	0 9
240	11	0.0	3	0 10 0 1
241	9	0.0	3	0 6 3
242	13	0.0	3	0 12 1
243	7	0.0	3	0 6 1
244	9	0.0	3	0 8 1
245	6	0.0	3	0 5 1
246	4	0.0	3	0 4
247	5	0.0	3	0 4 1
248	10	0.0	3	0 10
249	9	0.0	3	0 8 0 1
250	8	0.0	3	0 7 1
251	58	0.0	3	0 46 12


=== Second read: Adapter 2 ===

Sequence: AGATCGGAAGAGCGTCGTGTAGGGAAAGAGTGT; Type: regular 3'; Length: 33; Trimmed: 5474442 times

No. of allowed errors:
0-9 bp: 0; 10-19 bp: 1; 20-29 bp: 2; 30-33 bp: 3

Bases preceding removed adapters:
  A: 17.1%
  C: 39.3%
  G: 33.4%
  T: 9.9%
  none/other: 0.3%

Overview of removed sequences
length	count	expect	max.err	error counts
3	344371	309527.0	0	344371
4	77709	77381.7	0	77709
5	44698	19345.4	0	44698
6	40786	4836.4	0	40786
7	42574	1209.1	0	42574
8	30206	302.3	0	30206
9	51970	75.6	0	51449 521
10	40988	18.9	1	35809 5179
11	37928	4.7	1	33001 4927
12	47459	1.2	1	42028 5431
13	40627	0.3	1	35193 5434
14	65424	0.1	1	57394 8030
15	21821	0.0	1	18447 3374
16	31026	0.0	1	26473 4553
17	57201	0.0	1	48538 8663
18	16071	0.0	1	12968 3057 46
19	35743	0.0	1	29838 5831 74
20	20575	0.0	2	15974 3462 1139
21	20595	0.0	2	16052 3695 848
22	31699	0.0	2	24161 6101 1437
23	48048	0.0	2	35154 10241 2653
24	63280	0.0	2	44891 14593 3796
25	59114	0.0	2	41835 13673 3606
26	87940	0.0	2	62653 19928 5359
27	59372	0.0	2	41934 13335 4101 2
28	97406	0.0	2	69615 21626 5971 194
29	64549	0.0	2	45780 14691 4012 66
30	228462	0.0	3	173147 42779 9989 2547
31	20402	0.0	3	11198 6316 2157 731
32	92177	0.0	3	65322 19878 5435 1542
33	15552	0.0	3	8492 4594 1799 667
34	44244	0.0	3	26970 12113 3932 1229
35	79863	0.0	3	49592 21718 6527 2026
36	235015	0.0	3	149493 63864 16920 4738
37	11491	0.0	3	6021 3565 1358 547
38	42768	0.0	3	25731 11997 3788 1252
39	20677	0.0	3	12576 5743 1686 672
40	45351	0.0	3	29571 11712 3077 991
41	58766	0.0	3	40226 13884 3540 1116
42	84021	0.0	3	56921 20645 5047 1408
43	104000	0.0	3	74001 23249 5238 1512
44	125690	0.0	3	88614 28824 6531 1721
45	177335	0.0	3	130741 36786 7658 2150
46	269835	0.0	3	208839 49373 9357 2266
47	205885	0.0	3	160138 37358 6822 1567
48	132414	0.0	3	103288 23623 4438 1065
49	104354	0.0	3	83929 16803 2839 783
50	61111	0.0	3	48667 10125 1824 495
51	56304	0.0	3	46066 8389 1451 398
52	38263	0.0	3	30833 5992 1079 359
53	56897	0.0	3	46503 8572 1361 461
54	107840	0.0	3	90084 14733 2407 616
55	37130	0.0	3	30095 5629 1041 365
56	95636	0.0	3	81070 12137 1870 559
57	151808	0.0	3	129412 18890 2767 739
58	78824	0.0	3	67992 9112 1360 360
59	25922	0.0	3	21594 3483 619 226
60	67077	0.0	3	58436 7344 1021 276
61	27065	0.0	3	22790 3535 547 193
62	19788	0.0	3	16469 2685 441 193
63	62302	0.0	3	55286 6087 748 181
64	23570	0.0	3	20529 2610 336 95
65	10032	0.0	3	8631 1145 184 72
66	7424	0.0	3	6359 837 166 62
67	8241	0.0	3	7129 916 149 47
68	12191	0.0	3	10714 1215 202 60
69	12300	0.0	3	10903 1146 184 67
70	10975	0.0	3	9712 1018 170 75
71	13530	0.0	3	11986 1252 226 66
72	15039	0.0	3	13240 1457 240 102
73	20089	0.0	3	17553 2046 370 120
74	27262	0.0	3	23851 2773 448 190
75	42184	0.0	3	37288 3993 661 242
76	50192	0.0	3	44246 4895 737 314
77	66351	0.0	3	58636 6349 963 403
78	87112	0.0	3	77307 8151 1153 501
79	137685	0.0	3	121190 13861 1821 813
80	258123	0.0	3	242764 13161 1643 555
81	54202	0.0	3	49817 3760 462 163
82	21099	0.0	3	19315 1480 223 81
83	7909	0.0	3	7084 664 116 45
84	3784	0.0	3	3299 374 78 33
85	2264	0.0	3	1894 289 58 23
86	1588	0.0	3	1259 229 74 26
87	1153	0.0	3	904 185 40 24
88	1175	0.0	3	928 173 50 24
89	948	0.0	3	720 160 43 25
90	871	0.0	3	630 159 47 35
91	733	0.0	3	503 161 48 21
92	688	0.0	3	474 139 48 27
93	624	0.0	3	438 137 27 22
94	585	0.0	3	378 140 50 17
95	533	0.0	3	359 119 30 25
96	446	0.0	3	267 103 48 28
97	403	0.0	3	264 91 26 22
98	340	0.0	3	217 78 27 18
99	327	0.0	3	202 74 30 21
100	351	0.0	3	201 100 33 17
101	317	0.0	3	198 90 18 11
102	323	0.0	3	168 103 36 16
103	279	0.0	3	132 95 35 17
104	292	0.0	3	143 107 33 9
105	232	0.0	3	118 68 29 17
106	241	0.0	3	122 79 26 14
107	231	0.0	3	114 64 35 18
108	204	0.0	3	81 70 30 23
109	204	0.0	3	94 62 29 19
110	165	0.0	3	53 79 21 12
111	200	0.0	3	84 73 26 17
112	187	0.0	3	76 63 30 18
113	174	0.0	3	54 90 22 8
114	169	0.0	3	46 74 31 18
115	166	0.0	3	65 63 25 13
116	167	0.0	3	57 53 29 28
117	138	0.0	3	40 53 35 10
118	133	0.0	3	36 55 25 17
119	133	0.0	3	39 61 17 16
120	128	0.0	3	38 50 23 17
121	134	0.0	3	34 67 19 14
122	122	0.0	3	39 53 20 10
123	99	0.0	3	25 44 17 13
124	87	0.0	3	22 40 14 11
125	97	0.0	3	22 47 13 15
126	86	0.0	3	24 37 12 13
127	108	0.0	3	26 57 16 9
128	98	0.0	3	26 38 18 16
129	100	0.0	3	18 48 15 19
130	91	0.0	3	21 37 24 9
131	83	0.0	3	14 40 21 8
132	76	0.0	3	10 40 15 11
133	76	0.0	3	9 38 16 13
134	82	0.0	3	14 40 18 10
135	92	0.0	3	9 51 24 8
136	76	0.0	3	8 43 14 11
137	73	0.0	3	6 41 17 9
138	80	0.0	3	11 48 9 12
139	78	0.0	3	10 37 18 13
140	82	0.0	3	9 38 29 6
141	86	0.0	3	4 49 19 14
142	76	0.0	3	5 47 14 10
143	77	0.0	3	4 46 20 7
144	76	0.0	3	5 42 17 12
145	62	0.0	3	3 37 15 7
146	51	0.0	3	6 25 15 5
147	70	0.0	3	4 39 17 10
148	74	0.0	3	2 46 20 6
149	58	0.0	3	3 28 17 10
150	58	0.0	3	1 32 14 11
151	76	0.0	3	3 50 13 10
152	58	0.0	3	2 38 10 8
153	64	0.0	3	3 38 15 8
154	52	0.0	3	1 26 15 10
155	65	0.0	3	3 35 17 10
156	51	0.0	3	2 30 8 11
157	57	0.0	3	1 30 19 7
158	69	0.0	3	2 38 20 9
159	51	0.0	3	0 35 13 3
160	71	0.0	3	3 40 21 7
161	58	0.0	3	2 29 17 10
162	74	0.0	3	2 43 11 18
163	49	0.0	3	0 33 11 5
164	60	0.0	3	1 39 9 11
165	68	0.0	3	1 42 15 10
166	58	0.0	3	2 34 13 9
167	59	0.0	3	1 37 12 9
168	60	0.0	3	0 34 17 9
169	60	0.0	3	2 34 13 11
170	55	0.0	3	1 23 20 11
171	44	0.0	3	3 26 6 9
172	64	0.0	3	1 31 22 10
173	49	0.0	3	0 32 7 10
174	46	0.0	3	0 28 13 5
175	55	0.0	3	0 32 11 12
176	41	0.0	3	0 19 16 6
177	41	0.0	3	0 23 11 7
178	44	0.0	3	0 24 15 5
179	37	0.0	3	0 17 10 10
180	28	0.0	3	0 13 9 6
181	38	0.0	3	0 23 8 7
182	32	0.0	3	0 20 6 6
183	28	0.0	3	0 9 12 7
184	27	0.0	3	1 18 5 3
185	28	0.0	3	0 14 7 7
186	13	0.0	3	0 5 6 2
187	22	0.0	3	1 11 6 4
188	25	0.0	3	0 9 8 8
189	16	0.0	3	0 8 6 2
190	11	0.0	3	0 6 4 1
191	17	0.0	3	0 7 6 4
192	12	0.0	3	0 4 6 2
193	12	0.0	3	0 5 4 3
194	11	0.0	3	0 8 3
195	14	0.0	3	0 3 5 6
196	6	0.0	3	0 2 1 3
197	10	0.0	3	0 3 3 4
198	8	0.0	3	0 0 6 2
199	9	0.0	3	0 2 5 2
200	8	0.0	3	0 3 2 3
201	3	0.0	3	0 2 0 1
202	5	0.0	3	0 2 2 1
203	5	0.0	3	0 3 2
204	2	0.0	3	0 1 0 1
205	6	0.0	3	0 2 2 2
206	2	0.0	3	0 2
207	5	0.0	3	0 3 1 1
208	3	0.0	3	0 2 0 1
209	1	0.0	3	0 0 0 1
210	4	0.0	3	0 1 1 2
211	4	0.0	3	0 1 2 1
212	4	0.0	3	0 1 1 2
213	1	0.0	3	0 0 1
214	1	0.0	3	0 0 1
215	2	0.0	3	1 1
216	1	0.0	3	0 0 0 1
220	2	0.0	3	0 1 0 1
221	1	0.0	3	0 1
223	1	0.0	3	0 1
224	1	0.0	3	0 0 1
225	1	0.0	3	0 0 0 1
226	1	0.0	3	0 0 1
231	1	0.0	3	0 0 0 1
236	2	0.0	3	0 0 0 2
237	1	0.0	3	0 0 0 1
239	1	0.0	3	0 0 0 1
241	2	0.0	3	0 0 1 1
242	1	0.0	3	0 0 0 1
243	2	0.0	3	0 0 2
245	1	0.0	3	0 1
250	1	0.0	3	0 1
