This is cutadapt 2.9 with Python 3.7.10
Command line parameters: -q 10 --minimum-length 25 --cores 80 -a AGATCGGAAGAGCACACGTCTGAACTCCAGTCA -A AGATCGGAAGAGCGTCGTGTAGGGAAAGAGTGT -o prefetch_sra_files/SRR7062350_R1_Trimmed.fastq.gz -p prefetch_sra_files/SRR7062350_R2_Trimmed.fastq.gz prefetch_sra_files/SRR7062350.sra_1.fastq.gz prefetch_sra_files/SRR7062350.sra_2.fastq.gz
Processing reads on 80 cores in paired-end mode ...
Finished in 353.59 s (32 us/read; 1.88 M reads/minute).

=== Summary ===

Total read pairs processed:         11,092,958
  Read 1 with adapter:               1,712,245 (15.4%)
  Read 2 with adapter:               1,751,431 (15.8%)
Pairs written (passing filters):    11,058,979 (99.7%)

Total basepairs processed: 5,568,664,916 bp
  Read 1: 2,784,332,458 bp
  Read 2: 2,784,332,458 bp
Quality-trimmed:             289,064,293 bp (5.2%)
  Read 1:    80,433,135 bp
  Read 2:   208,631,158 bp
Total written (filtered):  5,142,644,203 bp (92.3%)
  Read 1: 2,621,193,441 bp
  Read 2: 2,521,450,762 bp

=== First read: Adapter 1 ===

Sequence: AGATCGGAAGAGCACACGTCTGAACTCCAGTCA; Type: regular 3'; Length: 33; Trimmed: 1712245 times

No. of allowed errors:
0-9 bp: 0; 10-19 bp: 1; 20-29 bp: 2; 30-33 bp: 3

Bases preceding removed adapters:
  A: 14.2%
  C: 38.1%
  G: 28.4%
  T: 18.8%
  none/other: 0.4%

Overview of removed sequences
length	count	expect	max.err	error counts
3	142928	173327.5	0	142928
4	44554	43331.9	0	44554
5	25202	10833.0	0	25202
6	19159	2708.2	0	19159
7	17355	677.1	0	17355
8	13857	169.3	0	13857
9	21219	42.3	0	20842 377
10	14219	10.6	1	13069 1150
11	15210	2.6	1	13905 1305
12	15734	0.7	1	14621 1113
13	14213	0.2	1	13138 1075
14	14715	0.0	1	13514 1201
15	14584	0.0	1	13302 1282
16	15032	0.0	1	13483 1549
17	17800	0.0	1	15815 1985
18	14543	0.0	1	13200 1322 21
19	12833	0.0	1	11545 1249 39
20	14389	0.0	2	12736 1408 245
21	17310	0.0	2	15019 1885 406
22	14267	0.0	2	12435 1496 336
23	13666	0.0	2	11874 1500 292
24	17693	0.0	2	15290 1977 426
25	14565	0.0	2	12605 1599 361
26	11551	0.0	2	9679 1485 387
27	15627	0.0	2	13092 2021 510 4
28	19351	0.0	2	16385 2350 614 2
29	15444	0.0	2	12702 2087 577 78
30	14130	0.0	3	11805 1741 442 142
31	13609	0.0	3	11348 1729 388 144
32	16381	0.0	3	13914 1849 447 171
33	12433	0.0	3	9871 1897 485 180
34	18462	0.0	3	14896 2621 678 267
35	18391	0.0	3	14500 2666 854 371
36	12676	0.0	3	10213 1731 524 208
37	18653	0.0	3	14694 2715 847 397
38	17727	0.0	3	14650 2181 650 246
39	12668	0.0	3	10465 1540 458 205
40	15658	0.0	3	12841 2009 585 223
41	19341	0.0	3	16139 2259 680 263
42	17641	0.0	3	14545 2380 549 167
43	36549	0.0	3	32512 2982 793 262
44	5705	0.0	3	4734 707 190 74
45	4369	0.0	3	3757 451 118 43
46	4139	0.0	3	3446 506 134 53
47	9310	0.0	3	8225 788 211 86
48	8941	0.0	3	7817 865 187 72
49	11164	0.0	3	9759 1061 248 96
50	11141	0.0	3	9611 1185 244 101
51	14773	0.0	3	12793 1474 377 129
52	12006	0.0	3	10320 1236 318 132
53	15211	0.0	3	12959 1697 402 153
54	18697	0.0	3	16213 1868 449 167
55	17491	0.0	3	15363 1591 398 139
56	10442	0.0	3	8956 1119 264 103
57	14893	0.0	3	13168 1329 293 103
58	13815	0.0	3	12148 1246 286 135
59	12491	0.0	3	11023 1138 236 94
60	13309	0.0	3	11897 1083 232 97
61	12277	0.0	3	10962 993 217 105
62	10218	0.0	3	8959 1002 195 62
63	18405	0.0	3	16520 1491 298 96
64	15491	0.0	3	13759 1348 283 101
65	13329	0.0	3	11876 1125 235 93
66	16217	0.0	3	14580 1294 244 99
67	11633	0.0	3	10443 981 160 49
68	13390	0.0	3	12127 1002 191 70
69	15053	0.0	3	13524 1225 225 79
70	17253	0.0	3	15376 1497 287 93
71	22646	0.0	3	20394 1789 357 106
72	27304	0.0	3	24521 2267 363 153
73	33178	0.0	3	29833 2683 436 226
74	46922	0.0	3	41964 4050 683 225
75	90132	0.0	3	79236 9817 756 323
76	250482	0.0	3	242375 6758 945 404
77	32648	0.0	3	30331 1867 224 226
78	6228	0.0	3	5673 422 85 48
79	2889	0.0	3	2633 201 42 13
80	1904	0.0	3	1728 130 25 21
81	1529	0.0	3	1352 138 27 12
82	1463	0.0	3	1291 125 30 17
83	1284	0.0	3	1132 120 19 13
84	1225	0.0	3	1078 108 29 10
85	1186	0.0	3	1045 110 19 12
86	993	0.0	3	860 100 22 11
87	891	0.0	3	760 98 19 14
88	825	0.0	3	704 90 25 6
89	763	0.0	3	661 79 18 5
90	726	0.0	3	623 72 14 17
91	654	0.0	3	554 72 20 8
92	627	0.0	3	537 77 10 3
93	565	0.0	3	472 68 17 8
94	523	0.0	3	449 50 11 13
95	469	0.0	3	396 58 10 5
96	518	0.0	3	435 62 14 7
97	498	0.0	3	404 62 21 11
98	442	0.0	3	365 57 17 3
99	412	0.0	3	343 52 12 5
100	401	0.0	3	327 49 15 10
101	408	0.0	3	337 54 8 9
102	344	0.0	3	274 53 13 4
103	337	0.0	3	276 43 12 6
104	355	0.0	3	284 53 8 10
105	318	0.0	3	256 43 14 5
106	317	0.0	3	250 49 11 7
107	293	0.0	3	231 49 9 4
108	294	0.0	3	233 46 10 5
109	251	0.0	3	195 51 2 3
110	260	0.0	3	212 37 7 4
111	236	0.0	3	183 38 8 7
112	254	0.0	3	186 50 12 6
113	231	0.0	3	174 43 6 8
114	224	0.0	3	160 52 12
115	190	0.0	3	138 41 7 4
116	210	0.0	3	155 40 6 9
117	191	0.0	3	134 45 6 6
118	161	0.0	3	129 27 3 2
119	178	0.0	3	125 40 8 5
120	174	0.0	3	119 42 11 2
121	163	0.0	3	115 36 10 2
122	143	0.0	3	90 42 10 1
123	130	0.0	3	82 39 6 3
124	140	0.0	3	99 36 3 2
125	118	0.0	3	82 28 7 1
126	119	0.0	3	80 36 2 1
127	104	0.0	3	66 26 8 4
128	119	0.0	3	86 24 6 3
129	98	0.0	3	59 31 6 2
130	96	0.0	3	63 26 6 1
131	94	0.0	3	60 25 5 4
132	91	0.0	3	50 31 6 4
133	77	0.0	3	42 32 3
134	91	0.0	3	50 32 7 2
135	94	0.0	3	55 29 8 2
136	81	0.0	3	49 25 4 3
137	75	0.0	3	45 25 4 1
138	75	0.0	3	44 24 5 2
139	73	0.0	3	40 26 6 1
140	65	0.0	3	31 23 9 2
141	49	0.0	3	27 19 3
142	71	0.0	3	41 28 1 1
143	58	0.0	3	29 22 6 1
144	47	0.0	3	21 24 1 1
145	61	0.0	3	26 32 3
146	42	0.0	3	27 11 4
147	41	0.0	3	14 26 0 1
148	39	0.0	3	22 13 3 1
149	41	0.0	3	18 18 3 2
150	45	0.0	3	19 23 1 2
151	43	0.0	3	19 23 1
152	38	0.0	3	7 29 2
153	46	0.0	3	15 27 3 1
154	31	0.0	3	7 20 4
155	29	0.0	3	13 14 2
156	37	0.0	3	10 25 2
157	22	0.0	3	8 10 3 1
158	26	0.0	3	6 19 0 1
159	39	0.0	3	13 23 3
160	35	0.0	3	9 20 6
161	27	0.0	3	7 16 2 2
162	45	0.0	3	10 29 6
163	23	0.0	3	4 15 3 1
164	31	0.0	3	5 22 3 1
165	31	0.0	3	8 18 5
166	31	0.0	3	2 26 3
167	19	0.0	3	2 14 2 1
168	28	0.0	3	5 22 1
169	24	0.0	3	3 18 3
170	21	0.0	3	0 18 3
171	37	0.0	3	6 28 2 1
172	17	0.0	3	5 9 3
173	30	0.0	3	1 22 7
174	20	0.0	3	2 17 0 1
175	24	0.0	3	3 19 2
176	26	0.0	3	2 21 3
177	16	0.0	3	0 16
178	38	0.0	3	1 35 2
179	26	0.0	3	2 22 2
180	20	0.0	3	1 18 1
181	29	0.0	3	4 22 3
182	26	0.0	3	3 22 1
183	22	0.0	3	2 18 1 1
184	19	0.0	3	0 16 3
185	27	0.0	3	2 22 3
186	22	0.0	3	3 15 4
187	19	0.0	3	0 18 1
188	30	0.0	3	2 24 4
189	23	0.0	3	0 23
190	28	0.0	3	2 22 3 1
191	26	0.0	3	0 22 4
192	18	0.0	3	1 17
193	17	0.0	3	1 13 3
194	13	0.0	3	0 11 2
195	18	0.0	3	0 15 3
196	15	0.0	3	0 15
197	23	0.0	3	0 21 2
198	13	0.0	3	0 12 1
199	14	0.0	3	0 12 1 1
200	21	0.0	3	0 16 3 2
201	17	0.0	3	1 14 2
202	19	0.0	3	2 16 1
203	18	0.0	3	0 17 1
204	17	0.0	3	0 16 1
205	14	0.0	3	0 12 1 1
206	10	0.0	3	0 9 0 1
207	8	0.0	3	0 8
208	17	0.0	3	0 13 3 1
209	8	0.0	3	0 7 1
210	8	0.0	3	0 6 1 1
211	13	0.0	3	0 13
212	9	0.0	3	0 8 1
213	13	0.0	3	0 12 1
214	10	0.0	3	0 10
215	9	0.0	3	0 7 2
216	7	0.0	3	0 7
217	11	0.0	3	0 11
218	8	0.0	3	0 7 1
219	13	0.0	3	0 12 1
220	3	0.0	3	0 2 1
221	7	0.0	3	0 7
222	6	0.0	3	0 5 1
223	7	0.0	3	0 7
224	9	0.0	3	0 8 1
225	7	0.0	3	0 7
226	7	0.0	3	0 6 1
227	6	0.0	3	0 5 1
228	3	0.0	3	0 3
229	4	0.0	3	0 4
230	3	0.0	3	0 3
231	1	0.0	3	0 1
232	6	0.0	3	0 4 2
233	5	0.0	3	0 4 1
234	3	0.0	3	0 2 1
235	1	0.0	3	0 1
236	1	0.0	3	0 0 0 1
237	3	0.0	3	0 3
239	5	0.0	3	0 3 1 1
240	2	0.0	3	0 2
242	6	0.0	3	0 6
244	2	0.0	3	0 2
245	3	0.0	3	0 3
246	1	0.0	3	0 1
249	1	0.0	3	0 1
250	1	0.0	3	0 1
251	15	0.0	3	0 12 3


=== Second read: Adapter 2 ===

Sequence: AGATCGGAAGAGCGTCGTGTAGGGAAAGAGTGT; Type: regular 3'; Length: 33; Trimmed: 1751431 times

No. of allowed errors:
0-9 bp: 0; 10-19 bp: 1; 20-29 bp: 2; 30-33 bp: 3

Bases preceding removed adapters:
  A: 17.4%
  C: 37.5%
  G: 34.8%
  T: 9.9%
  none/other: 0.4%

Overview of removed sequences
length	count	expect	max.err	error counts
3	235380	173327.5	0	235380
4	48648	43331.9	0	48648
5	23332	10833.0	0	23332
6	19564	2708.2	0	19564
7	21427	677.1	0	21427
8	13674	169.3	0	13674
9	23637	42.3	0	23291 346
10	18238	10.6	1	16057 2181
11	16628	2.6	1	14549 2079
12	21038	0.7	1	18934 2104
13	15963	0.2	1	13957 2006
14	28252	0.0	1	25306 2946
15	8722	0.0	1	7506 1216
16	11994	0.0	1	10469 1525
17	24192	0.0	1	21020 3172
18	5487	0.0	1	4481 993 13
19	14712	0.0	1	12472 2202 38
20	7907	0.0	2	6268 1219 420
21	6466	0.0	2	5182 1040 244
22	10999	0.0	2	8541 2007 451
23	17038	0.0	2	12627 3587 824
24	29749	0.0	2	21615 6494 1640
25	9562	0.0	2	6695 2215 652
26	17529	0.0	2	12690 3797 1042
27	18664	0.0	2	13312 4077 1275
28	23750	0.0	2	16963 5310 1447 30
29	14117	0.0	2	9761 3307 1027 22
30	41987	0.0	3	30240 8713 2376 658
31	7218	0.0	3	4358 1924 685 251
32	23126	0.0	3	16413 4929 1366 418
33	15575	0.0	3	10752 3455 1034 334
34	31388	0.0	3	22665 6387 1786 550
35	54998	0.0	3	41251 10426 2555 766
36	89218	0.0	3	67182 16798 4108 1130
37	72209	0.0	3	57748 11334 2508 619
38	28735	0.0	3	23419 4110 919 287
39	43926	0.0	3	37473 5038 1058 357
40	60687	0.0	3	52632 6501 1210 344
41	59038	0.0	3	51229 6362 1158 289
42	92330	0.0	3	81849 8598 1486 397
43	21012	0.0	3	18048 2348 493 123
44	72816	0.0	3	66206 5508 888 214
45	44986	0.0	3	40963 3330 552 141
46	35200	0.0	3	32488 2280 328 104
47	55139	0.0	3	51850 2799 387 103
48	23741	0.0	3	22106 1397 181 57
49	11979	0.0	3	11095 721 106 57
50	4524	0.0	3	4091 335 70 28
51	3990	0.0	3	3615 270 75 30
52	2004	0.0	3	1752 196 35 21
53	4825	0.0	3	4367 344 75 39
54	14486	0.0	3	13712 628 105 41
55	3993	0.0	3	3551 335 80 27
56	12318	0.0	3	11538 642 95 43
57	26804	0.0	3	25686 952 129 37
58	10572	0.0	3	10018 456 64 34
59	2172	0.0	3	1900 217 33 22
60	8720	0.0	3	8351 302 52 15
61	2360	0.0	3	2163 160 24 13
62	1311	0.0	3	1130 142 30 9
63	5446	0.0	3	5221 193 22 10
64	2175	0.0	3	2051 101 15 8
65	869	0.0	3	805 49 9 6
66	653	0.0	3	581 54 9 9
67	503	0.0	3	436 45 11 11
68	821	0.0	3	758 52 3 8
69	781	0.0	3	715 44 13 9
70	690	0.0	3	616 52 11 11
71	843	0.0	3	755 70 13 5
72	986	0.0	3	863 96 18 9
73	1341	0.0	3	1172 130 26 13
74	1863	0.0	3	1610 203 31 19
75	2656	0.0	3	2241 335 59 21
76	4033	0.0	3	3539 394 64 36
77	4529	0.0	3	3913 489 84 43
78	5340	0.0	3	4369 809 116 46
79	9002	0.0	3	6585 2063 230 124
80	11730	0.0	3	10903 669 101 57
81	2887	0.0	3	2703 155 19 10
82	712	0.0	3	649 46 7 10
83	264	0.0	3	231 23 6 4
84	152	0.0	3	125 23 4
85	131	0.0	3	99 20 6 6
86	104	0.0	3	77 15 6 6
87	80	0.0	3	55 17 5 3
88	77	0.0	3	50 16 8 3
89	92	0.0	3	58 21 7 6
90	76	0.0	3	51 13 7 5
91	64	0.0	3	43 12 3 6
92	81	0.0	3	52 21 6 2
93	78	0.0	3	38 30 7 3
94	54	0.0	3	28 13 9 4
95	58	0.0	3	28 20 7 3
96	43	0.0	3	23 12 4 4
97	48	0.0	3	22 13 7 6
98	50	0.0	3	27 14 6 3
99	44	0.0	3	20 19 2 3
100	50	0.0	3	22 20 4 4
101	55	0.0	3	29 19 6 1
102	43	0.0	3	22 14 5 2
103	41	0.0	3	18 18 4 1
104	43	0.0	3	17 15 8 3
105	39	0.0	3	11 17 6 5
106	45	0.0	3	19 18 4 4
107	41	0.0	3	21 13 7
108	29	0.0	3	8 11 8 2
109	38	0.0	3	10 18 6 4
110	44	0.0	3	12 23 6 3
111	27	0.0	3	7 14 5 1
112	49	0.0	3	19 22 3 5
113	27	0.0	3	6 10 7 4
114	32	0.0	3	10 14 5 3
115	42	0.0	3	12 18 6 6
116	46	0.0	3	15 16 7 8
117	32	0.0	3	9 19 2 2
118	30	0.0	3	6 17 4 3
119	26	0.0	3	6 13 4 3
120	27	0.0	3	8 17 2
121	25	0.0	3	9 12 2 2
122	20	0.0	3	5 9 4 2
123	25	0.0	3	7 13 3 2
124	38	0.0	3	10 19 6 3
125	22	0.0	3	5 10 4 3
126	27	0.0	3	3 16 6 2
127	14	0.0	3	3 7 3 1
128	29	0.0	3	3 20 3 3
129	13	0.0	3	0 6 3 4
130	19	0.0	3	3 12 1 3
131	29	0.0	3	5 17 5 2
132	19	0.0	3	2 11 2 4
133	21	0.0	3	4 12 3 2
134	29	0.0	3	3 15 7 4
135	23	0.0	3	2 14 6 1
136	25	0.0	3	1 14 6 4
137	23	0.0	3	2 13 3 5
138	14	0.0	3	1 8 3 2
139	18	0.0	3	2 10 2 4
140	19	0.0	3	2 9 5 3
141	20	0.0	3	0 14 3 3
142	20	0.0	3	0 14 5 1
143	15	0.0	3	0 11 2 2
144	16	0.0	3	1 10 2 3
145	14	0.0	3	2 8 3 1
146	16	0.0	3	1 9 4 2
147	16	0.0	3	0 10 1 5
148	31	0.0	3	3 20 6 2
149	17	0.0	3	0 11 4 2
150	18	0.0	3	0 14 3 1
151	16	0.0	3	1 13 1 1
152	14	0.0	3	1 9 3 1
153	16	0.0	3	1 11 2 2
154	12	0.0	3	1 8 2 1
155	22	0.0	3	1 12 6 3
156	13	0.0	3	2 7 1 3
157	21	0.0	3	0 13 2 6
158	17	0.0	3	1 9 2 5
159	28	0.0	3	1 20 5 2
160	20	0.0	3	0 15 2 3
161	19	0.0	3	0 9 3 7
162	11	0.0	3	0 3 4 4
163	12	0.0	3	0 8 2 2
164	14	0.0	3	0 9 3 2
165	18	0.0	3	0 8 3 7
166	12	0.0	3	0 9 3
167	13	0.0	3	0 10 2 1
168	13	0.0	3	0 11 0 2
169	11	0.0	3	0 7 1 3
170	19	0.0	3	2 13 3 1
171	12	0.0	3	0 8 3 1
172	16	0.0	3	0 11 4 1
173	18	0.0	3	0 14 4
174	14	0.0	3	0 10 2 2
175	11	0.0	3	0 9 2
176	10	0.0	3	0 5 4 1
177	7	0.0	3	0 3 3 1
178	17	0.0	3	1 12 4
179	17	0.0	3	0 11 4 2
180	7	0.0	3	0 6 1
181	12	0.0	3	0 6 4 2
182	6	0.0	3	0 5 1
183	12	0.0	3	0 10 2
184	9	0.0	3	0 5 1 3
185	6	0.0	3	0 3 1 2
186	5	0.0	3	0 1 1 3
187	9	0.0	3	0 7 2
188	3	0.0	3	0 2 0 1
189	7	0.0	3	0 4 2 1
190	8	0.0	3	0 4 3 1
191	4	0.0	3	0 3 1
192	1	0.0	3	0 0 0 1
193	5	0.0	3	0 2 1 2
194	3	0.0	3	0 2 0 1
195	2	0.0	3	0 1 0 1
196	2	0.0	3	0 2
197	5	0.0	3	0 2 2 1
198	4	0.0	3	0 4
199	2	0.0	3	0 1 1
200	1	0.0	3	0 0 1
201	5	0.0	3	0 5
202	1	0.0	3	0 0 1
203	2	0.0	3	0 1 0 1
204	1	0.0	3	0 1
205	2	0.0	3	0 1 1
209	1	0.0	3	0 1
210	1	0.0	3	0 1
211	1	0.0	3	0 0 1
213	2	0.0	3	0 1 1
215	1	0.0	3	0 0 0 1
216	2	0.0	3	0 2
218	1	0.0	3	0 0 1
219	1	0.0	3	0 0 0 1
233	1	0.0	3	0 0 1
