This is cutadapt 2.9 with Python 3.7.10
Command line parameters: -q 10 --minimum-length 25 --cores 80 -a AGATCGGAAGAGCACACGTCTGAACTCCAGTCA -A AGATCGGAAGAGCGTCGTGTAGGGAAAGAGTGT -o prefetch_sra_files/SRR7058616_R1_Trimmed.fastq.gz -p prefetch_sra_files/SRR7058616_R2_Trimmed.fastq.gz prefetch_sra_files/SRR7058616.sra_1.fastq.gz prefetch_sra_files/SRR7058616.sra_2.fastq.gz
Processing reads on 80 cores in paired-end mode ...
Finished in 401.74 s (30 us/read; 2.00 M reads/minute).

=== Summary ===

Total read pairs processed:         13,389,995
  Read 1 with adapter:                 793,518 (5.9%)
  Read 2 with adapter:                 520,212 (3.9%)
Pairs written (passing filters):    13,367,004 (99.8%)

Total basepairs processed: 6,721,777,490 bp
  Read 1: 3,360,888,745 bp
  Read 2: 3,360,888,745 bp
Quality-trimmed:             372,109,713 bp (5.5%)
  Read 1:   262,908,117 bp
  Read 2:   109,201,596 bp
Total written (filtered):  6,336,060,446 bp (94.3%)
  Read 1: 3,092,483,639 bp
  Read 2: 3,243,576,807 bp

=== First read: Adapter 1 ===

Sequence: AGATCGGAAGAGCACACGTCTGAACTCCAGTCA; Type: regular 3'; Length: 33; Trimmed: 793518 times

No. of allowed errors:
0-9 bp: 0; 10-19 bp: 1; 20-29 bp: 2; 30-33 bp: 3

Bases preceding removed adapters:
  A: 26.3%
  C: 29.4%
  G: 26.2%
  T: 18.1%
  none/other: 0.0%

Overview of removed sequences
length	count	expect	max.err	error counts
3	359887	209218.7	0	359887
4	81730	52304.7	0	81730
5	41214	13076.2	0	41214
6	34082	3269.0	0	34082
7	36281	817.3	0	36281
8	23729	204.3	0	23729
9	41220	51.1	0	40820 400
10	31262	12.8	1	27707 3555
11	30349	3.2	1	26618 3731
12	38406	0.8	1	34236 4170
13	29249	0.2	1	25622 3627
14	46008	0.0	1	3 46005
15	26	0.0	1	0 26
16	70	0.0	1	0 70
17	2	0.0	1	0 2
20	1	0.0	2	0 0 1
32	1	0.0	3	0 1
77	1	0.0	3	0 0 0 1


=== Second read: Adapter 2 ===

Sequence: AGATCGGAAGAGCGTCGTGTAGGGAAAGAGTGT; Type: regular 3'; Length: 33; Trimmed: 520212 times

No. of allowed errors:
0-9 bp: 0; 10-19 bp: 1; 20-29 bp: 2; 30-33 bp: 3

Bases preceding removed adapters:
  A: 20.2%
  C: 37.2%
  G: 23.8%
  T: 18.8%
  none/other: 0.0%

Overview of removed sequences
length	count	expect	max.err	error counts
3	167938	209218.7	0	167938
4	59083	52304.7	0	59083
5	38159	13076.2	0	38159
6	32545	3269.0	0	32545
7	28081	817.3	0	28081
8	24166	204.3	0	24166
9	39467	51.1	0	39017 450
10	24314	12.8	1	22427 1887
11	27251	3.2	1	25120 2131
12	28285	0.8	1	26413 1872
13	24306	0.2	1	22653 1653
14	26601	0.0	1	7 26594
15	15	0.0	1	0 15
16	1	0.0	1	0 1
