This is cutadapt 2.9 with Python 3.7.10
Command line parameters: -q 10 --minimum-length 25 --cores 80 -a AGATCGGAAGAGCACACGTCTGAACTCCAGTCA -A AGATCGGAAGAGCGTCGTGTAGGGAAAGAGTGT -o prefetch_sra_files/SRR5453757_R1_Trimmed.fastq.gz -p prefetch_sra_files/SRR5453757_R2_Trimmed.fastq.gz prefetch_sra_files/SRR5453757.sra_1.fastq.gz prefetch_sra_files/SRR5453757.sra_2.fastq.gz
Processing reads on 80 cores in paired-end mode ...
Finished in 215.60 s (9 us/read; 6.56 M reads/minute).

=== Summary ===

Total read pairs processed:         23,582,333
  Read 1 with adapter:                 489,921 (2.1%)
  Read 2 with adapter:                 667,970 (2.8%)
Pairs written (passing filters):    23,309,524 (98.8%)

Total basepairs processed: 3,584,514,616 bp
  Read 1: 1,792,257,308 bp
  Read 2: 1,792,257,308 bp
Quality-trimmed:              67,704,496 bp (1.9%)
  Read 1:    22,489,739 bp
  Read 2:    45,214,757 bp
Total written (filtered):  3,491,290,051 bp (97.4%)
  Read 1: 1,749,571,167 bp
  Read 2: 1,741,718,884 bp

=== First read: Adapter 1 ===

Sequence: AGATCGGAAGAGCACACGTCTGAACTCCAGTCA; Type: regular 3'; Length: 33; Trimmed: 489921 times

No. of allowed errors:
0-9 bp: 0; 10-19 bp: 1; 20-29 bp: 2; 30-33 bp: 3

Bases preceding removed adapters:
  A: 34.9%
  C: 25.8%
  G: 22.3%
  T: 14.9%
  none/other: 2.2%

Overview of removed sequences
length	count	expect	max.err	error counts
3	349829	368474.0	0	349829
4	91709	92118.5	0	91709
5	23537	23029.6	0	23537
6	5371	5757.4	0	5371
7	1950	1439.4	0	1950
8	1010	359.8	0	1010
9	1227	90.0	0	782 445
10	1101	22.5	1	594 507
11	678	5.6	1	464 214
12	467	1.4	1	384 83
13	309	0.4	1	280 29
14	208	0.1	1	198 10
15	167	0.0	1	162 5
16	133	0.0	1	131 2
17	88	0.0	1	84 4
18	69	0.0	1	67 2
19	50	0.0	1	48 2
20	37	0.0	2	34 2 1
21	45	0.0	2	42 2 1
22	33	0.0	2	33
23	23	0.0	2	21 2
24	26	0.0	2	26
25	24	0.0	2	20 2 2
26	15	0.0	2	12 2 1
27	14	0.0	2	10 4
28	9	0.0	2	7 2
29	17	0.0	2	13 3 1
30	11	0.0	3	9 0 1 1
31	9	0.0	3	6 2 1
32	8	0.0	3	5 1 2
33	7	0.0	3	3 3 0 1
34	14	0.0	3	3 8 3
35	28	0.0	3	7 14 4 3
36	52	0.0	3	18 23 8 3
37	55	0.0	3	20 20 15
38	52	0.0	3	29 16 5 2
39	40	0.0	3	10 26 4
40	61	0.0	3	26 28 6 1
41	38	0.0	3	16 17 5
42	17	0.0	3	6 9 1 1
43	18	0.0	3	5 12 1
44	40	0.0	3	8 30 1 1
45	83	0.0	3	28 44 10 1
46	59	0.0	3	23 25 7 4
47	71	0.0	3	11 47 12 1
48	78	0.0	3	11 56 10 1
49	61	0.0	3	26 26 8 1
50	352	0.0	3	261 67 19 5
51	122	0.0	3	12 97 11 2
52	131	0.0	3	16 99 14 2
53	64	0.0	3	23 35 5 1
54	135	0.0	3	89 36 9 1
55	166	0.0	3	99 61 3 3
56	135	0.0	3	8 110 13 4
57	118	0.0	3	11 90 16 1
58	152	0.0	3	6 126 18 2
59	79	0.0	3	3 65 10 1
60	95	0.0	3	8 72 11 4
61	182	0.0	3	4 138 37 3
62	436	0.0	3	0 392 40 4
63	347	0.0	3	4 289 47 7
64	192	0.0	3	7 143 34 8
65	305	0.0	3	9 253 34 9
66	526	0.0	3	3 422 88 13
67	1333	0.0	3	1 1176 135 21
68	2063	0.0	3	4 1801 248 10
69	3002	0.0	3	9 2711 266 16
70	684	0.0	3	14 565 99 6
71	142	0.0	3	0 116 26
72	53	0.0	3	0 41 12
73	21	0.0	3	0 19 2
74	17	0.0	3	0 15 2
75	7	0.0	3	0 7
76	114	0.0	3	0 101 11 2


=== Second read: Adapter 2 ===

Sequence: AGATCGGAAGAGCGTCGTGTAGGGAAAGAGTGT; Type: regular 3'; Length: 33; Trimmed: 667970 times

No. of allowed errors:
0-9 bp: 0; 10-19 bp: 1; 20-29 bp: 2; 30-33 bp: 3

Bases preceding removed adapters:
  A: 39.2%
  C: 25.2%
  G: 25.0%
  T: 10.6%
  none/other: 0.0%

Overview of removed sequences
length	count	expect	max.err	error counts
3	504224	368474.0	0	504224
4	118777	92118.5	0	118777
5	28155	23029.6	0	28155
6	6377	5757.4	0	6377
7	2096	1439.4	0	2096
8	1056	359.8	0	1056
9	1832	90.0	0	866 966
10	1743	22.5	1	628 1115
11	1023	5.6	1	466 557
12	571	1.4	1	407 164
13	328	0.4	1	290 38
14	254	0.1	1	238 16
15	171	0.0	1	164 7
16	136	0.0	1	130 6
17	127	0.0	1	125 2
18	71	0.0	1	70 1
19	67	0.0	1	64 3
20	38	0.0	2	37 1
21	41	0.0	2	37 3 1
22	32	0.0	2	30 2
23	35	0.0	2	31 3 1
24	99	0.0	2	84 15
25	23	0.0	2	19 3 1
26	43	0.0	2	35 7 1
27	150	0.0	2	129 20 1
28	79	0.0	2	68 9 2
29	83	0.0	2	70 11 1 1
30	106	0.0	3	100 6
31	10	0.0	3	7 2 1
32	24	0.0	3	21 3
33	9	0.0	3	7 0 1 1
34	8	0.0	3	4 1 2 1
35	8	0.0	3	6 1 0 1
36	6	0.0	3	5 1
37	6	0.0	3	5 1
38	2	0.0	3	0 1 1
39	4	0.0	3	3 0 1
40	8	0.0	3	7 1
41	7	0.0	3	4 3
42	41	0.0	3	31 10
43	1	0.0	3	1
44	3	0.0	3	2 1
45	44	0.0	3	37 7
48	1	0.0	3	1
50	21	0.0	3	19 2
51	3	0.0	3	3
52	1	0.0	3	1
54	1	0.0	3	1
55	6	0.0	3	6
58	1	0.0	3	1
59	1	0.0	3	1
60	2	0.0	3	2
63	1	0.0	3	1
64	2	0.0	3	2
65	8	0.0	3	7 1
66	2	0.0	3	2
67	1	0.0	3	1
76	1	0.0	3	0 0 1
