This is cutadapt 2.9 with Python 3.7.10
Command line parameters: -q 10 --minimum-length 25 --cores 80 -a AGATCGGAAGAGCACACGTCTGAACTCCAGTCA -A AGATCGGAAGAGCGTCGTGTAGGGAAAGAGTGT -o prefetch_sra_files/SRR5453749_R1_Trimmed.fastq.gz -p prefetch_sra_files/SRR5453749_R2_Trimmed.fastq.gz prefetch_sra_files/SRR5453749.sra_1.fastq.gz prefetch_sra_files/SRR5453749.sra_2.fastq.gz
Processing reads on 80 cores in paired-end mode ...
Finished in 276.54 s (9 us/read; 6.34 M reads/minute).

=== Summary ===

Total read pairs processed:         29,200,398
  Read 1 with adapter:                 618,291 (2.1%)
  Read 2 with adapter:                 848,951 (2.9%)
Pairs written (passing filters):    27,967,994 (95.8%)

Total basepairs processed: 4,438,460,496 bp
  Read 1: 2,219,230,248 bp
  Read 2: 2,219,230,248 bp
Quality-trimmed:             194,868,220 bp (4.4%)
  Read 1:    58,426,414 bp
  Read 2:   136,441,806 bp
Total written (filtered):  4,145,131,688 bp (93.4%)
  Read 1: 2,072,164,673 bp
  Read 2: 2,072,967,015 bp

=== First read: Adapter 1 ===

Sequence: AGATCGGAAGAGCACACGTCTGAACTCCAGTCA; Type: regular 3'; Length: 33; Trimmed: 618291 times

No. of allowed errors:
0-9 bp: 0; 10-19 bp: 1; 20-29 bp: 2; 30-33 bp: 3

Bases preceding removed adapters:
  A: 35.3%
  C: 26.2%
  G: 21.9%
  T: 15.5%
  none/other: 1.1%

Overview of removed sequences
length	count	expect	max.err	error counts
3	430177	456256.2	0	430177
4	110278	114064.1	0	110278
5	35429	28516.0	0	35429
6	10651	7129.0	0	10651
7	5786	1782.3	0	5786
8	4012	445.6	0	4012
9	3999	111.4	0	3497 502
10	3111	27.8	1	2241 870
11	1826	7.0	1	1506 320
12	1395	1.7	1	1290 105
13	1086	0.4	1	1066 20
14	803	0.1	1	781 22
15	569	0.0	1	556 13
16	344	0.0	1	337 7
17	301	0.0	1	296 5
18	197	0.0	1	190 7
19	112	0.0	1	110 2
20	104	0.0	2	101 2 1
21	69	0.0	2	66 3
22	66	0.0	2	66
23	35	0.0	2	33 1 1
24	34	0.0	2	31 3
25	22	0.0	2	21 0 1
26	20	0.0	2	19 0 1
27	16	0.0	2	15 1
28	11	0.0	2	7 3 0 1
29	7	0.0	2	5 2
30	5	0.0	3	4 1
31	8	0.0	3	6 1 1
32	5	0.0	3	5
33	5	0.0	3	2 1 2
34	9	0.0	3	4 3 0 2
35	9	0.0	3	8 1
36	9	0.0	3	6 1 2
37	7	0.0	3	4 1 2
38	21	0.0	3	8 10 3
39	37	0.0	3	15 13 6 3
40	49	0.0	3	20 13 14 2
41	95	0.0	3	68 17 9 1
42	48	0.0	3	38 7 3
43	7	0.0	3	3 3 1
44	35	0.0	3	25 4 5 1
45	57	0.0	3	37 12 8
46	51	0.0	3	33 12 5 1
47	22	0.0	3	13 5 3 1
48	59	0.0	3	40 15 4
49	184	0.0	3	154 23 6 1
50	45	0.0	3	19 19 6 1
51	38	0.0	3	11 14 10 3
52	71	0.0	3	39 23 9
53	146	0.0	3	120 18 6 2
54	54	0.0	3	40 7 6 1
55	16	0.0	3	4 4 7 1
56	41	0.0	3	3 25 13
57	30	0.0	3	14 12 2 2
58	24	0.0	3	2 16 5 1
59	22	0.0	3	4 13 4 1
60	24	0.0	3	5 14 4 1
61	34	0.0	3	1 19 11 3
62	77	0.0	3	2 47 28
63	83	0.0	3	6 49 26 2
64	41	0.0	3	3 28 9 1
65	47	0.0	3	1 27 17 2
66	127	0.0	3	0 90 36 1
67	219	0.0	3	2 155 59 3
68	426	0.0	3	4 284 131 7
69	407	0.0	3	1 273 119 14
70	540	0.0	3	3 354 170 13
71	803	0.0	3	3 572 211 17
72	1711	0.0	3	9 1317 365 20
73	1975	0.0	3	5 1578 381 11
74	84	0.0	3	12 43 28 1
75	24	0.0	3	1 17 5 1


=== Second read: Adapter 2 ===

Sequence: AGATCGGAAGAGCGTCGTGTAGGGAAAGAGTGT; Type: regular 3'; Length: 33; Trimmed: 848951 times

No. of allowed errors:
0-9 bp: 0; 10-19 bp: 1; 20-29 bp: 2; 30-33 bp: 3

Bases preceding removed adapters:
  A: 39.1%
  C: 24.4%
  G: 24.0%
  T: 12.5%
  none/other: 0.0%

Overview of removed sequences
length	count	expect	max.err	error counts
3	613093	456256.2	0	613093
4	150047	114064.1	0	150047
5	40210	28516.0	0	40210
6	13085	7129.0	0	13085
7	7245	1782.3	0	7245
8	5010	445.6	0	5010
9	5191	111.4	0	4130 1061
10	4121	27.8	1	2993 1128
11	2837	7.0	1	2309 528
12	1996	1.7	1	1836 160
13	1419	0.4	1	1392 27
14	1160	0.1	1	1144 16
15	746	0.0	1	741 5
16	543	0.0	1	540 3
17	400	0.0	1	398 2
18	240	0.0	1	239 1
19	198	0.0	1	197 1
20	108	0.0	2	108
21	114	0.0	2	112 2
22	70	0.0	2	69 1
23	74	0.0	2	71 1 2
24	48	0.0	2	47 1
25	28	0.0	2	27 1
26	31	0.0	2	26 4 1
27	24	0.0	2	22 2
28	18	0.0	2	18
29	11	0.0	2	6 3 1 1
30	19	0.0	3	18 0 1
31	6	0.0	3	3 2 0 1
32	7	0.0	3	5 1 1
33	5	0.0	3	4 0 1
34	6	0.0	3	4 1 1
35	5	0.0	3	5
36	13	0.0	3	10 2 0 1
37	9	0.0	3	8 0 0 1
38	5	0.0	3	4 0 1
39	10	0.0	3	5 5
40	7	0.0	3	5 0 1 1
41	14	0.0	3	11 2 1
42	40	0.0	3	34 5 1
43	4	0.0	3	4
44	24	0.0	3	20 2 1 1
45	97	0.0	3	89 8
46	36	0.0	3	33 3
47	20	0.0	3	19 1
48	16	0.0	3	15 1
49	14	0.0	3	12 2
50	184	0.0	3	175 9
51	25	0.0	3	20 5
52	4	0.0	3	4
53	10	0.0	3	9 1
54	57	0.0	3	53 4
55	95	0.0	3	90 4 1
56	8	0.0	3	6 1 1
57	4	0.0	3	3 0 1
58	15	0.0	3	15
59	2	0.0	3	2
60	7	0.0	3	6 1
61	9	0.0	3	8 1
62	12	0.0	3	3 6 3
63	11	0.0	3	6 3 0 2
64	14	0.0	3	8 6
65	22	0.0	3	13 8 1
66	14	0.0	3	7 6 1
67	24	0.0	3	9 13 1 1
68	9	0.0	3	9
69	1	0.0	3	1
