This is cutadapt 2.9 with Python 3.7.10
Command line parameters: -q 10 --minimum-length 25 --cores 80 -a AGATCGGAAGAGCACACGTCTGAACTCCAGTCA -A AGATCGGAAGAGCGTCGTGTAGGGAAAGAGTGT -o prefetch_sra_files/SRR5453739_R1_Trimmed.fastq.gz -p prefetch_sra_files/SRR5453739_R2_Trimmed.fastq.gz prefetch_sra_files/SRR5453739.sra_1.fastq.gz prefetch_sra_files/SRR5453739.sra_2.fastq.gz
Processing reads on 80 cores in paired-end mode ...
Finished in 191.18 s (10 us/read; 6.23 M reads/minute).

=== Summary ===

Total read pairs processed:         19,857,733
  Read 1 with adapter:                 416,629 (2.1%)
  Read 2 with adapter:                 557,049 (2.8%)
Pairs written (passing filters):    19,676,681 (99.1%)

Total basepairs processed: 3,018,375,416 bp
  Read 1: 1,509,187,708 bp
  Read 2: 1,509,187,708 bp
Quality-trimmed:              50,554,676 bp (1.7%)
  Read 1:    17,540,609 bp
  Read 2:    33,014,067 bp
Total written (filtered):  2,950,087,747 bp (97.7%)
  Read 1: 1,477,975,953 bp
  Read 2: 1,472,111,794 bp

=== First read: Adapter 1 ===

Sequence: AGATCGGAAGAGCACACGTCTGAACTCCAGTCA; Type: regular 3'; Length: 33; Trimmed: 416629 times

No. of allowed errors:
0-9 bp: 0; 10-19 bp: 1; 20-29 bp: 2; 30-33 bp: 3

Bases preceding removed adapters:
  A: 34.9%
  C: 26.4%
  G: 22.3%
  T: 15.6%
  none/other: 0.8%

Overview of removed sequences
length	count	expect	max.err	error counts
3	301454	310277.1	0	301454
4	79748	77569.3	0	79748
5	19677	19392.3	0	19677
6	5195	4848.1	0	5195
7	2125	1212.0	0	2125
8	829	303.0	0	829
9	954	75.8	0	545 409
10	915	18.9	1	431 484
11	541	4.7	1	324 217
12	355	1.2	1	254 101
13	174	0.3	1	162 12
14	161	0.1	1	158 3
15	96	0.0	1	92 4
16	74	0.0	1	71 3
17	83	0.0	1	77 6
18	43	0.0	1	42 1
19	33	0.0	1	33
20	21	0.0	2	21
21	31	0.0	2	28 3
22	20	0.0	2	13 5 2
23	16	0.0	2	16
24	12	0.0	2	12
25	15	0.0	2	13 1 1
26	18	0.0	2	16 2
27	23	0.0	2	19 4
28	20	0.0	2	18 2
29	12	0.0	2	10 2
30	19	0.0	3	17 1 1
31	14	0.0	3	12 1 1
32	14	0.0	3	11 2 0 1
33	17	0.0	3	10 5 2
34	13	0.0	3	11 2
35	29	0.0	3	19 7 0 3
36	17	0.0	3	9 6 2
37	27	0.0	3	12 8 6 1
38	46	0.0	3	12 27 5 2
39	68	0.0	3	16 46 4 2
40	87	0.0	3	27 45 14 1
41	55	0.0	3	36 16 2 1
42	16	0.0	3	9 6 1
43	17	0.0	3	4 12 1
44	62	0.0	3	2 52 7 1
45	86	0.0	3	13 69 4
46	40	0.0	3	19 21
47	52	0.0	3	8 41 3
48	44	0.0	3	7 29 6 2
49	21	0.0	3	13 7 1
50	144	0.0	3	118 23 3
51	66	0.0	3	14 46 6
52	61	0.0	3	9 49 3
53	35	0.0	3	13 16 6
54	47	0.0	3	31 16
55	89	0.0	3	58 25 6
56	62	0.0	3	7 52 3
57	38	0.0	3	2 31 5
58	64	0.0	3	6 52 6
59	18	0.0	3	2 13 3
60	27	0.0	3	5 18 4
61	48	0.0	3	2 38 6 2
62	126	0.0	3	0 109 15 2
63	78	0.0	3	0 65 11 2
64	46	0.0	3	2 28 11 5
65	68	0.0	3	2 51 11 4
66	141	0.0	3	1 111 26 3
67	323	0.0	3	2 276 41 4
68	589	0.0	3	2 496 86 5
69	836	0.0	3	8 728 93 7
70	218	0.0	3	6 187 24 1
71	58	0.0	3	1 47 9 1
72	13	0.0	3	0 12 1
73	4	0.0	3	0 4
74	3	0.0	3	0 3
75	1	0.0	3	0 1
76	37	0.0	3	1 30 6


=== Second read: Adapter 2 ===

Sequence: AGATCGGAAGAGCGTCGTGTAGGGAAAGAGTGT; Type: regular 3'; Length: 33; Trimmed: 557049 times

No. of allowed errors:
0-9 bp: 0; 10-19 bp: 1; 20-29 bp: 2; 30-33 bp: 3

Bases preceding removed adapters:
  A: 38.9%
  C: 25.3%
  G: 24.4%
  T: 11.4%
  none/other: 0.0%

Overview of removed sequences
length	count	expect	max.err	error counts
3	423692	310277.1	0	423692
4	98546	77569.3	0	98546
5	22379	19392.3	0	22379
6	5000	4848.1	0	5000
7	1564	1212.0	0	1564
8	832	303.0	0	832
9	1298	75.8	0	641 657
10	1254	18.9	1	457 797
11	695	4.7	1	338 357
12	385	1.2	1	265 120
13	191	0.3	1	160 31
14	192	0.1	1	184 8
15	90	0.0	1	87 3
16	88	0.0	1	84 4
17	102	0.0	1	93 9
18	41	0.0	1	40 1
19	48	0.0	1	43 5
20	19	0.0	2	19
21	30	0.0	2	28 1 1
22	13	0.0	2	13
23	23	0.0	2	21 1 1
24	77	0.0	2	68 8 1
25	13	0.0	2	9 3 1
26	37	0.0	2	30 4 3
27	97	0.0	2	87 8 2
28	63	0.0	2	59 3 1
29	59	0.0	2	50 9
30	91	0.0	3	84 7
31	9	0.0	3	6 3
32	19	0.0	3	18 1
33	1	0.0	3	1
34	2	0.0	3	2
35	4	0.0	3	1 3
36	1	0.0	3	0 1
37	2	0.0	3	1 1
38	3	0.0	3	1 1 1
39	3	0.0	3	2 1
40	7	0.0	3	6 0 1
41	5	0.0	3	2 3
42	22	0.0	3	19 2 1
43	3	0.0	3	1 1 1
44	4	0.0	3	2 2
45	25	0.0	3	22 3
49	1	0.0	3	1
50	8	0.0	3	6 1 1
55	1	0.0	3	1
56	1	0.0	3	1
58	2	0.0	3	2
59	1	0.0	3	1
60	2	0.0	3	2
63	1	0.0	3	1
66	2	0.0	3	2
67	1	0.0	3	1
