This is cutadapt 2.9 with Python 3.7.10
Command line parameters: -q 10 --minimum-length 25 --cores 80 -a AGATCGGAAGAGCACACGTCTGAACTCCAGTCA -A AGATCGGAAGAGCGTCGTGTAGGGAAAGAGTGT -o prefetch_sra_files/SRR5453741_R1_Trimmed.fastq.gz -p prefetch_sra_files/SRR5453741_R2_Trimmed.fastq.gz prefetch_sra_files/SRR5453741.sra_1.fastq.gz prefetch_sra_files/SRR5453741.sra_2.fastq.gz
Processing reads on 80 cores in paired-end mode ...
Finished in 196.02 s (10 us/read; 6.18 M reads/minute).

=== Summary ===

Total read pairs processed:         20,203,507
  Read 1 with adapter:                 415,201 (2.1%)
  Read 2 with adapter:                 569,303 (2.8%)
Pairs written (passing filters):    19,989,807 (98.9%)

Total basepairs processed: 3,070,933,064 bp
  Read 1: 1,535,466,532 bp
  Read 2: 1,535,466,532 bp
Quality-trimmed:              55,644,245 bp (1.8%)
  Read 1:    18,577,812 bp
  Read 2:    37,066,433 bp
Total written (filtered):  2,995,048,921 bp (97.5%)
  Read 1: 1,500,923,337 bp
  Read 2: 1,494,125,584 bp

=== First read: Adapter 1 ===

Sequence: AGATCGGAAGAGCACACGTCTGAACTCCAGTCA; Type: regular 3'; Length: 33; Trimmed: 415201 times

No. of allowed errors:
0-9 bp: 0; 10-19 bp: 1; 20-29 bp: 2; 30-33 bp: 3

Bases preceding removed adapters:
  A: 35.4%
  C: 25.5%
  G: 22.4%
  T: 15.7%
  none/other: 1.0%

Overview of removed sequences
length	count	expect	max.err	error counts
3	304000	315679.8	0	304000
4	77753	78919.9	0	77753
5	19277	19730.0	0	19277
6	4291	4932.5	0	4291
7	1272	1233.1	0	1272
8	715	308.3	0	715
9	817	77.1	0	458 359
10	825	19.3	1	363 462
11	476	4.8	1	280 196
12	304	1.2	1	221 83
13	160	0.3	1	149 11
14	152	0.1	1	149 3
15	98	0.0	1	93 5
16	69	0.0	1	67 2
17	57	0.0	1	56 1
18	51	0.0	1	48 2 1
19	22	0.0	1	20 1 1
20	24	0.0	2	23 0 1
21	23	0.0	2	22 1
22	29	0.0	2	29
23	17	0.0	2	16 1
24	12	0.0	2	9 2 1
25	15	0.0	2	14 1
26	8	0.0	2	6 1 1
27	7	0.0	2	5 2
28	14	0.0	2	12 2
29	11	0.0	2	8 3
30	10	0.0	3	8 1 0 1
31	5	0.0	3	5
32	7	0.0	3	4 2 1
33	10	0.0	3	6 2 2
34	8	0.0	3	1 7
35	9	0.0	3	5 4
36	16	0.0	3	5 7 3 1
37	18	0.0	3	5 11 2
38	31	0.0	3	2 21 8
39	72	0.0	3	10 51 8 3
40	95	0.0	3	21 59 14 1
41	52	0.0	3	22 26 4
42	22	0.0	3	8 10 2 2
43	33	0.0	3	3 20 8 2
44	242	0.0	3	10 216 14 2
45	201	0.0	3	21 161 19
46	93	0.0	3	21 59 12 1
47	79	0.0	3	2 68 9
48	105	0.0	3	9 92 3 1
49	65	0.0	3	17 45 2 1
50	156	0.0	3	98 46 12
51	159	0.0	3	8 137 12 2
52	90	0.0	3	13 71 5 1
53	34	0.0	3	10 22 0 2
54	49	0.0	3	25 22 2
55	66	0.0	3	38 21 7
56	72	0.0	3	5 60 7
57	37	0.0	3	3 29 5
58	48	0.0	3	4 39 3 2
59	28	0.0	3	3 19 5 1
60	25	0.0	3	5 16 4
61	44	0.0	3	2 29 10 3
62	120	0.0	3	3 106 10 1
63	54	0.0	3	1 44 9
64	31	0.0	3	1 22 7 1
65	49	0.0	3	1 35 10 3
66	100	0.0	3	0 78 21 1
67	248	0.0	3	1 203 40 4
68	572	0.0	3	0 479 89 4
69	1018	0.0	3	4 914 99 1
70	358	0.0	3	4 310 43 1
71	94	0.0	3	2 79 13
72	20	0.0	3	0 18 1 1
73	5	0.0	3	0 4 1
74	3	0.0	3	0 3
75	2	0.0	3	1 1
76	47	0.0	3	0 41 6


=== Second read: Adapter 2 ===

Sequence: AGATCGGAAGAGCGTCGTGTAGGGAAAGAGTGT; Type: regular 3'; Length: 33; Trimmed: 569303 times

No. of allowed errors:
0-9 bp: 0; 10-19 bp: 1; 20-29 bp: 2; 30-33 bp: 3

Bases preceding removed adapters:
  A: 38.9%
  C: 25.5%
  G: 24.8%
  T: 10.8%
  none/other: 0.0%

Overview of removed sequences
length	count	expect	max.err	error counts
3	433177	315679.8	0	433177
4	100861	78919.9	0	100861
5	23514	19730.0	0	23514
6	4730	4932.5	0	4730
7	1434	1233.1	0	1434
8	768	308.3	0	768
9	1201	77.1	0	494 707
10	1287	19.3	1	383 904
11	741	4.8	1	289 452
12	358	1.2	1	238 120
13	188	0.3	1	165 23
14	170	0.1	1	157 13
15	96	0.0	1	91 5
16	76	0.0	1	73 3
17	70	0.0	1	70
18	53	0.0	1	51 1 1
19	33	0.0	1	32 1
20	24	0.0	2	22 2
21	25	0.0	2	24 1
22	23	0.0	2	23
23	26	0.0	2	23 2 1
24	46	0.0	2	38 8
25	20	0.0	2	19 1
26	28	0.0	2	22 4 2
27	75	0.0	2	70 3 2
28	49	0.0	2	40 8 1
29	50	0.0	2	41 7 2
30	51	0.0	3	46 4 1
31	5	0.0	3	1 3 1
32	12	0.0	3	10 2
33	6	0.0	3	5 1
34	3	0.0	3	2 1
35	2	0.0	3	0 2
36	3	0.0	3	2 1
37	1	0.0	3	0 1
38	2	0.0	3	1 0 1
39	2	0.0	3	1 1
40	1	0.0	3	1
41	5	0.0	3	2 1 2
42	22	0.0	3	19 2 1
44	4	0.0	3	2 2
45	28	0.0	3	22 6
48	1	0.0	3	1
49	1	0.0	3	1
50	14	0.0	3	14
51	3	0.0	3	3
54	1	0.0	3	1
55	5	0.0	3	5
56	1	0.0	3	1
60	1	0.0	3	1
62	2	0.0	3	2
63	1	0.0	3	0 0 0 1
67	1	0.0	3	1
68	1	0.0	3	0 1
75	1	0.0	3	1
