This is cutadapt 2.9 with Python 3.7.10
Command line parameters: -q 10 --minimum-length 25 --cores 80 -a AGATCGGAAGAGCACACGTCTGAACTCCAGTCA -A AGATCGGAAGAGCGTCGTGTAGGGAAAGAGTGT -o prefetch_sra_files/SRR5453745_R1_Trimmed.fastq.gz -p prefetch_sra_files/SRR5453745_R2_Trimmed.fastq.gz prefetch_sra_files/SRR5453745.sra_1.fastq.gz prefetch_sra_files/SRR5453745.sra_2.fastq.gz
Processing reads on 80 cores in paired-end mode ...
Finished in 202.97 s (10 us/read; 6.27 M reads/minute).

=== Summary ===

Total read pairs processed:         21,210,584
  Read 1 with adapter:                 441,719 (2.1%)
  Read 2 with adapter:                 595,368 (2.8%)
Pairs written (passing filters):    21,004,287 (99.0%)

Total basepairs processed: 3,224,008,768 bp
  Read 1: 1,612,004,384 bp
  Read 2: 1,612,004,384 bp
Quality-trimmed:              49,734,412 bp (1.5%)
  Read 1:    16,311,998 bp
  Read 2:    33,422,414 bp
Total written (filtered):  3,154,350,166 bp (97.8%)
  Read 1: 1,579,947,232 bp
  Read 2: 1,574,402,934 bp

=== First read: Adapter 1 ===

Sequence: AGATCGGAAGAGCACACGTCTGAACTCCAGTCA; Type: regular 3'; Length: 33; Trimmed: 441719 times

No. of allowed errors:
0-9 bp: 0; 10-19 bp: 1; 20-29 bp: 2; 30-33 bp: 3

Bases preceding removed adapters:
  A: 34.3%
  C: 27.1%
  G: 22.4%
  T: 15.5%
  none/other: 0.8%

Overview of removed sequences
length	count	expect	max.err	error counts
3	319572	331415.4	0	319572
4	84431	82853.8	0	84431
5	21496	20713.5	0	21496
6	4970	5178.4	0	4970
7	2347	1294.6	0	2347
8	908	323.6	0	908
9	1075	80.9	0	622 453
10	964	20.2	1	414 550
11	620	5.1	1	355 265
12	425	1.3	1	266 159
13	217	0.3	1	191 26
14	170	0.1	1	160 10
15	119	0.0	1	115 4
16	86	0.0	1	84 2
17	79	0.0	1	74 5
18	53	0.0	1	50 3
19	40	0.0	1	38 2
20	20	0.0	2	16 4
21	23	0.0	2	22 1
22	29	0.0	2	27 2
23	9	0.0	2	7 2
24	9	0.0	2	9
25	19	0.0	2	18 1
26	15	0.0	2	13 1 1
27	14	0.0	2	13 1
28	6	0.0	2	4 2
29	6	0.0	2	4 1 1
30	7	0.0	3	7
31	4	0.0	3	3 1
32	8	0.0	3	7 1
33	6	0.0	3	5 1
34	9	0.0	3	6 1 2
35	14	0.0	3	8 6
36	21	0.0	3	11 8 1 1
37	23	0.0	3	8 9 6
38	15	0.0	3	10 5
39	15	0.0	3	7 4 3 1
40	32	0.0	3	15 13 4
41	13	0.0	3	10 2 1
42	7	0.0	3	7
43	4	0.0	3	0 1 1 2
44	12	0.0	3	3 7 2
45	26	0.0	3	12 11 2 1
46	25	0.0	3	14 10 1
47	20	0.0	3	7 10 3
48	26	0.0	3	7 16 3
49	20	0.0	3	8 10 1 1
50	143	0.0	3	115 23 5
51	46	0.0	3	6 31 9
52	50	0.0	3	13 35 2
53	21	0.0	3	12 6 1 2
54	55	0.0	3	36 16 1 2
55	80	0.0	3	63 15 2
56	45	0.0	3	7 37 1
57	39	0.0	3	8 28 3
58	40	0.0	3	7 27 6
59	28	0.0	3	6 15 6 1
60	36	0.0	3	10 24 2
61	60	0.0	3	4 49 7
62	135	0.0	3	2 111 21 1
63	94	0.0	3	5 71 15 3
64	49	0.0	3	4 35 9 1
65	75	0.0	3	1 61 12 1
66	162	0.0	3	0 136 21 5
67	405	0.0	3	3 346 53 3
68	604	0.0	3	6 513 82 3
69	1123	0.0	3	7 1012 97 7
70	269	0.0	3	5 230 34
71	46	0.0	3	0 39 6 1
72	18	0.0	3	0 15 3
73	8	0.0	3	0 7 1
74	6	0.0	3	0 6
75	3	0.0	3	0 3
76	50	0.0	3	0 40 7 3


=== Second read: Adapter 2 ===

Sequence: AGATCGGAAGAGCGTCGTGTAGGGAAAGAGTGT; Type: regular 3'; Length: 33; Trimmed: 595368 times

No. of allowed errors:
0-9 bp: 0; 10-19 bp: 1; 20-29 bp: 2; 30-33 bp: 3

Bases preceding removed adapters:
  A: 38.4%
  C: 25.6%
  G: 25.3%
  T: 10.7%
  none/other: 0.0%

Overview of removed sequences
length	count	expect	max.err	error counts
3	450145	331415.4	0	450145
4	106079	82853.8	0	106079
5	25188	20713.5	0	25188
6	5635	5178.4	0	5635
7	1808	1294.6	0	1808
8	937	323.6	0	937
9	1542	80.9	0	717 825
10	1353	20.2	1	502 851
11	798	5.1	1	369 429
12	430	1.3	1	289 141
13	287	0.3	1	208 79
14	198	0.1	1	190 8
15	110	0.0	1	104 6
16	86	0.0	1	80 6
17	90	0.0	1	86 4
18	57	0.0	1	57
19	40	0.0	1	38 2
20	20	0.0	2	19 1
21	18	0.0	2	17 1
22	22	0.0	2	22
23	14	0.0	2	11 2 1
24	58	0.0	2	50 7 1
25	23	0.0	2	19 3 1
26	28	0.0	2	23 5
27	71	0.0	2	61 6 4
28	72	0.0	2	69 3
29	49	0.0	2	41 8
30	66	0.0	3	62 3 1
31	9	0.0	3	6 2 1
32	18	0.0	3	14 4
33	2	0.0	3	1 1
34	3	0.0	3	1 1 1
35	1	0.0	3	1
36	4	0.0	3	3 1
38	1	0.0	3	1
39	1	0.0	3	1
40	14	0.0	3	12 2
41	2	0.0	3	1 1
42	19	0.0	3	11 8
44	4	0.0	3	2 1 1
45	31	0.0	3	25 6
46	4	0.0	3	4
48	1	0.0	3	1
49	1	0.0	3	1
50	8	0.0	3	8
51	3	0.0	3	3
54	1	0.0	3	1
55	4	0.0	3	3 0 1
57	1	0.0	3	0 0 0 1
58	2	0.0	3	2
59	1	0.0	3	1
60	1	0.0	3	1
64	2	0.0	3	2
65	1	0.0	3	1
66	1	0.0	3	1
67	2	0.0	3	2
69	1	0.0	3	1
71	1	0.0	3	1
