This is cutadapt 2.9 with Python 3.7.10
Command line parameters: -q 10 --minimum-length 25 --cores 80 -a AGATCGGAAGAGCACACGTCTGAACTCCAGTCA -A AGATCGGAAGAGCGTCGTGTAGGGAAAGAGTGT -o prefetch_sra_files/SRR5453740_R1_Trimmed.fastq.gz -p prefetch_sra_files/SRR5453740_R2_Trimmed.fastq.gz prefetch_sra_files/SRR5453740.sra_1.fastq.gz prefetch_sra_files/SRR5453740.sra_2.fastq.gz
Processing reads on 80 cores in paired-end mode ...
Finished in 277.23 s (11 us/read; 5.61 M reads/minute).

=== Summary ===

Total read pairs processed:         25,900,213
  Read 1 with adapter:                 543,740 (2.1%)
  Read 2 with adapter:                 745,975 (2.9%)
Pairs written (passing filters):    25,672,954 (99.1%)

Total basepairs processed: 3,936,832,376 bp
  Read 1: 1,968,416,188 bp
  Read 2: 1,968,416,188 bp
Quality-trimmed:              63,478,275 bp (1.6%)
  Read 1:    21,573,290 bp
  Read 2:    41,904,985 bp
Total written (filtered):  3,850,903,856 bp (97.8%)
  Read 1: 1,929,675,774 bp
  Read 2: 1,921,228,082 bp

=== First read: Adapter 1 ===

Sequence: AGATCGGAAGAGCACACGTCTGAACTCCAGTCA; Type: regular 3'; Length: 33; Trimmed: 543740 times

No. of allowed errors:
0-9 bp: 0; 10-19 bp: 1; 20-29 bp: 2; 30-33 bp: 3

Bases preceding removed adapters:
  A: 35.2%
  C: 25.8%
  G: 22.1%
  T: 15.9%
  none/other: 1.0%

Overview of removed sequences
length	count	expect	max.err	error counts
3	397321	404690.8	0	397321
4	103124	101172.7	0	103124
5	25068	25293.2	0	25068
6	5175	6323.3	0	5175
7	1610	1580.8	0	1610
8	923	395.2	0	923
9	1115	98.8	0	674 441
10	1089	24.7	1	515 574
11	647	6.2	1	417 230
12	387	1.5	1	288 99
13	206	0.4	1	193 13
14	179	0.1	1	177 2
15	131	0.0	1	123 8
16	114	0.0	1	110 4
17	80	0.0	1	78 2
18	63	0.0	1	63
19	54	0.0	1	53 1
20	38	0.0	2	37 1
21	33	0.0	2	31 2
22	23	0.0	2	22 1
23	22	0.0	2	22
24	37	0.0	2	32 5
25	21	0.0	2	20 0 1
26	12	0.0	2	11 1
27	14	0.0	2	11 3
28	18	0.0	2	14 4
29	10	0.0	2	9 1
30	13	0.0	3	12 0 1
31	7	0.0	3	3 3 1
32	8	0.0	3	5 3
33	20	0.0	3	10 8 1 1
34	33	0.0	3	11 19 2 1
35	47	0.0	3	19 19 8 1
36	53	0.0	3	22 24 7
37	33	0.0	3	11 14 5 3
38	70	0.0	3	5 53 10 2
39	35	0.0	3	11 19 4 1
40	71	0.0	3	10 51 8 2
41	33	0.0	3	7 24 2
42	47	0.0	3	1 37 8 1
43	51	0.0	3	6 35 10
44	133	0.0	3	4 116 11 2
45	137	0.0	3	25 95 16 1
46	62	0.0	3	28 31 3
47	49	0.0	3	6 35 7 1
48	58	0.0	3	9 44 4 1
49	45	0.0	3	17 26 2
50	219	0.0	3	170 39 9 1
51	119	0.0	3	17 87 12 3
52	83	0.0	3	17 55 11
53	42	0.0	3	18 21 2 1
54	54	0.0	3	31 22 1
55	116	0.0	3	77 36 3
56	90	0.0	3	6 74 10
57	62	0.0	3	7 44 10 1
58	65	0.0	3	0 56 7 2
59	32	0.0	3	3 27 2
60	46	0.0	3	5 33 5 3
61	69	0.0	3	4 53 12
62	201	0.0	3	2 167 31 1
63	149	0.0	3	11 104 33 1
64	89	0.0	3	3 69 16 1
65	101	0.0	3	0 77 22 2
66	192	0.0	3	0 162 26 4
67	563	0.0	3	2 460 96 5
68	948	0.0	3	4 817 122 5
69	1439	0.0	3	5 1285 142 7
70	366	0.0	3	10 318 37 1
71	84	0.0	3	0 67 17
72	21	0.0	3	0 20 1
73	9	0.0	3	0 9
74	1	0.0	3	0 1
75	8	0.0	3	0 7 0 1
76	53	0.0	3	0 46 7


=== Second read: Adapter 2 ===

Sequence: AGATCGGAAGAGCGTCGTGTAGGGAAAGAGTGT; Type: regular 3'; Length: 33; Trimmed: 745975 times

No. of allowed errors:
0-9 bp: 0; 10-19 bp: 1; 20-29 bp: 2; 30-33 bp: 3

Bases preceding removed adapters:
  A: 39.7%
  C: 24.6%
  G: 24.1%
  T: 11.5%
  none/other: 0.0%

Overview of removed sequences
length	count	expect	max.err	error counts
3	570129	404690.8	0	570129
4	132058	101172.7	0	132058
5	28918	25293.2	0	28918
6	5770	6323.3	0	5770
7	1714	1580.8	0	1714
8	989	395.2	0	989
9	1739	98.8	0	754 985
10	1620	24.7	1	553 1067
11	903	6.2	1	428 475
12	454	1.5	1	304 150
13	233	0.4	1	213 20
14	218	0.1	1	199 19
15	125	0.0	1	116 9
16	112	0.0	1	109 3
17	106	0.0	1	100 6
18	63	0.0	1	63
19	62	0.0	1	60 1 1
20	38	0.0	2	36 1 1
21	33	0.0	2	32 0 1
22	20	0.0	2	18 2
23	25	0.0	2	24 1
24	100	0.0	2	92 7 1
25	27	0.0	2	25 1 1
26	28	0.0	2	26 2
27	92	0.0	2	80 12
28	72	0.0	2	67 4 1
29	51	0.0	2	42 6 2 1
30	82	0.0	3	76 6
31	6	0.0	3	4 1 1
32	18	0.0	3	15 3
33	2	0.0	3	2
34	6	0.0	3	4 1 1
35	3	0.0	3	3
36	4	0.0	3	3 1
37	3	0.0	3	3
38	6	0.0	3	5 1
39	6	0.0	3	3 3
40	7	0.0	3	5 2
41	5	0.0	3	4 1
42	38	0.0	3	27 9 1 1
43	1	0.0	3	1
44	3	0.0	3	2 1
45	39	0.0	3	33 5 1
48	2	0.0	3	1 1
49	2	0.0	3	2
50	19	0.0	3	19
51	3	0.0	3	3
55	8	0.0	3	8
60	1	0.0	3	1
61	1	0.0	3	1
62	1	0.0	3	1
63	2	0.0	3	2
64	5	0.0	3	5
66	1	0.0	3	1
67	1	0.0	3	1
71	1	0.0	3	1
