This is cutadapt 2.9 with Python 3.7.10
Command line parameters: -q 10 --minimum-length 25 --cores 80 -a AGATCGGAAGAGCACACGTCTGAACTCCAGTCA -A AGATCGGAAGAGCGTCGTGTAGGGAAAGAGTGT -o prefetch_sra_files/SRR5453758_R1_Trimmed.fastq.gz -p prefetch_sra_files/SRR5453758_R2_Trimmed.fastq.gz prefetch_sra_files/SRR5453758.sra_1.fastq.gz prefetch_sra_files/SRR5453758.sra_2.fastq.gz
Processing reads on 80 cores in paired-end mode ...
Finished in 277.19 s (9 us/read; 6.53 M reads/minute).

=== Summary ===

Total read pairs processed:         30,179,319
  Read 1 with adapter:                 648,874 (2.2%)
  Read 2 with adapter:                 884,894 (2.9%)
Pairs written (passing filters):    28,866,599 (95.7%)

Total basepairs processed: 4,587,256,488 bp
  Read 1: 2,293,628,244 bp
  Read 2: 2,293,628,244 bp
Quality-trimmed:             202,320,070 bp (4.4%)
  Read 1:    59,211,040 bp
  Read 2:   143,109,030 bp
Total written (filtered):  4,280,128,627 bp (93.3%)
  Read 1: 2,139,865,733 bp
  Read 2: 2,140,262,894 bp

=== First read: Adapter 1 ===

Sequence: AGATCGGAAGAGCACACGTCTGAACTCCAGTCA; Type: regular 3'; Length: 33; Trimmed: 648874 times

No. of allowed errors:
0-9 bp: 0; 10-19 bp: 1; 20-29 bp: 2; 30-33 bp: 3

Bases preceding removed adapters:
  A: 35.5%
  C: 26.0%
  G: 21.8%
  T: 15.7%
  none/other: 1.0%

Overview of removed sequences
length	count	expect	max.err	error counts
3	453714	471551.9	0	453714
4	114989	117888.0	0	114989
5	36189	29472.0	0	36189
6	11386	7368.0	0	11386
7	5932	1842.0	0	5932
8	4177	460.5	0	4177
9	4406	115.1	0	3897 509
10	3220	28.8	1	2316 904
11	2038	7.2	1	1763 275
12	1540	1.8	1	1424 116
13	1126	0.4	1	1092 34
14	858	0.1	1	835 23
15	607	0.0	1	584 23
16	442	0.0	1	415 27
17	321	0.0	1	313 8
18	216	0.0	1	212 4
19	157	0.0	1	153 4
20	99	0.0	2	97 2
21	88	0.0	2	87 1
22	70	0.0	2	65 4 1
23	28	0.0	2	26 2
24	38	0.0	2	36 1 1
25	29	0.0	2	27 2
26	16	0.0	2	14 2
27	13	0.0	2	11 1 1
28	14	0.0	2	13 1
29	8	0.0	2	6 2
30	6	0.0	3	6
31	6	0.0	3	4 2
32	11	0.0	3	7 2 1 1
33	8	0.0	3	3 3 2
34	18	0.0	3	11 4 3
35	24	0.0	3	13 5 5 1
36	43	0.0	3	30 7 5 1
37	25	0.0	3	10 7 8
38	40	0.0	3	13 17 9 1
39	42	0.0	3	28 7 6 1
40	30	0.0	3	9 12 8 1
41	37	0.0	3	30 5 2
42	24	0.0	3	22 1 1
43	11	0.0	3	6 4 1
44	60	0.0	3	51 5 3 1
45	76	0.0	3	55 16 5
46	37	0.0	3	26 7 3 1
47	22	0.0	3	11 8 3
48	41	0.0	3	25 13 2 1
49	214	0.0	3	192 16 4 2
50	32	0.0	3	20 5 7
51	30	0.0	3	8 10 9 3
52	61	0.0	3	34 19 7 1
53	122	0.0	3	105 10 4 3
54	59	0.0	3	44 10 2 3
55	18	0.0	3	3 10 4 1
56	29	0.0	3	4 13 11 1
57	27	0.0	3	6 13 7 1
58	25	0.0	3	0 14 11
59	25	0.0	3	5 13 7
60	20	0.0	3	3 7 10
61	23	0.0	3	0 14 8 1
62	88	0.0	3	3 53 28 4
63	75	0.0	3	3 43 28 1
64	36	0.0	3	1 21 12 2
65	58	0.0	3	0 38 16 4
66	110	0.0	3	2 77 27 4
67	211	0.0	3	1 139 61 10
68	371	0.0	3	2 273 89 7
69	342	0.0	3	2 225 110 5
70	556	0.0	3	3 393 142 18
71	918	0.0	3	7 644 249 18
72	1254	0.0	3	6 926 306 16
73	1817	0.0	3	7 1450 352 8
74	62	0.0	3	7 38 16 1
75	9	0.0	3	0 7 2


=== Second read: Adapter 2 ===

Sequence: AGATCGGAAGAGCGTCGTGTAGGGAAAGAGTGT; Type: regular 3'; Length: 33; Trimmed: 884894 times

No. of allowed errors:
0-9 bp: 0; 10-19 bp: 1; 20-29 bp: 2; 30-33 bp: 3

Bases preceding removed adapters:
  A: 39.7%
  C: 23.6%
  G: 23.6%
  T: 13.0%
  none/other: 0.0%

Overview of removed sequences
length	count	expect	max.err	error counts
3	642269	471551.9	0	642269
4	155510	117888.0	0	155510
5	39800	29472.0	0	39800
6	13136	7368.0	0	13136
7	7513	1842.0	0	7513
8	5439	460.5	0	5439
9	5327	115.1	0	4309 1018
10	4338	28.8	1	3182 1156
11	2884	7.2	1	2382 502
12	2193	1.8	1	2037 156
13	1549	0.4	1	1519 30
14	1170	0.1	1	1151 19
15	792	0.0	1	781 11
16	600	0.0	1	597 3
17	483	0.0	1	477 6
18	263	0.0	1	258 5
19	204	0.0	1	202 2
20	157	0.0	2	155 2
21	103	0.0	2	100 3
22	83	0.0	2	82 0 1
23	66	0.0	2	57 4 5
24	45	0.0	2	42 3
25	31	0.0	2	29 1 1
26	31	0.0	2	28 1 2
27	19	0.0	2	18 1
28	16	0.0	2	12 4
29	15	0.0	2	12 3
30	22	0.0	3	21 0 1
31	4	0.0	3	4
32	3	0.0	3	3
33	2	0.0	3	2
34	4	0.0	3	4
35	7	0.0	3	7
36	5	0.0	3	3 1 1
37	6	0.0	3	6
38	5	0.0	3	5
39	11	0.0	3	9 1 1
40	8	0.0	3	5 1 1 1
41	12	0.0	3	7 2 1 2
42	44	0.0	3	30 12 1 1
43	8	0.0	3	5 1 2
44	23	0.0	3	17 4 2
45	127	0.0	3	115 9 2 1
46	36	0.0	3	33 3
47	9	0.0	3	8 1
48	14	0.0	3	14
49	8	0.0	3	6 2
50	208	0.0	3	197 9 2
51	25	0.0	3	22 3
52	4	0.0	3	3 0 0 1
53	6	0.0	3	5 1
54	43	0.0	3	42 1
55	100	0.0	3	98 1 1
56	7	0.0	3	5 1 1
57	2	0.0	3	2
58	7	0.0	3	7
59	1	0.0	3	0 0 1
60	9	0.0	3	7 2
61	7	0.0	3	6 0 1
62	4	0.0	3	0 3 1
63	11	0.0	3	7 3 1
64	4	0.0	3	1 3
65	19	0.0	3	6 11 1 1
66	11	0.0	3	6 4 1
67	22	0.0	3	12 9 1
68	7	0.0	3	6 0 1
71	1	0.0	3	1
76	2	0.0	3	0 2
