This is cutadapt 2.9 with Python 3.7.10
Command line parameters: -q 10 --minimum-length 25 --cores 80 -a AGATCGGAAGAGCACACGTCTGAACTCCAGTCA -A AGATCGGAAGAGCGTCGTGTAGGGAAAGAGTGT -o prefetch_sra_files/SRR5453748_R1_Trimmed.fastq.gz -p prefetch_sra_files/SRR5453748_R2_Trimmed.fastq.gz prefetch_sra_files/SRR5453748.sra_1.fastq.gz prefetch_sra_files/SRR5453748.sra_2.fastq.gz
Processing reads on 80 cores in paired-end mode ...
Finished in 186.86 s (10 us/read; 5.98 M reads/minute).

=== Summary ===

Total read pairs processed:         18,612,018
  Read 1 with adapter:                 392,025 (2.1%)
  Read 2 with adapter:                 531,713 (2.9%)
Pairs written (passing filters):    18,421,687 (99.0%)

Total basepairs processed: 2,829,026,736 bp
  Read 1: 1,414,513,368 bp
  Read 2: 1,414,513,368 bp
Quality-trimmed:              45,476,350 bp (1.6%)
  Read 1:    15,258,617 bp
  Read 2:    30,217,733 bp
Total written (filtered):  2,765,377,839 bp (97.8%)
  Read 1: 1,385,074,690 bp
  Read 2: 1,380,303,149 bp

=== First read: Adapter 1 ===

Sequence: AGATCGGAAGAGCACACGTCTGAACTCCAGTCA; Type: regular 3'; Length: 33; Trimmed: 392025 times

No. of allowed errors:
0-9 bp: 0; 10-19 bp: 1; 20-29 bp: 2; 30-33 bp: 3

Bases preceding removed adapters:
  A: 33.2%
  C: 27.5%
  G: 21.4%
  T: 14.5%
  none/other: 3.5%

Overview of removed sequences
length	count	expect	max.err	error counts
3	273317	290812.8	0	273317
4	75674	72703.2	0	75674
5	19100	18175.8	0	19100
6	3694	4543.9	0	3694
7	1186	1136.0	0	1186
8	666	284.0	0	666
9	753	71.0	0	438 315
10	776	17.7	1	365 411
11	438	4.4	1	275 163
12	279	1.1	1	206 73
13	169	0.3	1	150 19
14	126	0.1	1	120 6
15	93	0.0	1	93
16	80	0.0	1	77 3
17	57	0.0	1	52 5
18	39	0.0	1	38 1
19	36	0.0	1	35 1
20	27	0.0	2	27
21	26	0.0	2	25 1
22	12	0.0	2	12
23	21	0.0	2	19 2
24	12	0.0	2	11 0 1
25	12	0.0	2	12
26	12	0.0	2	11 0 1
27	14	0.0	2	7 7
28	11	0.0	2	8 3
29	15	0.0	2	10 5
30	16	0.0	3	8 5 1 2
31	11	0.0	3	7 3 1
32	11	0.0	3	6 2 3
33	19	0.0	3	6 8 5
34	31	0.0	3	16 14 1
35	27	0.0	3	5 19 3
36	28	0.0	3	13 12 2 1
37	56	0.0	3	11 33 10 2
38	80	0.0	3	30 40 9 1
39	114	0.0	3	30 74 9 1
40	187	0.0	3	31 140 12 4
41	140	0.0	3	67 59 14
42	285	0.0	3	21 247 16 1
43	258	0.0	3	59 178 20 1
44	433	0.0	3	47 366 19 1
45	283	0.0	3	81 183 19
46	202	0.0	3	69 119 14
47	138	0.0	3	28 99 11
48	208	0.0	3	27 166 14 1
49	150	0.0	3	54 84 9 3
50	616	0.0	3	491 98 25 2
51	441	0.0	3	32 391 16 2
52	228	0.0	3	38 176 13 1
53	110	0.0	3	42 63 5
54	162	0.0	3	115 42 3 2
55	322	0.0	3	227 77 18
56	214	0.0	3	12 188 12 2
57	122	0.0	3	9 100 13
58	185	0.0	3	10 157 16 2
59	57	0.0	3	2 48 7
60	104	0.0	3	18 72 14
61	119	0.0	3	1 89 28 1
62	361	0.0	3	2 312 45 2
63	267	0.0	3	15 213 38 1
64	138	0.0	3	3 108 25 2
65	186	0.0	3	5 146 28 7
66	332	0.0	3	2 260 64 6
67	826	0.0	3	4 685 125 12
68	1774	0.0	3	8 1513 247 6
69	4529	0.0	3	3 4176 341 9
70	1141	0.0	3	4 1055 79 3
71	172	0.0	3	5 150 16 1
72	63	0.0	3	1 51 11
73	27	0.0	3	1 20 6
74	15	0.0	3	0 12 3
75	6	0.0	3	0 4 2
76	186	0.0	3	0 168 18


=== Second read: Adapter 2 ===

Sequence: AGATCGGAAGAGCGTCGTGTAGGGAAAGAGTGT; Type: regular 3'; Length: 33; Trimmed: 531713 times

No. of allowed errors:
0-9 bp: 0; 10-19 bp: 1; 20-29 bp: 2; 30-33 bp: 3

Bases preceding removed adapters:
  A: 39.2%
  C: 26.0%
  G: 24.3%
  T: 10.4%
  none/other: 0.0%

Overview of removed sequences
length	count	expect	max.err	error counts
3	401708	290812.8	0	401708
4	95264	72703.2	0	95264
5	22125	18175.8	0	22125
6	4689	4543.9	0	4689
7	1494	1136.0	0	1494
8	692	284.0	0	692
9	1242	71.0	0	484 758
10	1137	17.7	1	385 752
11	661	4.4	1	287 374
12	306	1.1	1	230 76
13	200	0.3	1	177 23
14	169	0.1	1	157 12
15	95	0.0	1	94 1
16	85	0.0	1	84 1
17	121	0.0	1	109 12
18	40	0.0	1	39 1
19	63	0.0	1	59 4
20	24	0.0	2	24
21	24	0.0	2	21 1 2
22	17	0.0	2	13 3 1
23	36	0.0	2	28 6 2
24	139	0.0	2	117 18 4
25	25	0.0	2	21 2 2
26	65	0.0	2	55 7 3
27	244	0.0	2	218 24 2
28	176	0.0	2	152 20 4
29	166	0.0	2	153 10 3
30	216	0.0	3	205 11
31	24	0.0	3	16 4 3 1
32	60	0.0	3	56 4
33	3	0.0	3	2 1
34	7	0.0	3	5 2
35	13	0.0	3	11 2
36	11	0.0	3	6 4 1
37	9	0.0	3	4 3 2
38	2	0.0	3	1 1
39	4	0.0	3	4
40	3	0.0	3	2 1
41	19	0.0	3	13 6
42	102	0.0	3	75 22 5
43	3	0.0	3	2 1
44	9	0.0	3	3 5 0 1
45	104	0.0	3	94 10
46	1	0.0	3	1
47	2	0.0	3	1 1
48	3	0.0	3	3
49	2	0.0	3	2
50	62	0.0	3	59 3
51	5	0.0	3	5
53	2	0.0	3	2
54	2	0.0	3	2
55	20	0.0	3	20
57	1	0.0	3	1
58	1	0.0	3	1
60	1	0.0	3	1
61	1	0.0	3	1
63	4	0.0	3	3 1
64	2	0.0	3	2
65	2	0.0	3	2
66	2	0.0	3	1 0 0 1
67	4	0.0	3	4
