This is cutadapt 2.9 with Python 3.7.10
Command line parameters: -q 10 --minimum-length 25 --cores 80 -a AGATCGGAAGAGCACACGTCTGAACTCCAGTCA -A AGATCGGAAGAGCGTCGTGTAGGGAAAGAGTGT -o prefetch_sra_files/SRR5453752_R1_Trimmed.fastq.gz -p prefetch_sra_files/SRR5453752_R2_Trimmed.fastq.gz prefetch_sra_files/SRR5453752.sra_1.fastq.gz prefetch_sra_files/SRR5453752.sra_2.fastq.gz
Processing reads on 80 cores in paired-end mode ...
Finished in 348.80 s (11 us/read; 5.66 M reads/minute).

=== Summary ===

Total read pairs processed:         32,923,916
  Read 1 with adapter:                 735,520 (2.2%)
  Read 2 with adapter:                 943,101 (2.9%)
Pairs written (passing filters):    31,091,293 (94.4%)

Total basepairs processed: 5,004,435,232 bp
  Read 1: 2,502,217,616 bp
  Read 2: 2,502,217,616 bp
Quality-trimmed:             255,398,674 bp (5.1%)
  Read 1:    67,153,368 bp
  Read 2:   188,245,306 bp
Total written (filtered):  4,604,991,430 bp (92.0%)
  Read 1: 2,303,314,874 bp
  Read 2: 2,301,676,556 bp

=== First read: Adapter 1 ===

Sequence: AGATCGGAAGAGCACACGTCTGAACTCCAGTCA; Type: regular 3'; Length: 33; Trimmed: 735520 times

No. of allowed errors:
0-9 bp: 0; 10-19 bp: 1; 20-29 bp: 2; 30-33 bp: 3

Bases preceding removed adapters:
  A: 34.0%
  C: 24.8%
  G: 20.9%
  T: 15.0%
  none/other: 5.3%

Overview of removed sequences
length	count	expect	max.err	error counts
3	487883	514436.2	0	487883
4	124291	128609.0	0	124291
5	39208	32152.3	0	39208
6	12870	8038.1	0	12870
7	6245	2009.5	0	6245
8	4683	502.4	0	4683
9	5022	125.6	0	4437 585
10	3811	31.4	1	2686 1125
11	2226	7.8	1	1920 306
12	1543	2.0	1	1422 121
13	1290	0.5	1	1237 53
14	973	0.1	1	939 34
15	645	0.0	1	614 31
16	531	0.0	1	512 19
17	370	0.0	1	350 20
18	250	0.0	1	240 10
19	131	0.0	1	124 7
20	95	0.0	2	86 8 1
21	106	0.0	2	99 5 2
22	58	0.0	2	54 2 2
23	60	0.0	2	54 6
24	58	0.0	2	48 6 4
25	38	0.0	2	32 2 4
26	22	0.0	2	17 4 1
27	22	0.0	2	17 3 2
28	15	0.0	2	9 3 3
29	36	0.0	2	19 14 2 1
30	25	0.0	3	16 6 2 1
31	18	0.0	3	6 4 6 2
32	25	0.0	3	14 5 5 1
33	29	0.0	3	5 13 8 3
34	41	0.0	3	19 8 10 4
35	31	0.0	3	3 13 10 5
36	48	0.0	3	9 19 15 5
37	78	0.0	3	16 34 22 6
38	107	0.0	3	21 42 38 6
39	168	0.0	3	35 62 62 9
40	199	0.0	3	34 77 76 12
41	166	0.0	3	64 56 40 6
42	78	0.0	3	24 28 24 2
43	74	0.0	3	31 26 16 1
44	104	0.0	3	51 30 16 7
45	219	0.0	3	97 80 38 4
46	139	0.0	3	63 50 25 1
47	117	0.0	3	42 43 28 4
48	154	0.0	3	58 63 30 3
49	553	0.0	3	456 71 23 3
50	122	0.0	3	38 56 24 4
51	160	0.0	3	34 63 55 8
52	278	0.0	3	97 111 61 9
53	328	0.0	3	251 41 34 2
54	186	0.0	3	121 45 17 3
55	84	0.0	3	13 39 29 3
56	236	0.0	3	9 136 81 10
57	127	0.0	3	25 60 37 5
58	149	0.0	3	3 96 44 6
59	141	0.0	3	6 76 54 5
60	111	0.0	3	13 62 35 1
61	213	0.0	3	7 122 74 10
62	530	0.0	3	5 321 190 14
63	526	0.0	3	2 335 177 12
64	266	0.0	3	8 151 99 8
65	376	0.0	3	1 221 141 13
66	750	0.0	3	7 473 244 26
67	1227	0.0	3	3 824 363 37
68	2398	0.0	3	9 1689 658 42
69	2275	0.0	3	8 1498 719 50
70	3168	0.0	3	5 2114 965 84
71	5237	0.0	3	14 3517 1576 130
72	9606	0.0	3	17 7335 2121 133
73	11627	0.0	3	17 9314 2240 56
74	468	0.0	3	26 268 158 16
75	76	0.0	3	0 42 28 6


=== Second read: Adapter 2 ===

Sequence: AGATCGGAAGAGCGTCGTGTAGGGAAAGAGTGT; Type: regular 3'; Length: 33; Trimmed: 943101 times

No. of allowed errors:
0-9 bp: 0; 10-19 bp: 1; 20-29 bp: 2; 30-33 bp: 3

Bases preceding removed adapters:
  A: 39.4%
  C: 23.6%
  G: 23.4%
  T: 13.6%
  none/other: 0.0%

Overview of removed sequences
length	count	expect	max.err	error counts
3	680498	514436.2	0	680498
4	166339	128609.0	0	166339
5	42611	32152.3	0	42611
6	14618	8038.1	0	14618
7	8609	2009.5	0	8609
8	5811	502.4	0	5811
9	5943	125.6	0	4869 1074
10	4653	31.4	1	3476 1177
11	3278	7.8	1	2710 568
12	2411	2.0	1	2253 158
13	1641	0.5	1	1598 43
14	1353	0.1	1	1327 26
15	929	0.0	1	914 15
16	667	0.0	1	659 8
17	537	0.0	1	529 8
18	276	0.0	1	274 2
19	240	0.0	1	233 5 2
20	140	0.0	2	136 3 1
21	103	0.0	2	99 3 1
22	91	0.0	2	89 1 1
23	89	0.0	2	67 8 14
24	81	0.0	2	73 6 2
25	49	0.0	2	46 1 2
26	61	0.0	2	37 7 17
27	34	0.0	2	21 8 5
28	39	0.0	2	31 5 3
29	29	0.0	2	10 9 6 4
30	34	0.0	3	31 2 1
31	8	0.0	3	4 2 1 1
32	10	0.0	3	10
33	11	0.0	3	10 1
34	17	0.0	3	12 2 1 2
35	21	0.0	3	17 1 2 1
36	12	0.0	3	8 2 2
37	18	0.0	3	10 3 3 2
38	18	0.0	3	12 5 1
39	17	0.0	3	12 3 2
40	18	0.0	3	12 1 3 2
41	29	0.0	3	12 14 3
42	64	0.0	3	40 19 4 1
43	11	0.0	3	7 1 3
44	56	0.0	3	39 9 4 4
45	160	0.0	3	124 31 3 2
46	83	0.0	3	76 7
47	21	0.0	3	17 3 1
48	33	0.0	3	27 6
49	37	0.0	3	29 5 2 1
50	463	0.0	3	437 26
51	55	0.0	3	52 3
52	8	0.0	3	7 1
53	24	0.0	3	23 1
54	138	0.0	3	125 12 1
55	260	0.0	3	240 18 2
56	15	0.0	3	15
57	12	0.0	3	11 1
58	18	0.0	3	18
59	10	0.0	3	9 1
60	17	0.0	3	12 3 1 1
61	21	0.0	3	17 2 2
62	14	0.0	3	4 6 2 2
63	28	0.0	3	15 8 5
64	19	0.0	3	12 3 3 1
65	44	0.0	3	21 20 3
66	36	0.0	3	18 15 3
67	69	0.0	3	28 37 3 1
68	35	0.0	3	34 1
69	1	0.0	3	1
75	2	0.0	3	1 1
76	4	0.0	3	0 4
