This is cutadapt 2.9 with Python 3.7.10
Command line parameters: -q 10 --minimum-length 25 --cores 80 -a AGATCGGAAGAGCACACGTCTGAACTCCAGTCA -A AGATCGGAAGAGCGTCGTGTAGGGAAAGAGTGT -o prefetch_sra_files/SRR5453747_R1_Trimmed.fastq.gz -p prefetch_sra_files/SRR5453747_R2_Trimmed.fastq.gz prefetch_sra_files/SRR5453747.sra_1.fastq.gz prefetch_sra_files/SRR5453747.sra_2.fastq.gz
Processing reads on 80 cores in paired-end mode ...
Finished in 210.74 s (10 us/read; 6.20 M reads/minute).

=== Summary ===

Total read pairs processed:         21,770,429
  Read 1 with adapter:                 449,787 (2.1%)
  Read 2 with adapter:                 620,706 (2.9%)
Pairs written (passing filters):    21,577,572 (99.1%)

Total basepairs processed: 3,309,105,208 bp
  Read 1: 1,654,552,604 bp
  Read 2: 1,654,552,604 bp
Quality-trimmed:              50,752,863 bp (1.5%)
  Read 1:    17,479,926 bp
  Read 2:    33,272,937 bp
Total written (filtered):  3,239,370,819 bp (97.9%)
  Read 1: 1,622,468,921 bp
  Read 2: 1,616,901,898 bp

=== First read: Adapter 1 ===

Sequence: AGATCGGAAGAGCACACGTCTGAACTCCAGTCA; Type: regular 3'; Length: 33; Trimmed: 449787 times

No. of allowed errors:
0-9 bp: 0; 10-19 bp: 1; 20-29 bp: 2; 30-33 bp: 3

Bases preceding removed adapters:
  A: 35.4%
  C: 25.4%
  G: 22.8%
  T: 15.4%
  none/other: 1.0%

Overview of removed sequences
length	count	expect	max.err	error counts
3	326831	340163.0	0	326831
4	84190	85040.7	0	84190
5	21562	21260.2	0	21562
6	5017	5315.0	0	5017
7	1696	1328.8	0	1696
8	948	332.2	0	948
9	1097	83.0	0	692 405
10	972	20.8	1	478 494
11	587	5.2	1	373 214
12	374	1.3	1	284 90
13	239	0.3	1	215 24
14	177	0.1	1	164 13
15	135	0.0	1	132 3
16	86	0.0	1	82 4
17	76	0.0	1	74 2
18	62	0.0	1	56 6
19	48	0.0	1	47 0 1
20	33	0.0	2	26 5 2
21	22	0.0	2	21 1
22	33	0.0	2	30 1 2
23	29	0.0	2	28 1
24	25	0.0	2	22 3
25	11	0.0	2	10 1
26	9	0.0	2	9
27	15	0.0	2	8 6 1
28	9	0.0	2	9
29	13	0.0	2	11 2
30	14	0.0	3	14
31	12	0.0	3	11 0 0 1
32	9	0.0	3	5 1 1 2
33	16	0.0	3	11 4 1
34	18	0.0	3	7 8 3
35	22	0.0	3	10 10 1 1
36	22	0.0	3	11 8 3
37	19	0.0	3	11 8
38	29	0.0	3	13 10 6
39	36	0.0	3	13 19 4
40	89	0.0	3	23 58 8
41	42	0.0	3	19 15 7 1
42	56	0.0	3	11 43 2
43	55	0.0	3	15 36 4
44	103	0.0	3	8 89 6
45	108	0.0	3	33 63 12
46	91	0.0	3	28 58 3 2
47	75	0.0	3	16 53 6
48	93	0.0	3	17 69 5 2
49	61	0.0	3	18 40 3
50	193	0.0	3	150 37 6
51	99	0.0	3	9 83 7
52	80	0.0	3	12 61 6 1
53	47	0.0	3	23 19 4 1
54	58	0.0	3	36 19 3
55	105	0.0	3	71 27 6 1
56	84	0.0	3	5 72 7
57	53	0.0	3	6 42 5
58	52	0.0	3	3 43 6
59	17	0.0	3	4 11 2
60	31	0.0	3	8 17 5 1
61	51	0.0	3	2 32 16 1
62	152	0.0	3	2 138 12
63	97	0.0	3	6 73 17 1
64	66	0.0	3	2 48 10 6
65	70	0.0	3	3 53 12 2
66	141	0.0	3	0 111 26 4
67	371	0.0	3	2 294 64 11
68	690	0.0	3	1 596 89 4
69	1466	0.0	3	2 1347 114 3
70	397	0.0	3	7 361 29
71	70	0.0	3	2 63 5
72	23	0.0	3	0 21 2
73	18	0.0	3	2 13 3
74	5	0.0	3	0 4 1
75	4	0.0	3	0 2 2
76	81	0.0	3	0 69 12


=== Second read: Adapter 2 ===

Sequence: AGATCGGAAGAGCGTCGTGTAGGGAAAGAGTGT; Type: regular 3'; Length: 33; Trimmed: 620706 times

No. of allowed errors:
0-9 bp: 0; 10-19 bp: 1; 20-29 bp: 2; 30-33 bp: 3

Bases preceding removed adapters:
  A: 38.6%
  C: 25.7%
  G: 25.3%
  T: 10.4%
  none/other: 0.0%

Overview of removed sequences
length	count	expect	max.err	error counts
3	469325	340163.0	0	469325
4	110333	85040.7	0	110333
5	26343	21260.2	0	26343
6	5674	5315.0	0	5674
7	1867	1328.8	0	1867
8	1021	332.2	0	1021
9	1620	83.0	0	781 839
10	1497	20.8	1	520 977
11	888	5.2	1	379 509
12	430	1.3	1	300 130
13	268	0.3	1	242 26
14	203	0.1	1	188 15
15	139	0.0	1	132 7
16	93	0.0	1	92 1
17	100	0.0	1	95 5
18	57	0.0	1	57
19	64	0.0	1	61 3
20	30	0.0	2	29 0 1
21	19	0.0	2	18 1
22	28	0.0	2	26 2
23	41	0.0	2	37 2 2
24	96	0.0	2	83 12 1
25	18	0.0	2	13 4 1
26	31	0.0	2	27 4
27	97	0.0	2	85 11 1
28	84	0.0	2	75 6 3
29	63	0.0	2	53 8 1 1
30	100	0.0	3	91 9
31	5	0.0	3	5
32	22	0.0	3	18 3 1
33	4	0.0	3	3 1
34	3	0.0	3	1 1 1
35	4	0.0	3	3 1
36	3	0.0	3	0 2 1
37	2	0.0	3	2
38	5	0.0	3	4 1
39	3	0.0	3	2 0 0 1
40	2	0.0	3	2
41	4	0.0	3	1 2 1
42	29	0.0	3	23 6
43	2	0.0	3	1 1
44	6	0.0	3	5 1
45	44	0.0	3	35 7 2
48	2	0.0	3	2
50	16	0.0	3	15 1
51	3	0.0	3	3
52	1	0.0	3	1
55	6	0.0	3	6
57	2	0.0	3	2
58	1	0.0	3	1
60	1	0.0	3	1
62	1	0.0	3	1
63	1	0.0	3	1
64	1	0.0	3	1
65	1	0.0	3	1
66	2	0.0	3	2
67	1	0.0	3	1
