This is cutadapt 2.9 with Python 3.7.10
Command line parameters: -q 10 --minimum-length 25 --cores 80 -a AGATCGGAAGAGCACACGTCTGAACTCCAGTCA -A AGATCGGAAGAGCGTCGTGTAGGGAAAGAGTGT -o prefetch_sra_files/SRR5453761_R1_Trimmed.fastq.gz -p prefetch_sra_files/SRR5453761_R2_Trimmed.fastq.gz prefetch_sra_files/SRR5453761.sra_1.fastq.gz prefetch_sra_files/SRR5453761.sra_2.fastq.gz
Processing reads on 80 cores in paired-end mode ...
Finished in 362.45 s (10 us/read; 5.96 M reads/minute).

=== Summary ===

Total read pairs processed:         36,000,000
  Read 1 with adapter:                 870,344 (2.4%)
  Read 2 with adapter:               1,104,515 (3.1%)
Pairs written (passing filters):    35,287,506 (98.0%)

Total basepairs processed: 5,472,000,000 bp
  Read 1: 2,736,000,000 bp
  Read 2: 2,736,000,000 bp
Quality-trimmed:              95,901,914 bp (1.8%)
  Read 1:    16,659,686 bp
  Read 2:    79,242,228 bp
Total written (filtered):  5,314,157,372 bp (97.1%)
  Read 1: 2,665,424,610 bp
  Read 2: 2,648,732,762 bp

=== First read: Adapter 1 ===

Sequence: AGATCGGAAGAGCACACGTCTGAACTCCAGTCA; Type: regular 3'; Length: 33; Trimmed: 870344 times

No. of allowed errors:
0-9 bp: 0; 10-19 bp: 1; 20-29 bp: 2; 30-33 bp: 3

Bases preceding removed adapters:
  A: 34.4%
  C: 25.9%
  G: 22.8%
  T: 15.2%
  none/other: 1.6%

Overview of removed sequences
length	count	expect	max.err	error counts
3	574575	562500.0	0	574575
4	165449	140625.0	0	165449
5	49276	35156.2	0	49276
6	18416	8789.1	0	18416
7	10868	2197.3	0	10868
8	8159	549.3	0	8159
9	7113	137.3	0	6481 632
10	5429	34.3	1	4518 911
11	4044	8.6	1	3617 427
12	3119	2.1	1	2939 180
13	2278	0.5	1	2213 65
14	1783	0.1	1	1747 36
15	1281	0.0	1	1262 19
16	935	0.0	1	912 23
17	661	0.0	1	643 18
18	480	0.0	1	467 13
19	282	0.0	1	275 7
20	218	0.0	2	214 4
21	141	0.0	2	136 5
22	141	0.0	2	138 2 1
23	89	0.0	2	84 5
24	84	0.0	2	79 5
25	55	0.0	2	52 2 1
26	32	0.0	2	30 2
27	34	0.0	2	29 5
28	19	0.0	2	19
29	15	0.0	2	12 3
30	22	0.0	3	21 1
31	12	0.0	3	11 1
32	16	0.0	3	13 2 1
33	16	0.0	3	13 3
34	16	0.0	3	7 5 4
35	28	0.0	3	14 10 3 1
36	30	0.0	3	5 20 5
37	22	0.0	3	8 11 3
38	14	0.0	3	8 6
39	33	0.0	3	7 23 3
40	37	0.0	3	12 21 4
41	27	0.0	3	22 3 2
42	13	0.0	3	11 2
43	11	0.0	3	4 4 3
44	25	0.0	3	6 17 1 1
45	45	0.0	3	27 17 1
46	71	0.0	3	54 12 4 1
47	41	0.0	3	18 22 1
48	43	0.0	3	23 19 1
49	53	0.0	3	23 27 1 2
50	415	0.0	3	360 50 4 1
51	69	0.0	3	23 41 5
52	90	0.0	3	22 64 3 1
53	84	0.0	3	57 25 2
54	149	0.0	3	119 26 4
55	297	0.0	3	269 23 4 1
56	71	0.0	3	23 47 1
57	48	0.0	3	16 30 2
58	57	0.0	3	27 26 2 2
59	40	0.0	3	6 31 2 1
60	41	0.0	3	12 27 1 1
61	51	0.0	3	15 29 7
62	115	0.0	3	1 105 9
63	176	0.0	3	5 163 8
64	71	0.0	3	8 58 4 1
65	110	0.0	3	5 95 9 1
66	192	0.0	3	3 168 17 4
67	331	0.0	3	11 291 26 3
68	589	0.0	3	5 551 30 3
69	534	0.0	3	4 500 27 3
70	674	0.0	3	4 635 30 5
71	1068	0.0	3	4 956 93 15
72	2590	0.0	3	9 2318 258 5
73	6429	0.0	3	18 6297 110 4
74	227	0.0	3	53 138 35 1
75	27	0.0	3	7 20
76	248	0.0	3	3 233 11 1


=== Second read: Adapter 2 ===

Sequence: AGATCGGAAGAGCGTCGTGTAGGGAAAGAGTGT; Type: regular 3'; Length: 33; Trimmed: 1104515 times

No. of allowed errors:
0-9 bp: 0; 10-19 bp: 1; 20-29 bp: 2; 30-33 bp: 3

Bases preceding removed adapters:
  A: 38.5%
  C: 24.5%
  G: 24.7%
  T: 12.3%
  none/other: 0.0%

Overview of removed sequences
length	count	expect	max.err	error counts
3	783270	562500.0	0	783270
4	197022	140625.0	0	197022
5	54700	35156.2	0	54700
6	19242	8789.1	0	19242
7	11180	2197.3	0	11180
8	8011	549.3	0	8011
9	7809	137.3	0	6513 1296
10	5939	34.3	1	4427 1512
11	4388	8.6	1	3630 758
12	3190	2.1	1	2971 219
13	2253	0.5	1	2190 63
14	1826	0.1	1	1790 36
15	1192	0.0	1	1174 18
16	918	0.0	1	901 17
17	651	0.0	1	638 13
18	418	0.0	1	411 6 1
19	283	0.0	1	283
20	201	0.0	2	196 5
21	137	0.0	2	136 1
22	137	0.0	2	134 3
23	90	0.0	2	85 4 1
24	89	0.0	2	79 9 1
25	57	0.0	2	52 4 1
26	33	0.0	2	29 3 1
27	40	0.0	2	37 2 1
28	21	0.0	2	19 2
29	17	0.0	2	17
30	32	0.0	3	30 1 1
31	7	0.0	3	4 2 1
32	11	0.0	3	11
33	11	0.0	3	9 1 1
34	7	0.0	3	7
35	10	0.0	3	10
36	5	0.0	3	4 1
37	6	0.0	3	6
38	4	0.0	3	3 1
39	8	0.0	3	5 2 0 1
40	4	0.0	3	4
41	15	0.0	3	6 8 0 1
42	32	0.0	3	26 6
43	15	0.0	3	12 2 1
44	14	0.0	3	10 3 0 1
45	60	0.0	3	54 6
46	52	0.0	3	46 5 1
47	14	0.0	3	13 1
48	18	0.0	3	16 2
49	15	0.0	3	14 1
50	354	0.0	3	341 13
51	24	0.0	3	23 1
52	9	0.0	3	8 1
53	20	0.0	3	19 1
54	107	0.0	3	97 10
55	274	0.0	3	257 17
56	16	0.0	3	15 1
57	10	0.0	3	9 0 1
58	27	0.0	3	26 1
59	5	0.0	3	5
60	14	0.0	3	14
61	19	0.0	3	14 2 3
62	6	0.0	3	5 0 1
63	12	0.0	3	12
64	12	0.0	3	8 3 1
65	11	0.0	3	6 4 1
66	20	0.0	3	14 5 1
67	62	0.0	3	33 29
68	51	0.0	3	48 2 1
69	6	0.0	3	5 0 1
74	1	0.0	3	1
76	1	0.0	3	1
