This is cutadapt 2.9 with Python 3.7.10
Command line parameters: -q 10 --minimum-length 25 --cores 80 -a AGATCGGAAGAGCACACGTCTGAACTCCAGTCA -A AGATCGGAAGAGCGTCGTGTAGGGAAAGAGTGT -o prefetch_sra_files/SRR5453760_R1_Trimmed.fastq.gz -p prefetch_sra_files/SRR5453760_R2_Trimmed.fastq.gz prefetch_sra_files/SRR5453760.sra_1.fastq.gz prefetch_sra_files/SRR5453760.sra_2.fastq.gz
Processing reads on 80 cores in paired-end mode ...
Finished in 224.59 s (10 us/read; 6.16 M reads/minute).

=== Summary ===

Total read pairs processed:         23,044,592
  Read 1 with adapter:                 481,660 (2.1%)
  Read 2 with adapter:                 656,330 (2.8%)
Pairs written (passing filters):    22,811,603 (99.0%)

Total basepairs processed: 3,502,777,984 bp
  Read 1: 1,751,388,992 bp
  Read 2: 1,751,388,992 bp
Quality-trimmed:              57,795,723 bp (1.6%)
  Read 1:    18,746,927 bp
  Read 2:    39,048,796 bp
Total written (filtered):  3,422,712,554 bp (97.7%)
  Read 1: 1,715,026,532 bp
  Read 2: 1,707,686,022 bp

=== First read: Adapter 1 ===

Sequence: AGATCGGAAGAGCACACGTCTGAACTCCAGTCA; Type: regular 3'; Length: 33; Trimmed: 481660 times

No. of allowed errors:
0-9 bp: 0; 10-19 bp: 1; 20-29 bp: 2; 30-33 bp: 3

Bases preceding removed adapters:
  A: 35.1%
  C: 27.2%
  G: 21.4%
  T: 15.4%
  none/other: 0.9%

Overview of removed sequences
length	count	expect	max.err	error counts
3	353944	360071.8	0	353944
4	93112	90017.9	0	93112
5	21554	22504.5	0	21554
6	3976	5626.1	0	3976
7	1021	1406.5	0	1021
8	578	351.6	0	578
9	662	87.9	0	302 360
10	654	22.0	1	233 421
11	382	5.5	1	169 213
12	205	1.4	1	140 65
13	121	0.3	1	104 17
14	96	0.1	1	96
15	63	0.0	1	62 1
16	45	0.0	1	42 3
17	47	0.0	1	44 3
18	25	0.0	1	25
19	18	0.0	1	18
20	24	0.0	2	22 2
21	16	0.0	2	14 2
22	11	0.0	2	10 0 1
23	12	0.0	2	12
24	13	0.0	2	13
25	5	0.0	2	4 0 1
26	12	0.0	2	10 2
27	11	0.0	2	8 3
28	3	0.0	2	2 1
29	10	0.0	2	8 1 1
30	5	0.0	3	5
31	6	0.0	3	5 1
32	5	0.0	3	2 1 2
33	12	0.0	3	9 2 0 1
34	6	0.0	3	2 4
35	11	0.0	3	4 6 1
36	5	0.0	3	1 3 1
37	13	0.0	3	3 8 2
38	29	0.0	3	7 16 6
39	39	0.0	3	10 24 5
40	65	0.0	3	10 47 8
41	59	0.0	3	20 31 6 2
42	97	0.0	3	8 83 6
43	92	0.0	3	21 60 11
44	142	0.0	3	12 119 11
45	118	0.0	3	33 76 9
46	77	0.0	3	21 50 5 1
47	57	0.0	3	9 39 9
48	71	0.0	3	8 57 6
49	36	0.0	3	5 27 4
50	153	0.0	3	121 28 4
51	157	0.0	3	7 136 12 2
52	100	0.0	3	14 75 11
53	30	0.0	3	13 15 2
54	52	0.0	3	27 23 2
55	83	0.0	3	47 26 8 2
56	73	0.0	3	4 64 5
57	42	0.0	3	6 30 6
58	52	0.0	3	8 37 7
59	28	0.0	3	1 21 6
60	31	0.0	3	5 22 4
61	45	0.0	3	5 25 14 1
62	127	0.0	3	3 111 13
63	102	0.0	3	5 81 15 1
64	44	0.0	3	1 37 5 1
65	67	0.0	3	0 54 12 1
66	126	0.0	3	0 100 24 2
67	315	0.0	3	3 250 54 8
68	642	0.0	3	0 541 95 6
69	1330	0.0	3	2 1197 126 5
70	331	0.0	3	9 281 37 4
71	65	0.0	3	1 57 7
72	37	0.0	3	0 30 7
73	5	0.0	3	0 4 1
74	1	0.0	3	0 1
75	3	0.0	3	0 2 0 1
76	54	0.0	3	0 46 8


=== Second read: Adapter 2 ===

Sequence: AGATCGGAAGAGCGTCGTGTAGGGAAAGAGTGT; Type: regular 3'; Length: 33; Trimmed: 656330 times

No. of allowed errors:
0-9 bp: 0; 10-19 bp: 1; 20-29 bp: 2; 30-33 bp: 3

Bases preceding removed adapters:
  A: 39.7%
  C: 24.8%
  G: 23.7%
  T: 11.8%
  none/other: 0.0%

Overview of removed sequences
length	count	expect	max.err	error counts
3	503052	360071.8	0	503052
4	117684	90017.9	0	117684
5	24850	22504.5	0	24850
6	4642	5626.1	0	4642
7	1234	1406.5	0	1234
8	590	351.6	0	590
9	1250	87.9	0	341 909
10	1182	22.0	1	269 913
11	572	5.5	1	168 404
12	258	1.4	1	144 114
13	139	0.3	1	116 23
14	136	0.1	1	125 11
15	67	0.0	1	63 4
16	43	0.0	1	42 1
17	64	0.0	1	61 3
18	26	0.0	1	25 1
19	23	0.0	1	21 2
20	20	0.0	2	20
21	13	0.0	2	13
22	10	0.0	2	10
23	14	0.0	2	12 2
24	50	0.0	2	46 4
25	8	0.0	2	6 2
26	27	0.0	2	20 7
27	75	0.0	2	67 7 1
28	49	0.0	2	40 6 3
29	42	0.0	2	35 6 1
30	74	0.0	3	72 1 1
31	5	0.0	3	4 1
32	15	0.0	3	14 1
33	4	0.0	3	4
34	5	0.0	3	2 3
35	8	0.0	3	7 1
36	1	0.0	3	0 1
37	3	0.0	3	3
38	2	0.0	3	0 1 1
39	2	0.0	3	0 1 1
40	5	0.0	3	4 0 1
41	8	0.0	3	3 4 1
42	21	0.0	3	17 2 0 2
44	2	0.0	3	2
45	30	0.0	3	24 5 1
48	2	0.0	3	1 1
50	13	0.0	3	10 3
54	2	0.0	3	2
56	1	0.0	3	1
57	1	0.0	3	1
61	1	0.0	3	1
62	1	0.0	3	1
65	1	0.0	3	1
66	2	0.0	3	2
67	1	0.0	3	1
