This is cutadapt 2.9 with Python 3.7.10
Command line parameters: -q 10 --minimum-length 25 --cores 80 -a AGATCGGAAGAGCACACGTCTGAACTCCAGTCA -A AGATCGGAAGAGCGTCGTGTAGGGAAAGAGTGT -o prefetch_sra_files/SRR5453759_R1_Trimmed.fastq.gz -p prefetch_sra_files/SRR5453759_R2_Trimmed.fastq.gz prefetch_sra_files/SRR5453759.sra_1.fastq.gz prefetch_sra_files/SRR5453759.sra_2.fastq.gz
Processing reads on 80 cores in paired-end mode ...
Finished in 281.17 s (10 us/read; 5.78 M reads/minute).

=== Summary ===

Total read pairs processed:         27,075,840
  Read 1 with adapter:                 568,076 (2.1%)
  Read 2 with adapter:                 772,301 (2.9%)
Pairs written (passing filters):    26,816,068 (99.0%)

Total basepairs processed: 4,115,527,680 bp
  Read 1: 2,057,763,840 bp
  Read 2: 2,057,763,840 bp
Quality-trimmed:              70,344,451 bp (1.7%)
  Read 1:    24,306,418 bp
  Read 2:    46,038,033 bp
Total written (filtered):  4,019,970,101 bp (97.7%)
  Read 1: 2,014,082,203 bp
  Read 2: 2,005,887,898 bp

=== First read: Adapter 1 ===

Sequence: AGATCGGAAGAGCACACGTCTGAACTCCAGTCA; Type: regular 3'; Length: 33; Trimmed: 568076 times

No. of allowed errors:
0-9 bp: 0; 10-19 bp: 1; 20-29 bp: 2; 30-33 bp: 3

Bases preceding removed adapters:
  A: 34.9%
  C: 26.2%
  G: 21.9%
  T: 15.3%
  none/other: 1.8%

Overview of removed sequences
length	count	expect	max.err	error counts
3	408018	423060.0	0	408018
4	109724	105765.0	0	109724
5	26046	26441.2	0	26046
6	5520	6610.3	0	5520
7	1780	1652.6	0	1780
8	1012	413.1	0	1012
9	1192	103.3	0	698 494
10	1150	25.8	1	528 622
11	628	6.5	1	379 249
12	400	1.6	1	310 90
13	255	0.4	1	228 27
14	215	0.1	1	197 18
15	146	0.0	1	138 8
16	105	0.0	1	96 9
17	81	0.0	1	80 1
18	68	0.0	1	66 2
19	49	0.0	1	47 2
20	30	0.0	2	29 1
21	38	0.0	2	35 2 1
22	29	0.0	2	27 2
23	17	0.0	2	16 1
24	20	0.0	2	20
25	19	0.0	2	16 2 1
26	23	0.0	2	19 4
27	20	0.0	2	17 3
28	18	0.0	2	13 4 1
29	17	0.0	2	14 2 1
30	24	0.0	3	17 7
31	11	0.0	3	8 3
32	22	0.0	3	13 8 1
33	20	0.0	3	7 12 1
34	22	0.0	3	12 9 1
35	33	0.0	3	21 10 1 1
36	51	0.0	3	16 24 6 5
37	45	0.0	3	15 22 3 5
38	48	0.0	3	16 24 7 1
39	86	0.0	3	16 52 18
40	197	0.0	3	37 139 19 2
41	120	0.0	3	45 64 11
42	121	0.0	3	16 93 9 3
43	112	0.0	3	17 80 11 4
44	293	0.0	3	19 256 15 3
45	251	0.0	3	47 182 22
46	211	0.0	3	53 150 8
47	161	0.0	3	18 135 7 1
48	191	0.0	3	14 167 10
49	140	0.0	3	28 103 6 3
50	325	0.0	3	244 63 17 1
51	260	0.0	3	21 215 24
52	162	0.0	3	15 130 15 2
53	80	0.0	3	34 41 5
54	140	0.0	3	81 45 10 4
55	193	0.0	3	119 59 15
56	169	0.0	3	9 141 17 2
57	105	0.0	3	5 81 17 2
58	160	0.0	3	13 132 14 1
59	62	0.0	3	4 53 5
60	88	0.0	3	9 60 17 2
61	132	0.0	3	5 93 33 1
62	329	0.0	3	2 290 36 1
63	243	0.0	3	16 184 38 5
64	124	0.0	3	2 91 26 5
65	173	0.0	3	4 131 32 6
66	326	0.0	3	0 255 66 5
67	813	0.0	3	6 673 125 9
68	1620	0.0	3	2 1361 243 14
69	2632	0.0	3	0 2369 250 13
70	797	0.0	3	9 707 79 2
71	148	0.0	3	3 130 14 1
72	61	0.0	3	0 49 11 1
73	19	0.0	3	1 17 1
74	14	0.0	3	1 13
75	7	0.0	3	0 6 1
76	115	0.0	3	2 95 18


=== Second read: Adapter 2 ===

Sequence: AGATCGGAAGAGCGTCGTGTAGGGAAAGAGTGT; Type: regular 3'; Length: 33; Trimmed: 772301 times

No. of allowed errors:
0-9 bp: 0; 10-19 bp: 1; 20-29 bp: 2; 30-33 bp: 3

Bases preceding removed adapters:
  A: 39.6%
  C: 24.7%
  G: 24.3%
  T: 11.4%
  none/other: 0.0%

Overview of removed sequences
length	count	expect	max.err	error counts
3	589023	423060.0	0	589023
4	137073	105765.0	0	137073
5	29796	26441.2	0	29796
6	6159	6610.3	0	6159
7	1982	1652.6	0	1982
8	1092	413.1	0	1092
9	1730	103.3	0	746 984
10	1776	25.8	1	586 1190
11	958	6.5	1	395 563
12	495	1.6	1	333 162
13	277	0.4	1	249 28
14	247	0.1	1	233 14
15	149	0.0	1	144 5
16	119	0.0	1	115 4
17	119	0.0	1	117 2
18	74	0.0	1	72 2
19	76	0.0	1	73 3
20	32	0.0	2	30 2
21	34	0.0	2	32 2
22	31	0.0	2	31
23	40	0.0	2	30 7 3
24	91	0.0	2	78 13
25	27	0.0	2	22 3 2
26	61	0.0	2	44 14 3
27	176	0.0	2	146 23 7
28	129	0.0	2	112 14 3
29	103	0.0	2	89 11 1 2
30	141	0.0	3	130 9 1 1
31	16	0.0	3	11 2 3
32	30	0.0	3	25 4 0 1
33	5	0.0	3	2 2 1
34	5	0.0	3	4 1
35	9	0.0	3	6 2 1
36	7	0.0	3	4 3
37	3	0.0	3	1 1 0 1
38	1	0.0	3	1
39	5	0.0	3	4 1
40	7	0.0	3	7
41	11	0.0	3	8 3
42	57	0.0	3	41 14 2
43	1	0.0	3	1
44	2	0.0	3	1 1
45	45	0.0	3	39 5 1
46	1	0.0	3	1
48	1	0.0	3	1
49	1	0.0	3	1
50	33	0.0	3	29 4
51	2	0.0	3	2
53	1	0.0	3	1
54	4	0.0	3	4
55	18	0.0	3	18
56	1	0.0	3	1
58	4	0.0	3	3 1
60	4	0.0	3	3 1
63	5	0.0	3	5
64	3	0.0	3	2 1
65	1	0.0	3	1
66	3	0.0	3	3
67	3	0.0	3	1 1 1
68	1	0.0	3	1
73	1	0.0	3	1
