This is cutadapt 2.9 with Python 3.7.10
Command line parameters: -q 10 --minimum-length 25 --cores 80 -a AGATCGGAAGAGCACACGTCTGAACTCCAGTCA -A AGATCGGAAGAGCGTCGTGTAGGGAAAGAGTGT -o prefetch_sra_files/SRR5453762_R1_Trimmed.fastq.gz -p prefetch_sra_files/SRR5453762_R2_Trimmed.fastq.gz prefetch_sra_files/SRR5453762.sra_1.fastq.gz prefetch_sra_files/SRR5453762.sra_2.fastq.gz
Processing reads on 80 cores in paired-end mode ...
Finished in 364.12 s (12 us/read; 5.19 M reads/minute).

=== Summary ===

Total read pairs processed:         31,506,342
  Read 1 with adapter:                 748,081 (2.4%)
  Read 2 with adapter:                 961,016 (3.1%)
Pairs written (passing filters):    30,767,631 (97.7%)

Total basepairs processed: 4,788,963,984 bp
  Read 1: 2,394,481,992 bp
  Read 2: 2,394,481,992 bp
Quality-trimmed:              93,610,684 bp (2.0%)
  Read 1:    14,249,484 bp
  Read 2:    79,361,200 bp
Total written (filtered):  4,632,532,052 bp (96.7%)
  Read 1: 2,324,296,738 bp
  Read 2: 2,308,235,314 bp

=== First read: Adapter 1 ===

Sequence: AGATCGGAAGAGCACACGTCTGAACTCCAGTCA; Type: regular 3'; Length: 33; Trimmed: 748081 times

No. of allowed errors:
0-9 bp: 0; 10-19 bp: 1; 20-29 bp: 2; 30-33 bp: 3

Bases preceding removed adapters:
  A: 33.8%
  C: 25.8%
  G: 22.7%
  T: 15.0%
  none/other: 2.7%

Overview of removed sequences
length	count	expect	max.err	error counts
3	496378	492286.6	0	496378
4	137070	123071.6	0	137070
5	41752	30767.9	0	41752
6	14307	7692.0	0	14307
7	8419	1923.0	0	8419
8	6134	480.7	0	6134
9	5352	120.2	0	4772 580
10	4377	30.0	1	3509 868
11	3137	7.5	1	2766 371
12	2541	1.9	1	2343 198
13	1788	0.5	1	1746 42
14	1346	0.1	1	1315 31
15	1003	0.0	1	983 20
16	770	0.0	1	753 17
17	510	0.0	1	499 11
18	374	0.0	1	368 5 1
19	254	0.0	1	250 4
20	175	0.0	2	166 8 1
21	155	0.0	2	148 7
22	107	0.0	2	103 4
23	94	0.0	2	91 3
24	70	0.0	2	67 3
25	49	0.0	2	47 2
26	51	0.0	2	41 10
27	33	0.0	2	32 0 1
28	21	0.0	2	20 1
29	22	0.0	2	19 3
30	21	0.0	3	20 1
31	22	0.0	3	17 5
32	19	0.0	3	14 4 1
33	25	0.0	3	16 5 3 1
34	32	0.0	3	13 16 3
35	31	0.0	3	19 11 1
36	23	0.0	3	14 7 2
37	32	0.0	3	10 19 1 2
38	38	0.0	3	17 14 7
39	101	0.0	3	15 78 8
40	68	0.0	3	22 40 6
41	63	0.0	3	36 23 4
42	23	0.0	3	15 6 2
43	18	0.0	3	2 14 0 2
44	26	0.0	3	8 16 2
45	57	0.0	3	21 32 4
46	65	0.0	3	42 20 3
47	60	0.0	3	23 33 4
48	50	0.0	3	15 28 7
49	46	0.0	3	17 25 4
50	284	0.0	3	242 40 2
51	79	0.0	3	26 51 2
52	112	0.0	3	27 80 5
53	59	0.0	3	31 25 3
54	112	0.0	3	84 24 3 1
55	217	0.0	3	175 34 5 3
56	105	0.0	3	19 82 3 1
57	47	0.0	3	10 32 3 2
58	67	0.0	3	22 44 1
59	50	0.0	3	9 33 8
60	47	0.0	3	12 30 4 1
61	74	0.0	3	7 62 5
62	201	0.0	3	2 182 17
63	238	0.0	3	6 219 13
64	104	0.0	3	7 85 11 1
65	167	0.0	3	7 147 13
66	309	0.0	3	5 279 24 1
67	487	0.0	3	4 441 40 2
68	878	0.0	3	9 822 42 5
69	756	0.0	3	6 705 41 4
70	1040	0.0	3	4 964 60 12
71	1620	0.0	3	4 1472 121 23
72	3886	0.0	3	9 3538 334 5
73	9449	0.0	3	19 9250 177 3
74	244	0.0	3	39 171 34
75	21	0.0	3	7 14
76	319	0.0	3	2 303 14


=== Second read: Adapter 2 ===

Sequence: AGATCGGAAGAGCGTCGTGTAGGGAAAGAGTGT; Type: regular 3'; Length: 33; Trimmed: 961016 times

No. of allowed errors:
0-9 bp: 0; 10-19 bp: 1; 20-29 bp: 2; 30-33 bp: 3

Bases preceding removed adapters:
  A: 38.6%
  C: 25.1%
  G: 25.1%
  T: 11.3%
  none/other: 0.0%

Overview of removed sequences
length	count	expect	max.err	error counts
3	687218	492286.6	0	687218
4	171890	123071.6	0	171890
5	46992	30767.9	0	46992
6	15568	7692.0	0	15568
7	8652	1923.0	0	8652
8	6014	480.7	0	6014
9	6068	120.2	0	4852 1216
10	4808	30.0	1	3423 1385
11	3377	7.5	1	2734 643
12	2551	1.9	1	2329 222
13	1759	0.5	1	1708 51
14	1382	0.1	1	1364 18
15	928	0.0	1	911 17
16	748	0.0	1	734 14
17	507	0.0	1	494 13
18	312	0.0	1	306 4 2
19	254	0.0	1	249 5
20	160	0.0	2	156 4
21	149	0.0	2	145 3 1
22	102	0.0	2	99 3
23	90	0.0	2	87 3
24	79	0.0	2	76 3
25	44	0.0	2	40 4
26	53	0.0	2	44 3 6
27	39	0.0	2	35 3 1
28	21	0.0	2	19 2
29	14	0.0	2	12 2
30	34	0.0	3	31 3
31	11	0.0	3	10 1
32	12	0.0	3	11 1
33	14	0.0	3	13 1
34	13	0.0	3	12 1
35	20	0.0	3	16 4
36	13	0.0	3	10 3
37	7	0.0	3	5 1 0 1
38	11	0.0	3	10 1
39	14	0.0	3	9 3 1 1
40	16	0.0	3	12 2 2
41	23	0.0	3	17 3 2 1
42	28	0.0	3	26 2
43	4	0.0	3	3 1
44	24	0.0	3	21 2 1
45	52	0.0	3	47 4 1
46	39	0.0	3	34 5
47	24	0.0	3	20 4
48	16	0.0	3	15 1
49	21	0.0	3	19 2
50	250	0.0	3	234 14 2
51	34	0.0	3	30 4
52	14	0.0	3	13 1
53	17	0.0	3	14 3
54	84	0.0	3	81 2 1
55	178	0.0	3	172 5 0 1
56	23	0.0	3	22 1
57	9	0.0	3	9
58	22	0.0	3	21 1
59	10	0.0	3	6 3 1
60	14	0.0	3	13 1
61	11	0.0	3	9 1 0 1
62	5	0.0	3	4 1
63	8	0.0	3	8
64	11	0.0	3	9 0 1 1
65	15	0.0	3	13 2
66	30	0.0	3	20 9 1
67	46	0.0	3	19 23 4
68	54	0.0	3	49 4 1
69	5	0.0	3	5
76	1	0.0	3	0 0 1
