This is cutadapt 2.9 with Python 3.7.10
Command line parameters: -q 10 --minimum-length 25 --cores 80 -a AGATCGGAAGAGCACACGTCTGAACTCCAGTCA -A AGATCGGAAGAGCGTCGTGTAGGGAAAGAGTGT -o prefetch_sra_files/SRR5453765_R1_Trimmed.fastq.gz -p prefetch_sra_files/SRR5453765_R2_Trimmed.fastq.gz prefetch_sra_files/SRR5453765.sra_1.fastq.gz prefetch_sra_files/SRR5453765.sra_2.fastq.gz
Processing reads on 80 cores in paired-end mode ...
Finished in 178.33 s (10 us/read; 5.89 M reads/minute).

=== Summary ===

Total read pairs processed:         17,516,811
  Read 1 with adapter:                 381,074 (2.2%)
  Read 2 with adapter:                 510,954 (2.9%)
Pairs written (passing filters):    17,299,175 (98.8%)

Total basepairs processed: 2,662,555,272 bp
  Read 1: 1,331,277,636 bp
  Read 2: 1,331,277,636 bp
Quality-trimmed:              45,870,429 bp (1.7%)
  Read 1:    14,084,981 bp
  Read 2:    31,785,448 bp
Total written (filtered):  2,596,520,425 bp (97.5%)
  Read 1: 1,300,673,067 bp
  Read 2: 1,295,847,358 bp

=== First read: Adapter 1 ===

Sequence: AGATCGGAAGAGCACACGTCTGAACTCCAGTCA; Type: regular 3'; Length: 33; Trimmed: 381074 times

No. of allowed errors:
0-9 bp: 0; 10-19 bp: 1; 20-29 bp: 2; 30-33 bp: 3

Bases preceding removed adapters:
  A: 34.7%
  C: 26.4%
  G: 21.2%
  T: 15.3%
  none/other: 2.3%

Overview of removed sequences
length	count	expect	max.err	error counts
3	271266	273700.2	0	271266
4	73307	68425.0	0	73307
5	17602	17106.3	0	17602
6	3718	4276.6	0	3718
7	1392	1069.1	0	1392
8	880	267.3	0	880
9	903	66.8	0	586 317
10	800	16.7	1	447 353
11	539	4.2	1	359 180
12	347	1.0	1	276 71
13	222	0.3	1	201 21
14	172	0.1	1	167 5
15	114	0.0	1	110 4
16	81	0.0	1	80 1
17	77	0.0	1	73 4
18	57	0.0	1	55 2
19	30	0.0	1	30
20	25	0.0	2	22 3
21	25	0.0	2	22 3
22	26	0.0	2	26
23	15	0.0	2	15
24	18	0.0	2	17 1
25	11	0.0	2	9 1 1
26	11	0.0	2	9 2
27	13	0.0	2	10 2 1
28	12	0.0	2	6 5 1
29	11	0.0	2	6 5
30	9	0.0	3	4 5
31	9	0.0	3	4 4 1
32	10	0.0	3	7 3
33	18	0.0	3	8 8 2
34	18	0.0	3	5 10 3
35	15	0.0	3	6 8 0 1
36	18	0.0	3	5 8 5
37	38	0.0	3	11 23 3 1
38	50	0.0	3	13 30 5 2
39	75	0.0	3	10 57 7 1
40	89	0.0	3	16 64 8 1
41	45	0.0	3	9 33 2 1
42	23	0.0	3	11 9 3
43	36	0.0	3	5 24 6 1
44	92	0.0	3	3 77 12
45	98	0.0	3	15 72 10 1
46	77	0.0	3	15 55 4 3
47	95	0.0	3	8 82 3 2
48	47	0.0	3	3 40 3 1
49	46	0.0	3	10 32 4
50	165	0.0	3	120 39 5 1
51	117	0.0	3	8 94 14 1
52	141	0.0	3	10 119 11 1
53	34	0.0	3	8 20 6
54	76	0.0	3	41 33 1 1
55	98	0.0	3	47 44 5 2
56	132	0.0	3	3 114 14 1
57	84	0.0	3	5 68 9 2
58	136	0.0	3	7 116 13
59	59	0.0	3	2 45 9 3
60	74	0.0	3	3 62 6 3
61	140	0.0	3	2 115 20 3
62	340	0.0	3	1 305 31 3
63	271	0.0	3	4 233 32 2
64	140	0.0	3	2 117 20 1
65	198	0.0	3	1 167 27 3
66	372	0.0	3	0 326 37 9
67	952	0.0	3	2 830 111 9
68	1603	0.0	3	2 1420 175 6
69	2419	0.0	3	4 2192 217 6
70	609	0.0	3	2 551 53 3
71	147	0.0	3	1 127 18 1
72	41	0.0	3	0 37 4
73	16	0.0	3	2 12 2
74	8	0.0	3	0 7 1
75	8	0.0	3	0 7 1
76	112	0.0	3	1 98 13


=== Second read: Adapter 2 ===

Sequence: AGATCGGAAGAGCGTCGTGTAGGGAAAGAGTGT; Type: regular 3'; Length: 33; Trimmed: 510954 times

No. of allowed errors:
0-9 bp: 0; 10-19 bp: 1; 20-29 bp: 2; 30-33 bp: 3

Bases preceding removed adapters:
  A: 39.8%
  C: 24.7%
  G: 23.9%
  T: 11.5%
  none/other: 0.0%

Overview of removed sequences
length	count	expect	max.err	error counts
3	388730	273700.2	0	388730
4	90888	68425.0	0	90888
5	19674	17106.3	0	19674
6	4360	4276.6	0	4360
7	1481	1069.1	0	1481
8	912	267.3	0	912
9	1283	66.8	0	644 639
10	1143	16.7	1	462 681
11	692	4.2	1	362 330
12	391	1.0	1	290 101
13	248	0.3	1	231 17
14	192	0.1	1	183 9
15	122	0.0	1	118 4
16	87	0.0	1	84 3
17	91	0.0	1	88 3
18	55	0.0	1	53 1 1
19	47	0.0	1	45 1 1
20	26	0.0	2	25 1
21	19	0.0	2	18 0 1
22	23	0.0	2	21 1 1
23	26	0.0	2	19 4 3
24	59	0.0	2	52 6 1
25	18	0.0	2	17 1
26	30	0.0	2	24 6
27	79	0.0	2	67 11 1
28	42	0.0	2	36 4 2
29	47	0.0	2	40 5 2
30	75	0.0	3	70 5
31	5	0.0	3	4 1
32	12	0.0	3	9 3
33	3	0.0	3	3
34	1	0.0	3	0 1
36	3	0.0	3	1 2
37	2	0.0	3	2
38	2	0.0	3	2
39	3	0.0	3	2 1
40	3	0.0	3	2 1
41	6	0.0	3	4 2
42	20	0.0	3	13 7
45	23	0.0	3	17 5 1
47	1	0.0	3	1
48	1	0.0	3	1
49	1	0.0	3	1
50	12	0.0	3	12
51	6	0.0	3	5 1
55	3	0.0	3	2 1
56	1	0.0	3	1
58	3	0.0	3	2 1
64	1	0.0	3	1
65	1	0.0	3	1
67	1	0.0	3	1
