This is cutadapt 2.9 with Python 3.7.10
Command line parameters: -q 10 --minimum-length 25 --cores 80 -a AGATCGGAAGAGCACACGTCTGAACTCCAGTCA -A AGATCGGAAGAGCGTCGTGTAGGGAAAGAGTGT -o prefetch_sra_files/SRR5453742_R1_Trimmed.fastq.gz -p prefetch_sra_files/SRR5453742_R2_Trimmed.fastq.gz prefetch_sra_files/SRR5453742.sra_1.fastq.gz prefetch_sra_files/SRR5453742.sra_2.fastq.gz
Processing reads on 80 cores in paired-end mode ...
Finished in 190.80 s (10 us/read; 6.25 M reads/minute).

=== Summary ===

Total read pairs processed:         19,868,643
  Read 1 with adapter:                 399,045 (2.0%)
  Read 2 with adapter:                 556,029 (2.8%)
Pairs written (passing filters):    19,686,627 (99.1%)

Total basepairs processed: 3,020,033,736 bp
  Read 1: 1,510,016,868 bp
  Read 2: 1,510,016,868 bp
Quality-trimmed:              49,291,331 bp (1.6%)
  Read 1:    16,699,271 bp
  Read 2:    32,592,060 bp
Total written (filtered):  2,953,005,653 bp (97.8%)
  Read 1: 1,479,615,854 bp
  Read 2: 1,473,389,799 bp

=== First read: Adapter 1 ===

Sequence: AGATCGGAAGAGCACACGTCTGAACTCCAGTCA; Type: regular 3'; Length: 33; Trimmed: 399045 times

No. of allowed errors:
0-9 bp: 0; 10-19 bp: 1; 20-29 bp: 2; 30-33 bp: 3

Bases preceding removed adapters:
  A: 35.3%
  C: 25.7%
  G: 23.2%
  T: 15.2%
  none/other: 0.6%

Overview of removed sequences
length	count	expect	max.err	error counts
3	293451	310447.5	0	293451
4	74708	77611.9	0	74708
5	19539	19403.0	0	19539
6	4253	4850.7	0	4253
7	1116	1212.7	0	1116
8	564	303.2	0	564
9	727	75.8	0	350 377
10	718	18.9	1	271 447
11	416	4.7	1	202 214
12	242	1.2	1	143 99
13	133	0.3	1	107 26
14	84	0.1	1	79 5
15	61	0.0	1	57 4
16	50	0.0	1	46 4
17	49	0.0	1	48 1
18	41	0.0	1	39 2
19	31	0.0	1	29 1 1
20	11	0.0	2	10 1
21	17	0.0	2	13 3 1
22	10	0.0	2	8 2
23	9	0.0	2	9
24	12	0.0	2	10 1 1
25	6	0.0	2	6
26	17	0.0	2	14 2 1
27	10	0.0	2	6 4
28	6	0.0	2	6
29	4	0.0	2	3 1
30	4	0.0	3	2 2
31	4	0.0	3	3 1
32	3	0.0	3	3
33	10	0.0	3	7 2 1
34	4	0.0	3	2 1 0 1
35	7	0.0	3	5 2
36	3	0.0	3	3
37	5	0.0	3	3 1 1
38	24	0.0	3	5 14 4 1
39	31	0.0	3	7 19 5
40	36	0.0	3	5 22 8 1
41	30	0.0	3	17 13
42	6	0.0	3	2 3 1
43	6	0.0	3	1 1 3 1
44	29	0.0	3	0 26 3
45	39	0.0	3	11 21 6 1
46	26	0.0	3	7 17 2
47	22	0.0	3	7 12 2 1
48	20	0.0	3	3 13 4
49	17	0.0	3	7 7 3
50	91	0.0	3	73 15 2 1
51	56	0.0	3	7 45 4
52	32	0.0	3	5 25 2
53	14	0.0	3	5 6 3
54	27	0.0	3	13 12 2
55	61	0.0	3	41 19 1
56	40	0.0	3	2 35 3
57	21	0.0	3	2 17 2
58	35	0.0	3	3 27 5
59	19	0.0	3	2 14 3
60	24	0.0	3	3 20 1
61	43	0.0	3	4 30 9
62	93	0.0	3	2 81 10
63	57	0.0	3	3 45 9
64	34	0.0	3	0 33 1
65	54	0.0	3	1 44 8 1
66	90	0.0	3	0 66 23 1
67	221	0.0	3	1 190 26 4
68	393	0.0	3	0 341 49 3
69	750	0.0	3	1 683 65 1
70	195	0.0	3	7 170 17 1
71	40	0.0	3	0 30 8 2
72	9	0.0	3	0 8 1
73	3	0.0	3	0 2 1
75	2	0.0	3	0 2
76	30	0.0	3	0 28 2


=== Second read: Adapter 2 ===

Sequence: AGATCGGAAGAGCGTCGTGTAGGGAAAGAGTGT; Type: regular 3'; Length: 33; Trimmed: 556029 times

No. of allowed errors:
0-9 bp: 0; 10-19 bp: 1; 20-29 bp: 2; 30-33 bp: 3

Bases preceding removed adapters:
  A: 38.4%
  C: 25.9%
  G: 26.0%
  T: 9.7%
  none/other: 0.0%

Overview of removed sequences
length	count	expect	max.err	error counts
3	421745	310447.5	0	421745
4	98905	77611.9	0	98905
5	24150	19403.0	0	24150
6	5098	4850.7	0	5098
7	1317	1212.7	0	1317
8	599	303.2	0	599
9	1142	75.8	0	380 762
10	1250	18.9	1	296 954
11	679	4.7	1	215 464
12	293	1.2	1	150 143
13	147	0.3	1	123 24
14	108	0.1	1	92 16
15	53	0.0	1	48 5
16	59	0.0	1	52 7
17	53	0.0	1	51 2
18	44	0.0	1	42 2
19	30	0.0	1	29 1
20	11	0.0	2	10 1
21	12	0.0	2	12
22	8	0.0	2	8
23	14	0.0	2	12 1 1
24	38	0.0	2	34 4
25	10	0.0	2	8 1 1
26	21	0.0	2	19 2
27	49	0.0	2	46 2 1
28	42	0.0	2	37 5
29	26	0.0	2	23 3
30	39	0.0	3	37 1 0 1
31	3	0.0	3	3
32	5	0.0	3	3 2
33	3	0.0	3	3
34	3	0.0	3	3
35	1	0.0	3	1
36	3	0.0	3	3
37	3	0.0	3	2 1
38	3	0.0	3	1 2
40	2	0.0	3	1 1
41	6	0.0	3	3 3
42	21	0.0	3	14 5 2
44	2	0.0	3	2
45	14	0.0	3	12 2
50	5	0.0	3	4 1
51	1	0.0	3	1
55	3	0.0	3	3
57	1	0.0	3	1
60	2	0.0	3	2
61	1	0.0	3	1
62	1	0.0	3	1
65	1	0.0	3	1
66	1	0.0	3	1
70	1	0.0	3	1
71	1	0.0	3	0 1
