This is cutadapt 2.9 with Python 3.7.10
Command line parameters: -q 10 --minimum-length 25 --cores 80 -a AGATCGGAAGAGCACACGTCTGAACTCCAGTCA -A AGATCGGAAGAGCGTCGTGTAGGGAAAGAGTGT -o prefetch_sra_files/SRR5453764_R1_Trimmed.fastq.gz -p prefetch_sra_files/SRR5453764_R2_Trimmed.fastq.gz prefetch_sra_files/SRR5453764.sra_1.fastq.gz prefetch_sra_files/SRR5453764.sra_2.fastq.gz
Processing reads on 80 cores in paired-end mode ...
Finished in 360.35 s (10 us/read; 5.99 M reads/minute).

=== Summary ===

Total read pairs processed:         36,000,000
  Read 1 with adapter:                 854,370 (2.4%)
  Read 2 with adapter:               1,098,938 (3.1%)
Pairs written (passing filters):    35,322,442 (98.1%)

Total basepairs processed: 5,472,000,000 bp
  Read 1: 2,736,000,000 bp
  Read 2: 2,736,000,000 bp
Quality-trimmed:              90,591,346 bp (1.7%)
  Read 1:    15,613,878 bp
  Read 2:    74,977,468 bp
Total written (filtered):  5,322,204,762 bp (97.3%)
  Read 1: 2,668,876,695 bp
  Read 2: 2,653,328,067 bp

=== First read: Adapter 1 ===

Sequence: AGATCGGAAGAGCACACGTCTGAACTCCAGTCA; Type: regular 3'; Length: 33; Trimmed: 854370 times

No. of allowed errors:
0-9 bp: 0; 10-19 bp: 1; 20-29 bp: 2; 30-33 bp: 3

Bases preceding removed adapters:
  A: 35.2%
  C: 25.4%
  G: 22.6%
  T: 15.7%
  none/other: 1.1%

Overview of removed sequences
length	count	expect	max.err	error counts
3	578533	562500.0	0	578533
4	162965	140625.0	0	162965
5	45461	35156.2	0	45461
6	16063	8789.1	0	16063
7	9656	2197.3	0	9656
8	6843	549.3	0	6843
9	5992	137.3	0	5362 630
10	4991	34.3	1	4034 957
11	3408	8.6	1	3060 348
12	2664	2.1	1	2504 160
13	1991	0.5	1	1916 75
14	1512	0.1	1	1471 41
15	1080	0.0	1	1062 18
16	779	0.0	1	758 21
17	569	0.0	1	553 16
18	394	0.0	1	387 6 1
19	266	0.0	1	256 10
20	200	0.0	2	195 5
21	162	0.0	2	157 3 2
22	99	0.0	2	98 1
23	111	0.0	2	108 3
24	78	0.0	2	77 1
25	55	0.0	2	50 5
26	38	0.0	2	35 2 1
27	29	0.0	2	25 3 1
28	22	0.0	2	18 4
29	20	0.0	2	17 3
30	18	0.0	3	16 1 1
31	14	0.0	3	13 1
32	12	0.0	3	10 1 1
33	14	0.0	3	14
34	10	0.0	3	6 4
35	23	0.0	3	18 3 2
36	12	0.0	3	10 2
37	30	0.0	3	16 14
38	24	0.0	3	16 7 0 1
39	16	0.0	3	9 4 3
40	27	0.0	3	10 13 4
41	38	0.0	3	30 8
42	15	0.0	3	11 4
43	10	0.0	3	5 5
44	10	0.0	3	6 4
45	37	0.0	3	29 8
46	57	0.0	3	48 4 5
47	31	0.0	3	20 10 1
48	30	0.0	3	16 13 1
49	36	0.0	3	14 17 4 1
50	334	0.0	3	289 37 8
51	49	0.0	3	18 30 1
52	62	0.0	3	16 43 3
53	39	0.0	3	19 16 4
54	102	0.0	3	83 19
55	205	0.0	3	177 22 6
56	57	0.0	3	18 37 2
57	30	0.0	3	10 19 1
58	36	0.0	3	11 23 2
59	24	0.0	3	3 16 5
60	29	0.0	3	13 13 2 1
61	34	0.0	3	5 24 3 2
62	94	0.0	3	3 80 10 1
63	113	0.0	3	6 103 4
64	50	0.0	3	0 45 4 1
65	66	0.0	3	5 56 5
66	137	0.0	3	2 132 3
67	196	0.0	3	1 177 16 2
68	375	0.0	3	3 348 22 2
69	452	0.0	3	6 422 22 2
70	490	0.0	3	6 439 43 2
71	719	0.0	3	6 647 55 11
72	1792	0.0	3	8 1601 181 2
73	4130	0.0	3	13 4047 69 1
74	143	0.0	3	33 84 25 1
75	23	0.0	3	12 10 1
76	144	0.0	3	2 134 8


=== Second read: Adapter 2 ===

Sequence: AGATCGGAAGAGCGTCGTGTAGGGAAAGAGTGT; Type: regular 3'; Length: 33; Trimmed: 1098938 times

No. of allowed errors:
0-9 bp: 0; 10-19 bp: 1; 20-29 bp: 2; 30-33 bp: 3

Bases preceding removed adapters:
  A: 39.1%
  C: 23.8%
  G: 24.3%
  T: 12.8%
  none/other: 0.0%

Overview of removed sequences
length	count	expect	max.err	error counts
3	794135	562500.0	0	794135
4	195030	140625.0	0	195030
5	49830	35156.2	0	49830
6	16523	8789.1	0	16523
7	9683	2197.3	0	9683
8	6777	549.3	0	6777
9	6700	137.3	0	5478 1222
10	5381	34.3	1	3900 1481
11	3700	8.6	1	3015 685
12	2773	2.1	1	2537 236
13	1956	0.5	1	1903 53
14	1553	0.1	1	1512 41
15	1008	0.0	1	985 23
16	744	0.0	1	728 16
17	545	0.0	1	530 15
18	348	0.0	1	340 8
19	285	0.0	1	278 7
20	177	0.0	2	174 3
21	164	0.0	2	162 2
22	95	0.0	2	94 0 1
23	113	0.0	2	108 4 1
24	78	0.0	2	73 4 1
25	47	0.0	2	45 2
26	43	0.0	2	38 3 2
27	34	0.0	2	30 4
28	26	0.0	2	23 3
29	27	0.0	2	25 1 1
30	30	0.0	3	30
31	8	0.0	3	6 2
32	11	0.0	3	10 0 1
33	13	0.0	3	13
34	13	0.0	3	11 1 1
35	10	0.0	3	10
36	7	0.0	3	6 0 0 1
37	12	0.0	3	11 0 1
38	14	0.0	3	10 3 0 1
39	10	0.0	3	10
40	10	0.0	3	10
41	13	0.0	3	12 1
42	27	0.0	3	21 6
43	10	0.0	3	7 3
44	16	0.0	3	12 2 1 1
45	53	0.0	3	44 9
46	44	0.0	3	40 3 1
47	25	0.0	3	24 1
48	16	0.0	3	14 2
49	10	0.0	3	9 0 1
50	294	0.0	3	281 12 1
51	27	0.0	3	26 1
52	8	0.0	3	8
53	11	0.0	3	9 1 1
54	77	0.0	3	72 4 1
55	180	0.0	3	173 7
56	16	0.0	3	14 2
57	13	0.0	3	12 1
58	9	0.0	3	9
59	2	0.0	3	2
60	16	0.0	3	16
61	7	0.0	3	7
62	4	0.0	3	2 2
63	14	0.0	3	13 1
64	6	0.0	3	5 0 1
65	10	0.0	3	10
66	18	0.0	3	14 4
67	48	0.0	3	13 31 3 1
68	47	0.0	3	46 1
69	3	0.0	3	3
76	1	0.0	3	1
