This is cutadapt 2.9 with Python 3.7.10
Command line parameters: -q 10 --minimum-length 25 --cores 80 -a AGATCGGAAGAGCACACGTCTGAACTCCAGTCA -A AGATCGGAAGAGCGTCGTGTAGGGAAAGAGTGT -o prefetch_sra_files/SRR5453750_R1_Trimmed.fastq.gz -p prefetch_sra_files/SRR5453750_R2_Trimmed.fastq.gz prefetch_sra_files/SRR5453750.sra_1.fastq.gz prefetch_sra_files/SRR5453750.sra_2.fastq.gz
Processing reads on 80 cores in paired-end mode ...
Finished in 312.25 s (10 us/read; 5.91 M reads/minute).

=== Summary ===

Total read pairs processed:         30,752,947
  Read 1 with adapter:                 628,839 (2.0%)
  Read 2 with adapter:                 868,873 (2.8%)
Pairs written (passing filters):    29,215,630 (95.0%)

Total basepairs processed: 4,674,447,944 bp
  Read 1: 2,337,223,972 bp
  Read 2: 2,337,223,972 bp
Quality-trimmed:             232,163,129 bp (5.0%)
  Read 1:    63,206,395 bp
  Read 2:   168,956,734 bp
Total written (filtered):  4,320,967,836 bp (92.4%)
  Read 1: 2,163,703,942 bp
  Read 2: 2,157,263,894 bp

=== First read: Adapter 1 ===

Sequence: AGATCGGAAGAGCACACGTCTGAACTCCAGTCA; Type: regular 3'; Length: 33; Trimmed: 628839 times

No. of allowed errors:
0-9 bp: 0; 10-19 bp: 1; 20-29 bp: 2; 30-33 bp: 3

Bases preceding removed adapters:
  A: 34.9%
  C: 26.7%
  G: 22.4%
  T: 15.1%
  none/other: 0.9%

Overview of removed sequences
length	count	expect	max.err	error counts
3	439037	480514.8	0	439037
4	111797	120128.7	0	111797
5	37592	30032.2	0	37592
6	10760	7508.0	0	10760
7	5744	1877.0	0	5744
8	3677	469.3	0	3677
9	3913	117.3	0	3338 575
10	3120	29.3	1	2231 889
11	1796	7.3	1	1420 376
12	1350	1.8	1	1236 114
13	1047	0.5	1	992 55
14	708	0.1	1	677 31
15	567	0.0	1	554 13
16	328	0.0	1	316 12
17	287	0.0	1	282 5
18	184	0.0	1	179 5
19	118	0.0	1	114 3 1
20	82	0.0	2	79 3
21	65	0.0	2	63 2
22	51	0.0	2	49 2
23	43	0.0	2	38 3 2
24	45	0.0	2	42 3
25	28	0.0	2	27 1
26	20	0.0	2	17 1 2
27	13	0.0	2	13
28	8	0.0	2	6 2
29	12	0.0	2	12
30	13	0.0	3	10 2 1
31	6	0.0	3	5 0 1
32	7	0.0	3	4 1 1 1
33	11	0.0	3	4 4 3
34	13	0.0	3	8 5
35	9	0.0	3	4 3 2
36	18	0.0	3	14 1 3
37	21	0.0	3	9 6 4 2
38	40	0.0	3	30 5 2 3
39	24	0.0	3	10 4 9 1
40	35	0.0	3	13 11 10 1
41	26	0.0	3	15 8 2 1
42	7	0.0	3	4 2 1
43	2	0.0	3	0 2
44	18	0.0	3	13 2 2 1
45	40	0.0	3	23 8 8 1
46	17	0.0	3	11 3 1 2
47	20	0.0	3	7 8 4 1
48	33	0.0	3	20 6 6 1
49	126	0.0	3	104 14 6 2
50	31	0.0	3	18 10 2 1
51	30	0.0	3	10 11 8 1
52	49	0.0	3	15 20 13 1
53	102	0.0	3	85 12 4 1
54	57	0.0	3	40 12 4 1
55	15	0.0	3	6 5 4
56	35	0.0	3	5 25 5
57	25	0.0	3	8 8 8 1
58	25	0.0	3	1 15 7 2
59	21	0.0	3	5 11 3 2
60	22	0.0	3	3 12 4 3
61	22	0.0	3	2 12 6 2
62	70	0.0	3	3 40 23 4
63	69	0.0	3	3 35 27 4
64	38	0.0	3	5 24 7 2
65	58	0.0	3	1 27 22 8
66	120	0.0	3	0 77 35 8
67	202	0.0	3	1 135 61 5
68	326	0.0	3	1 209 106 10
69	310	0.0	3	0 200 99 11
70	406	0.0	3	2 271 117 16
71	726	0.0	3	4 481 230 11
72	1447	0.0	3	4 1073 355 15
73	1683	0.0	3	5 1355 313 10
74	62	0.0	3	14 29 18 1
75	10	0.0	3	0 6 3 1


=== Second read: Adapter 2 ===

Sequence: AGATCGGAAGAGCGTCGTGTAGGGAAAGAGTGT; Type: regular 3'; Length: 33; Trimmed: 868873 times

No. of allowed errors:
0-9 bp: 0; 10-19 bp: 1; 20-29 bp: 2; 30-33 bp: 3

Bases preceding removed adapters:
  A: 38.5%
  C: 25.4%
  G: 24.6%
  T: 11.5%
  none/other: 0.0%

Overview of removed sequences
length	count	expect	max.err	error counts
3	627397	480514.8	0	627397
4	155078	120128.7	0	155078
5	42040	30032.2	0	42040
6	13295	7508.0	0	13295
7	6988	1877.0	0	6988
8	4840	469.3	0	4840
9	4941	117.3	0	3781 1160
10	4052	29.3	1	2800 1252
11	2813	7.3	1	2178 635
12	1888	1.8	1	1733 155
13	1366	0.5	1	1318 48
14	1094	0.1	1	1076 18
15	627	0.0	1	622 5
16	550	0.0	1	547 3
17	393	0.0	1	388 5
18	201	0.0	1	199 2
19	179	0.0	1	176 2 1
20	120	0.0	2	118 1 1
21	83	0.0	2	82 1
22	63	0.0	2	61 0 2
23	56	0.0	2	52 0 4
24	42	0.0	2	42
25	43	0.0	2	39 3 1
26	35	0.0	2	28 1 6
27	27	0.0	2	23 1 3
28	17	0.0	2	15 0 2
29	10	0.0	2	5 3 2
30	17	0.0	3	14 3
31	3	0.0	3	2 1
32	8	0.0	3	7 0 0 1
33	2	0.0	3	1 1
34	5	0.0	3	3 1 1
35	9	0.0	3	7 0 2
36	6	0.0	3	3 3
37	5	0.0	3	4 1
38	3	0.0	3	1 1 0 1
39	7	0.0	3	5 2
40	15	0.0	3	15
41	6	0.0	3	2 2 1 1
42	34	0.0	3	27 6 1
43	6	0.0	3	3 2 1
44	10	0.0	3	5 4 0 1
45	38	0.0	3	30 5 2 1
46	29	0.0	3	28 1
47	13	0.0	3	12 1
48	15	0.0	3	14 0 0 1
49	11	0.0	3	11
50	129	0.0	3	119 9 1
51	24	0.0	3	22 2
52	5	0.0	3	5
53	6	0.0	3	6
54	30	0.0	3	29 1
55	75	0.0	3	74 1
56	7	0.0	3	6 1
57	5	0.0	3	4 0 0 1
58	8	0.0	3	7 1
59	3	0.0	3	3
60	6	0.0	3	6
61	5	0.0	3	5
62	5	0.0	3	1 3 1
63	14	0.0	3	8 5 1
64	11	0.0	3	5 6
65	10	0.0	3	4 6
66	15	0.0	3	6 9
67	25	0.0	3	14 10 1
68	7	0.0	3	6 0 1
69	1	0.0	3	1
74	1	0.0	3	0 1
75	1	0.0	3	0 0 1
