This is cutadapt 2.9 with Python 3.7.10
Command line parameters: -q 10 --minimum-length 25 --cores 80 -a AGATCGGAAGAGCACACGTCTGAACTCCAGTCA -A AGATCGGAAGAGCGTCGTGTAGGGAAAGAGTGT -o prefetch_sra_files/SRR5453751_R1_Trimmed.fastq.gz -p prefetch_sra_files/SRR5453751_R2_Trimmed.fastq.gz prefetch_sra_files/SRR5453751.sra_1.fastq.gz prefetch_sra_files/SRR5453751.sra_2.fastq.gz
Processing reads on 80 cores in paired-end mode ...
Finished in 193.17 s (10 us/read; 6.06 M reads/minute).

=== Summary ===

Total read pairs processed:         19,505,248
  Read 1 with adapter:                 411,578 (2.1%)
  Read 2 with adapter:                 550,345 (2.8%)
Pairs written (passing filters):    19,354,265 (99.2%)

Total basepairs processed: 2,964,797,696 bp
  Read 1: 1,482,398,848 bp
  Read 2: 1,482,398,848 bp
Quality-trimmed:              42,329,944 bp (1.4%)
  Read 1:    15,049,639 bp
  Read 2:    27,280,305 bp
Total written (filtered):  2,907,130,375 bp (98.1%)
  Read 1: 1,455,936,509 bp
  Read 2: 1,451,193,866 bp

=== First read: Adapter 1 ===

Sequence: AGATCGGAAGAGCACACGTCTGAACTCCAGTCA; Type: regular 3'; Length: 33; Trimmed: 411578 times

No. of allowed errors:
0-9 bp: 0; 10-19 bp: 1; 20-29 bp: 2; 30-33 bp: 3

Bases preceding removed adapters:
  A: 34.4%
  C: 26.9%
  G: 21.8%
  T: 15.1%
  none/other: 1.9%

Overview of removed sequences
length	count	expect	max.err	error counts
3	293794	304769.5	0	293794
4	81912	76192.4	0	81912
5	18865	19048.1	0	18865
6	3801	4762.0	0	3801
7	1153	1190.5	0	1153
8	634	297.6	0	634
9	678	74.4	0	382 296
10	660	18.6	1	267 393
11	375	4.7	1	199 176
12	229	1.2	1	168 61
13	172	0.3	1	154 18
14	108	0.1	1	106 2
15	81	0.0	1	81
16	73	0.0	1	71 2
17	53	0.0	1	51 2
18	54	0.0	1	52 2
19	25	0.0	1	25
20	29	0.0	2	27 2
21	16	0.0	2	16
22	21	0.0	2	18 3
23	16	0.0	2	13 3
24	14	0.0	2	13 1
25	18	0.0	2	15 2 1
26	12	0.0	2	10 1 1
27	11	0.0	2	10 0 1
28	13	0.0	2	11 0 2
29	9	0.0	2	6 3
30	14	0.0	3	12 1 1
31	8	0.0	3	5 2 1
32	9	0.0	3	6 2 0 1
33	10	0.0	3	8 0 2
34	12	0.0	3	8 2 2
35	15	0.0	3	5 8 2
36	28	0.0	3	13 10 5
37	35	0.0	3	8 23 4
38	34	0.0	3	19 11 3 1
39	41	0.0	3	13 21 6 1
40	77	0.0	3	23 49 5
41	64	0.0	3	34 24 5 1
42	27	0.0	3	11 14 2
43	31	0.0	3	10 15 5 1
44	125	0.0	3	9 108 8
45	121	0.0	3	45 71 5
46	123	0.0	3	44 72 6 1
47	72	0.0	3	16 52 3 1
48	76	0.0	3	23 48 5
49	62	0.0	3	29 28 3 2
50	429	0.0	3	348 65 16
51	190	0.0	3	22 159 9
52	119	0.0	3	18 88 11 2
53	55	0.0	3	22 27 6
54	85	0.0	3	47 38
55	226	0.0	3	172 40 11 3
56	120	0.0	3	10 98 12
57	58	0.0	3	10 43 5
58	89	0.0	3	6 77 6
59	42	0.0	3	2 34 6
60	59	0.0	3	12 41 5 1
61	82	0.0	3	2 62 16 2
62	252	0.0	3	1 224 24 3
63	179	0.0	3	11 145 20 3
64	86	0.0	3	2 68 14 2
65	132	0.0	3	0 102 27 3
66	235	0.0	3	0 187 41 7
67	648	0.0	3	0 555 85 8
68	1142	0.0	3	2 965 163 12
69	2687	0.0	3	11 2475 190 11
70	605	0.0	3	10 548 45 2
71	79	0.0	3	2 68 9
72	40	0.0	3	0 36 4
73	12	0.0	3	0 11 1
74	9	0.0	3	0 7 2
75	3	0.0	3	1 2
76	105	0.0	3	0 91 13 1


=== Second read: Adapter 2 ===

Sequence: AGATCGGAAGAGCGTCGTGTAGGGAAAGAGTGT; Type: regular 3'; Length: 33; Trimmed: 550345 times

No. of allowed errors:
0-9 bp: 0; 10-19 bp: 1; 20-29 bp: 2; 30-33 bp: 3

Bases preceding removed adapters:
  A: 39.3%
  C: 24.6%
  G: 24.4%
  T: 11.7%
  none/other: 0.0%

Overview of removed sequences
length	count	expect	max.err	error counts
3	420314	304769.5	0	420314
4	97332	76192.4	0	97332
5	21494	19048.1	0	21494
6	4317	4762.0	0	4317
7	1296	1190.5	0	1296
8	667	297.6	0	667
9	1168	74.4	0	434 734
10	1080	18.6	1	299 781
11	590	4.7	1	212 378
12	290	1.2	1	180 110
13	207	0.3	1	179 28
14	153	0.1	1	139 14
15	83	0.0	1	80 3
16	85	0.0	1	82 3
17	96	0.0	1	91 5
18	55	0.0	1	54 1
19	50	0.0	1	49 1
20	29	0.0	2	28 1
21	15	0.0	2	14 1
22	22	0.0	2	22
23	29	0.0	2	24 4 1
24	85	0.0	2	71 14
25	27	0.0	2	23 3 1
26	47	0.0	2	40 4 3
27	162	0.0	2	150 10 1 1
28	94	0.0	2	85 9
29	107	0.0	2	99 7 1
30	170	0.0	3	166 4
31	10	0.0	3	8 2
32	41	0.0	3	37 3 1
33	8	0.0	3	6 1 1
34	3	0.0	3	2 1
35	7	0.0	3	4 3
36	7	0.0	3	3 3 1
37	6	0.0	3	4 2
38	2	0.0	3	2
39	4	0.0	3	2 2
40	3	0.0	3	3
41	7	0.0	3	5 2
42	50	0.0	3	40 10
43	2	0.0	3	2
44	7	0.0	3	4 3
45	56	0.0	3	49 6 1
46	1	0.0	3	1
47	1	0.0	3	1
50	29	0.0	3	24 3 2
51	6	0.0	3	6
53	2	0.0	3	2
54	1	0.0	3	1
55	8	0.0	3	8
56	1	0.0	3	1
57	1	0.0	3	1
59	2	0.0	3	1 0 0 1
60	3	0.0	3	3
62	1	0.0	3	0 1
63	2	0.0	3	2
64	1	0.0	3	1
65	3	0.0	3	3
66	3	0.0	3	3
68	1	0.0	3	1
69	2	0.0	3	1 1
