This is cutadapt 2.9 with Python 3.7.10
Command line parameters: -q 10 --minimum-length 25 --cores 80 -a AGATCGGAAGAGCACACGTCTGAACTCCAGTCA -A AGATCGGAAGAGCGTCGTGTAGGGAAAGAGTGT -o prefetch_sra_files/SRR5453755_R1_Trimmed.fastq.gz -p prefetch_sra_files/SRR5453755_R2_Trimmed.fastq.gz prefetch_sra_files/SRR5453755.sra_1.fastq.gz prefetch_sra_files/SRR5453755.sra_2.fastq.gz
Processing reads on 80 cores in paired-end mode ...
Finished in 256.12 s (10 us/read; 5.97 M reads/minute).

=== Summary ===

Total read pairs processed:         25,504,584
  Read 1 with adapter:                 545,592 (2.1%)
  Read 2 with adapter:                 742,047 (2.9%)
Pairs written (passing filters):    25,168,754 (98.7%)

Total basepairs processed: 3,876,696,768 bp
  Read 1: 1,938,348,384 bp
  Read 2: 1,938,348,384 bp
Quality-trimmed:              71,681,217 bp (1.8%)
  Read 1:    21,571,907 bp
  Read 2:    50,109,310 bp
Total written (filtered):  3,774,279,252 bp (97.4%)
  Read 1: 1,891,521,034 bp
  Read 2: 1,882,758,218 bp

=== First read: Adapter 1 ===

Sequence: AGATCGGAAGAGCACACGTCTGAACTCCAGTCA; Type: regular 3'; Length: 33; Trimmed: 545592 times

No. of allowed errors:
0-9 bp: 0; 10-19 bp: 1; 20-29 bp: 2; 30-33 bp: 3

Bases preceding removed adapters:
  A: 34.9%
  C: 25.9%
  G: 21.4%
  T: 15.3%
  none/other: 2.4%

Overview of removed sequences
length	count	expect	max.err	error counts
3	390869	398509.1	0	390869
4	103296	99627.3	0	103296
5	24640	24906.8	0	24640
6	5435	6226.7	0	5435
7	1668	1556.7	0	1668
8	1021	389.2	0	1021
9	1164	97.3	0	713 451
10	1147	24.3	1	532 615
11	615	6.1	1	401 214
12	419	1.5	1	318 101
13	242	0.4	1	219 23
14	185	0.1	1	181 4
15	151	0.0	1	144 7
16	112	0.0	1	108 4
17	94	0.0	1	87 7
18	57	0.0	1	53 4
19	62	0.0	1	54 8
20	39	0.0	2	35 1 3
21	37	0.0	2	33 4
22	35	0.0	2	32 3
23	25	0.0	2	21 4
24	18	0.0	2	15 3
25	26	0.0	2	20 5 1
26	15	0.0	2	14 1
27	20	0.0	2	16 2 2
28	19	0.0	2	9 8 2
29	18	0.0	2	10 7 1
30	14	0.0	3	10 3 1
31	13	0.0	3	8 4 1
32	14	0.0	3	7 4 2 1
33	15	0.0	3	8 3 4
34	13	0.0	3	3 5 2 3
35	13	0.0	3	4 3 4 2
36	39	0.0	3	5 24 8 2
37	80	0.0	3	19 43 14 4
38	93	0.0	3	11 64 14 4
39	73	0.0	3	13 39 20 1
40	123	0.0	3	7 89 23 4
41	69	0.0	3	17 40 10 2
42	72	0.0	3	6 52 12 2
43	67	0.0	3	8 38 19 2
44	236	0.0	3	9 209 15 3
45	246	0.0	3	20 192 32 2
46	179	0.0	3	16 145 16 2
47	89	0.0	3	10 67 11 1
48	102	0.0	3	8 84 7 3
49	62	0.0	3	14 38 9 1
50	236	0.0	3	151 72 12 1
51	190	0.0	3	17 146 25 2
52	154	0.0	3	12 129 9 4
53	55	0.0	3	14 31 9 1
54	99	0.0	3	38 51 7 3
55	189	0.0	3	90 80 16 3
56	194	0.0	3	5 170 17 2
57	138	0.0	3	6 106 23 3
58	192	0.0	3	5 159 25 3
59	88	0.0	3	2 69 16 1
60	113	0.0	3	6 80 22 5
61	189	0.0	3	4 151 32 2
62	488	0.0	3	4 395 82 7
63	358	0.0	3	6 280 68 4
64	215	0.0	3	1 164 45 5
65	332	0.0	3	1 247 75 9
66	517	0.0	3	0 402 101 14
67	1399	0.0	3	2 1174 203 20
68	2475	0.0	3	3 2092 348 32
69	3634	0.0	3	5 3245 373 11
70	825	0.0	3	3 720 95 7
71	212	0.0	3	2 182 28
72	69	0.0	3	0 61 8
73	22	0.0	3	0 17 5
74	19	0.0	3	0 14 4 1
75	10	0.0	3	0 8 1 1
76	139	0.0	3	0 121 17 1


=== Second read: Adapter 2 ===

Sequence: AGATCGGAAGAGCGTCGTGTAGGGAAAGAGTGT; Type: regular 3'; Length: 33; Trimmed: 742047 times

No. of allowed errors:
0-9 bp: 0; 10-19 bp: 1; 20-29 bp: 2; 30-33 bp: 3

Bases preceding removed adapters:
  A: 40.1%
  C: 24.5%
  G: 24.1%
  T: 11.3%
  none/other: 0.0%

Overview of removed sequences
length	count	expect	max.err	error counts
3	567005	398509.1	0	567005
4	131021	99627.3	0	131021
5	28443	24906.8	0	28443
6	6013	6226.7	0	6013
7	1851	1556.7	0	1851
8	1070	389.2	0	1070
9	1802	97.3	0	780 1022
10	1716	24.3	1	562 1154
11	913	6.1	1	403 510
12	477	1.5	1	335 142
13	275	0.4	1	247 28
14	222	0.1	1	203 19
15	151	0.0	1	144 7
16	123	0.0	1	118 5
17	115	0.0	1	111 4
18	52	0.0	1	50 1 1
19	62	0.0	1	60 2
20	36	0.0	2	35 1
21	36	0.0	2	34 2
22	31	0.0	2	29 1 1
23	32	0.0	2	28 3 1
24	65	0.0	2	55 9 1
25	25	0.0	2	22 2 1
26	32	0.0	2	25 6 1
27	102	0.0	2	83 15 3 1
28	70	0.0	2	58 10 2
29	54	0.0	2	47 5 2
30	82	0.0	3	78 4
31	9	0.0	3	9
32	20	0.0	3	19 1
33	3	0.0	3	2 1
34	4	0.0	3	2 1 0 1
35	4	0.0	3	3 1
36	4	0.0	3	3 1
37	4	0.0	3	2 1 1
38	2	0.0	3	1 1
39	3	0.0	3	2 0 0 1
40	5	0.0	3	3 1 1
41	4	0.0	3	2 1 0 1
42	35	0.0	3	29 5 0 1
43	2	0.0	3	1 1
44	7	0.0	3	5 2
45	26	0.0	3	20 5 1
47	1	0.0	3	1
48	1	0.0	3	1
49	2	0.0	3	2
50	13	0.0	3	12 1
51	3	0.0	3	3
52	3	0.0	3	2 0 1
54	1	0.0	3	1
55	6	0.0	3	5 1
58	2	0.0	3	1 1
60	1	0.0	3	1
63	1	0.0	3	1
65	1	0.0	3	1
67	1	0.0	3	0 1
68	1	0.0	3	1
71	2	0.0	3	2
