This is cutadapt 2.9 with Python 3.7.10
Command line parameters: -q 10 --minimum-length 25 --cores 80 -a AGATCGGAAGAGCACACGTCTGAACTCCAGTCA -A AGATCGGAAGAGCGTCGTGTAGGGAAAGAGTGT -o prefetch_sra_files/SRR5453754_R1_Trimmed.fastq.gz -p prefetch_sra_files/SRR5453754_R2_Trimmed.fastq.gz prefetch_sra_files/SRR5453754.sra_1.fastq.gz prefetch_sra_files/SRR5453754.sra_2.fastq.gz
Processing reads on 80 cores in paired-end mode ...
Finished in 277.21 s (9 us/read; 6.56 M reads/minute).

=== Summary ===

Total read pairs processed:         30,296,563
  Read 1 with adapter:                 621,331 (2.1%)
  Read 2 with adapter:                 862,832 (2.8%)
Pairs written (passing filters):    29,040,185 (95.9%)

Total basepairs processed: 4,605,077,576 bp
  Read 1: 2,302,538,788 bp
  Read 2: 2,302,538,788 bp
Quality-trimmed:             203,413,044 bp (4.4%)
  Read 1:    60,687,081 bp
  Read 2:   142,725,963 bp
Total written (filtered):  4,301,412,191 bp (93.4%)
  Read 1: 2,151,854,533 bp
  Read 2: 2,149,557,658 bp

=== First read: Adapter 1 ===

Sequence: AGATCGGAAGAGCACACGTCTGAACTCCAGTCA; Type: regular 3'; Length: 33; Trimmed: 621331 times

No. of allowed errors:
0-9 bp: 0; 10-19 bp: 1; 20-29 bp: 2; 30-33 bp: 3

Bases preceding removed adapters:
  A: 35.2%
  C: 26.7%
  G: 21.8%
  T: 15.5%
  none/other: 0.8%

Overview of removed sequences
length	count	expect	max.err	error counts
3	441429	473383.8	0	441429
4	111486	118345.9	0	111486
5	34510	29586.5	0	34510
6	9375	7396.6	0	9375
7	4391	1849.2	0	4391
8	3000	462.3	0	3000
9	3114	115.6	0	2596 518
10	2646	28.9	1	1686 960
11	1491	7.2	1	1155 336
12	999	1.8	1	902 97
13	749	0.5	1	714 35
14	622	0.1	1	608 14
15	386	0.0	1	374 12
16	274	0.0	1	268 6
17	216	0.0	1	208 8
18	150	0.0	1	145 5
19	84	0.0	1	80 3 1
20	64	0.0	2	63 1
21	61	0.0	2	60 1
22	26	0.0	2	25 1
23	40	0.0	2	36 4
24	17	0.0	2	16 0 1
25	21	0.0	2	19 2
26	11	0.0	2	9 1 1
27	12	0.0	2	10 1 1
28	10	0.0	2	7 2 1
29	7	0.0	2	4 2 1
30	4	0.0	3	3 1
31	8	0.0	3	6 1 1
32	9	0.0	3	4 4 1
33	13	0.0	3	8 3 2
34	13	0.0	3	3 7 3
35	8	0.0	3	5 1 2
36	20	0.0	3	5 7 8
37	22	0.0	3	8 8 6
38	25	0.0	3	6 12 6 1
39	41	0.0	3	17 14 9 1
40	59	0.0	3	24 21 10 4
41	100	0.0	3	80 13 7
42	42	0.0	3	32 2 7 1
43	27	0.0	3	15 5 6 1
44	47	0.0	3	42 2 2 1
45	62	0.0	3	35 16 11
46	50	0.0	3	35 6 9
47	35	0.0	3	19 10 6
48	46	0.0	3	22 21 2 1
49	149	0.0	3	129 14 3 3
50	41	0.0	3	17 14 9 1
51	49	0.0	3	15 22 11 1
52	76	0.0	3	40 22 12 2
53	113	0.0	3	91 17 4 1
54	36	0.0	3	23 10 3
55	13	0.0	3	3 8 2
56	50	0.0	3	5 31 14
57	22	0.0	3	6 10 2 4
58	32	0.0	3	2 17 12 1
59	26	0.0	3	6 15 5
60	22	0.0	3	1 12 7 2
61	19	0.0	3	1 9 6 3
62	70	0.0	3	2 51 17
63	60	0.0	3	6 38 15 1
64	18	0.0	3	0 9 9
65	39	0.0	3	0 22 15 2
66	87	0.0	3	2 51 30 4
67	144	0.0	3	1 100 38 5
68	298	0.0	3	5 209 77 7
69	301	0.0	3	3 200 90 8
70	354	0.0	3	2 232 110 10
71	583	0.0	3	1 395 173 14
72	1304	0.0	3	5 984 298 17
73	1524	0.0	3	13 1212 290 9
74	68	0.0	3	8 45 14 1
75	11	0.0	3	0 11


=== Second read: Adapter 2 ===

Sequence: AGATCGGAAGAGCGTCGTGTAGGGAAAGAGTGT; Type: regular 3'; Length: 33; Trimmed: 862832 times

No. of allowed errors:
0-9 bp: 0; 10-19 bp: 1; 20-29 bp: 2; 30-33 bp: 3

Bases preceding removed adapters:
  A: 39.0%
  C: 24.7%
  G: 24.1%
  T: 12.2%
  none/other: 0.0%

Overview of removed sequences
length	count	expect	max.err	error counts
3	633733	473383.8	0	633733
4	153358	118345.9	0	153358
5	38969	29586.5	0	38969
6	11374	7396.6	0	11374
7	5764	1849.2	0	5764
8	3860	462.3	0	3860
9	4071	115.6	0	3028 1043
10	3339	28.9	1	2131 1208
11	2250	7.2	1	1691 559
12	1496	1.8	1	1348 148
13	1036	0.5	1	1001 35
14	834	0.1	1	814 20
15	580	0.0	1	570 10
16	395	0.0	1	389 6
17	296	0.0	1	293 3
18	161	0.0	1	157 4
19	146	0.0	1	143 2 1
20	94	0.0	2	93 1
21	61	0.0	2	60 1
22	59	0.0	2	58 1
23	38	0.0	2	35 1 2
24	47	0.0	2	45 1 1
25	19	0.0	2	18 1
26	21	0.0	2	18 2 1
27	15	0.0	2	13 2
28	20	0.0	2	19 1
29	8	0.0	2	6 1 1
30	11	0.0	3	9 2
31	4	0.0	3	4
32	3	0.0	3	3
33	8	0.0	3	7 1
34	7	0.0	3	7
35	1	0.0	3	1
36	8	0.0	3	5 3
37	7	0.0	3	6 0 1
38	6	0.0	3	5 0 1
39	5	0.0	3	4 1
40	9	0.0	3	6 1 2
41	13	0.0	3	11 1 0 1
42	25	0.0	3	19 4 2
43	8	0.0	3	5 1 2
44	18	0.0	3	12 4 2
45	124	0.0	3	114 10
46	32	0.0	3	29 3
47	15	0.0	3	12 2 1
48	22	0.0	3	18 4
49	11	0.0	3	10 1
50	166	0.0	3	159 7
51	24	0.0	3	23 1
52	4	0.0	3	3 0 1
53	4	0.0	3	3 0 0 1
54	38	0.0	3	37 1
55	101	0.0	3	91 8 2
56	5	0.0	3	4 1
57	3	0.0	3	3
58	6	0.0	3	6
59	3	0.0	3	2 1
60	8	0.0	3	6 2
61	8	0.0	3	5 1 2
62	6	0.0	3	1 3 2
63	5	0.0	3	5
64	13	0.0	3	9 4
65	15	0.0	3	10 5
66	16	0.0	3	10 6
67	16	0.0	3	10 6
68	10	0.0	3	10
