This is cutadapt 2.9 with Python 3.7.10
Command line parameters: -q 10 --minimum-length 25 --cores 80 -a AGATCGGAAGAGCACACGTCTGAACTCCAGTCA -A AGATCGGAAGAGCGTCGTGTAGGGAAAGAGTGT -o prefetch_sra_files/SRR5453744_R1_Trimmed.fastq.gz -p prefetch_sra_files/SRR5453744_R2_Trimmed.fastq.gz prefetch_sra_files/SRR5453744.sra_1.fastq.gz prefetch_sra_files/SRR5453744.sra_2.fastq.gz
Processing reads on 80 cores in paired-end mode ...
Finished in 222.75 s (10 us/read; 6.11 M reads/minute).

=== Summary ===

Total read pairs processed:         22,680,422
  Read 1 with adapter:                 462,098 (2.0%)
  Read 2 with adapter:                 633,775 (2.8%)
Pairs written (passing filters):    22,468,894 (99.1%)

Total basepairs processed: 3,447,424,144 bp
  Read 1: 1,723,712,072 bp
  Read 2: 1,723,712,072 bp
Quality-trimmed:              54,478,935 bp (1.6%)
  Read 1:    18,493,103 bp
  Read 2:    35,985,832 bp
Total written (filtered):  3,372,382,636 bp (97.8%)
  Read 1: 1,689,267,665 bp
  Read 2: 1,683,114,971 bp

=== First read: Adapter 1 ===

Sequence: AGATCGGAAGAGCACACGTCTGAACTCCAGTCA; Type: regular 3'; Length: 33; Trimmed: 462098 times

No. of allowed errors:
0-9 bp: 0; 10-19 bp: 1; 20-29 bp: 2; 30-33 bp: 3

Bases preceding removed adapters:
  A: 35.3%
  C: 25.6%
  G: 22.8%
  T: 15.4%
  none/other: 1.0%

Overview of removed sequences
length	count	expect	max.err	error counts
3	335588	354381.6	0	335588
4	88680	88595.4	0	88680
5	21707	22148.8	0	21707
6	5254	5537.2	0	5254
7	1395	1384.3	0	1395
8	736	346.1	0	736
9	953	86.5	0	475 478
10	904	21.6	1	376 528
11	472	5.4	1	258 214
12	300	1.4	1	209 91
13	193	0.3	1	174 19
14	118	0.1	1	106 12
15	95	0.0	1	94 1
16	85	0.0	1	80 5
17	60	0.0	1	57 3
18	46	0.0	1	45 1
19	40	0.0	1	39 1
20	36	0.0	2	36
21	25	0.0	2	25
22	20	0.0	2	17 3
23	16	0.0	2	15 1
24	14	0.0	2	14
25	19	0.0	2	19
26	13	0.0	2	12 1
27	17	0.0	2	12 5
28	16	0.0	2	14 2
29	13	0.0	2	13
30	15	0.0	3	14 0 1
31	13	0.0	3	10 3
32	10	0.0	3	8 2
33	8	0.0	3	4 1 3
34	13	0.0	3	4 6 3
35	18	0.0	3	8 8 2
36	15	0.0	3	9 5 1
37	19	0.0	3	4 11 3 1
38	28	0.0	3	6 18 4
39	69	0.0	3	11 49 8 1
40	117	0.0	3	34 73 10
41	54	0.0	3	22 28 4
42	28	0.0	3	8 16 3 1
43	28	0.0	3	3 18 7
44	224	0.0	3	5 209 8 2
45	183	0.0	3	37 139 7
46	92	0.0	3	23 63 6
47	81	0.0	3	10 67 2 2
48	96	0.0	3	8 80 7 1
49	61	0.0	3	16 40 5
50	160	0.0	3	119 32 9
51	119	0.0	3	10 101 6 2
52	84	0.0	3	12 67 4 1
53	42	0.0	3	13 27 2
54	41	0.0	3	23 16 2
55	94	0.0	3	58 29 7
56	91	0.0	3	5 80 6
57	50	0.0	3	5 37 8
58	59	0.0	3	5 48 5 1
59	27	0.0	3	3 19 5
60	35	0.0	3	3 28 2 2
61	28	0.0	3	4 21 3
62	140	0.0	3	3 117 18 2
63	76	0.0	3	4 58 14
64	45	0.0	3	0 36 9
65	47	0.0	3	0 37 5 5
66	100	0.0	3	1 78 19 2
67	278	0.0	3	1 222 52 3
68	619	0.0	3	2 529 82 6
69	1329	0.0	3	3 1223 95 8
70	472	0.0	3	5 434 32 1
71	58	0.0	3	0 51 7
72	30	0.0	3	0 25 4 1
73	9	0.0	3	1 3 5
74	8	0.0	3	0 7 1
75	4	0.0	3	0 4
76	66	0.0	3	1 60 4 1


=== Second read: Adapter 2 ===

Sequence: AGATCGGAAGAGCGTCGTGTAGGGAAAGAGTGT; Type: regular 3'; Length: 33; Trimmed: 633775 times

No. of allowed errors:
0-9 bp: 0; 10-19 bp: 1; 20-29 bp: 2; 30-33 bp: 3

Bases preceding removed adapters:
  A: 38.7%
  C: 25.5%
  G: 25.3%
  T: 10.6%
  none/other: 0.0%

Overview of removed sequences
length	count	expect	max.err	error counts
3	482198	354381.6	0	482198
4	112324	88595.4	0	112324
5	26130	22148.8	0	26130
6	5600	5537.2	0	5600
7	1505	1384.3	0	1505
8	797	346.1	0	797
9	1323	86.5	0	533 790
10	1408	21.6	1	411 997
11	757	5.4	1	254 503
12	363	1.4	1	221 142
13	203	0.3	1	178 25
14	162	0.1	1	138 24
15	99	0.0	1	94 5
16	89	0.0	1	84 5
17	67	0.0	1	64 3
18	42	0.0	1	41 1
19	50	0.0	1	49 1
20	26	0.0	2	25 1
21	25	0.0	2	24 1
22	19	0.0	2	18 0 1
23	25	0.0	2	21 3 1
24	58	0.0	2	51 6 1
25	25	0.0	2	24 1
26	30	0.0	2	21 6 3
27	95	0.0	2	85 9 1
28	58	0.0	2	52 6
29	57	0.0	2	52 5
30	87	0.0	3	83 4
31	10	0.0	3	8 1 1
32	19	0.0	3	15 4
33	4	0.0	3	2 1 1
34	1	0.0	3	0 0 0 1
35	3	0.0	3	3
37	5	0.0	3	5
38	1	0.0	3	1
39	4	0.0	3	3 0 1
40	2	0.0	3	1 0 0 1
41	4	0.0	3	3 1
42	26	0.0	3	23 3
43	2	0.0	3	2
44	2	0.0	3	2
45	33	0.0	3	30 3
46	1	0.0	3	0 1
50	13	0.0	3	12 1
51	6	0.0	3	5 1
54	1	0.0	3	1
55	7	0.0	3	7
61	1	0.0	3	1
62	1	0.0	3	1
63	2	0.0	3	2
64	2	0.0	3	1 1
65	1	0.0	3	1
66	2	0.0	3	2
