This is cutadapt 2.9 with Python 3.7.10
Command line parameters: -q 10 --minimum-length 25 --cores 80 -a AGATCGGAAGAGCACACGTCTGAACTCCAGTCA -A AGATCGGAAGAGCGTCGTGTAGGGAAAGAGTGT -o prefetch_sra_files/SRR5453763_R1_Trimmed.fastq.gz -p prefetch_sra_files/SRR5453763_R2_Trimmed.fastq.gz prefetch_sra_files/SRR5453763.sra_1.fastq.gz prefetch_sra_files/SRR5453763.sra_2.fastq.gz
Processing reads on 80 cores in paired-end mode ...
Finished in 248.77 s (11 us/read; 5.44 M reads/minute).

=== Summary ===

Total read pairs processed:         22,536,550
  Read 1 with adapter:                 459,550 (2.0%)
  Read 2 with adapter:                 642,006 (2.8%)
Pairs written (passing filters):    22,342,464 (99.1%)

Total basepairs processed: 3,425,555,600 bp
  Read 1: 1,712,777,800 bp
  Read 2: 1,712,777,800 bp
Quality-trimmed:              57,902,478 bp (1.7%)
  Read 1:    20,139,567 bp
  Read 2:    37,762,911 bp
Total written (filtered):  3,348,497,692 bp (97.8%)
  Read 1: 1,678,063,597 bp
  Read 2: 1,670,434,095 bp

=== First read: Adapter 1 ===

Sequence: AGATCGGAAGAGCACACGTCTGAACTCCAGTCA; Type: regular 3'; Length: 33; Trimmed: 459550 times

No. of allowed errors:
0-9 bp: 0; 10-19 bp: 1; 20-29 bp: 2; 30-33 bp: 3

Bases preceding removed adapters:
  A: 35.3%
  C: 26.3%
  G: 22.3%
  T: 15.3%
  none/other: 0.8%

Overview of removed sequences
length	count	expect	max.err	error counts
3	336150	352133.6	0	336150
4	88062	88033.4	0	88062
5	21952	22008.3	0	21952
6	4365	5502.1	0	4365
7	1237	1375.5	0	1237
8	598	343.9	0	598
9	850	86.0	0	411 439
10	860	21.5	1	297 563
11	418	5.4	1	190 228
12	251	1.3	1	178 73
13	130	0.3	1	109 21
14	97	0.1	1	92 5
15	64	0.0	1	60 4
16	51	0.0	1	50 1
17	50	0.0	1	49 1
18	27	0.0	1	26 1
19	19	0.0	1	18 0 1
20	13	0.0	2	12 1
21	19	0.0	2	19
22	17	0.0	2	15 2
23	16	0.0	2	15 1
24	10	0.0	2	8 1 1
25	12	0.0	2	10 1 1
26	12	0.0	2	11 1
27	12	0.0	2	12
28	13	0.0	2	9 3 1
29	7	0.0	2	6 1
30	11	0.0	3	11
31	20	0.0	3	17 2 1
32	11	0.0	3	10 1
33	12	0.0	3	8 4
34	15	0.0	3	11 1 3
35	18	0.0	3	14 4
36	14	0.0	3	9 4 0 1
37	23	0.0	3	12 9 2
38	20	0.0	3	12 6 1 1
39	28	0.0	3	10 14 4
40	42	0.0	3	16 23 3
41	35	0.0	3	17 15 3
42	25	0.0	3	15 8 2
43	24	0.0	3	7 12 4 1
44	93	0.0	3	7 81 5
45	87	0.0	3	17 66 4
46	66	0.0	3	21 42 3
47	47	0.0	3	12 30 5
48	51	0.0	3	10 38 3
49	39	0.0	3	13 23 2 1
50	134	0.0	3	95 26 12 1
51	114	0.0	3	11 97 6
52	74	0.0	3	16 55 3
53	40	0.0	3	18 21 1
54	41	0.0	3	25 13 3
55	69	0.0	3	39 22 8
56	69	0.0	3	4 59 6
57	37	0.0	3	3 27 6 1
58	62	0.0	3	2 54 6
59	18	0.0	3	0 14 3 1
60	26	0.0	3	5 16 5
61	42	0.0	3	2 27 13
62	121	0.0	3	0 101 20
63	88	0.0	3	4 68 15 1
64	43	0.0	3	2 28 12 1
65	58	0.0	3	2 39 17
66	141	0.0	3	1 113 22 5
67	313	0.0	3	2 266 43 2
68	607	0.0	3	4 480 117 6
69	1078	0.0	3	2 979 93 4
70	241	0.0	3	2 211 27 1
71	66	0.0	3	1 58 7
72	22	0.0	3	1 16 5
73	5	0.0	3	0 5
74	6	0.0	3	0 5 1
75	2	0.0	3	0 2
76	40	0.0	3	0 35 5


=== Second read: Adapter 2 ===

Sequence: AGATCGGAAGAGCGTCGTGTAGGGAAAGAGTGT; Type: regular 3'; Length: 33; Trimmed: 642006 times

No. of allowed errors:
0-9 bp: 0; 10-19 bp: 1; 20-29 bp: 2; 30-33 bp: 3

Bases preceding removed adapters:
  A: 39.4%
  C: 25.1%
  G: 24.9%
  T: 10.6%
  none/other: 0.0%

Overview of removed sequences
length	count	expect	max.err	error counts
3	490214	352133.6	0	490214
4	114170	88033.4	0	114170
5	25669	22008.3	0	25669
6	5161	5502.1	0	5161
7	1376	1375.5	0	1376
8	678	343.9	0	678
9	1325	86.0	0	433 892
10	1306	21.5	1	325 981
11	691	5.4	1	195 496
12	318	1.3	1	181 137
13	156	0.3	1	128 28
14	138	0.1	1	122 16
15	69	0.0	1	63 6
16	67	0.0	1	62 5
17	71	0.0	1	68 3
18	30	0.0	1	30
19	24	0.0	1	22 2
20	12	0.0	2	10 2
21	17	0.0	2	16 1
22	10	0.0	2	7 3
23	27	0.0	2	19 8
24	61	0.0	2	52 8 1
25	15	0.0	2	14 1
26	29	0.0	2	25 3 1
27	80	0.0	2	67 11 2
28	48	0.0	2	39 9
29	50	0.0	2	45 5
30	59	0.0	3	56 3
31	13	0.0	3	11 1 0 1
32	14	0.0	3	11 3
33	3	0.0	3	2 1
34	1	0.0	3	1
35	4	0.0	3	3 1
36	4	0.0	3	3 1
37	3	0.0	3	2 1
38	2	0.0	3	2
39	2	0.0	3	2
40	2	0.0	3	2
41	7	0.0	3	4 2 1
42	29	0.0	3	25 4
43	2	0.0	3	1 0 1
44	4	0.0	3	3 0 1
45	23	0.0	3	20 3
46	1	0.0	3	1
48	1	0.0	3	1
49	2	0.0	3	2
50	8	0.0	3	6 1 1
51	3	0.0	3	3
55	1	0.0	3	1
59	1	0.0	3	0 0 1
62	1	0.0	3	1
66	3	0.0	3	3
67	1	0.0	3	1
