This is cutadapt 2.9 with Python 3.7.10
Command line parameters: -q 10 --minimum-length 25 --cores 80 -a AGATCGGAAGAGCACACGTCTGAACTCCAGTCA -A AGATCGGAAGAGCGTCGTGTAGGGAAAGAGTGT -o prefetch_sra_files/SRR5453756_R1_Trimmed.fastq.gz -p prefetch_sra_files/SRR5453756_R2_Trimmed.fastq.gz prefetch_sra_files/SRR5453756.sra_1.fastq.gz prefetch_sra_files/SRR5453756.sra_2.fastq.gz
Processing reads on 80 cores in paired-end mode ...
Finished in 224.93 s (9 us/read; 6.68 M reads/minute).

=== Summary ===

Total read pairs processed:         25,031,794
  Read 1 with adapter:                 507,816 (2.0%)
  Read 2 with adapter:                 702,050 (2.8%)
Pairs written (passing filters):    23,855,892 (95.3%)

Total basepairs processed: 3,804,832,688 bp
  Read 1: 1,902,416,344 bp
  Read 2: 1,902,416,344 bp
Quality-trimmed:             183,737,517 bp (4.8%)
  Read 1:    51,802,987 bp
  Read 2:   131,934,530 bp
Total written (filtered):  3,527,992,527 bp (92.7%)
  Read 1: 1,766,410,825 bp
  Read 2: 1,761,581,702 bp

=== First read: Adapter 1 ===

Sequence: AGATCGGAAGAGCACACGTCTGAACTCCAGTCA; Type: regular 3'; Length: 33; Trimmed: 507816 times

No. of allowed errors:
0-9 bp: 0; 10-19 bp: 1; 20-29 bp: 2; 30-33 bp: 3

Bases preceding removed adapters:
  A: 35.3%
  C: 27.3%
  G: 22.0%
  T: 14.9%
  none/other: 0.5%

Overview of removed sequences
length	count	expect	max.err	error counts
3	359326	391121.8	0	359326
4	90251	97780.4	0	90251
5	29758	24445.1	0	29758
6	8424	6111.3	0	8424
7	4182	1527.8	0	4182
8	2704	382.0	0	2704
9	2948	95.5	0	2445 503
10	2288	23.9	1	1554 734
11	1328	6.0	1	1015 313
12	934	1.5	1	845 89
13	727	0.4	1	685 42
14	583	0.1	1	565 18
15	398	0.0	1	383 15
16	249	0.0	1	242 7
17	186	0.0	1	183 3
18	133	0.0	1	125 8
19	77	0.0	1	71 6
20	65	0.0	2	60 4 1
21	57	0.0	2	57
22	52	0.0	2	52
23	31	0.0	2	28 3
24	16	0.0	2	15 1
25	24	0.0	2	20 4
26	11	0.0	2	10 1
27	10	0.0	2	10
28	8	0.0	2	7 1
29	10	0.0	2	5 3 2
30	14	0.0	3	12 1 1
31	10	0.0	3	9 0 0 1
32	7	0.0	3	5 0 1 1
33	5	0.0	3	3 2
34	5	0.0	3	1 3 1
35	9	0.0	3	7 1 1
36	9	0.0	3	3 3 3
37	8	0.0	3	5 2 1
38	14	0.0	3	6 5 0 3
39	22	0.0	3	14 5 2 1
40	39	0.0	3	22 8 7 2
41	34	0.0	3	28 4 2
42	28	0.0	3	24 2 2
43	3	0.0	3	1 0 2
44	15	0.0	3	7 4 3 1
45	27	0.0	3	23 2 1 1
46	12	0.0	3	7 3 1 1
47	20	0.0	3	9 5 6
48	18	0.0	3	13 3 2
49	111	0.0	3	90 18 3
50	13	0.0	3	8 4 0 1
51	10	0.0	3	5 4 1
52	28	0.0	3	16 8 4
53	57	0.0	3	53 4
54	40	0.0	3	36 2 2
55	6	0.0	3	4 1 0 1
56	13	0.0	3	1 7 5
57	11	0.0	3	6 2 3
58	8	0.0	3	0 5 3
59	9	0.0	3	1 3 5
60	12	0.0	3	2 4 4 2
61	10	0.0	3	1 4 5
62	37	0.0	3	5 19 11 2
63	34	0.0	3	1 17 14 2
64	5	0.0	3	1 2 2
65	25	0.0	3	0 16 7 2
66	41	0.0	3	1 29 10 1
67	80	0.0	3	0 50 25 5
68	138	0.0	3	2 94 36 6
69	127	0.0	3	3 75 44 5
70	224	0.0	3	2 153 63 6
71	338	0.0	3	1 214 114 9
72	599	0.0	3	2 457 135 5
73	727	0.0	3	6 569 146 6
74	27	0.0	3	6 12 8 1
75	7	0.0	3	0 6 0 1


=== Second read: Adapter 2 ===

Sequence: AGATCGGAAGAGCGTCGTGTAGGGAAAGAGTGT; Type: regular 3'; Length: 33; Trimmed: 702050 times

No. of allowed errors:
0-9 bp: 0; 10-19 bp: 1; 20-29 bp: 2; 30-33 bp: 3

Bases preceding removed adapters:
  A: 38.4%
  C: 25.5%
  G: 24.9%
  T: 11.2%
  none/other: 0.0%

Overview of removed sequences
length	count	expect	max.err	error counts
3	509213	391121.8	0	509213
4	125765	97780.4	0	125765
5	33466	24445.1	0	33466
6	10427	6111.3	0	10427
7	5379	1527.8	0	5379
8	3515	382.0	0	3515
9	3669	95.5	0	2770 899
10	3122	23.9	1	2004 1118
11	2097	6.0	1	1606 491
12	1379	1.5	1	1232 147
13	957	0.4	1	926 31
14	775	0.1	1	765 10
15	505	0.0	1	499 6
16	393	0.0	1	392 1
17	276	0.0	1	272 4
18	137	0.0	1	135 2
19	126	0.0	1	125 1
20	81	0.0	2	81
21	61	0.0	2	60 1
22	55	0.0	2	51 4
23	52	0.0	2	46 3 3
24	37	0.0	2	36 1
25	17	0.0	2	16 1
26	21	0.0	2	21
27	15	0.0	2	14 1
28	17	0.0	2	15 2
29	11	0.0	2	8 3
30	12	0.0	3	8 3 0 1
31	5	0.0	3	5
32	11	0.0	3	11
33	2	0.0	3	2
34	2	0.0	3	2
35	5	0.0	3	4 1
36	1	0.0	3	1
37	4	0.0	3	3 1
38	2	0.0	3	1 1
39	5	0.0	3	5
40	3	0.0	3	2 0 1
41	8	0.0	3	4 2 0 2
42	21	0.0	3	19 2
43	6	0.0	3	5 1
44	11	0.0	3	7 3 0 1
45	71	0.0	3	67 3 1
46	23	0.0	3	23
47	1	0.0	3	0 1
48	8	0.0	3	7 1
49	4	0.0	3	4
50	103	0.0	3	98 5
51	16	0.0	3	16
52	1	0.0	3	1
53	3	0.0	3	3
54	28	0.0	3	27 1
55	59	0.0	3	59
56	3	0.0	3	3
57	3	0.0	3	3
58	2	0.0	3	2
59	1	0.0	3	1
60	3	0.0	3	3
61	6	0.0	3	5 1
62	3	0.0	3	1 1 1
63	9	0.0	3	9
64	5	0.0	3	3 2
65	8	0.0	3	4 4
66	6	0.0	3	2 4
67	12	0.0	3	8 4
68	4	0.0	3	3 1
69	1	0.0	3	1
76	1	0.0	3	0 1
