This is cutadapt 2.9 with Python 3.7.10
Command line parameters: -q 10 --minimum-length 25 --cores 80 -a AGATCGGAAGAGCACACGTCTGAACTCCAGTCA -A AGATCGGAAGAGCGTCGTGTAGGGAAAGAGTGT -o prefetch_sra_files/SRR5453746_R1_Trimmed.fastq.gz -p prefetch_sra_files/SRR5453746_R2_Trimmed.fastq.gz prefetch_sra_files/SRR5453746.sra_1.fastq.gz prefetch_sra_files/SRR5453746.sra_2.fastq.gz
Processing reads on 80 cores in paired-end mode ...
Finished in 215.90 s (9 us/read; 6.46 M reads/minute).

=== Summary ===

Total read pairs processed:         23,260,055
  Read 1 with adapter:                 476,206 (2.0%)
  Read 2 with adapter:                 656,381 (2.8%)
Pairs written (passing filters):    22,984,725 (98.8%)

Total basepairs processed: 3,535,528,360 bp
  Read 1: 1,767,764,180 bp
  Read 2: 1,767,764,180 bp
Quality-trimmed:              62,879,361 bp (1.8%)
  Read 1:    19,677,832 bp
  Read 2:    43,201,529 bp
Total written (filtered):  3,447,070,196 bp (97.5%)
  Read 1: 1,727,437,749 bp
  Read 2: 1,719,632,447 bp

=== First read: Adapter 1 ===

Sequence: AGATCGGAAGAGCACACGTCTGAACTCCAGTCA; Type: regular 3'; Length: 33; Trimmed: 476206 times

No. of allowed errors:
0-9 bp: 0; 10-19 bp: 1; 20-29 bp: 2; 30-33 bp: 3

Bases preceding removed adapters:
  A: 34.9%
  C: 25.4%
  G: 23.0%
  T: 14.7%
  none/other: 2.0%

Overview of removed sequences
length	count	expect	max.err	error counts
3	343320	363438.4	0	343320
4	86439	90859.6	0	86439
5	23366	22714.9	0	23366
6	5271	5678.7	0	5271
7	1796	1419.7	0	1796
8	1006	354.9	0	1006
9	1099	88.7	0	656 443
10	1063	22.2	1	507 556
11	640	5.5	1	383 257
12	384	1.4	1	284 100
13	238	0.3	1	211 27
14	193	0.1	1	180 13
15	141	0.0	1	131 10
16	111	0.0	1	102 9
17	87	0.0	1	86 1
18	71	0.0	1	68 3
19	49	0.0	1	47 2
20	51	0.0	2	49 2
21	37	0.0	2	34 3
22	33	0.0	2	29 4
23	17	0.0	2	14 3
24	31	0.0	2	24 7
25	21	0.0	2	17 4
26	20	0.0	2	17 2 1
27	17	0.0	2	14 3
28	10	0.0	2	7 2 1
29	15	0.0	2	12 1 2
30	11	0.0	3	7 4
31	10	0.0	3	7 2 1
32	12	0.0	3	9 1 2
33	8	0.0	3	4 2 2
34	16	0.0	3	12 3 0 1
35	12	0.0	3	3 4 3 2
36	33	0.0	3	8 17 6 2
37	47	0.0	3	16 22 5 4
38	60	0.0	3	11 38 11
39	42	0.0	3	7 25 8 2
40	92	0.0	3	10 67 14 1
41	62	0.0	3	22 33 7
42	56	0.0	3	11 38 7
43	38	0.0	3	4 26 7 1
44	120	0.0	3	6 108 6
45	162	0.0	3	22 125 13 2
46	98	0.0	3	28 59 10 1
47	65	0.0	3	17 40 7 1
48	76	0.0	3	8 61 7
49	54	0.0	3	18 28 6 2
50	276	0.0	3	215 45 16
51	145	0.0	3	16 111 17 1
52	128	0.0	3	12 98 16 2
53	69	0.0	3	25 39 5
54	117	0.0	3	76 33 7 1
55	166	0.0	3	117 38 11
56	115	0.0	3	8 100 7
57	76	0.0	3	9 54 13
58	137	0.0	3	10 112 14 1
59	63	0.0	3	0 57 6
60	66	0.0	3	11 39 13 3
61	138	0.0	3	1 105 31 1
62	298	0.0	3	5 246 43 4
63	253	0.0	3	9 203 39 2
64	156	0.0	3	2 119 31 4
65	193	0.0	3	0 143 45 5
66	428	0.0	3	2 343 74 9
67	998	0.0	3	3 856 126 13
68	1655	0.0	3	1 1411 234 9
69	3097	0.0	3	2 2850 235 10
70	715	0.0	3	1 647 65 2
71	123	0.0	3	2 108 12 1
72	36	0.0	3	0 35 1
73	18	0.0	3	1 16 1
74	14	0.0	3	1 12 1
75	10	0.0	3	0 9 1
76	116	0.0	3	0 95 19 2


=== Second read: Adapter 2 ===

Sequence: AGATCGGAAGAGCGTCGTGTAGGGAAAGAGTGT; Type: regular 3'; Length: 33; Trimmed: 656381 times

No. of allowed errors:
0-9 bp: 0; 10-19 bp: 1; 20-29 bp: 2; 30-33 bp: 3

Bases preceding removed adapters:
  A: 38.5%
  C: 25.8%
  G: 26.0%
  T: 9.8%
  none/other: 0.0%

Overview of removed sequences
length	count	expect	max.err	error counts
3	494333	363438.4	0	494333
4	117095	90859.6	0	117095
5	28839	22714.9	0	28839
6	6364	5678.7	0	6364
7	2017	1419.7	0	2017
8	1080	354.9	0	1080
9	1661	88.7	0	716 945
10	1679	22.2	1	532 1147
11	943	5.5	1	400 543
12	469	1.4	1	295 174
13	267	0.3	1	239 28
14	248	0.1	1	219 29
15	135	0.0	1	127 8
16	106	0.0	1	100 6
17	112	0.0	1	107 5
18	67	0.0	1	64 3
19	61	0.0	1	58 2 1
20	51	0.0	2	51
21	31	0.0	2	29 2
22	32	0.0	2	29 3
23	31	0.0	2	24 5 2
24	86	0.0	2	68 17 1
25	29	0.0	2	25 4
26	40	0.0	2	36 4
27	118	0.0	2	104 12 2
28	74	0.0	2	64 8 2
29	83	0.0	2	75 4 4
30	107	0.0	3	104 3
31	9	0.0	3	6 2 1
32	25	0.0	3	24 1
33	4	0.0	3	3 1
34	4	0.0	3	2 1 0 1
35	7	0.0	3	5 1 0 1
36	9	0.0	3	6 1 2
37	3	0.0	3	2 1
38	1	0.0	3	1
39	3	0.0	3	3
40	4	0.0	3	3 0 1
41	5	0.0	3	3 2
42	47	0.0	3	37 8 2
43	1	0.0	3	1
44	5	0.0	3	1 3 0 1
45	41	0.0	3	35 6
46	4	0.0	3	3 1
50	17	0.0	3	14 3
51	2	0.0	3	1 1
54	6	0.0	3	6
55	11	0.0	3	11
57	1	0.0	3	1
58	2	0.0	3	2
60	1	0.0	3	1
61	1	0.0	3	0 0 1
62	2	0.0	3	2
63	2	0.0	3	2
64	2	0.0	3	1 1
65	1	0.0	3	1
66	2	0.0	3	1 1
75	1	0.0	3	1
