This is cutadapt 2.9 with Python 3.7.10
Command line parameters: -q 10 --minimum-length 25 --cores 80 -a AGATCGGAAGAGCACACGTCTGAACTCCAGTCA -A AGATCGGAAGAGCGTCGTGTAGGGAAAGAGTGT -o prefetch_sra_files/SRR5453743_R1_Trimmed.fastq.gz -p prefetch_sra_files/SRR5453743_R2_Trimmed.fastq.gz prefetch_sra_files/SRR5453743.sra_1.fastq.gz prefetch_sra_files/SRR5453743.sra_2.fastq.gz
Processing reads on 80 cores in paired-end mode ...
Finished in 233.94 s (10 us/read; 5.88 M reads/minute).

=== Summary ===

Total read pairs processed:         22,916,841
  Read 1 with adapter:                 467,731 (2.0%)
  Read 2 with adapter:                 640,058 (2.8%)
Pairs written (passing filters):    22,722,787 (99.2%)

Total basepairs processed: 3,483,359,832 bp
  Read 1: 1,741,679,916 bp
  Read 2: 1,741,679,916 bp
Quality-trimmed:              53,798,664 bp (1.5%)
  Read 1:    18,241,722 bp
  Read 2:    35,556,942 bp
Total written (filtered):  3,410,337,119 bp (97.9%)
  Read 1: 1,708,751,877 bp
  Read 2: 1,701,585,242 bp

=== First read: Adapter 1 ===

Sequence: AGATCGGAAGAGCACACGTCTGAACTCCAGTCA; Type: regular 3'; Length: 33; Trimmed: 467731 times

No. of allowed errors:
0-9 bp: 0; 10-19 bp: 1; 20-29 bp: 2; 30-33 bp: 3

Bases preceding removed adapters:
  A: 35.5%
  C: 25.4%
  G: 22.8%
  T: 15.4%
  none/other: 1.0%

Overview of removed sequences
length	count	expect	max.err	error counts
3	342368	358075.6	0	342368
4	88084	89518.9	0	88084
5	22174	22379.7	0	22174
6	4823	5594.9	0	4823
7	1363	1398.7	0	1363
8	691	349.7	0	691
9	845	87.4	0	414 431
10	887	21.9	1	301 586
11	464	5.5	1	229 235
12	283	1.4	1	181 102
13	160	0.3	1	142 18
14	101	0.1	1	95 6
15	91	0.0	1	87 4
16	74	0.0	1	72 2
17	46	0.0	1	45 1
18	50	0.0	1	45 5
19	29	0.0	1	28 1
20	20	0.0	2	19 1
21	24	0.0	2	22 1 1
22	23	0.0	2	21 1 1
23	10	0.0	2	9 1
24	14	0.0	2	14
25	12	0.0	2	11 1
26	19	0.0	2	17 2
27	15	0.0	2	7 5 3
28	10	0.0	2	7 2 1
29	8	0.0	2	6 2
30	9	0.0	3	6 1 2
31	6	0.0	3	4 2
32	7	0.0	3	3 3 1
33	12	0.0	3	3 7 2
34	20	0.0	3	12 4 2 2
35	27	0.0	3	9 14 4
36	28	0.0	3	12 15 1
37	24	0.0	3	8 14 2
38	40	0.0	3	3 27 10
39	27	0.0	3	7 16 4
40	39	0.0	3	3 30 6
41	32	0.0	3	6 23 1 2
42	29	0.0	3	2 24 2 1
43	39	0.0	3	7 23 8 1
44	101	0.0	3	7 87 7
45	110	0.0	3	31 71 7 1
46	40	0.0	3	15 19 6
47	29	0.0	3	8 16 4 1
48	37	0.0	3	6 29 2
49	30	0.0	3	14 16
50	139	0.0	3	118 18 3
51	58	0.0	3	10 45 3
52	68	0.0	3	12 52 4
53	35	0.0	3	9 24 2
54	52	0.0	3	28 22 2
55	72	0.0	3	46 20 5 1
56	46	0.0	3	1 44 1
57	35	0.0	3	2 31 2
58	66	0.0	3	7 51 7 1
59	29	0.0	3	0 24 4 1
60	40	0.0	3	6 30 4
61	51	0.0	3	4 38 9
62	127	0.0	3	3 111 13
63	120	0.0	3	6 91 22 1
64	59	0.0	3	3 50 5 1
65	84	0.0	3	1 75 7 1
66	187	0.0	3	2 155 27 3
67	380	0.0	3	3 320 50 7
68	726	0.0	3	5 642 75 4
69	1451	0.0	3	3 1340 104 4
70	395	0.0	3	9 351 34 1
71	45	0.0	3	1 34 9 1
72	13	0.0	3	1 10 2
73	9	0.0	3	0 7 1 1
74	2	0.0	3	0 2
75	5	0.0	3	0 3 2
76	63	0.0	3	1 51 9 2


=== Second read: Adapter 2 ===

Sequence: AGATCGGAAGAGCGTCGTGTAGGGAAAGAGTGT; Type: regular 3'; Length: 33; Trimmed: 640058 times

No. of allowed errors:
0-9 bp: 0; 10-19 bp: 1; 20-29 bp: 2; 30-33 bp: 3

Bases preceding removed adapters:
  A: 38.7%
  C: 25.6%
  G: 25.4%
  T: 10.2%
  none/other: 0.0%

Overview of removed sequences
length	count	expect	max.err	error counts
3	485785	358075.6	0	485785
4	113761	89518.9	0	113761
5	27610	22379.7	0	27610
6	5564	5594.9	0	5564
7	1572	1398.7	0	1572
8	763	349.7	0	763
9	1349	87.4	0	446 903
10	1455	21.9	1	314 1141
11	699	5.5	1	237 462
12	350	1.4	1	196 154
13	168	0.3	1	144 24
14	143	0.1	1	120 23
15	90	0.0	1	85 5
16	78	0.0	1	74 4
17	64	0.0	1	61 3
18	41	0.0	1	40 1
19	36	0.0	1	34 2
20	19	0.0	2	19
21	18	0.0	2	18
22	16	0.0	2	15 1
23	20	0.0	2	16 3 1
24	49	0.0	2	41 7 1
25	21	0.0	2	17 4
26	34	0.0	2	25 7 2
27	79	0.0	2	66 11 2
28	42	0.0	2	37 5
29	46	0.0	2	40 5 1
30	61	0.0	3	58 3
31	7	0.0	3	7
32	13	0.0	3	7 6
33	2	0.0	3	2
34	5	0.0	3	3 2
35	7	0.0	3	4 2 1
36	3	0.0	3	3
37	2	0.0	3	2
38	2	0.0	3	1 1
39	2	0.0	3	1 1
40	3	0.0	3	3
41	1	0.0	3	0 1
42	18	0.0	3	17 1
44	3	0.0	3	3
45	25	0.0	3	20 5
47	2	0.0	3	2
50	12	0.0	3	12
51	2	0.0	3	2
55	3	0.0	3	3
58	2	0.0	3	2
59	1	0.0	3	0 1
60	1	0.0	3	1
63	2	0.0	3	2
64	1	0.0	3	0 1
65	2	0.0	3	2
66	2	0.0	3	2
67	2	0.0	3	2
