This is cutadapt 2.9 with Python 3.7.10
Command line parameters: -q 10 --minimum-length 25 --cores 80 -a AGATCGGAAGAGCACACGTCTGAACTCCAGTCA -A AGATCGGAAGAGCGTCGTGTAGGGAAAGAGTGT -o prefetch_sra_files/SRR5453753_R1_Trimmed.fastq.gz -p prefetch_sra_files/SRR5453753_R2_Trimmed.fastq.gz prefetch_sra_files/SRR5453753.sra_1.fastq.gz prefetch_sra_files/SRR5453753.sra_2.fastq.gz
Processing reads on 80 cores in paired-end mode ...
Finished in 198.64 s (10 us/read; 6.26 M reads/minute).

=== Summary ===

Total read pairs processed:         20,723,270
  Read 1 with adapter:                 451,948 (2.2%)
  Read 2 with adapter:                 591,524 (2.9%)
Pairs written (passing filters):    20,482,189 (98.8%)

Total basepairs processed: 3,149,937,040 bp
  Read 1: 1,574,968,520 bp
  Read 2: 1,574,968,520 bp
Quality-trimmed:              46,190,341 bp (1.5%)
  Read 1:    13,498,730 bp
  Read 2:    32,691,611 bp
Total written (filtered):  3,081,186,253 bp (97.8%)
  Read 1: 1,542,979,536 bp
  Read 2: 1,538,206,717 bp

=== First read: Adapter 1 ===

Sequence: AGATCGGAAGAGCACACGTCTGAACTCCAGTCA; Type: regular 3'; Length: 33; Trimmed: 451948 times

No. of allowed errors:
0-9 bp: 0; 10-19 bp: 1; 20-29 bp: 2; 30-33 bp: 3

Bases preceding removed adapters:
  A: 34.9%
  C: 26.1%
  G: 21.1%
  T: 15.6%
  none/other: 2.3%

Overview of removed sequences
length	count	expect	max.err	error counts
3	325353	323801.1	0	325353
4	87527	80950.3	0	87527
5	19506	20237.6	0	19506
6	3651	5059.4	0	3651
7	1023	1264.8	0	1023
8	619	316.2	0	619
9	699	79.1	0	383 316
10	694	19.8	1	286 408
11	414	4.9	1	227 187
12	230	1.2	1	158 72
13	138	0.3	1	127 11
14	105	0.1	1	103 2
15	87	0.0	1	83 4
16	53	0.0	1	50 3
17	46	0.0	1	45 1
18	39	0.0	1	39
19	26	0.0	1	24 2
20	24	0.0	2	22 2
21	25	0.0	2	22 3
22	22	0.0	2	20 1 1
23	14	0.0	2	14
24	20	0.0	2	20
25	10	0.0	2	8 2
26	19	0.0	2	15 2 2
27	17	0.0	2	12 5
28	22	0.0	2	17 5
29	15	0.0	2	10 5
30	12	0.0	3	8 3 1
31	7	0.0	3	5 2
32	16	0.0	3	13 2 1
33	17	0.0	3	9 7 0 1
34	23	0.0	3	10 9 2 2
35	29	0.0	3	17 7 3 2
36	29	0.0	3	12 11 6
37	41	0.0	3	15 23 1 2
38	62	0.0	3	26 31 5
39	89	0.0	3	14 59 13 3
40	84	0.0	3	28 50 5 1
41	53	0.0	3	24 23 5 1
42	25	0.0	3	11 12 1 1
43	32	0.0	3	8 21 3
44	92	0.0	3	7 74 11
45	119	0.0	3	16 99 4
46	85	0.0	3	30 52 1 2
47	101	0.0	3	12 78 10 1
48	63	0.0	3	12 43 7 1
49	56	0.0	3	18 30 7 1
50	280	0.0	3	212 54 9 5
51	130	0.0	3	19 97 10 4
52	127	0.0	3	18 101 8
53	63	0.0	3	20 36 6 1
54	107	0.0	3	67 36 4
55	190	0.0	3	117 60 9 4
56	151	0.0	3	13 122 15 1
57	93	0.0	3	4 81 7 1
58	137	0.0	3	2 120 14 1
59	55	0.0	3	2 44 9
60	79	0.0	3	9 58 10 2
61	153	0.0	3	6 119 23 5
62	353	0.0	3	0 312 35 6
63	286	0.0	3	9 227 48 2
64	141	0.0	3	5 112 21 3
65	211	0.0	3	4 173 33 1
66	450	0.0	3	3 374 66 7
67	1052	0.0	3	1 899 137 15
68	1731	0.0	3	1 1513 198 19
69	3541	0.0	3	2 3277 252 10
70	834	0.0	3	7 756 70 1
71	120	0.0	3	1 103 15 1
72	56	0.0	3	0 51 5
73	25	0.0	3	1 16 8
74	19	0.0	3	0 16 3
75	5	0.0	3	0 3 2
76	126	0.0	3	0 117 9


=== Second read: Adapter 2 ===

Sequence: AGATCGGAAGAGCGTCGTGTAGGGAAAGAGTGT; Type: regular 3'; Length: 33; Trimmed: 591524 times

No. of allowed errors:
0-9 bp: 0; 10-19 bp: 1; 20-29 bp: 2; 30-33 bp: 3

Bases preceding removed adapters:
  A: 39.8%
  C: 24.0%
  G: 23.3%
  T: 12.9%
  none/other: 0.0%

Overview of removed sequences
length	count	expect	max.err	error counts
3	454393	323801.1	0	454393
4	105452	80950.3	0	105452
5	21296	20237.6	0	21296
6	4074	5059.4	0	4074
7	1158	1264.8	0	1158
8	623	316.2	0	623
9	1149	79.1	0	431 718
10	1054	19.8	1	296 758
11	551	4.9	1	225 326
12	279	1.2	1	172 107
13	168	0.3	1	149 19
14	135	0.1	1	123 12
15	89	0.0	1	86 3
16	57	0.0	1	55 2
17	63	0.0	1	62 1
18	40	0.0	1	40
19	40	0.0	1	39 1
20	23	0.0	2	22 1
21	20	0.0	2	19 1
22	23	0.0	2	22 0 1
23	26	0.0	2	21 5
24	96	0.0	2	84 11 1
25	14	0.0	2	14
26	33	0.0	2	26 6 1
27	117	0.0	2	101 15 1
28	107	0.0	2	99 6 2
29	75	0.0	2	69 6
30	139	0.0	3	129 10
31	14	0.0	3	10 3 0 1
32	26	0.0	3	22 4
33	2	0.0	3	2
34	4	0.0	3	4
35	2	0.0	3	2
36	6	0.0	3	5 1
37	3	0.0	3	3
38	1	0.0	3	1
39	6	0.0	3	3 3
40	7	0.0	3	5 1 1
41	4	0.0	3	4
42	52	0.0	3	42 10
43	2	0.0	3	2
44	4	0.0	3	2 2
45	48	0.0	3	38 8 2
46	2	0.0	3	2
47	1	0.0	3	1
48	1	0.0	3	1
50	26	0.0	3	24 2
51	4	0.0	3	3 1
54	1	0.0	3	1
55	2	0.0	3	1 1
56	1	0.0	3	1
60	2	0.0	3	1 0 0 1
63	1	0.0	3	1
64	2	0.0	3	2
65	2	0.0	3	1 1
66	2	0.0	3	2
68	1	0.0	3	1
70	1	0.0	3	1
