
VCFtools - 0.1.17
(C) Adam Auton and Anthony Marcketta 2009

Parameters as interpreted:
	--gzvcf GVCFall.vcf.gz
	--maf 0.01
	--min-meanDP 10
	--max-missing 1
	--out vcftools
	--relatedness2
	--remove-indels
	--remove-indv SRR6914151
	--remove-indv SRR6914609
	--remove-indv SRR6914908
	--remove-indv SRR6934388
	--remove-indv SRR6934542
	--remove-indv SRR6935629
	--remove-indv SRR6942678
	--remove-indv SRR6942729
	--remove-indv SRR6951423
	--remove-indv SRR6951744
	--remove-indv SRR6952431
	--remove-indv SRR6963586
	--remove-indv SRR6963878
	--remove-indv SRR6963891
	--remove-indv SRR6964364
	--remove-indv SRR6986864
	--remove-indv SRR6987146
	--remove-indv SRR7039808
	--remove-indv SRR7040514
	--remove-indv SRR7041301
	--remove-indv SRR7042978
	--remove-indv SRR7043013
	--remove-indv SRR7043704
	--remove-indv SRR7046161
	--remove-indv SRR7055829
	--remove-indv SRR7058378
	--remove-indv SRR7058566
	--remove-indv SRR7058606
	--remove-indv SRR7058616
	--remove-indv SRR7059699
	--remove-indv SRR7062295
	--remove-indv SRR7062350

Using zlib version: 1.2.11
Warning: Expected at least 2 parts in FORMAT entry: ID=PGT,Number=1,Type=String,Description="Physical phasing haplotype information, describing how the alternate alleles are phased in relation to one another; will always be heterozygous and is not intended to describe called alleles">
Warning: Expected at least 2 parts in FORMAT entry: ID=PID,Number=1,Type=String,Description="Physical phasing ID information, where each unique ID within a given sample (but not across samples) connects records within a phasing group">
Warning: Expected at least 2 parts in FORMAT entry: ID=PL,Number=G,Type=Integer,Description="Normalized, Phred-scaled likelihoods for genotypes as defined in the VCF specification">
Warning: Expected at least 2 parts in FORMAT entry: ID=RGQ,Number=1,Type=Integer,Description="Unconditional reference genotype confidence, encoded as a phred quality -10*log10 p(genotype call is wrong)">
Warning: Expected at least 2 parts in INFO entry: ID=AC,Number=A,Type=Integer,Description="Allele count in genotypes, for each ALT allele, in the same order as listed">
Warning: Expected at least 2 parts in INFO entry: ID=AC,Number=A,Type=Integer,Description="Allele count in genotypes, for each ALT allele, in the same order as listed">
Warning: Expected at least 2 parts in INFO entry: ID=AF,Number=A,Type=Float,Description="Allele Frequency, for each ALT allele, in the same order as listed">
Warning: Expected at least 2 parts in INFO entry: ID=AF,Number=A,Type=Float,Description="Allele Frequency, for each ALT allele, in the same order as listed">
Warning: Expected at least 2 parts in INFO entry: ID=MLEAC,Number=A,Type=Integer,Description="Maximum likelihood expectation (MLE) for the allele counts (not necessarily the same as the AC), for each ALT allele, in the same order as listed">
Warning: Expected at least 2 parts in INFO entry: ID=MLEAC,Number=A,Type=Integer,Description="Maximum likelihood expectation (MLE) for the allele counts (not necessarily the same as the AC), for each ALT allele, in the same order as listed">
Warning: Expected at least 2 parts in INFO entry: ID=MLEAF,Number=A,Type=Float,Description="Maximum likelihood expectation (MLE) for the allele frequency (not necessarily the same as the AF), for each ALT allele, in the same order as listed">
Warning: Expected at least 2 parts in INFO entry: ID=MLEAF,Number=A,Type=Float,Description="Maximum likelihood expectation (MLE) for the allele frequency (not necessarily the same as the AF), for each ALT allele, in the same order as listed">
Excluding individuals in 'exclude' list
After filtering, kept 119 out of 151 Individuals
Outputting Individual Relatedness
	Relatedness: Only using biallelic sites.
After filtering, kept 486585 out of a possible 10717606 Sites
Run Time = 374.00 seconds
